TpTrace Verbose: 0 : 13368, 1, 2023/12/04, 22:49:01.713, 5148513141095, vstest.console.dll, Version: 17.4.0-release-20221019-01 Current process architecture: X64
TpTrace Verbose: 0 : 13368, 1, 2023/12/04, 22:49:01.716, 5148513167860, vstest.console.dll, Runtime location: C:\Program Files\dotnet\shared\Microsoft.NETCore.App\7.0.2
TpTrace Verbose: 0 : 13368, 1, 2023/12/04, 22:49:01.721, 5148513213548, vstest.console.dll, ArtifactProcessingPostProcessModeProcessorExecutor.Initialize: ArtifactProcessingMode.Collect
TpTrace Verbose: 0 : 13368, 1, 2023/12/04, 22:49:01.721, 5148513215565, vstest.console.dll, TestSessionCorrelationIdProcessorModeProcessorExecutor.Initialize: TestSessionCorrelationId '12408_b5b15597-8955-49f3-9673-06a592b2300b'
TpTrace Information: 0 : 13368, 1, 2023/12/04, 22:49:01.734, 5148513343807, vstest.console.dll, FilePatternParser: The given file C:\Users\ivank\source\repos\ClinicWPF\ClinicTests\bin\Debug\net7.0\fine-code-coverage\build-output\ClinicTests.dll is a full path.
TpTrace Verbose: 0 : 13368, 1, 2023/12/04, 22:49:01.746, 5148513470083, vstest.console.dll, TestPluginCache.DiscoverTestExtensions: finding test extensions in assemblies ends with: RuntimeProvider.dll TPluginInfo: Microsoft.VisualStudio.TestPlatform.Common.ExtensionFramework.Utilities.TestRuntimePluginInformation TExtension: Microsoft.VisualStudio.TestPlatform.ObjectModel.Host.ITestRuntimeProvider
TpTrace Verbose: 0 : 13368, 1, 2023/12/04, 22:49:01.747, 5148513473637, vstest.console.dll, TestPluginCache.GetExtensionPaths: Filtered extension paths: 
TpTrace Verbose: 0 : 13368, 1, 2023/12/04, 22:49:01.747, 5148513474627, vstest.console.dll, TestPluginCache.GetExtensionPaths: Added default extension paths: C:\Program Files\dotnet\sdk\7.0.102\Extensions\Microsoft.Diagnostics.NETCore.Client.dll
C:\Program Files\dotnet\sdk\7.0.102\Extensions\Microsoft.TestPlatform.Extensions.BlameDataCollector.dll
C:\Program Files\dotnet\sdk\7.0.102\Extensions\Microsoft.TestPlatform.Extensions.EventLogCollector.dll
C:\Program Files\dotnet\sdk\7.0.102\Extensions\Microsoft.TestPlatform.TestHostRuntimeProvider.dll
C:\Program Files\dotnet\sdk\7.0.102\Extensions\Microsoft.VisualStudio.TestPlatform.Extensions.Html.TestLogger.dll
C:\Program Files\dotnet\sdk\7.0.102\Extensions\Microsoft.VisualStudio.TestPlatform.Extensions.Trx.TestLogger.dll
TpTrace Verbose: 0 : 13368, 1, 2023/12/04, 22:49:01.747, 5148513474983, vstest.console.dll, TestPluginCache.GetExtensionPaths: Added unfilterableExtensionPaths: 
TpTrace Information: 0 : 13368, 1, 2023/12/04, 22:49:01.748, 5148513487684, vstest.console.dll, AssemblyResolver.ctor: Creating AssemblyResolver with searchDirectories C:\Program Files\dotnet\sdk\7.0.102\Extensions,C:\Program Files\dotnet\sdk\7.0.102
TpTrace Verbose: 0 : 13368, 1, 2023/12/04, 22:49:01.749, 5148513498098, vstest.console.dll, TestPluginCache.DiscoverTestExtensions: Discovering the extensions using extension path.
TpTrace Verbose: 0 : 13368, 1, 2023/12/04, 22:49:01.749, 5148513500039, vstest.console.dll, TestPluginCache.GetExtensionPaths: Filtered extension paths: 
TpTrace Verbose: 0 : 13368, 1, 2023/12/04, 22:49:01.749, 5148513500567, vstest.console.dll, TestPluginCache.GetExtensionPaths: Added default extension paths: C:\Program Files\dotnet\sdk\7.0.102\Extensions\Microsoft.Diagnostics.NETCore.Client.dll
C:\Program Files\dotnet\sdk\7.0.102\Extensions\Microsoft.TestPlatform.Extensions.BlameDataCollector.dll
C:\Program Files\dotnet\sdk\7.0.102\Extensions\Microsoft.TestPlatform.Extensions.EventLogCollector.dll
C:\Program Files\dotnet\sdk\7.0.102\Extensions\Microsoft.TestPlatform.TestHostRuntimeProvider.dll
C:\Program Files\dotnet\sdk\7.0.102\Extensions\Microsoft.VisualStudio.TestPlatform.Extensions.Html.TestLogger.dll
C:\Program Files\dotnet\sdk\7.0.102\Extensions\Microsoft.VisualStudio.TestPlatform.Extensions.Trx.TestLogger.dll
TpTrace Verbose: 0 : 13368, 1, 2023/12/04, 22:49:01.749, 5148513500877, vstest.console.dll, TestPluginCache.GetExtensionPaths: Added unfilterableExtensionPaths: 
TpTrace Verbose: 0 : 13368, 1, 2023/12/04, 22:49:01.749, 5148513502091, vstest.console.dll, TestPluginCache.DiscoverTestExtensions: Discovering the extensions using allExtensionPaths: C:\Program Files\dotnet\sdk\7.0.102\Extensions\Microsoft.Diagnostics.NETCore.Client.dll
C:\Program Files\dotnet\sdk\7.0.102\Extensions\Microsoft.TestPlatform.Extensions.BlameDataCollector.dll
C:\Program Files\dotnet\sdk\7.0.102\Extensions\Microsoft.TestPlatform.Extensions.EventLogCollector.dll
C:\Program Files\dotnet\sdk\7.0.102\Extensions\Microsoft.TestPlatform.TestHostRuntimeProvider.dll
C:\Program Files\dotnet\sdk\7.0.102\Extensions\Microsoft.VisualStudio.TestPlatform.Extensions.Html.TestLogger.dll
C:\Program Files\dotnet\sdk\7.0.102\Extensions\Microsoft.VisualStudio.TestPlatform.Extensions.Trx.TestLogger.dll
TpTrace Information: 0 : 13368, 1, 2023/12/04, 22:49:01.750, 5148513504144, vstest.console.dll, AssemblyResolver.AddSearchDirectories: Adding more searchDirectories C:\Program Files\dotnet\sdk\7.0.102\Extensions,C:\Program Files\dotnet\sdk\7.0.102
TpTrace Information: 0 : 13368, 1, 2023/12/04, 22:49:01.750, 5148513504889, vstest.console.dll, AssemblyResolver.AddSearchDirectories: Adding more searchDirectories C:\Program Files\dotnet\sdk\7.0.102\Extensions,C:\Program Files\dotnet\sdk\7.0.102
TpTrace Information: 0 : 13368, 1, 2023/12/04, 22:49:01.750, 5148513505222, vstest.console.dll, AssemblyResolver.AddSearchDirectories: Adding more searchDirectories C:\Program Files\dotnet\sdk\7.0.102\Extensions,C:\Program Files\dotnet\sdk\7.0.102
TpTrace Information: 0 : 13368, 1, 2023/12/04, 22:49:01.750, 5148513505513, vstest.console.dll, AssemblyResolver.AddSearchDirectories: Adding more searchDirectories C:\Program Files\dotnet\sdk\7.0.102\Extensions,C:\Program Files\dotnet\sdk\7.0.102
TpTrace Information: 0 : 13368, 1, 2023/12/04, 22:49:01.750, 5148513505795, vstest.console.dll, AssemblyResolver.AddSearchDirectories: Adding more searchDirectories C:\Program Files\dotnet\sdk\7.0.102\Extensions,C:\Program Files\dotnet\sdk\7.0.102
TpTrace Information: 0 : 13368, 1, 2023/12/04, 22:49:01.750, 5148513506124, vstest.console.dll, AssemblyResolver.AddSearchDirectories: Adding more searchDirectories C:\Program Files\dotnet\sdk\7.0.102\Extensions,C:\Program Files\dotnet\sdk\7.0.102
TpTrace Information: 0 : 13368, 1, 2023/12/04, 22:49:01.750, 5148513510310, vstest.console.dll, AssemblyResolver.OnResolve: Microsoft.Diagnostics.NETCore.Client: Resolving assembly.
TpTrace Information: 0 : 13368, 1, 2023/12/04, 22:49:01.750, 5148513511131, vstest.console.dll, AssemblyResolver.OnResolve: Microsoft.Diagnostics.NETCore.Client: Searching in: 'C:\Program Files\dotnet\sdk\7.0.102\Extensions'.
TpTrace Information: 0 : 13368, 1, 2023/12/04, 22:49:01.760, 5148513612449, vstest.console.dll, AssemblyResolver.OnResolve: Microsoft.Diagnostics.NETCore.Client: Loading assembly 'C:\Program Files\dotnet\sdk\7.0.102\Extensions\Microsoft.Diagnostics.NETCore.Client.dll'.
TpTrace Information: 0 : 13368, 1, 2023/12/04, 22:49:01.763, 5148513640014, vstest.console.dll, AssemblyResolver.OnResolve: Resolved assembly: Microsoft.Diagnostics.NETCore.Client, from path: C:\Program Files\dotnet\sdk\7.0.102\Extensions\Microsoft.Diagnostics.NETCore.Client.dll
TpTrace Verbose: 0 : 13368, 1, 2023/12/04, 22:49:01.765, 5148513655566, vstest.console.dll, MetadataReaderExtensionsHelper: Discovering extensions inside assembly 'Microsoft.Diagnostics.NETCore.Client, Version=0.2.6.42401, Culture=neutral, PublicKeyToken=31bf3856ad364e35' file path 'C:\Program Files\dotnet\sdk\7.0.102\Extensions\Microsoft.Diagnostics.NETCore.Client.dll'
TpTrace Information: 0 : 13368, 1, 2023/12/04, 22:49:01.770, 5148513705584, vstest.console.dll, AssemblyResolver.OnResolve: Microsoft.Bcl.AsyncInterfaces: Resolving assembly.
TpTrace Information: 0 : 13368, 1, 2023/12/04, 22:49:01.770, 5148513707001, vstest.console.dll, AssemblyResolver.OnResolve: Microsoft.Bcl.AsyncInterfaces: Searching in: 'C:\Program Files\dotnet\sdk\7.0.102\Extensions'.
TpTrace Information: 0 : 13368, 1, 2023/12/04, 22:49:01.770, 5148513708282, vstest.console.dll, AssemblyResolver.OnResolve: Microsoft.Bcl.AsyncInterfaces: Assembly path does not exist: 'C:\Program Files\dotnet\sdk\7.0.102\Extensions\Microsoft.Bcl.AsyncInterfaces.dll', returning.
TpTrace Information: 0 : 13368, 1, 2023/12/04, 22:49:01.770, 5148513709874, vstest.console.dll, AssemblyResolver.OnResolve: Microsoft.Bcl.AsyncInterfaces: Assembly path does not exist: 'C:\Program Files\dotnet\sdk\7.0.102\Extensions\Microsoft.Bcl.AsyncInterfaces.exe', returning.
TpTrace Information: 0 : 13368, 1, 2023/12/04, 22:49:01.770, 5148513710299, vstest.console.dll, AssemblyResolver.OnResolve: Microsoft.Bcl.AsyncInterfaces: Searching in: 'C:\Program Files\dotnet\sdk\7.0.102'.
TpTrace Information: 0 : 13368, 1, 2023/12/04, 22:49:01.770, 5148513711047, vstest.console.dll, AssemblyResolver.OnResolve: Microsoft.Bcl.AsyncInterfaces: Assembly path does not exist: 'C:\Program Files\dotnet\sdk\7.0.102\Microsoft.Bcl.AsyncInterfaces.dll', returning.
TpTrace Information: 0 : 13368, 1, 2023/12/04, 22:49:01.770, 5148513711717, vstest.console.dll, AssemblyResolver.OnResolve: Microsoft.Bcl.AsyncInterfaces: Assembly path does not exist: 'C:\Program Files\dotnet\sdk\7.0.102\Microsoft.Bcl.AsyncInterfaces.exe', returning.
TpTrace Information: 0 : 13368, 1, 2023/12/04, 22:49:01.770, 5148513712107, vstest.console.dll, AssemblyResolver.OnResolve: Microsoft.Bcl.AsyncInterfaces: Failed to load assembly.
TpTrace Verbose: 0 : 13368, 1, 2023/12/04, 22:49:01.770, 5148513712593, vstest.console.dll, CurrentDomainAssemblyResolve: Resolving assembly 'Microsoft.Bcl.AsyncInterfaces'.
TpTrace Information: 0 : 13368, 1, 2023/12/04, 22:49:01.771, 5148513713544, vstest.console.dll, AssemblyResolver.OnResolve: Microsoft.Bcl.AsyncInterfaces: Resolving assembly.
TpTrace Information: 0 : 13368, 1, 2023/12/04, 22:49:01.771, 5148513714057, vstest.console.dll, AssemblyResolver.OnResolve: Microsoft.Bcl.AsyncInterfaces: Resolved from cache.
TpTrace Verbose: 0 : 13368, 1, 2023/12/04, 22:49:01.771, 5148513714397, vstest.console.dll, CurrentDomainAssemblyResolve: Resolving assembly 'Microsoft.Bcl.AsyncInterfaces'.
TpTrace Verbose: 0 : 13368, 1, 2023/12/04, 22:49:01.771, 5148513714810, vstest.console.dll, CurrentDomainAssemblyResolve: Failed to resolve assembly 'Microsoft.Bcl.AsyncInterfaces'.
TpTrace Verbose: 0 : 13368, 1, 2023/12/04, 22:49:01.780, 5148513811376, vstest.console.dll, CurrentDomainAssemblyResolve: Failed to resolve assembly 'Microsoft.Bcl.AsyncInterfaces'.
TpTrace Warning: 0 : 13368, 1, 2023/12/04, 22:49:01.796, 5148513964194, vstest.console.dll, TestPluginDiscoverer: Failed to get types from assembly 'Microsoft.Diagnostics.NETCore.Client, Version=0.2.6.42401, Culture=neutral, PublicKeyToken=31bf3856ad364e35'. Error: System.Reflection.ReflectionTypeLoadException: Unable to load one or more of the requested types.
Could not load file or assembly 'Microsoft.Bcl.AsyncInterfaces, Version=1.0.0.0, Culture=neutral, PublicKeyToken=cc7b13ffcd2ddd51'. Не удается найти указанный файл.
   at System.Reflection.RuntimeModule.GetTypes(RuntimeModule module)
   at System.Reflection.Assembly.GetTypes()
   at Microsoft.VisualStudio.TestPlatform.Common.ExtensionFramework.TestPluginDiscoverer.GetTestExtensionsFromAssembly[TPluginInfo,TExtension](Assembly assembly, Dictionary`2 pluginInfos, String filePath)
System.IO.FileNotFoundException: Could not load file or assembly 'Microsoft.Bcl.AsyncInterfaces, Version=1.0.0.0, Culture=neutral, PublicKeyToken=cc7b13ffcd2ddd51'. Не удается найти указанный файл.
File name: 'Microsoft.Bcl.AsyncInterfaces, Version=1.0.0.0, Culture=neutral, PublicKeyToken=cc7b13ffcd2ddd51'
 ---> System.IO.FileNotFoundException: Could not load file or assembly 'Microsoft.Bcl.AsyncInterfaces, Culture=neutral, PublicKeyToken=null'. Не удается найти указанный файл.
File name: 'Microsoft.Bcl.AsyncInterfaces, Culture=neutral, PublicKeyToken=null'
   at System.Reflection.RuntimeAssembly.InternalLoad(AssemblyName assemblyName, StackCrawlMark& stackMark, AssemblyLoadContext assemblyLoadContext, RuntimeAssembly requestingAssembly, Boolean throwOnFileNotFound)
   at System.Reflection.Assembly.Load(AssemblyName assemblyRef)
   at Microsoft.VisualStudio.TestPlatform.Common.ExtensionFramework.TestPluginCache.CurrentDomainAssemblyResolve(Object sender, AssemblyResolveEventArgs args)
   at System.Runtime.Loader.AssemblyLoadContext.GetFirstResolvedAssemblyFromResolvingEvent(AssemblyName assemblyName)
   at System.Runtime.Loader.AssemblyLoadContext.ResolveUsingEvent(AssemblyName assemblyName)
   at System.Runtime.Loader.AssemblyLoadContext.ResolveUsingResolvingEvent(IntPtr gchManagedAssemblyLoadContext, AssemblyName assemblyName)
TpTrace Warning: 0 : 13368, 1, 2023/12/04, 22:49:01.796, 5148513971163, vstest.console.dll, LoaderExceptions: System.IO.FileNotFoundException: Could not load file or assembly 'Microsoft.Bcl.AsyncInterfaces, Version=1.0.0.0, Culture=neutral, PublicKeyToken=cc7b13ffcd2ddd51'. Не удается найти указанный файл.
File name: 'Microsoft.Bcl.AsyncInterfaces, Version=1.0.0.0, Culture=neutral, PublicKeyToken=cc7b13ffcd2ddd51'
 ---> System.IO.FileNotFoundException: Could not load file or assembly 'Microsoft.Bcl.AsyncInterfaces, Culture=neutral, PublicKeyToken=null'. Не удается найти указанный файл.
File name: 'Microsoft.Bcl.AsyncInterfaces, Culture=neutral, PublicKeyToken=null'
   at System.Reflection.RuntimeAssembly.InternalLoad(AssemblyName assemblyName, StackCrawlMark& stackMark, AssemblyLoadContext assemblyLoadContext, RuntimeAssembly requestingAssembly, Boolean throwOnFileNotFound)
   at System.Reflection.Assembly.Load(AssemblyName assemblyRef)
   at Microsoft.VisualStudio.TestPlatform.Common.ExtensionFramework.TestPluginCache.CurrentDomainAssemblyResolve(Object sender, AssemblyResolveEventArgs args)
   at System.Runtime.Loader.AssemblyLoadContext.GetFirstResolvedAssemblyFromResolvingEvent(AssemblyName assemblyName)
   at System.Runtime.Loader.AssemblyLoadContext.ResolveUsingEvent(AssemblyName assemblyName)
   at System.Runtime.Loader.AssemblyLoadContext.ResolveUsingResolvingEvent(IntPtr gchManagedAssemblyLoadContext, AssemblyName assemblyName)
TpTrace Information: 0 : 13368, 1, 2023/12/04, 22:49:01.797, 5148513974089, vstest.console.dll, AssemblyResolver.OnResolve: Microsoft.TestPlatform.Extensions.BlameDataCollector: Resolving assembly.
TpTrace Information: 0 : 13368, 1, 2023/12/04, 22:49:01.797, 5148513974570, vstest.console.dll, AssemblyResolver.OnResolve: Microsoft.TestPlatform.Extensions.BlameDataCollector: Searching in: 'C:\Program Files\dotnet\sdk\7.0.102\Extensions'.
TpTrace Information: 0 : 13368, 1, 2023/12/04, 22:49:01.798, 5148513987461, vstest.console.dll, AssemblyResolver.OnResolve: Microsoft.TestPlatform.Extensions.BlameDataCollector: Loading assembly 'C:\Program Files\dotnet\sdk\7.0.102\Extensions\Microsoft.TestPlatform.Extensions.BlameDataCollector.dll'.
TpTrace Information: 0 : 13368, 1, 2023/12/04, 22:49:01.799, 5148513997382, vstest.console.dll, AssemblyResolver.OnResolve: Resolved assembly: Microsoft.TestPlatform.Extensions.BlameDataCollector, from path: C:\Program Files\dotnet\sdk\7.0.102\Extensions\Microsoft.TestPlatform.Extensions.BlameDataCollector.dll
TpTrace Verbose: 0 : 13368, 1, 2023/12/04, 22:49:01.799, 5148513998585, vstest.console.dll, MetadataReaderExtensionsHelper: Discovering extensions inside assembly 'Microsoft.TestPlatform.Extensions.BlameDataCollector, Version=15.0.0.0, Culture=neutral, PublicKeyToken=b03f5f7f11d50a3a' file path 'C:\Program Files\dotnet\sdk\7.0.102\Extensions\Microsoft.TestPlatform.Extensions.BlameDataCollector.dll'
TpTrace Information: 0 : 13368, 1, 2023/12/04, 22:49:01.802, 5148514023441, vstest.console.dll, AssemblyResolver.OnResolve: Microsoft.TestPlatform.Extensions.EventLogCollector: Resolving assembly.
TpTrace Information: 0 : 13368, 1, 2023/12/04, 22:49:01.802, 5148514024597, vstest.console.dll, AssemblyResolver.OnResolve: Microsoft.TestPlatform.Extensions.EventLogCollector: Searching in: 'C:\Program Files\dotnet\sdk\7.0.102\Extensions'.
TpTrace Information: 0 : 13368, 1, 2023/12/04, 22:49:01.802, 5148514032772, vstest.console.dll, AssemblyResolver.OnResolve: Microsoft.TestPlatform.Extensions.EventLogCollector: Loading assembly 'C:\Program Files\dotnet\sdk\7.0.102\Extensions\Microsoft.TestPlatform.Extensions.EventLogCollector.dll'.
TpTrace Information: 0 : 13368, 1, 2023/12/04, 22:49:01.803, 5148514038525, vstest.console.dll, AssemblyResolver.OnResolve: Resolved assembly: Microsoft.TestPlatform.Extensions.EventLogCollector, from path: C:\Program Files\dotnet\sdk\7.0.102\Extensions\Microsoft.TestPlatform.Extensions.EventLogCollector.dll
TpTrace Verbose: 0 : 13368, 1, 2023/12/04, 22:49:01.803, 5148514039462, vstest.console.dll, MetadataReaderExtensionsHelper: Discovering extensions inside assembly 'Microsoft.TestPlatform.Extensions.EventLogCollector, Version=15.0.0.0, Culture=neutral, PublicKeyToken=b03f5f7f11d50a3a' file path 'C:\Program Files\dotnet\sdk\7.0.102\Extensions\Microsoft.TestPlatform.Extensions.EventLogCollector.dll'
TpTrace Information: 0 : 13368, 1, 2023/12/04, 22:49:01.805, 5148514059791, vstest.console.dll, AssemblyResolver.OnResolve: Microsoft.TestPlatform.TestHostRuntimeProvider: Resolving assembly.
TpTrace Information: 0 : 13368, 1, 2023/12/04, 22:49:01.805, 5148514060760, vstest.console.dll, AssemblyResolver.OnResolve: Microsoft.TestPlatform.TestHostRuntimeProvider: Searching in: 'C:\Program Files\dotnet\sdk\7.0.102\Extensions'.
TpTrace Information: 0 : 13368, 1, 2023/12/04, 22:49:01.806, 5148514072006, vstest.console.dll, AssemblyResolver.OnResolve: Microsoft.TestPlatform.TestHostRuntimeProvider: Loading assembly 'C:\Program Files\dotnet\sdk\7.0.102\Extensions\Microsoft.TestPlatform.TestHostRuntimeProvider.dll'.
TpTrace Information: 0 : 13368, 1, 2023/12/04, 22:49:01.808, 5148514084835, vstest.console.dll, AssemblyResolver.OnResolve: Resolved assembly: Microsoft.TestPlatform.TestHostRuntimeProvider, from path: C:\Program Files\dotnet\sdk\7.0.102\Extensions\Microsoft.TestPlatform.TestHostRuntimeProvider.dll
TpTrace Verbose: 0 : 13368, 1, 2023/12/04, 22:49:01.808, 5148514085860, vstest.console.dll, MetadataReaderExtensionsHelper: Discovering extensions inside assembly 'Microsoft.TestPlatform.TestHostRuntimeProvider, Version=15.0.0.0, Culture=neutral, PublicKeyToken=b03f5f7f11d50a3a' file path 'C:\Program Files\dotnet\sdk\7.0.102\Extensions\Microsoft.TestPlatform.TestHostRuntimeProvider.dll'
TpTrace Information: 0 : 13368, 1, 2023/12/04, 22:49:01.811, 5148514116125, vstest.console.dll, GetTestExtensionFromType: Register extension with identifier data 'HostProvider://DefaultTestHost' and type 'Microsoft.VisualStudio.TestPlatform.CrossPlatEngine.Hosting.DefaultTestHostManager, Microsoft.TestPlatform.TestHostRuntimeProvider, Version=15.0.0.0, Culture=neutral, PublicKeyToken=b03f5f7f11d50a3a' inside file 'C:\Program Files\dotnet\sdk\7.0.102\Extensions\Microsoft.TestPlatform.TestHostRuntimeProvider.dll'
TpTrace Information: 0 : 13368, 1, 2023/12/04, 22:49:01.811, 5148514120856, vstest.console.dll, GetTestExtensionFromType: Register extension with identifier data 'HostProvider://DotnetTestHost' and type 'Microsoft.VisualStudio.TestPlatform.CrossPlatEngine.Hosting.DotnetTestHostManager, Microsoft.TestPlatform.TestHostRuntimeProvider, Version=15.0.0.0, Culture=neutral, PublicKeyToken=b03f5f7f11d50a3a' inside file 'C:\Program Files\dotnet\sdk\7.0.102\Extensions\Microsoft.TestPlatform.TestHostRuntimeProvider.dll'
TpTrace Information: 0 : 13368, 1, 2023/12/04, 22:49:01.811, 5148514121978, vstest.console.dll, AssemblyResolver.OnResolve: Microsoft.VisualStudio.TestPlatform.Extensions.Html.TestLogger: Resolving assembly.
TpTrace Information: 0 : 13368, 1, 2023/12/04, 22:49:01.811, 5148514122317, vstest.console.dll, AssemblyResolver.OnResolve: Microsoft.VisualStudio.TestPlatform.Extensions.Html.TestLogger: Searching in: 'C:\Program Files\dotnet\sdk\7.0.102\Extensions'.
TpTrace Information: 0 : 13368, 1, 2023/12/04, 22:49:01.812, 5148514131679, vstest.console.dll, AssemblyResolver.OnResolve: Microsoft.VisualStudio.TestPlatform.Extensions.Html.TestLogger: Loading assembly 'C:\Program Files\dotnet\sdk\7.0.102\Extensions\Microsoft.VisualStudio.TestPlatform.Extensions.Html.TestLogger.dll'.
TpTrace Information: 0 : 13368, 1, 2023/12/04, 22:49:01.813, 5148514139977, vstest.console.dll, AssemblyResolver.OnResolve: Resolved assembly: Microsoft.VisualStudio.TestPlatform.Extensions.Html.TestLogger, from path: C:\Program Files\dotnet\sdk\7.0.102\Extensions\Microsoft.VisualStudio.TestPlatform.Extensions.Html.TestLogger.dll
TpTrace Verbose: 0 : 13368, 1, 2023/12/04, 22:49:01.813, 5148514141031, vstest.console.dll, MetadataReaderExtensionsHelper: Discovering extensions inside assembly 'Microsoft.VisualStudio.TestPlatform.Extensions.Html.TestLogger, Version=15.0.0.0, Culture=neutral, PublicKeyToken=b03f5f7f11d50a3a' file path 'C:\Program Files\dotnet\sdk\7.0.102\Extensions\Microsoft.VisualStudio.TestPlatform.Extensions.Html.TestLogger.dll'
TpTrace Information: 0 : 13368, 1, 2023/12/04, 22:49:01.814, 5148514150874, vstest.console.dll, AssemblyResolver.OnResolve: Microsoft.VisualStudio.TestPlatform.Extensions.Trx.TestLogger: Resolving assembly.
TpTrace Information: 0 : 13368, 1, 2023/12/04, 22:49:01.814, 5148514151807, vstest.console.dll, AssemblyResolver.OnResolve: Microsoft.VisualStudio.TestPlatform.Extensions.Trx.TestLogger: Searching in: 'C:\Program Files\dotnet\sdk\7.0.102\Extensions'.
TpTrace Information: 0 : 13368, 1, 2023/12/04, 22:49:01.816, 5148514165353, vstest.console.dll, AssemblyResolver.OnResolve: Microsoft.VisualStudio.TestPlatform.Extensions.Trx.TestLogger: Loading assembly 'C:\Program Files\dotnet\sdk\7.0.102\Extensions\Microsoft.VisualStudio.TestPlatform.Extensions.Trx.TestLogger.dll'.
TpTrace Information: 0 : 13368, 1, 2023/12/04, 22:49:01.817, 5148514178103, vstest.console.dll, AssemblyResolver.OnResolve: Resolved assembly: Microsoft.VisualStudio.TestPlatform.Extensions.Trx.TestLogger, from path: C:\Program Files\dotnet\sdk\7.0.102\Extensions\Microsoft.VisualStudio.TestPlatform.Extensions.Trx.TestLogger.dll
TpTrace Verbose: 0 : 13368, 1, 2023/12/04, 22:49:01.817, 5148514179249, vstest.console.dll, MetadataReaderExtensionsHelper: Discovering extensions inside assembly 'Microsoft.VisualStudio.TestPlatform.Extensions.Trx.TestLogger, Version=15.0.0.0, Culture=neutral, PublicKeyToken=b03f5f7f11d50a3a' file path 'C:\Program Files\dotnet\sdk\7.0.102\Extensions\Microsoft.VisualStudio.TestPlatform.Extensions.Trx.TestLogger.dll'
TpTrace Verbose: 0 : 13368, 1, 2023/12/04, 22:49:01.819, 5148514201714, vstest.console.dll, TestPluginCache: Discovered the extensions using extension path ''.
TpTrace Verbose: 0 : 13368, 1, 2023/12/04, 22:49:01.819, 5148514202994, vstest.console.dll, TestPluginCache: Discoverers are ''.
TpTrace Verbose: 0 : 13368, 1, 2023/12/04, 22:49:01.820, 5148514203292, vstest.console.dll, TestPluginCache: Executors are ''.
TpTrace Verbose: 0 : 13368, 1, 2023/12/04, 22:49:01.820, 5148514203549, vstest.console.dll, TestPluginCache: Executors2 are ''.
TpTrace Verbose: 0 : 13368, 1, 2023/12/04, 22:49:01.820, 5148514203798, vstest.console.dll, TestPluginCache: Setting providers are ''.
TpTrace Verbose: 0 : 13368, 1, 2023/12/04, 22:49:01.820, 5148514204047, vstest.console.dll, TestPluginCache: Loggers are ''.
TpTrace Verbose: 0 : 13368, 1, 2023/12/04, 22:49:01.820, 5148514205646, vstest.console.dll, TestPluginCache: TestHosts are 'HostProvider://DefaultTestHost,HostProvider://DotnetTestHost'.
TpTrace Verbose: 0 : 13368, 1, 2023/12/04, 22:49:01.820, 5148514206059, vstest.console.dll, TestPluginCache: DataCollectors are ''.
TpTrace Information: 0 : 13368, 1, 2023/12/04, 22:49:01.846, 5148514469972, vstest.console.dll, RunTestsArgumentProcessor:Execute: Test run is starting.
TpTrace Verbose: 0 : 13368, 1, 2023/12/04, 22:49:01.846, 5148514471059, vstest.console.dll, RunTestsArgumentProcessor:Execute: Queuing Test run.
TpTrace Information: 0 : 13368, 1, 2023/12/04, 22:49:01.847, 5148514476020, vstest.console.dll, TestRequestManager.RunTests: run tests started.
TpTrace Information: 0 : 13368, 1, 2023/12/04, 22:49:01.849, 5148514495600, vstest.console.dll, AssemblyMetadataProvider.GetFrameworkName: Determined framework:'.NETCoreApp,Version=v7.0' for source: 'C:\Users\ivank\source\repos\ClinicWPF\ClinicTests\bin\Debug\net7.0\fine-code-coverage\build-output\ClinicTests.dll'
TpTrace Information: 0 : 13368, 1, 2023/12/04, 22:49:01.849, 5148514499289, vstest.console.dll, Determined framework for all sources: .NETCoreApp,Version=v7.0
TpTrace Verbose: 0 : 13368, 1, 2023/12/04, 22:49:01.850, 5148514504471, vstest.console.dll, TestRequestManager.UpdateRunSettingsIfRequired: Default architecture: X64 IsDefaultTargetArchitecture: True, Current process architecture: X64 OperatingSystem: Windows.
TpTrace Information: 0 : 13368, 1, 2023/12/04, 22:49:01.852, 5148514529975, vstest.console.dll, AssemblyMetadataProvider.GetArchitecture: Determined architecture:AnyCPU info for assembly: C:\Users\ivank\source\repos\ClinicWPF\ClinicTests\bin\Debug\net7.0\fine-code-coverage\build-output\ClinicTests.dll
TpTrace Information: 0 : 13368, 1, 2023/12/04, 22:49:01.852, 5148514530961, vstest.console.dll, Determined platform for source 'C:\Users\ivank\source\repos\ClinicWPF\ClinicTests\bin\Debug\net7.0\fine-code-coverage\build-output\ClinicTests.dll' was AnyCPU and it will use the default plaform X64.
TpTrace Information: 0 : 13368, 1, 2023/12/04, 22:49:01.852, 5148514531286, vstest.console.dll, None of the sources provided any runnable platform, using the default platform: X64
TpTrace Information: 0 : 13368, 1, 2023/12/04, 22:49:01.852, 5148514532763, vstest.console.dll, Platform was updated to 'X64'.
TpTrace Information: 0 : 13368, 1, 2023/12/04, 22:49:01.860, 5148514605597, vstest.console.dll, InferRunSettingsHelper.IsTestSettingsEnabled: Unable to navigate to RunSettings/MSTest. Current node: RunSettings
TpTrace Information: 0 : 13368, 1, 2023/12/04, 22:49:01.861, 5148514615161, vstest.console.dll, AssemblyResolver.OnResolve: Microsoft.VisualStudio.TestPlatform.Fakes: Resolving assembly.
TpTrace Information: 0 : 13368, 1, 2023/12/04, 22:49:01.861, 5148514616253, vstest.console.dll, AssemblyResolver.OnResolve: Microsoft.VisualStudio.TestPlatform.Fakes: Searching in: 'C:\Program Files\dotnet\sdk\7.0.102\Extensions'.
TpTrace Information: 0 : 13368, 1, 2023/12/04, 22:49:01.861, 5148514617369, vstest.console.dll, AssemblyResolver.OnResolve: Microsoft.VisualStudio.TestPlatform.Fakes: Assembly path does not exist: 'C:\Program Files\dotnet\sdk\7.0.102\Extensions\Microsoft.VisualStudio.TestPlatform.Fakes.dll', returning.
TpTrace Information: 0 : 13368, 1, 2023/12/04, 22:49:01.861, 5148514618094, vstest.console.dll, AssemblyResolver.OnResolve: Microsoft.VisualStudio.TestPlatform.Fakes: Assembly path does not exist: 'C:\Program Files\dotnet\sdk\7.0.102\Extensions\Microsoft.VisualStudio.TestPlatform.Fakes.exe', returning.
TpTrace Information: 0 : 13368, 1, 2023/12/04, 22:49:01.861, 5148514618415, vstest.console.dll, AssemblyResolver.OnResolve: Microsoft.VisualStudio.TestPlatform.Fakes: Searching in: 'C:\Program Files\dotnet\sdk\7.0.102'.
TpTrace Information: 0 : 13368, 1, 2023/12/04, 22:49:01.861, 5148514619196, vstest.console.dll, AssemblyResolver.OnResolve: Microsoft.VisualStudio.TestPlatform.Fakes: Assembly path does not exist: 'C:\Program Files\dotnet\sdk\7.0.102\Microsoft.VisualStudio.TestPlatform.Fakes.dll', returning.
TpTrace Information: 0 : 13368, 1, 2023/12/04, 22:49:01.861, 5148514620048, vstest.console.dll, AssemblyResolver.OnResolve: Microsoft.VisualStudio.TestPlatform.Fakes: Assembly path does not exist: 'C:\Program Files\dotnet\sdk\7.0.102\Microsoft.VisualStudio.TestPlatform.Fakes.exe', returning.
TpTrace Information: 0 : 13368, 1, 2023/12/04, 22:49:01.861, 5148514620363, vstest.console.dll, AssemblyResolver.OnResolve: Microsoft.VisualStudio.TestPlatform.Fakes: Failed to load assembly.
TpTrace Information: 0 : 13368, 1, 2023/12/04, 22:49:01.862, 5148514623673, vstest.console.dll, Failed to load assembly Microsoft.VisualStudio.TestPlatform.Fakes, Version=17.0.0.0, Culture=neutral. Reason:System.IO.FileNotFoundException: Could not load file or assembly 'Microsoft.VisualStudio.TestPlatform.Fakes, Version=17.0.0.0, Culture=neutral, PublicKeyToken=null'. Не удается найти указанный файл.
File name: 'Microsoft.VisualStudio.TestPlatform.Fakes, Version=17.0.0.0, Culture=neutral, PublicKeyToken=null'
   at System.Reflection.RuntimeAssembly.InternalLoad(AssemblyName assemblyName, StackCrawlMark& stackMark, AssemblyLoadContext assemblyLoadContext, RuntimeAssembly requestingAssembly, Boolean throwOnFileNotFound)
   at System.Reflection.Assembly.Load(AssemblyName assemblyRef)
   at Microsoft.VisualStudio.TestPlatform.Common.Utilities.FakesUtilities.LoadTestPlatformAssembly()
TpTrace Verbose: 0 : 13368, 1, 2023/12/04, 22:49:01.866, 5148514670470, vstest.console.dll, TestPluginCache.DiscoverTestExtensions: finding test extensions in assemblies ends with: TestLogger.dll TPluginInfo: Microsoft.VisualStudio.TestPlatform.Common.ExtensionFramework.Utilities.TestLoggerPluginInformation TExtension: Microsoft.VisualStudio.TestPlatform.ObjectModel.Client.ITestLogger
TpTrace Verbose: 0 : 13368, 1, 2023/12/04, 22:49:01.866, 5148514671818, vstest.console.dll, TestPluginCache.GetExtensionPaths: Filtered extension paths: 
TpTrace Verbose: 0 : 13368, 1, 2023/12/04, 22:49:01.866, 5148514672229, vstest.console.dll, TestPluginCache.GetExtensionPaths: Added default extension paths: C:\Program Files\dotnet\sdk\7.0.102\Extensions\Microsoft.Diagnostics.NETCore.Client.dll
C:\Program Files\dotnet\sdk\7.0.102\Extensions\Microsoft.TestPlatform.Extensions.BlameDataCollector.dll
C:\Program Files\dotnet\sdk\7.0.102\Extensions\Microsoft.TestPlatform.Extensions.EventLogCollector.dll
C:\Program Files\dotnet\sdk\7.0.102\Extensions\Microsoft.TestPlatform.TestHostRuntimeProvider.dll
C:\Program Files\dotnet\sdk\7.0.102\Extensions\Microsoft.VisualStudio.TestPlatform.Extensions.Html.TestLogger.dll
C:\Program Files\dotnet\sdk\7.0.102\Extensions\Microsoft.VisualStudio.TestPlatform.Extensions.Trx.TestLogger.dll
TpTrace Verbose: 0 : 13368, 1, 2023/12/04, 22:49:01.866, 5148514672566, vstest.console.dll, TestPluginCache.GetExtensionPaths: Added unfilterableExtensionPaths: 
TpTrace Information: 0 : 13368, 1, 2023/12/04, 22:49:01.867, 5148514674316, vstest.console.dll, AssemblyResolver.AddSearchDirectories: Adding more searchDirectories C:\Program Files\dotnet\sdk\7.0.102\Extensions,C:\Program Files\dotnet\sdk\7.0.102
TpTrace Verbose: 0 : 13368, 1, 2023/12/04, 22:49:01.867, 5148514674800, vstest.console.dll, TestPluginCache.DiscoverTestExtensions: Discovering the extensions using extension path.
TpTrace Verbose: 0 : 13368, 1, 2023/12/04, 22:49:01.867, 5148514675155, vstest.console.dll, TestPluginCache.GetExtensionPaths: Filtered extension paths: 
TpTrace Verbose: 0 : 13368, 1, 2023/12/04, 22:49:01.867, 5148514675508, vstest.console.dll, TestPluginCache.GetExtensionPaths: Added default extension paths: C:\Program Files\dotnet\sdk\7.0.102\Extensions\Microsoft.Diagnostics.NETCore.Client.dll
C:\Program Files\dotnet\sdk\7.0.102\Extensions\Microsoft.TestPlatform.Extensions.BlameDataCollector.dll
C:\Program Files\dotnet\sdk\7.0.102\Extensions\Microsoft.TestPlatform.Extensions.EventLogCollector.dll
C:\Program Files\dotnet\sdk\7.0.102\Extensions\Microsoft.TestPlatform.TestHostRuntimeProvider.dll
C:\Program Files\dotnet\sdk\7.0.102\Extensions\Microsoft.VisualStudio.TestPlatform.Extensions.Html.TestLogger.dll
C:\Program Files\dotnet\sdk\7.0.102\Extensions\Microsoft.VisualStudio.TestPlatform.Extensions.Trx.TestLogger.dll
TpTrace Verbose: 0 : 13368, 1, 2023/12/04, 22:49:01.867, 5148514675802, vstest.console.dll, TestPluginCache.GetExtensionPaths: Added unfilterableExtensionPaths: 
TpTrace Verbose: 0 : 13368, 1, 2023/12/04, 22:49:01.867, 5148514676140, vstest.console.dll, TestPluginCache.DiscoverTestExtensions: Discovering the extensions using allExtensionPaths: C:\Program Files\dotnet\sdk\7.0.102\Extensions\Microsoft.Diagnostics.NETCore.Client.dll
C:\Program Files\dotnet\sdk\7.0.102\Extensions\Microsoft.TestPlatform.Extensions.BlameDataCollector.dll
C:\Program Files\dotnet\sdk\7.0.102\Extensions\Microsoft.TestPlatform.Extensions.EventLogCollector.dll
C:\Program Files\dotnet\sdk\7.0.102\Extensions\Microsoft.TestPlatform.TestHostRuntimeProvider.dll
C:\Program Files\dotnet\sdk\7.0.102\Extensions\Microsoft.VisualStudio.TestPlatform.Extensions.Html.TestLogger.dll
C:\Program Files\dotnet\sdk\7.0.102\Extensions\Microsoft.VisualStudio.TestPlatform.Extensions.Trx.TestLogger.dll
TpTrace Information: 0 : 13368, 1, 2023/12/04, 22:49:01.867, 5148514677375, vstest.console.dll, AssemblyResolver.AddSearchDirectories: Adding more searchDirectories C:\Program Files\dotnet\sdk\7.0.102\Extensions,C:\Program Files\dotnet\sdk\7.0.102
TpTrace Information: 0 : 13368, 1, 2023/12/04, 22:49:01.867, 5148514677896, vstest.console.dll, AssemblyResolver.AddSearchDirectories: Adding more searchDirectories C:\Program Files\dotnet\sdk\7.0.102\Extensions,C:\Program Files\dotnet\sdk\7.0.102
TpTrace Information: 0 : 13368, 1, 2023/12/04, 22:49:01.867, 5148514678195, vstest.console.dll, AssemblyResolver.AddSearchDirectories: Adding more searchDirectories C:\Program Files\dotnet\sdk\7.0.102\Extensions,C:\Program Files\dotnet\sdk\7.0.102
TpTrace Information: 0 : 13368, 1, 2023/12/04, 22:49:01.867, 5148514678479, vstest.console.dll, AssemblyResolver.AddSearchDirectories: Adding more searchDirectories C:\Program Files\dotnet\sdk\7.0.102\Extensions,C:\Program Files\dotnet\sdk\7.0.102
TpTrace Information: 0 : 13368, 1, 2023/12/04, 22:49:01.867, 5148514678806, vstest.console.dll, AssemblyResolver.AddSearchDirectories: Adding more searchDirectories C:\Program Files\dotnet\sdk\7.0.102\Extensions,C:\Program Files\dotnet\sdk\7.0.102
TpTrace Information: 0 : 13368, 1, 2023/12/04, 22:49:01.867, 5148514679090, vstest.console.dll, AssemblyResolver.AddSearchDirectories: Adding more searchDirectories C:\Program Files\dotnet\sdk\7.0.102\Extensions,C:\Program Files\dotnet\sdk\7.0.102
TpTrace Verbose: 0 : 13368, 1, 2023/12/04, 22:49:01.867, 5148514680526, vstest.console.dll, MetadataReaderExtensionsHelper: Discovering extensions inside assembly 'Microsoft.Diagnostics.NETCore.Client, Version=0.2.6.42401, Culture=neutral, PublicKeyToken=31bf3856ad364e35' file path 'C:\Program Files\dotnet\sdk\7.0.102\Extensions\Microsoft.Diagnostics.NETCore.Client.dll'
TpTrace Information: 0 : 13368, 1, 2023/12/04, 22:49:01.868, 5148514688708, vstest.console.dll, AssemblyResolver.OnResolve: Microsoft.Bcl.AsyncInterfaces: Resolving assembly.
TpTrace Information: 0 : 13368, 1, 2023/12/04, 22:49:01.868, 5148514689723, vstest.console.dll, AssemblyResolver.OnResolve: Microsoft.Bcl.AsyncInterfaces: Resolved from cache.
TpTrace Verbose: 0 : 13368, 1, 2023/12/04, 22:49:01.868, 5148514690064, vstest.console.dll, CurrentDomainAssemblyResolve: Resolving assembly 'Microsoft.Bcl.AsyncInterfaces'.
TpTrace Information: 0 : 13368, 1, 2023/12/04, 22:49:01.868, 5148514690625, vstest.console.dll, AssemblyResolver.OnResolve: Microsoft.Bcl.AsyncInterfaces: Resolving assembly.
TpTrace Information: 0 : 13368, 1, 2023/12/04, 22:49:01.868, 5148514690933, vstest.console.dll, AssemblyResolver.OnResolve: Microsoft.Bcl.AsyncInterfaces: Resolved from cache.
TpTrace Verbose: 0 : 13368, 1, 2023/12/04, 22:49:01.868, 5148514691201, vstest.console.dll, CurrentDomainAssemblyResolve: Resolving assembly 'Microsoft.Bcl.AsyncInterfaces'.
TpTrace Verbose: 0 : 13368, 1, 2023/12/04, 22:49:01.868, 5148514691462, vstest.console.dll, CurrentDomainAssemblyResolve: Failed to resolve assembly 'Microsoft.Bcl.AsyncInterfaces'.
TpTrace Verbose: 0 : 13368, 1, 2023/12/04, 22:49:01.869, 5148514693509, vstest.console.dll, CurrentDomainAssemblyResolve: Failed to resolve assembly 'Microsoft.Bcl.AsyncInterfaces'.
TpTrace Warning: 0 : 13368, 1, 2023/12/04, 22:49:01.869, 5148514697631, vstest.console.dll, TestPluginDiscoverer: Failed to get types from assembly 'Microsoft.Diagnostics.NETCore.Client, Version=0.2.6.42401, Culture=neutral, PublicKeyToken=31bf3856ad364e35'. Error: System.Reflection.ReflectionTypeLoadException: Unable to load one or more of the requested types.
Could not load file or assembly 'Microsoft.Bcl.AsyncInterfaces, Version=1.0.0.0, Culture=neutral, PublicKeyToken=cc7b13ffcd2ddd51'. Не удается найти указанный файл.
   at System.Reflection.RuntimeModule.GetTypes(RuntimeModule module)
   at System.Reflection.Assembly.GetTypes()
   at Microsoft.VisualStudio.TestPlatform.Common.ExtensionFramework.TestPluginDiscoverer.GetTestExtensionsFromAssembly[TPluginInfo,TExtension](Assembly assembly, Dictionary`2 pluginInfos, String filePath)
System.IO.FileNotFoundException: Could not load file or assembly 'Microsoft.Bcl.AsyncInterfaces, Version=1.0.0.0, Culture=neutral, PublicKeyToken=cc7b13ffcd2ddd51'. Не удается найти указанный файл.
File name: 'Microsoft.Bcl.AsyncInterfaces, Version=1.0.0.0, Culture=neutral, PublicKeyToken=cc7b13ffcd2ddd51'
 ---> System.IO.FileNotFoundException: Could not load file or assembly 'Microsoft.Bcl.AsyncInterfaces, Culture=neutral, PublicKeyToken=null'. Не удается найти указанный файл.
File name: 'Microsoft.Bcl.AsyncInterfaces, Culture=neutral, PublicKeyToken=null'
   at System.Reflection.RuntimeAssembly.InternalLoad(AssemblyName assemblyName, StackCrawlMark& stackMark, AssemblyLoadContext assemblyLoadContext, RuntimeAssembly requestingAssembly, Boolean throwOnFileNotFound)
   at System.Reflection.Assembly.Load(AssemblyName assemblyRef)
   at Microsoft.VisualStudio.TestPlatform.Common.ExtensionFramework.TestPluginCache.CurrentDomainAssemblyResolve(Object sender, AssemblyResolveEventArgs args)
   at System.Runtime.Loader.AssemblyLoadContext.GetFirstResolvedAssemblyFromResolvingEvent(AssemblyName assemblyName)
   at System.Runtime.Loader.AssemblyLoadContext.ResolveUsingEvent(AssemblyName assemblyName)
   at System.Runtime.Loader.AssemblyLoadContext.ResolveUsingResolvingEvent(IntPtr gchManagedAssemblyLoadContext, AssemblyName assemblyName)
TpTrace Warning: 0 : 13368, 1, 2023/12/04, 22:49:01.869, 5148514699478, vstest.console.dll, LoaderExceptions: System.IO.FileNotFoundException: Could not load file or assembly 'Microsoft.Bcl.AsyncInterfaces, Version=1.0.0.0, Culture=neutral, PublicKeyToken=cc7b13ffcd2ddd51'. Не удается найти указанный файл.
File name: 'Microsoft.Bcl.AsyncInterfaces, Version=1.0.0.0, Culture=neutral, PublicKeyToken=cc7b13ffcd2ddd51'
 ---> System.IO.FileNotFoundException: Could not load file or assembly 'Microsoft.Bcl.AsyncInterfaces, Culture=neutral, PublicKeyToken=null'. Не удается найти указанный файл.
File name: 'Microsoft.Bcl.AsyncInterfaces, Culture=neutral, PublicKeyToken=null'
   at System.Reflection.RuntimeAssembly.InternalLoad(AssemblyName assemblyName, StackCrawlMark& stackMark, AssemblyLoadContext assemblyLoadContext, RuntimeAssembly requestingAssembly, Boolean throwOnFileNotFound)
   at System.Reflection.Assembly.Load(AssemblyName assemblyRef)
   at Microsoft.VisualStudio.TestPlatform.Common.ExtensionFramework.TestPluginCache.CurrentDomainAssemblyResolve(Object sender, AssemblyResolveEventArgs args)
   at System.Runtime.Loader.AssemblyLoadContext.GetFirstResolvedAssemblyFromResolvingEvent(AssemblyName assemblyName)
   at System.Runtime.Loader.AssemblyLoadContext.ResolveUsingEvent(AssemblyName assemblyName)
   at System.Runtime.Loader.AssemblyLoadContext.ResolveUsingResolvingEvent(IntPtr gchManagedAssemblyLoadContext, AssemblyName assemblyName)
TpTrace Verbose: 0 : 13368, 1, 2023/12/04, 22:49:01.869, 5148514700441, vstest.console.dll, MetadataReaderExtensionsHelper: Discovering extensions inside assembly 'Microsoft.TestPlatform.Extensions.BlameDataCollector, Version=15.0.0.0, Culture=neutral, PublicKeyToken=b03f5f7f11d50a3a' file path 'C:\Program Files\dotnet\sdk\7.0.102\Extensions\Microsoft.TestPlatform.Extensions.BlameDataCollector.dll'
TpTrace Information: 0 : 13368, 1, 2023/12/04, 22:49:01.870, 5148514705905, vstest.console.dll, GetTestExtensionFromType: Register extension with identifier data 'logger://Microsoft/TestPlatform/Extensions/Blame/v1' and type 'Microsoft.TestPlatform.Extensions.BlameDataCollector.BlameLogger, Microsoft.TestPlatform.Extensions.BlameDataCollector, Version=15.0.0.0, Culture=neutral, PublicKeyToken=b03f5f7f11d50a3a' inside file 'C:\Program Files\dotnet\sdk\7.0.102\Extensions\Microsoft.TestPlatform.Extensions.BlameDataCollector.dll'
TpTrace Verbose: 0 : 13368, 1, 2023/12/04, 22:49:01.870, 5148514706736, vstest.console.dll, MetadataReaderExtensionsHelper: Discovering extensions inside assembly 'Microsoft.TestPlatform.Extensions.EventLogCollector, Version=15.0.0.0, Culture=neutral, PublicKeyToken=b03f5f7f11d50a3a' file path 'C:\Program Files\dotnet\sdk\7.0.102\Extensions\Microsoft.TestPlatform.Extensions.EventLogCollector.dll'
TpTrace Verbose: 0 : 13368, 1, 2023/12/04, 22:49:01.870, 5148514709717, vstest.console.dll, MetadataReaderExtensionsHelper: Discovering extensions inside assembly 'Microsoft.TestPlatform.TestHostRuntimeProvider, Version=15.0.0.0, Culture=neutral, PublicKeyToken=b03f5f7f11d50a3a' file path 'C:\Program Files\dotnet\sdk\7.0.102\Extensions\Microsoft.TestPlatform.TestHostRuntimeProvider.dll'
TpTrace Verbose: 0 : 13368, 1, 2023/12/04, 22:49:01.870, 5148514712739, vstest.console.dll, MetadataReaderExtensionsHelper: Discovering extensions inside assembly 'Microsoft.VisualStudio.TestPlatform.Extensions.Html.TestLogger, Version=15.0.0.0, Culture=neutral, PublicKeyToken=b03f5f7f11d50a3a' file path 'C:\Program Files\dotnet\sdk\7.0.102\Extensions\Microsoft.VisualStudio.TestPlatform.Extensions.Html.TestLogger.dll'
TpTrace Information: 0 : 13368, 1, 2023/12/04, 22:49:01.871, 5148514718994, vstest.console.dll, GetTestExtensionFromType: Register extension with identifier data 'logger://Microsoft/TestPlatform/HtmlLogger/v1' and type 'Microsoft.VisualStudio.TestPlatform.Extensions.HtmlLogger.HtmlLogger, Microsoft.VisualStudio.TestPlatform.Extensions.Html.TestLogger, Version=15.0.0.0, Culture=neutral, PublicKeyToken=b03f5f7f11d50a3a' inside file 'C:\Program Files\dotnet\sdk\7.0.102\Extensions\Microsoft.VisualStudio.TestPlatform.Extensions.Html.TestLogger.dll'
TpTrace Verbose: 0 : 13368, 1, 2023/12/04, 22:49:01.871, 5148514719961, vstest.console.dll, MetadataReaderExtensionsHelper: Discovering extensions inside assembly 'Microsoft.VisualStudio.TestPlatform.Extensions.Trx.TestLogger, Version=15.0.0.0, Culture=neutral, PublicKeyToken=b03f5f7f11d50a3a' file path 'C:\Program Files\dotnet\sdk\7.0.102\Extensions\Microsoft.VisualStudio.TestPlatform.Extensions.Trx.TestLogger.dll'
TpTrace Information: 0 : 13368, 1, 2023/12/04, 22:49:01.872, 5148514724208, vstest.console.dll, GetTestExtensionFromType: Register extension with identifier data 'logger://Microsoft/TestPlatform/TrxLogger/v1' and type 'Microsoft.VisualStudio.TestPlatform.Extensions.TrxLogger.TrxLogger, Microsoft.VisualStudio.TestPlatform.Extensions.Trx.TestLogger, Version=15.0.0.0, Culture=neutral, PublicKeyToken=b03f5f7f11d50a3a' inside file 'C:\Program Files\dotnet\sdk\7.0.102\Extensions\Microsoft.VisualStudio.TestPlatform.Extensions.Trx.TestLogger.dll'
TpTrace Verbose: 0 : 13368, 1, 2023/12/04, 22:49:01.872, 5148514725324, vstest.console.dll, TestPluginCache: Discovered the extensions using extension path ''.
TpTrace Verbose: 0 : 13368, 1, 2023/12/04, 22:49:01.872, 5148514725665, vstest.console.dll, TestPluginCache: Discoverers are ''.
TpTrace Verbose: 0 : 13368, 1, 2023/12/04, 22:49:01.872, 5148514725926, vstest.console.dll, TestPluginCache: Executors are ''.
TpTrace Verbose: 0 : 13368, 1, 2023/12/04, 22:49:01.872, 5148514726173, vstest.console.dll, TestPluginCache: Executors2 are ''.
TpTrace Verbose: 0 : 13368, 1, 2023/12/04, 22:49:01.872, 5148514726415, vstest.console.dll, TestPluginCache: Setting providers are ''.
TpTrace Verbose: 0 : 13368, 1, 2023/12/04, 22:49:01.872, 5148514727212, vstest.console.dll, TestPluginCache: Loggers are 'logger://Microsoft/TestPlatform/Extensions/Blame/v1,logger://Microsoft/TestPlatform/HtmlLogger/v1,logger://Microsoft/TestPlatform/TrxLogger/v1'.
TpTrace Verbose: 0 : 13368, 1, 2023/12/04, 22:49:01.872, 5148514727658, vstest.console.dll, TestPluginCache: TestHosts are 'HostProvider://DefaultTestHost,HostProvider://DotnetTestHost'.
TpTrace Verbose: 0 : 13368, 1, 2023/12/04, 22:49:01.872, 5148514727935, vstest.console.dll, TestPluginCache: DataCollectors are ''.
TpTrace Information: 0 : 13368, 1, 2023/12/04, 22:49:01.873, 5148514738348, vstest.console.dll, TestPluginManager.CreateTestExtension: Attempting to load test extension: Microsoft.TestPlatform.Extensions.BlameDataCollector.BlameLogger
TpTrace Verbose: 0 : 13368, 1, 2023/12/04, 22:49:01.885, 5148514855185, vstest.console.dll, TestEngine: Initializing Parallel Execution as MaxCpuCount is set to: 1
TpTrace Information: 0 : 13368, 1, 2023/12/04, 22:49:01.890, 5148514907622, vstest.console.dll, TestPluginManager.CreateTestExtension: Attempting to load test extension: Microsoft.VisualStudio.TestPlatform.CrossPlatEngine.Hosting.DefaultTestHostManager
TpTrace Information: 0 : 13368, 1, 2023/12/04, 22:49:01.891, 5148514917648, vstest.console.dll, TestPluginManager.CreateTestExtension: Attempting to load test extension: Microsoft.VisualStudio.TestPlatform.CrossPlatEngine.Hosting.DotnetTestHostManager
TpTrace Information: 0 : 13368, 1, 2023/12/04, 22:49:01.892, 5148514926038, vstest.console.dll, InferRunSettingsHelper.IsTestSettingsEnabled: Unable to navigate to RunSettings/MSTest. Current node: RunSettings
TpTrace Verbose: 0 : 13368, 1, 2023/12/04, 22:49:01.897, 5148514976855, vstest.console.dll, TestEngine.GetExecutionManager: Chosen execution manager 'Microsoft.VisualStudio.TestPlatform.CrossPlatEngine.Client.Parallel.ParallelProxyExecutionManager, Microsoft.TestPlatform.CrossPlatEngine, Version=15.0.0.0, Culture=neutral, PublicKeyToken=b03f5f7f11d50a3a' ParallelLevel '1'.
TpTrace Verbose: 0 : 13368, 1, 2023/12/04, 22:49:01.897, 5148514978859, vstest.console.dll, TestRunRequest.ExecuteAsync: Creating test run request.
TpTrace Verbose: 0 : 13368, 1, 2023/12/04, 22:49:01.897, 5148514981514, vstest.console.dll, TestRunRequest.ExecuteAsync: Starting.
TpTrace Information: 0 : 13368, 1, 2023/12/04, 22:49:01.898, 5148514984518, vstest.console.dll, TestRunRequest.ExecuteAsync: Starting run with settings:TestRunCriteria:
   KeepAlive=False,FrequencyOfRunStatsChangeEvent=10,RunStatsChangeEventTimeout=00:00:01.5000000,TestCaseFilter=,TestExecutorLauncher=
   Settingsxml=<RunSettings>
  <RunConfiguration>
    <ResultsDirectory>C:\Users\ivank\source\repos\ClinicWPF\ClinicTests\bin\Debug\net7.0\fine-code-coverage\coverage-tool-output</ResultsDirectory>
    <TargetPlatform>X64</TargetPlatform>
    <TargetFrameworkVersion>.NETCoreApp,Version=v7.0</TargetFrameworkVersion>
    <DesignMode>False</DesignMode>
    <CollectSourceInformation>False</CollectSourceInformation>
  </RunConfiguration>
  <LoggerRunSettings>
    <Loggers>
      <Logger friendlyName="blame" enabled="True" />
      <Logger friendlyName="Console" uri="logger://microsoft/TestPlatform/ConsoleLogger/v1" assemblyQualifiedName="Microsoft.VisualStudio.TestPlatform.CommandLine.Internal.ConsoleLogger, vstest.console, Version=15.0.0.0, Culture=neutral, PublicKeyToken=b03f5f7f11d50a3a" codeBase="C:\Program Files\dotnet\sdk\7.0.102\vstest.console.dll" enabled="True" />
    </Loggers>
  </LoggerRunSettings>
  <DataCollectionRunSettings>
    <DataCollectors>
      <DataCollector friendlyName="blame" enabled="True">
        <Configuration>
          <ResultsDirectory>C:\Users\ivank\source\repos\ClinicWPF\ClinicTests\bin\Debug\net7.0\fine-code-coverage\coverage-tool-output</ResultsDirectory>
        </Configuration>
      </DataCollector>
    </DataCollectors>
  </DataCollectionRunSettings>
</RunSettings>

TpTrace Verbose: 0 : 13368, 1, 2023/12/04, 22:49:01.898, 5148514985066, vstest.console.dll, TestRunRequest.ExecuteAsync: Wait for the first run request is over.
TpTrace Verbose: 0 : 13368, 1, 2023/12/04, 22:49:01.898, 5148514988200, vstest.console.dll, MulticastDelegateUtilities.SafeInvoke: TestRun.TestRunStart: Invoking callbacks was skipped because there are no subscribers.
TpTrace Verbose: 0 : 13368, 4, 2023/12/04, 22:49:01.899, 5148514996431, vstest.console.dll, MulticastDelegateUtilities.SafeInvoke: InternalTestLoggerEvents.SendTestRunStart: Invoking callback 1/1 for Microsoft.VisualStudio.TestPlatform.CommandLine.Internal.ConsoleLogger., took 0 ms.
TpTrace Verbose: 0 : 13368, 1, 2023/12/04, 22:49:01.900, 5148515006455, vstest.console.dll, ParallelProxyExecutionManager: Start execution. Total sources: 1
TpTrace Verbose: 0 : 13368, 1, 2023/12/04, 22:49:01.903, 5148515039830, vstest.console.dll, TestRequestSender is acting as server.
TpTrace Verbose: 0 : 13368, 1, 2023/12/04, 22:49:01.905, 5148515061836, vstest.console.dll, DataCollectionRequestSender.InitializeCommunication : Initialize communication. 
TpTrace Information: 0 : 13368, 1, 2023/12/04, 22:49:01.910, 5148515106907, vstest.console.dll, Listening on Endpoint : 127.0.0.1:55983
TpTrace Verbose: 0 : 13368, 1, 2023/12/04, 22:49:01.918, 5148515184316, vstest.console.dll, DotnetDataCollectionLauncher: Adding  --runtimeconfig "C:\Program Files\dotnet\sdk\7.0.102\datacollector.runtimeconfig.json" in args
TpTrace Verbose: 0 : 13368, 1, 2023/12/04, 22:49:01.918, 5148515185738, vstest.console.dll, DotnetDataCollectionLauncher: Adding  --depsfile "C:\Program Files\dotnet\sdk\7.0.102\datacollector.deps.json" in args
TpTrace Verbose: 0 : 13368, 1, 2023/12/04, 22:49:01.918, 5148515187489, vstest.console.dll, DotnetDataCollectionLauncher: Full path of dotnet.exe is C:\Program Files\dotnet\dotnet.exe
TpTrace Information: 0 : 13368, 1, 2023/12/04, 22:49:01.938, 5148515388813, vstest.console.dll, ProxyDataCollectionManager.Initialize: Launched datacollector processId: 14284 port: 55983
TpTrace Information: 0 : 13368, 1, 2023/12/04, 22:49:01.938, 5148515390645, vstest.console.dll, ProxyDataCollectionManager.Initialize: waiting for connection with timeout: 90 seconds
TpTrace Verbose: 0 : 13368, 1, 2023/12/04, 22:49:01.938, 5148515391158, vstest.console.dll, DataCollectionRequestSender.WaitForRequestHandlerConnection : Waiting for connection with timeout: 90000
TpTrace Information: 0 : 13368, 10, 2023/12/04, 22:49:02.103, 5148517037632, vstest.console.dll, Using the buffer size of 16384 bytes
TpTrace Verbose: 0 : 13368, 1, 2023/12/04, 22:49:02.103, 5148517037765, vstest.console.dll, SocketCommunicationManager.WaitForClientConnection took: 164 ms, with 90000 ms timeout, and finished with True.
TpTrace Information: 0 : 13368, 10, 2023/12/04, 22:49:02.103, 5148517039121, vstest.console.dll, Accepted Client request and set the flag
TpTrace Verbose: 0 : 13368, 1, 2023/12/04, 22:49:02.103, 5148517040376, vstest.console.dll, ProxyDataCollectionManager.InvokeDataCollectionServiceAction: Starting.
TpTrace Information: 0 : 13368, 1, 2023/12/04, 22:49:02.103, 5148517041209, vstest.console.dll, ProxyDataCollectionManager.BeforeTestRunStart: Get environment variable and port for datacollector processId: 14284 port: 55983
TpTrace Verbose: 0 : 13368, 1, 2023/12/04, 22:49:02.103, 5148517042419, vstest.console.dll, DataCollectionRequestSender.SendBeforeTestRunStartAndGetResult: Send BeforeTestRunStart message with settingsXml <RunSettings><RunConfiguration><ResultsDirectory>C:\Users\ivank\source\repos\ClinicWPF\ClinicTests\bin\Debug\net7.0\fine-code-coverage\coverage-tool-output</ResultsDirectory><TargetPlatform>X64</TargetPlatform><TargetFrameworkVersion>.NETCoreApp,Version=v7.0</TargetFrameworkVersion><DesignMode>False</DesignMode><CollectSourceInformation>False</CollectSourceInformation><TestAdaptersPaths>C:\Program Files\dotnet\sdk\7.0.102\Extensions</TestAdaptersPaths></RunConfiguration><LoggerRunSettings><Loggers><Logger friendlyName="blame" enabled="True" /><Logger friendlyName="Console" uri="logger://microsoft/TestPlatform/ConsoleLogger/v1" assemblyQualifiedName="Microsoft.VisualStudio.TestPlatform.CommandLine.Internal.ConsoleLogger, vstest.console, Version=15.0.0.0, Culture=neutral, PublicKeyToken=b03f5f7f11d50a3a" codeBase="C:\Program Files\dotnet\sdk\7.0.102\vstest.console.dll" enabled="True" /></Loggers></LoggerRunSettings><DataCollectionRunSettings><DataCollectors><DataCollector friendlyName="blame" enabled="True"><Configuration><ResultsDirectory>C:\Users\ivank\source\repos\ClinicWPF\ClinicTests\bin\Debug\net7.0\fine-code-coverage\coverage-tool-output</ResultsDirectory></Configuration></DataCollector></DataCollectors></DataCollectionRunSettings></RunSettings> and sources System.Collections.Generic.List`1[System.String]: 
TpTrace Verbose: 0 : 13368, 1, 2023/12/04, 22:49:02.200, 5148518007531, vstest.console.dll, DataCollectionRequestSender.SendBeforeTestRunStartAndGetResult: Received message: (DataCollection.SendMessage) -> {"MessageType":"DataCollection.SendMessage","Payload":{"FriendlyName":null,"Uri":null,"TestCaseId":"00000000-0000-0000-0000-000000000000","Message":"Logging DataCollector Diagnostics in file: C:\\Users\\ivank\\source\\repos\\ClinicWPF\\ClinicTests\\bin\\Debug\\net7.0\\fine-code-coverage\\coverage-tool-output\\diagnostics.datacollector.23-12-04_22-49-01_91775_1.log","Level":0}}
TpTrace Information: 0 : 13368, 1, 2023/12/04, 22:49:02.215, 5148518155015, vstest.console.dll, AssemblyResolver.OnResolve: Microsoft.VisualStudio.TestPlatform.Common.resources: Resolving assembly.
TpTrace Information: 0 : 13368, 1, 2023/12/04, 22:49:02.215, 5148518156232, vstest.console.dll, AssemblyResolver.OnResolve: Microsoft.VisualStudio.TestPlatform.Common.resources: Searching in: 'C:\Program Files\dotnet\sdk\7.0.102\Extensions'.
TpTrace Information: 0 : 13368, 1, 2023/12/04, 22:49:02.215, 5148518157153, vstest.console.dll, AssemblyResolver.OnResolve: Microsoft.VisualStudio.TestPlatform.Common.resources: Assembly path does not exist: 'C:\Program Files\dotnet\sdk\7.0.102\Extensions\Microsoft.VisualStudio.TestPlatform.Common.resources.dll', returning.
TpTrace Information: 0 : 13368, 1, 2023/12/04, 22:49:02.215, 5148518157917, vstest.console.dll, AssemblyResolver.OnResolve: Microsoft.VisualStudio.TestPlatform.Common.resources: Assembly path does not exist: 'C:\Program Files\dotnet\sdk\7.0.102\Extensions\Microsoft.VisualStudio.TestPlatform.Common.resources.exe', returning.
TpTrace Information: 0 : 13368, 1, 2023/12/04, 22:49:02.215, 5148518158278, vstest.console.dll, AssemblyResolver.OnResolve: Microsoft.VisualStudio.TestPlatform.Common.resources: Searching in: 'C:\Program Files\dotnet\sdk\7.0.102'.
TpTrace Information: 0 : 13368, 1, 2023/12/04, 22:49:02.215, 5148518159013, vstest.console.dll, AssemblyResolver.OnResolve: Microsoft.VisualStudio.TestPlatform.Common.resources: Assembly path does not exist: 'C:\Program Files\dotnet\sdk\7.0.102\Microsoft.VisualStudio.TestPlatform.Common.resources.dll', returning.
TpTrace Information: 0 : 13368, 1, 2023/12/04, 22:49:02.215, 5148518159733, vstest.console.dll, AssemblyResolver.OnResolve: Microsoft.VisualStudio.TestPlatform.Common.resources: Assembly path does not exist: 'C:\Program Files\dotnet\sdk\7.0.102\Microsoft.VisualStudio.TestPlatform.Common.resources.exe', returning.
TpTrace Information: 0 : 13368, 1, 2023/12/04, 22:49:02.215, 5148518160084, vstest.console.dll, AssemblyResolver.OnResolve: Microsoft.VisualStudio.TestPlatform.Common.resources: Failed to load assembly.
TpTrace Verbose: 0 : 13368, 1, 2023/12/04, 22:49:02.310, 5148519107110, vstest.console.dll, DataCollectionRequestSender.SendBeforeTestRunStartAndGetResult: Received message: (DataCollection.BeforeTestRunStartResult) -> {"MessageType":"DataCollection.BeforeTestRunStartResult","Payload":{"EnvironmentVariables":{},"DataCollectionEventsPort":55988}}
TpTrace Information: 0 : 13368, 1, 2023/12/04, 22:49:02.316, 5148519171205, vstest.console.dll, ProxyDataCollectionManager.BeforeTestRunStart: SendBeforeTestRunStartAndGetResult successful, env variable from datacollector:   and testhost port: 55988
TpTrace Information: 0 : 13368, 1, 2023/12/04, 22:49:02.316, 5148519172657, vstest.console.dll, ProxyDataCollectionManager.InvokeDataCollectionServiceAction: Completed.
TpTrace Verbose: 0 : 13368, 10, 2023/12/04, 22:49:02.317, 5148519173955, vstest.console.dll, ParallelProxyExecutionManager: Execution started. Started clients: 1
TpTrace Verbose: 0 : 13368, 1, 2023/12/04, 22:49:02.317, 5148519174424, vstest.console.dll, ProxyParallelExecutionManager: No sources available for execution.
TpTrace Information: 0 : 13368, 1, 2023/12/04, 22:49:02.317, 5148519175604, vstest.console.dll, TestRunRequest.ExecuteAsync: Started.
TpTrace Verbose: 0 : 13368, 1, 2023/12/04, 22:49:02.317, 5148519176639, vstest.console.dll, TestRunRequest.WaitForCompletion: Waiting with timeout -1.
TpTrace Verbose: 0 : 13368, 10, 2023/12/04, 22:49:02.317, 5148519177336, vstest.console.dll, TestRunRequest:SendTestRunMessage: Starting.
TpTrace Verbose: 0 : 13368, 10, 2023/12/04, 22:49:02.317, 5148519179179, vstest.console.dll, MulticastDelegateUtilities.SafeInvoke: TestRun.LogMessages: Invoking callback 1/1 for Microsoft.VisualStudio.TestPlatform.CommandLine.TestRunResultAggregator., took 0 ms.
TpTrace Information: 0 : 13368, 10, 2023/12/04, 22:49:02.317, 5148519179633, vstest.console.dll, TestRunRequest:SendTestRunMessage: Completed.
TpTrace Verbose: 0 : 13368, 4, 2023/12/04, 22:49:02.317, 5148519181721, vstest.console.dll, MulticastDelegateUtilities.SafeInvoke: InternalTestLoggerEvents.SendTestRunMessage: Invoking callback 1/1 for Microsoft.VisualStudio.TestPlatform.CommandLine.Internal.ConsoleLogger., took 0 ms.
TpTrace Verbose: 0 : 13368, 10, 2023/12/04, 22:49:02.317, 5148519181768, vstest.console.dll, ProxyExecutionManager: Test host is always Lazy initialize.
TpTrace Verbose: 0 : 13368, 10, 2023/12/04, 22:49:02.318, 5148519185949, vstest.console.dll, TestRequestSender.InitializeCommunication: initialize communication. 
TpTrace Information: 0 : 13368, 10, 2023/12/04, 22:49:02.318, 5148519192010, vstest.console.dll, SocketServer.Start: Listening on endpoint : 127.0.0.1:55989
TpTrace Verbose: 0 : 13368, 10, 2023/12/04, 22:49:02.319, 5148519202258, vstest.console.dll, DotnetTestHostmanager.GetTestHostProcessStartInfo: Platform environment 'X64' target architecture 'X64' framework '.NETCoreApp,Version=v7.0' OS 'Windows'
TpTrace Verbose: 0 : 13368, 10, 2023/12/04, 22:49:02.320, 5148519206491, vstest.console.dll, DotnetTestHostmanager: Adding  --runtimeconfig "C:\Users\ivank\source\repos\ClinicWPF\ClinicTests\bin\Debug\net7.0\fine-code-coverage\build-output\ClinicTests.runtimeconfig.json" in args
TpTrace Verbose: 0 : 13368, 10, 2023/12/04, 22:49:02.320, 5148519207970, vstest.console.dll, DotnetTestHostmanager: Adding  --depsfile "C:\Users\ivank\source\repos\ClinicWPF\ClinicTests\bin\Debug\net7.0\fine-code-coverage\build-output\ClinicTests.deps.json" in args
TpTrace Verbose: 0 : 13368, 10, 2023/12/04, 22:49:02.320, 5148519210174, vstest.console.dll, DotnetTestHostmanager.IsWinOnArm: Current PROCESSOR_ARCHITECTURE from environment variable 'AMD64'
TpTrace Verbose: 0 : 13368, 10, 2023/12/04, 22:49:02.320, 5148519210889, vstest.console.dll, DotnetTestHostmanager.IsWinOnArm: Is Windows on ARM 'False'
TpTrace Verbose: 0 : 13368, 10, 2023/12/04, 22:49:02.320, 5148519211983, vstest.console.dll, DotnetTestHostManager: testhost.exe found at path: C:\Users\ivank\source\repos\ClinicWPF\ClinicTests\bin\Debug\net7.0\fine-code-coverage\build-output\testhost.exe
TpTrace Verbose: 0 : 13368, 10, 2023/12/04, 22:49:02.320, 5148519212537, vstest.console.dll, DotnetTestHostmanager: Full path of host exe is C:\Users\ivank\source\repos\ClinicWPF\ClinicTests\bin\Debug\net7.0\fine-code-coverage\build-output\testhost.exe
TpTrace Verbose: 0 : 13368, 10, 2023/12/04, 22:49:02.321, 5148519214172, vstest.console.dll, DotnetTestHostmanager.LaunchTestHostAsync: Found 'VSTEST_WINAPPHOST_DOTNET_ROOT' in env variables, value 'C:\Program Files\dotnet', forwarding to 'DOTNET_ROOT'
TpTrace Verbose: 0 : 13368, 10, 2023/12/04, 22:49:02.321, 5148519216411, vstest.console.dll, DotnetTestHostManager: Starting process 'C:\Users\ivank\source\repos\ClinicWPF\ClinicTests\bin\Debug\net7.0\fine-code-coverage\build-output\testhost.exe' with command line ' --runtimeconfig "C:\Users\ivank\source\repos\ClinicWPF\ClinicTests\bin\Debug\net7.0\fine-code-coverage\build-output\ClinicTests.runtimeconfig.json" --depsfile "C:\Users\ivank\source\repos\ClinicWPF\ClinicTests\bin\Debug\net7.0\fine-code-coverage\build-output\ClinicTests.deps.json" --port 55989 --endpoint 127.0.0.1:055989 --role client --parentprocessid 13368 --diag "C:\Users\ivank\source\repos\ClinicWPF\ClinicTests\bin\Debug\net7.0\fine-code-coverage\coverage-tool-output\diagnostics.host.23-12-04_22-49-02_31940_10.log" --tracelevel 4 --datacollectionport 55988 --telemetryoptedin false'
TpTrace Verbose: 0 : 13368, 10, 2023/12/04, 22:49:02.330, 5148519306845, vstest.console.dll, MulticastDelegateUtilities.SafeInvoke: HostProviderEvents.OnHostLaunched: Invoking callback 1/2 for Microsoft.VisualStudio.TestPlatform.CrossPlatEngine.Client.ProxyExecutionManagerWithDataCollection., took 1 ms.
TpTrace Verbose: 0 : 13368, 10, 2023/12/04, 22:49:02.330, 5148519311335, vstest.console.dll, Test Runtime launched
TpTrace Verbose: 0 : 13368, 10, 2023/12/04, 22:49:02.330, 5148519312314, vstest.console.dll, MulticastDelegateUtilities.SafeInvoke: HostProviderEvents.OnHostLaunched: Invoking callback 2/2 for Microsoft.VisualStudio.TestPlatform.CrossPlatEngine.Client.ProxyOperationManager., took 0 ms.
TpTrace Verbose: 0 : 13368, 10, 2023/12/04, 22:49:02.331, 5148519314234, vstest.console.dll, TestRequestSender.WaitForRequestHandlerConnection: waiting for connection with timeout: 90000.
TpTrace Verbose: 0 : 13368, 10, 2023/12/04, 22:49:02.523, 5148521240432, vstest.console.dll, TestRequestSender.WaitForRequestHandlerConnection: waiting took 192 ms, with timeout 90000 ms, and result 0, which is success.
TpTrace Verbose: 0 : 13368, 11, 2023/12/04, 22:49:02.524, 5148521245462, vstest.console.dll, MulticastDelegateUtilities.SafeInvoke: SocketServer: ClientConnected: Invoking callback 1/1 for Microsoft.VisualStudio.TestPlatform.CommunicationUtilities.TestRequestSender., took 0 ms.
TpTrace Verbose: 0 : 13368, 11, 2023/12/04, 22:49:02.524, 5148521247022, vstest.console.dll, SocketServer.OnClientConnected: Client connected for endPoint: 127.0.0.1:55989, starting MessageLoopAsync:
TpTrace Verbose: 0 : 13368, 11, 2023/12/04, 22:49:02.524, 5148521250564, vstest.console.dll, TcpClientExtensions.MessageLoopAsync: Polling on remoteEndPoint: 127.0.0.1:55990 localEndPoint: 127.0.0.1:55989
TpTrace Verbose: 0 : 13368, 10, 2023/12/04, 22:49:02.525, 5148521254683, vstest.console.dll, TestRequestSender.CheckVersionWithTestHost: Sending check version message: {"MessageType":"ProtocolVersion","Payload":7}
TpTrace Verbose: 0 : 13368, 11, 2023/12/04, 22:49:02.677, 5148522781531, vstest.console.dll, TcpClientExtensions.MessageLoopAsync: NotifyDataAvailable remoteEndPoint: 127.0.0.1:55990 localEndPoint: 127.0.0.1:55989
TpTrace Verbose: 0 : 13368, 11, 2023/12/04, 22:49:02.678, 5148522785071, vstest.console.dll, TestRequestSender.CheckVersionWithTestHost: onMessageReceived received message: (ProtocolVersion) -> {"MessageType":"ProtocolVersion","Payload":7}
TpTrace Verbose: 0 : 13368, 11, 2023/12/04, 22:49:02.679, 5148522797940, vstest.console.dll, MulticastDelegateUtilities.SafeInvoke: LengthPrefixCommunicationChannel: MessageReceived: Invoking callback 1/1 for Microsoft.VisualStudio.TestPlatform.CommunicationUtilities.TestRequestSender+<>c__DisplayClass26_0., took 1 ms.
TpTrace Verbose: 0 : 13368, 10, 2023/12/04, 22:49:02.679, 5148522799497, vstest.console.dll, TestPluginCache.GetExtensionPaths: Filtered extension paths: 
TpTrace Verbose: 0 : 13368, 11, 2023/12/04, 22:49:02.679, 5148522799925, vstest.console.dll, TcpClientExtensions.MessageLoopAsync: Polling on remoteEndPoint: 127.0.0.1:55990 localEndPoint: 127.0.0.1:55989
TpTrace Verbose: 0 : 13368, 10, 2023/12/04, 22:49:02.679, 5148522800780, vstest.console.dll, TestPluginCache.GetExtensionPaths: Added default extension paths: C:\Program Files\dotnet\sdk\7.0.102\Extensions\Microsoft.Diagnostics.NETCore.Client.dll
C:\Program Files\dotnet\sdk\7.0.102\Extensions\Microsoft.TestPlatform.Extensions.BlameDataCollector.dll
C:\Program Files\dotnet\sdk\7.0.102\Extensions\Microsoft.TestPlatform.Extensions.EventLogCollector.dll
C:\Program Files\dotnet\sdk\7.0.102\Extensions\Microsoft.TestPlatform.TestHostRuntimeProvider.dll
C:\Program Files\dotnet\sdk\7.0.102\Extensions\Microsoft.VisualStudio.TestPlatform.Extensions.Html.TestLogger.dll
C:\Program Files\dotnet\sdk\7.0.102\Extensions\Microsoft.VisualStudio.TestPlatform.Extensions.Trx.TestLogger.dll
TpTrace Verbose: 0 : 13368, 10, 2023/12/04, 22:49:02.680, 5148522803967, vstest.console.dll, TestPluginCache.GetExtensionPaths: Added unfilterableExtensionPaths: 
TpTrace Verbose: 0 : 13368, 10, 2023/12/04, 22:49:02.684, 5148522845353, vstest.console.dll, TestRequestSender.InitializeExecution: Sending initialize execution with message: {"Version":7,"MessageType":"TestExecution.Initialize","Payload":["C:\\Users\\ivank\\source\\repos\\ClinicWPF\\ClinicTests\\bin\\Debug\\net7.0\\fine-code-coverage\\build-output\\xunit.runner.visualstudio.dotnetcore.testadapter.dll"]}
TpTrace Warning: 0 : 13368, 10, 2023/12/04, 22:49:02.684, 5148522851704, vstest.console.dll, InferRunSettingsHelper.MakeRunsettingsCompatible: Removing the following settings: TargetPlatform from RunSettings file. To use those settings please move to latest version of Microsoft.NET.Test.Sdk
TpTrace Verbose: 0 : 13368, 11, 2023/12/04, 22:49:02.687, 5148522882635, vstest.console.dll, TcpClientExtensions.MessageLoopAsync: NotifyDataAvailable remoteEndPoint: 127.0.0.1:55990 localEndPoint: 127.0.0.1:55989
TpTrace Verbose: 0 : 13368, 11, 2023/12/04, 22:49:02.688, 5148522888919, vstest.console.dll, TestRequestSender.OnExecutionMessageReceived: Received message: {"Version":7,"MessageType":"TestSession.Message","Payload":{"MessageLevel":0,"Message":"Ведение журналов диагностики TestHost в файле: C:\\Users\\ivank\\source\\repos\\ClinicWPF\\ClinicTests\\bin\\Debug\\net7.0\\fine-code-coverage\\coverage-tool-output\\diagnostics.host.23-12-04_22-49-02_31940_10.log"}}
TpTrace Verbose: 0 : 13368, 11, 2023/12/04, 22:49:02.692, 5148522929869, vstest.console.dll, TestRunRequest:SendTestRunMessage: Starting.
TpTrace Verbose: 0 : 13368, 11, 2023/12/04, 22:49:02.692, 5148522932581, vstest.console.dll, MulticastDelegateUtilities.SafeInvoke: TestRun.LogMessages: Invoking callback 1/1 for Microsoft.VisualStudio.TestPlatform.CommandLine.TestRunResultAggregator., took 0 ms.
TpTrace Verbose: 0 : 13368, 4, 2023/12/04, 22:49:02.692, 5148522933065, vstest.console.dll, MulticastDelegateUtilities.SafeInvoke: InternalTestLoggerEvents.SendTestRunMessage: Invoking callback 1/1 for Microsoft.VisualStudio.TestPlatform.CommandLine.Internal.ConsoleLogger., took 0 ms.
TpTrace Information: 0 : 13368, 11, 2023/12/04, 22:49:02.693, 5148522933266, vstest.console.dll, TestRunRequest:SendTestRunMessage: Completed.
TpTrace Verbose: 0 : 13368, 11, 2023/12/04, 22:49:02.693, 5148522935131, vstest.console.dll, MulticastDelegateUtilities.SafeInvoke: LengthPrefixCommunicationChannel: MessageReceived: Invoking callback 1/1 for Microsoft.VisualStudio.TestPlatform.CommunicationUtilities.TestRequestSender+<>c__DisplayClass31_0., took 4 ms.
TpTrace Verbose: 0 : 13368, 11, 2023/12/04, 22:49:02.693, 5148522935622, vstest.console.dll, TcpClientExtensions.MessageLoopAsync: Polling on remoteEndPoint: 127.0.0.1:55990 localEndPoint: 127.0.0.1:55989
TpTrace Verbose: 0 : 13368, 10, 2023/12/04, 22:49:02.696, 5148522972539, vstest.console.dll, TestRequestSender.StartTestRun: Sending test run with message: {"Version":7,"MessageType":"TestExecution.StartWithSources","Payload":{"AdapterSourceMap":{"_none_":["C:\\Users\\ivank\\source\\repos\\ClinicWPF\\ClinicTests\\bin\\Debug\\net7.0\\fine-code-coverage\\build-output\\ClinicTests.dll"]},"RunSettings":"<RunSettings>\r\n  <RunConfiguration>\r\n    <ResultsDirectory>C:\\Users\\ivank\\source\\repos\\ClinicWPF\\ClinicTests\\bin\\Debug\\net7.0\\fine-code-coverage\\coverage-tool-output</ResultsDirectory>\r\n    <TargetFrameworkVersion>.NETCoreApp,Version=v7.0</TargetFrameworkVersion>\r\n    <DesignMode>False</DesignMode>\r\n    <CollectSourceInformation>False</CollectSourceInformation>\r\n  </RunConfiguration>\r\n  <LoggerRunSettings>\r\n    <Loggers>\r\n      <Logger friendlyName=\"blame\" enabled=\"True\" />\r\n      <Logger friendlyName=\"Console\" uri=\"logger://microsoft/TestPlatform/ConsoleLogger/v1\" assemblyQualifiedName=\"Microsoft.VisualStudio.TestPlatform.CommandLine.Internal.ConsoleLogger, vstest.console, Version=15.0.0.0, Culture=neutral, PublicKeyToken=b03f5f7f11d50a3a\" codeBase=\"C:\\Program Files\\dotnet\\sdk\\7.0.102\\vstest.console.dll\" enabled=\"True\" />\r\n    </Loggers>\r\n  </LoggerRunSettings>\r\n  <DataCollectionRunSettings>\r\n    <DataCollectors>\r\n      <DataCollector friendlyName=\"blame\" enabled=\"True\">\r\n        <Configuration>\r\n          <ResultsDirectory>C:\\Users\\ivank\\source\\repos\\ClinicWPF\\ClinicTests\\bin\\Debug\\net7.0\\fine-code-coverage\\coverage-tool-output</ResultsDirectory>\r\n        </Configuration>\r\n      </DataCollector>\r\n    </DataCollectors>\r\n  </DataCollectionRunSettings>\r\n</RunSettings>","TestExecutionContext":{"FrequencyOfRunStatsChangeEvent":10,"RunStatsChangeEventTimeout":"00:00:01.5000000","InIsolation":false,"KeepAlive":false,"AreTestCaseLevelEventsRequired":false,"IsDebug":false,"TestCaseFilter":null,"FilterOptions":null},"Package":null}}
TpTrace Verbose: 0 : 13368, 11, 2023/12/04, 22:49:02.877, 5148524774523, vstest.console.dll, TcpClientExtensions.MessageLoopAsync: NotifyDataAvailable remoteEndPoint: 127.0.0.1:55990 localEndPoint: 127.0.0.1:55989
TpTrace Verbose: 0 : 13368, 11, 2023/12/04, 22:49:02.877, 5148524776449, vstest.console.dll, TestRequestSender.OnExecutionMessageReceived: Received message: {"Version":7,"MessageType":"TestSession.Message","Payload":{"MessageLevel":0,"Message":"[xUnit.net 00:00:00.00] xUnit.net VSTest Adapter v2.4.5+1caef2f33e (64-bit .NET 7.0.2)"}}
TpTrace Verbose: 0 : 13368, 11, 2023/12/04, 22:49:02.877, 5148524779322, vstest.console.dll, TestRunRequest:SendTestRunMessage: Starting.
TpTrace Verbose: 0 : 13368, 11, 2023/12/04, 22:49:02.877, 5148524780032, vstest.console.dll, MulticastDelegateUtilities.SafeInvoke: TestRun.LogMessages: Invoking callback 1/1 for Microsoft.VisualStudio.TestPlatform.CommandLine.TestRunResultAggregator., took 0 ms.
TpTrace Information: 0 : 13368, 11, 2023/12/04, 22:49:02.877, 5148524780333, vstest.console.dll, TestRunRequest:SendTestRunMessage: Completed.
TpTrace Verbose: 0 : 13368, 11, 2023/12/04, 22:49:02.877, 5148524780608, vstest.console.dll, MulticastDelegateUtilities.SafeInvoke: LengthPrefixCommunicationChannel: MessageReceived: Invoking callback 1/1 for Microsoft.VisualStudio.TestPlatform.CommunicationUtilities.TestRequestSender+<>c__DisplayClass31_0., took 0 ms.
TpTrace Verbose: 0 : 13368, 11, 2023/12/04, 22:49:02.877, 5148524780976, vstest.console.dll, TcpClientExtensions.MessageLoopAsync: Polling on remoteEndPoint: 127.0.0.1:55990 localEndPoint: 127.0.0.1:55989
TpTrace Verbose: 0 : 13368, 4, 2023/12/04, 22:49:02.877, 5148524781598, vstest.console.dll, MulticastDelegateUtilities.SafeInvoke: InternalTestLoggerEvents.SendTestRunMessage: Invoking callback 1/1 for Microsoft.VisualStudio.TestPlatform.CommandLine.Internal.ConsoleLogger., took 0 ms.
TpTrace Verbose: 0 : 13368, 11, 2023/12/04, 22:49:03.483, 5148530839527, vstest.console.dll, TcpClientExtensions.MessageLoopAsync: NotifyDataAvailable remoteEndPoint: 127.0.0.1:55990 localEndPoint: 127.0.0.1:55989
TpTrace Verbose: 0 : 13368, 11, 2023/12/04, 22:49:03.483, 5148530841937, vstest.console.dll, TestRequestSender.OnExecutionMessageReceived: Received message: {"Version":7,"MessageType":"TestSession.Message","Payload":{"MessageLevel":0,"Message":"[xUnit.net 00:00:00.61]   Discovering: ClinicTests"}}
TpTrace Verbose: 0 : 13368, 11, 2023/12/04, 22:49:03.484, 5148530844264, vstest.console.dll, TestRunRequest:SendTestRunMessage: Starting.
TpTrace Verbose: 0 : 13368, 11, 2023/12/04, 22:49:03.484, 5148530845124, vstest.console.dll, MulticastDelegateUtilities.SafeInvoke: TestRun.LogMessages: Invoking callback 1/1 for Microsoft.VisualStudio.TestPlatform.CommandLine.TestRunResultAggregator., took 0 ms.
TpTrace Information: 0 : 13368, 11, 2023/12/04, 22:49:03.484, 5148530845691, vstest.console.dll, TestRunRequest:SendTestRunMessage: Completed.
TpTrace Verbose: 0 : 13368, 4, 2023/12/04, 22:49:03.484, 5148530845768, vstest.console.dll, MulticastDelegateUtilities.SafeInvoke: InternalTestLoggerEvents.SendTestRunMessage: Invoking callback 1/1 for Microsoft.VisualStudio.TestPlatform.CommandLine.Internal.ConsoleLogger., took 0 ms.
TpTrace Verbose: 0 : 13368, 11, 2023/12/04, 22:49:03.484, 5148530846141, vstest.console.dll, MulticastDelegateUtilities.SafeInvoke: LengthPrefixCommunicationChannel: MessageReceived: Invoking callback 1/1 for Microsoft.VisualStudio.TestPlatform.CommunicationUtilities.TestRequestSender+<>c__DisplayClass31_0., took 0 ms.
TpTrace Verbose: 0 : 13368, 11, 2023/12/04, 22:49:03.484, 5148530848243, vstest.console.dll, TcpClientExtensions.MessageLoopAsync: Polling on remoteEndPoint: 127.0.0.1:55990 localEndPoint: 127.0.0.1:55989
TpTrace Verbose: 0 : 13368, 11, 2023/12/04, 22:49:03.526, 5148531264206, vstest.console.dll, TcpClientExtensions.MessageLoopAsync: NotifyDataAvailable remoteEndPoint: 127.0.0.1:55990 localEndPoint: 127.0.0.1:55989
TpTrace Verbose: 0 : 13368, 11, 2023/12/04, 22:49:03.526, 5148531265760, vstest.console.dll, TestRequestSender.OnExecutionMessageReceived: Received message: {"Version":7,"MessageType":"TestSession.Message","Payload":{"MessageLevel":0,"Message":"[xUnit.net 00:00:00.65]   Discovered:  ClinicTests"}}
TpTrace Verbose: 0 : 13368, 11, 2023/12/04, 22:49:03.526, 5148531267529, vstest.console.dll, TestRunRequest:SendTestRunMessage: Starting.
TpTrace Verbose: 0 : 13368, 11, 2023/12/04, 22:49:03.526, 5148531268148, vstest.console.dll, MulticastDelegateUtilities.SafeInvoke: TestRun.LogMessages: Invoking callback 1/1 for Microsoft.VisualStudio.TestPlatform.CommandLine.TestRunResultAggregator., took 0 ms.
TpTrace Verbose: 0 : 13368, 4, 2023/12/04, 22:49:03.526, 5148531268386, vstest.console.dll, MulticastDelegateUtilities.SafeInvoke: InternalTestLoggerEvents.SendTestRunMessage: Invoking callback 1/1 for Microsoft.VisualStudio.TestPlatform.CommandLine.Internal.ConsoleLogger., took 0 ms.
TpTrace Information: 0 : 13368, 11, 2023/12/04, 22:49:03.526, 5148531268476, vstest.console.dll, TestRunRequest:SendTestRunMessage: Completed.
TpTrace Verbose: 0 : 13368, 11, 2023/12/04, 22:49:03.526, 5148531269294, vstest.console.dll, MulticastDelegateUtilities.SafeInvoke: LengthPrefixCommunicationChannel: MessageReceived: Invoking callback 1/1 for Microsoft.VisualStudio.TestPlatform.CommunicationUtilities.TestRequestSender+<>c__DisplayClass31_0., took 0 ms.
TpTrace Verbose: 0 : 13368, 11, 2023/12/04, 22:49:03.526, 5148531270030, vstest.console.dll, TcpClientExtensions.MessageLoopAsync: Polling on remoteEndPoint: 127.0.0.1:55990 localEndPoint: 127.0.0.1:55989
TpTrace Verbose: 0 : 13368, 11, 2023/12/04, 22:49:03.530, 5148531304892, vstest.console.dll, TcpClientExtensions.MessageLoopAsync: NotifyDataAvailable remoteEndPoint: 127.0.0.1:55990 localEndPoint: 127.0.0.1:55989
TpTrace Verbose: 0 : 13368, 11, 2023/12/04, 22:49:03.530, 5148531306801, vstest.console.dll, TestRequestSender.OnExecutionMessageReceived: Received message: {"Version":7,"MessageType":"TestSession.Message","Payload":{"MessageLevel":0,"Message":"[xUnit.net 00:00:00.65]   Starting:    ClinicTests"}}
TpTrace Verbose: 0 : 13368, 11, 2023/12/04, 22:49:03.530, 5148531308824, vstest.console.dll, TestRunRequest:SendTestRunMessage: Starting.
TpTrace Verbose: 0 : 13368, 11, 2023/12/04, 22:49:03.530, 5148531309913, vstest.console.dll, MulticastDelegateUtilities.SafeInvoke: TestRun.LogMessages: Invoking callback 1/1 for Microsoft.VisualStudio.TestPlatform.CommandLine.TestRunResultAggregator., took 0 ms.
TpTrace Verbose: 0 : 13368, 4, 2023/12/04, 22:49:03.530, 5148531310120, vstest.console.dll, MulticastDelegateUtilities.SafeInvoke: InternalTestLoggerEvents.SendTestRunMessage: Invoking callback 1/1 for Microsoft.VisualStudio.TestPlatform.CommandLine.Internal.ConsoleLogger., took 0 ms.
TpTrace Information: 0 : 13368, 11, 2023/12/04, 22:49:03.530, 5148531310547, vstest.console.dll, TestRunRequest:SendTestRunMessage: Completed.
TpTrace Verbose: 0 : 13368, 11, 2023/12/04, 22:49:03.530, 5148531311717, vstest.console.dll, MulticastDelegateUtilities.SafeInvoke: LengthPrefixCommunicationChannel: MessageReceived: Invoking callback 1/1 for Microsoft.VisualStudio.TestPlatform.CommunicationUtilities.TestRequestSender+<>c__DisplayClass31_0., took 0 ms.
TpTrace Verbose: 0 : 13368, 11, 2023/12/04, 22:49:03.530, 5148531312648, vstest.console.dll, TcpClientExtensions.MessageLoopAsync: Polling on remoteEndPoint: 127.0.0.1:55990 localEndPoint: 127.0.0.1:55989
TpTrace Verbose: 0 : 13368, 11, 2023/12/04, 22:49:03.709, 5148533098872, vstest.console.dll, TcpClientExtensions.MessageLoopAsync: NotifyDataAvailable remoteEndPoint: 127.0.0.1:55990 localEndPoint: 127.0.0.1:55989
TpTrace Verbose: 0 : 13368, 11, 2023/12/04, 22:49:03.709, 5148533102212, vstest.console.dll, TestRequestSender.OnExecutionMessageReceived: Received message: {"Version":7,"MessageType":"TestExecution.StatsChange","Payload":{"NewTestResults":[{"TestCase":{"Id":"e17f3575-ee3e-2ad1-660b-e4cb2d7913b6","FullyQualifiedName":"ClinicTests.UnitTest1.TestResultCreation","DisplayName":"ClinicTests.UnitTest1.TestResultCreation","ExecutorUri":"executor://xunit/VsTestRunner2/netcoreapp","Source":"C:\\Users\\ivank\\source\\repos\\ClinicWPF\\ClinicTests\\bin\\Debug\\net7.0\\fine-code-coverage\\build-output\\ClinicTests.dll","CodeFilePath":null,"LineNumber":0,"Properties":[]},"Attachments":[],"Outcome":1,"ErrorMessage":null,"ErrorStackTrace":null,"DisplayName":"ClinicTests.UnitTest1.TestResultCreation","Messages":[],"ComputerName":"DESKTOP-09RAVQF","Duration":"00:00:00.0044160","StartTime":"2023-12-04T19:49:03.6240558+00:00","EndTime":"2023-12-04T19:49:03.6240918+00:00","Properties":[]},{"TestCase":{"Id":"84d6e8e1-a8de-270f-5713-3674a8698771","FullyQualifiedName":"ClinicTests.UnitTest1.PersonalSaveChange","DisplayName":"ClinicTests.UnitTest1.PersonalSaveChange","ExecutorUri":"executor://xunit/VsTestRunner2/netcoreapp","Source":"C:\\Users\\ivank\\source\\repos\\ClinicWPF\\ClinicTests\\bin\\Debug\\net7.0\\fine-code-coverage\\build-output\\ClinicTests.dll","CodeFilePath":null,"LineNumber":0,"Properties":[]},"Attachments":[],"Outcome":1,"ErrorMessage":null,"ErrorStackTrace":null,"DisplayName":"ClinicTests.UnitTest1.PersonalSaveChange","Messages":[],"ComputerName":"DESKTOP-09RAVQF","Duration":"00:00:00.0006360","StartTime":"2023-12-04T19:49:03.6494846+00:00","EndTime":"2023-12-04T19:49:03.6494856+00:00","Properties":[]},{"TestCase":{"Id":"fe70411f-c239-f6f9-31e1-06f891d49216","FullyQualifiedName":"ClinicTests.UnitTest1.MedicalTestCreation","DisplayName":"ClinicTests.UnitTest1.MedicalTestCreation","ExecutorUri":"executor://xunit/VsTestRunner2/netcoreapp","Source":"C:\\Users\\ivank\\source\\repos\\ClinicWPF\\ClinicTests\\bin\\Debug\\net7.0\\fine-code-coverage\\build-output\\ClinicTests.dll","CodeFilePath":null,"LineNumber":0,"Properties":[]},"Attachments":[],"Outcome":1,"ErrorMessage":null,"ErrorStackTrace":null,"DisplayName":"ClinicTests.UnitTest1.MedicalTestCreation","Messages":[],"ComputerName":"DESKTOP-09RAVQF","Duration":"00:00:00.0002329","StartTime":"2023-12-04T19:49:03.6547294+00:00","EndTime":"2023-12-04T19:49:03.6547295+00:00","Properties":[]},{"TestCase":{"Id":"82749e53-47f7-60f1-80bc-68b990454725","FullyQualifiedName":"ClinicTests.UnitTest1.TestResultSaveChange","DisplayName":"ClinicTests.UnitTest1.TestResultSaveChange","ExecutorUri":"executor://xunit/VsTestRunner2/netcoreapp","Source":"C:\\Users\\ivank\\source\\repos\\ClinicWPF\\ClinicTests\\bin\\Debug\\net7.0\\fine-code-coverage\\build-output\\ClinicTests.dll","CodeFilePath":null,"LineNumber":0,"Properties":[]},"Attachments":[],"Outcome":1,"ErrorMessage":null,"ErrorStackTrace":null,"DisplayName":"ClinicTests.UnitTest1.TestResultSaveChange","Messages":[],"ComputerName":"DESKTOP-09RAVQF","Duration":"00:00:00.0003094","StartTime":"2023-12-04T19:49:03.6572918+00:00","EndTime":"2023-12-04T19:49:03.6572918+00:00","Properties":[]},{"TestCase":{"Id":"c1f6cacd-bebd-6fbc-7683-9255a7ae00e5","FullyQualifiedName":"ClinicTests.UnitTest1.DoctorCreation","DisplayName":"ClinicTests.UnitTest1.DoctorCreation","ExecutorUri":"executor://xunit/VsTestRunner2/netcoreapp","Source":"C:\\Users\\ivank\\source\\repos\\ClinicWPF\\ClinicTests\\bin\\Debug\\net7.0\\fine-code-coverage\\build-output\\ClinicTests.dll","CodeFilePath":null,"LineNumber":0,"Properties":[]},"Attachments":[],"Outcome":1,"ErrorMessage":null,"ErrorStackTrace":null,"DisplayName":"ClinicTests.UnitTest1.DoctorCreation","Messages":[],"ComputerName":"DESKTOP-09RAVQF","Duration":"00:00:00.0003575","StartTime":"2023-12-04T19:49:03.6599067+00:00","EndTime":"2023-12-04T19:49:03.6599067+00:00","Properties":[]},{"TestCase":{"Id":"0f2c4d0d-8a34-89f9-3b3b-b68cfd8b7e27","FullyQualifiedName":"ClinicTests.UnitTest1.MedicalTestSaveChange","DisplayName":"ClinicTests.UnitTest1.MedicalTestSaveChange","ExecutorUri":"executor://xunit/VsTestRunner2/netcoreapp","Source":"C:\\Users\\ivank\\source\\repos\\ClinicWPF\\ClinicTests\\bin\\Debug\\net7.0\\fine-code-coverage\\build-output\\ClinicTests.dll","CodeFilePath":null,"LineNumber":0,"Properties":[]},"Attachments":[],"Outcome":1,"ErrorMessage":null,"ErrorStackTrace":null,"DisplayName":"ClinicTests.UnitTest1.MedicalTestSaveChange","Messages":[],"ComputerName":"DESKTOP-09RAVQF","Duration":"00:00:00.0002407","StartTime":"2023-12-04T19:49:03.6624339+00:00","EndTime":"2023-12-04T19:49:03.662434+00:00","Properties":[]},{"TestCase":{"Id":"e6da1671-61f7-1934-98b4-54aca525a6c5","FullyQualifiedName":"ClinicTests.UnitTest1.DoctorSaveChange","DisplayName":"ClinicTests.UnitTest1.DoctorSaveChange","ExecutorUri":"executor://xunit/VsTestRunner2/netcoreapp","Source":"C:\\Users\\ivank\\source\\repos\\ClinicWPF\\ClinicTests\\bin\\Debug\\net7.0\\fine-code-coverage\\build-output\\ClinicTests.dll","CodeFilePath":null,"LineNumber":0,"Properties":[]},"Attachments":[],"Outcome":1,"ErrorMessage":null,"ErrorStackTrace":null,"DisplayName":"ClinicTests.UnitTest1.DoctorSaveChange","Messages":[],"ComputerName":"DESKTOP-09RAVQF","Duration":"00:00:00.0002219","StartTime":"2023-12-04T19:49:03.6649879+00:00","EndTime":"2023-12-04T19:49:03.664988+00:00","Properties":[]},{"TestCase":{"Id":"f4214efc-d75a-0dd3-4478-87ae20c5cf62","FullyQualifiedName":"ClinicTests.UnitTest1.AppointmentCreation","DisplayName":"ClinicTests.UnitTest1.AppointmentCreation","ExecutorUri":"executor://xunit/VsTestRunner2/netcoreapp","Source":"C:\\Users\\ivank\\source\\repos\\ClinicWPF\\ClinicTests\\bin\\Debug\\net7.0\\fine-code-coverage\\build-output\\ClinicTests.dll","CodeFilePath":null,"LineNumber":0,"Properties":[]},"Attachments":[],"Outcome":1,"ErrorMessage":null,"ErrorStackTrace":null,"DisplayName":"ClinicTests.UnitTest1.AppointmentCreation","Messages":[],"ComputerName":"DESKTOP-09RAVQF","Duration":"00:00:00.0001178","StartTime":"2023-12-04T19:49:03.667614+00:00","EndTime":"2023-12-04T19:49:03.6676141+00:00","Properties":[]},{"TestCase":{"Id":"a8ece789-702b-1210-609f-72fef62525af","FullyQualifiedName":"ClinicTests.UnitTest1.PersonalCreation","DisplayName":"ClinicTests.UnitTest1.PersonalCreation","ExecutorUri":"executor://xunit/VsTestRunner2/netcoreapp","Source":"C:\\Users\\ivank\\source\\repos\\ClinicWPF\\ClinicTests\\bin\\Debug\\net7.0\\fine-code-coverage\\build-output\\ClinicTests.dll","CodeFilePath":null,"LineNumber":0,"Properties":[]},"Attachments":[],"Outcome":1,"ErrorMessage":null,"ErrorStackTrace":null,"DisplayName":"ClinicTests.UnitTest1.PersonalCreation","Messages":[],"ComputerName":"DESKTOP-09RAVQF","Duration":"00:00:00.0000782","StartTime":"2023-12-04T19:49:03.670128+00:00","EndTime":"2023-12-04T19:49:03.6701281+00:00","Properties":[]}],"TestRunStatistics":{"ExecutedTests":9,"Stats":{"Passed":9}},"ActiveTests":[{"Id":"3eb2c6ac-d331-a8fb-464e-76b0cd956661","FullyQualifiedName":"ClinicTests.UnitTest1.AppointmentSaveChange","DisplayName":"ClinicTests.UnitTest1.AppointmentSaveChange","ExecutorUri":"executor://xunit/VsTestRunner2/netcoreapp","Source":"C:\\Users\\ivank\\source\\repos\\ClinicWPF\\ClinicTests\\bin\\Debug\\net7.0\\fine-code-coverage\\build-output\\ClinicTests.dll","CodeFilePath":null,"LineNumber":0,"Properties":[]}]}}
TpTrace Verbose: 0 : 13368, 11, 2023/12/04, 22:49:03.738, 5148533384681, vstest.console.dll, TestRunRequest:SendTestRunStatsChange: Starting.
TpTrace Verbose: 0 : 13368, 11, 2023/12/04, 22:49:03.738, 5148533387411, vstest.console.dll, InProgress is ClinicTests.UnitTest1.AppointmentSaveChange
TpTrace Verbose: 0 : 13368, 11, 2023/12/04, 22:49:03.738, 5148533391204, vstest.console.dll, MulticastDelegateUtilities.SafeInvoke: TestRun.RunStatsChanged: Invoking callbacks was skipped because there are no subscribers.
TpTrace Information: 0 : 13368, 11, 2023/12/04, 22:49:03.738, 5148533391737, vstest.console.dll, TestRunRequest:SendTestRunStatsChange: Completed.
TpTrace Verbose: 0 : 13368, 11, 2023/12/04, 22:49:03.738, 5148533392107, vstest.console.dll, MulticastDelegateUtilities.SafeInvoke: LengthPrefixCommunicationChannel: MessageReceived: Invoking callback 1/1 for Microsoft.VisualStudio.TestPlatform.CommunicationUtilities.TestRequestSender+<>c__DisplayClass31_0., took 29 ms.
TpTrace Verbose: 0 : 13368, 11, 2023/12/04, 22:49:03.738, 5148533392422, vstest.console.dll, TcpClientExtensions.MessageLoopAsync: Polling on remoteEndPoint: 127.0.0.1:55990 localEndPoint: 127.0.0.1:55989
TpTrace Verbose: 0 : 13368, 11, 2023/12/04, 22:49:03.738, 5148533392868, vstest.console.dll, TcpClientExtensions.MessageLoopAsync: NotifyDataAvailable remoteEndPoint: 127.0.0.1:55990 localEndPoint: 127.0.0.1:55989
TpTrace Verbose: 0 : 13368, 11, 2023/12/04, 22:49:03.739, 5148533393495, vstest.console.dll, TestRequestSender.OnExecutionMessageReceived: Received message: {"Version":7,"MessageType":"TestSession.Message","Payload":{"MessageLevel":0,"Message":"[xUnit.net 00:00:00.84]   Finished:    ClinicTests"}}
TpTrace Verbose: 0 : 13368, 11, 2023/12/04, 22:49:03.739, 5148533394576, vstest.console.dll, TestRunRequest:SendTestRunMessage: Starting.
TpTrace Verbose: 0 : 13368, 11, 2023/12/04, 22:49:03.739, 5148533395012, vstest.console.dll, MulticastDelegateUtilities.SafeInvoke: TestRun.LogMessages: Invoking callback 1/1 for Microsoft.VisualStudio.TestPlatform.CommandLine.TestRunResultAggregator., took 0 ms.
TpTrace Information: 0 : 13368, 11, 2023/12/04, 22:49:03.739, 5148533395274, vstest.console.dll, TestRunRequest:SendTestRunMessage: Completed.
TpTrace Verbose: 0 : 13368, 11, 2023/12/04, 22:49:03.739, 5148533395632, vstest.console.dll, MulticastDelegateUtilities.SafeInvoke: LengthPrefixCommunicationChannel: MessageReceived: Invoking callback 1/1 for Microsoft.VisualStudio.TestPlatform.CommunicationUtilities.TestRequestSender+<>c__DisplayClass31_0., took 0 ms.
TpTrace Verbose: 0 : 13368, 11, 2023/12/04, 22:49:03.739, 5148533395888, vstest.console.dll, TcpClientExtensions.MessageLoopAsync: Polling on remoteEndPoint: 127.0.0.1:55990 localEndPoint: 127.0.0.1:55989
TpTrace Verbose: 0 : 13368, 4, 2023/12/04, 22:49:03.743, 5148533437179, vstest.console.dll, MulticastDelegateUtilities.SafeInvoke: InternalTestLoggerEvents.SendTestResult: Invoking callback 1/1 for Microsoft.VisualStudio.TestPlatform.CommandLine.Internal.ConsoleLogger., took 4 ms.
TpTrace Verbose: 0 : 13368, 4, 2023/12/04, 22:49:03.743, 5148533440849, vstest.console.dll, MulticastDelegateUtilities.SafeInvoke: InternalTestLoggerEvents.SendTestResult: Invoking callback 1/1 for Microsoft.VisualStudio.TestPlatform.CommandLine.Internal.ConsoleLogger., took 0 ms.
TpTrace Verbose: 0 : 13368, 4, 2023/12/04, 22:49:03.743, 5148533441563, vstest.console.dll, MulticastDelegateUtilities.SafeInvoke: InternalTestLoggerEvents.SendTestResult: Invoking callback 1/1 for Microsoft.VisualStudio.TestPlatform.CommandLine.Internal.ConsoleLogger., took 0 ms.
TpTrace Verbose: 0 : 13368, 4, 2023/12/04, 22:49:03.743, 5148533442011, vstest.console.dll, MulticastDelegateUtilities.SafeInvoke: InternalTestLoggerEvents.SendTestResult: Invoking callback 1/1 for Microsoft.VisualStudio.TestPlatform.CommandLine.Internal.ConsoleLogger., took 0 ms.
TpTrace Verbose: 0 : 13368, 4, 2023/12/04, 22:49:03.743, 5148533442874, vstest.console.dll, MulticastDelegateUtilities.SafeInvoke: InternalTestLoggerEvents.SendTestResult: Invoking callback 1/1 for Microsoft.VisualStudio.TestPlatform.CommandLine.Internal.ConsoleLogger., took 0 ms.
TpTrace Verbose: 0 : 13368, 4, 2023/12/04, 22:49:03.744, 5148533443319, vstest.console.dll, MulticastDelegateUtilities.SafeInvoke: InternalTestLoggerEvents.SendTestResult: Invoking callback 1/1 for Microsoft.VisualStudio.TestPlatform.CommandLine.Internal.ConsoleLogger., took 0 ms.
TpTrace Verbose: 0 : 13368, 4, 2023/12/04, 22:49:03.744, 5148533443864, vstest.console.dll, MulticastDelegateUtilities.SafeInvoke: InternalTestLoggerEvents.SendTestResult: Invoking callback 1/1 for Microsoft.VisualStudio.TestPlatform.CommandLine.Internal.ConsoleLogger., took 0 ms.
TpTrace Verbose: 0 : 13368, 4, 2023/12/04, 22:49:03.744, 5148533444292, vstest.console.dll, MulticastDelegateUtilities.SafeInvoke: InternalTestLoggerEvents.SendTestResult: Invoking callback 1/1 for Microsoft.VisualStudio.TestPlatform.CommandLine.Internal.ConsoleLogger., took 0 ms.
TpTrace Verbose: 0 : 13368, 11, 2023/12/04, 22:49:03.744, 5148533443833, vstest.console.dll, TcpClientExtensions.MessageLoopAsync: NotifyDataAvailable remoteEndPoint: 127.0.0.1:55990 localEndPoint: 127.0.0.1:55989
TpTrace Verbose: 0 : 13368, 4, 2023/12/04, 22:49:03.744, 5148533444634, vstest.console.dll, MulticastDelegateUtilities.SafeInvoke: InternalTestLoggerEvents.SendTestResult: Invoking callback 1/1 for Microsoft.VisualStudio.TestPlatform.CommandLine.Internal.ConsoleLogger., took 0 ms.
TpTrace Verbose: 0 : 13368, 4, 2023/12/04, 22:49:03.744, 5148533446362, vstest.console.dll, MulticastDelegateUtilities.SafeInvoke: InternalTestLoggerEvents.SendTestRunMessage: Invoking callback 1/1 for Microsoft.VisualStudio.TestPlatform.CommandLine.Internal.ConsoleLogger., took 0 ms.
TpTrace Verbose: 0 : 13368, 11, 2023/12/04, 22:49:03.744, 5148533446712, vstest.console.dll, TestRequestSender.OnExecutionMessageReceived: Received message: {"Version":7,"MessageType":"TestExecution.Completed","Payload":{"TestRunCompleteArgs":{"TestRunStatistics":{"ExecutedTests":11,"Stats":{"Passed":11}},"IsCanceled":false,"IsAborted":false,"Error":null,"AttachmentSets":[],"InvokedDataCollectors":[],"ElapsedTimeInRunningTests":"00:00:00.8564172","Metrics":{},"DiscoveredExtensions":{"TestDiscoverers":["Xunit.Runner.VisualStudio.VsTestRunner, xunit.runner.visualstudio.dotnetcore.testadapter, Version=2.4.0.0, Culture=neutral, PublicKeyToken=8d05b1bb7a6fdb6c"],"TestExecutors":["executor://xunit/VsTestRunner2/netcoreapp"],"TestExecutors2":[],"TestSettingsProviders":[]}},"LastRunTests":{"NewTestResults":[{"TestCase":{"Id":"3eb2c6ac-d331-a8fb-464e-76b0cd956661","FullyQualifiedName":"ClinicTests.UnitTest1.AppointmentSaveChange","DisplayName":"ClinicTests.UnitTest1.AppointmentSaveChange","ExecutorUri":"executor://xunit/VsTestRunner2/netcoreapp","Source":"C:\\Users\\ivank\\source\\repos\\ClinicWPF\\ClinicTests\\bin\\Debug\\net7.0\\fine-code-coverage\\build-output\\ClinicTests.dll","CodeFilePath":null,"LineNumber":0,"Properties":[]},"Attachments":[],"Outcome":1,"ErrorMessage":null,"ErrorStackTrace":null,"DisplayName":"ClinicTests.UnitTest1.AppointmentSaveChange","Messages":[],"ComputerName":"DESKTOP-09RAVQF","Duration":"00:00:00.0003467","StartTime":"2023-12-04T19:49:03.7112041+00:00","EndTime":"2023-12-04T19:49:03.7112043+00:00","Properties":[]},{"TestCase":{"Id":"16979578-1bcc-e5c9-8f47-7620c2d69642","FullyQualifiedName":"ClinicTests.UnitTest1.PatientCreation","DisplayName":"ClinicTests.UnitTest1.PatientCreation","ExecutorUri":"executor://xunit/VsTestRunner2/netcoreapp","Source":"C:\\Users\\ivank\\source\\repos\\ClinicWPF\\ClinicTests\\bin\\Debug\\net7.0\\fine-code-coverage\\build-output\\ClinicTests.dll","CodeFilePath":null,"LineNumber":0,"Properties":[]},"Attachments":[],"Outcome":1,"ErrorMessage":null,"ErrorStackTrace":null,"DisplayName":"ClinicTests.UnitTest1.PatientCreation","Messages":[],"ComputerName":"DESKTOP-09RAVQF","Duration":"00:00:00.0002177","StartTime":"2023-12-04T19:49:03.7149067+00:00","EndTime":"2023-12-04T19:49:03.7149068+00:00","Properties":[]}],"TestRunStatistics":{"ExecutedTests":11,"Stats":{"Passed":11}},"ActiveTests":[]},"RunAttachments":[],"ExecutorUris":["executor://xunit/VsTestRunner2/netcoreapp"]}}
TpTrace Verbose: 0 : 13368, 11, 2023/12/04, 22:49:03.744, 5148533448156, vstest.console.dll, TestRequestSender.EndSession: Sending end session.
TpTrace Verbose: 0 : 13368, 11, 2023/12/04, 22:49:03.744, 5148533450640, vstest.console.dll, ProxyOperationManager.Close: waiting for test host to exit for 100 ms
TpTrace Warning: 0 : 13368, 7, 2023/12/04, 22:49:03.813, 5148534137749, vstest.console.dll, TestHostManagerCallbacks.ErrorReceivedCallback Test host standard error line: 
TpTrace Verbose: 0 : 13368, 7, 2023/12/04, 22:49:03.828, 5148534287594, vstest.console.dll, TestHostProvider.ExitCallBack: Host exited starting callback.
TpTrace Information: 0 : 13368, 7, 2023/12/04, 22:49:03.828, 5148534290125, vstest.console.dll, TestHostManagerCallbacks.ExitCallBack: Testhost processId: 13584 exited with exitcode: 0 error: ''
TpTrace Verbose: 0 : 13368, 7, 2023/12/04, 22:49:03.828, 5148534290555, vstest.console.dll, DotnetTestHostManager.OnHostExited: invoking OnHostExited callback
TpTrace Verbose: 0 : 13368, 7, 2023/12/04, 22:49:03.828, 5148534291078, vstest.console.dll, CrossPlatEngine.TestHostManagerHostExited: calling on client process exit callback.
TpTrace Information: 0 : 13368, 7, 2023/12/04, 22:49:03.828, 5148534292013, vstest.console.dll, TestRequestSender.OnClientProcessExit: Test host process exited. Standard error: 
TpTrace Information: 0 : 13368, 11, 2023/12/04, 22:49:03.828, 5148534292329, vstest.console.dll, SocketServer.Stop: Stop server endPoint: 127.0.0.1:55989
TpTrace Information: 0 : 13368, 11, 2023/12/04, 22:49:03.829, 5148534293195, vstest.console.dll, SocketServer.Stop: Cancellation requested. Stopping message loop.
TpTrace Information: 0 : 13368, 7, 2023/12/04, 22:49:03.829, 5148534293242, vstest.console.dll, SocketServer.Stop: Stop server endPoint: 127.0.0.1:55989
TpTrace Information: 0 : 13368, 7, 2023/12/04, 22:49:03.829, 5148534293994, vstest.console.dll, SocketServer.Stop: Cancellation requested. Stopping message loop.
TpTrace Information: 0 : 13368, 11, 2023/12/04, 22:49:03.829, 5148534294363, vstest.console.dll, Closing the connection
TpTrace Verbose: 0 : 13368, 7, 2023/12/04, 22:49:03.829, 5148534294367, vstest.console.dll, MulticastDelegateUtilities.SafeInvoke: HostProviderEvents.OnHostExited: Invoking callback 1/1 for Microsoft.VisualStudio.TestPlatform.CrossPlatEngine.Client.ProxyOperationManager., took 0 ms.
TpTrace Verbose: 0 : 13368, 11, 2023/12/04, 22:49:03.829, 5148534297014, vstest.console.dll, ProxyDataCollectionManager.InvokeDataCollectionServiceAction: Starting.
TpTrace Information: 0 : 13368, 11, 2023/12/04, 22:49:03.829, 5148534297567, vstest.console.dll, ProxyDataCollectionManager.AfterTestRunEnd: Get attachment set and invoked data collectors processId: 14284 port: 55983
TpTrace Verbose: 0 : 13368, 11, 2023/12/04, 22:49:03.829, 5148534298043, vstest.console.dll, DataCollectionRequestSender.SendAfterTestRunStartAndGetResult: Send AfterTestRunEnd message with isCancelled: False
TpTrace Verbose: 0 : 13368, 11, 2023/12/04, 22:49:03.840, 5148534410203, vstest.console.dll, DataCollectionRequestSender.SendAfterTestRunStartAndGetResult: Received message: (DataCollection.AfterTestRunEndResult) -> {"MessageType":"DataCollection.AfterTestRunEndResult","Payload":{"AttachmentSets":[],"InvokedDataCollectors":[{"Uri":"datacollector://Microsoft/TestPlatform/Extensions/Blame/v1","FriendlyName":"Blame","AssemblyQualifiedName":"Microsoft.TestPlatform.Extensions.BlameDataCollector.BlameCollector, Microsoft.TestPlatform.Extensions.BlameDataCollector, Version=15.0.0.0, Culture=neutral, PublicKeyToken=b03f5f7f11d50a3a","FilePath":"C:\\Program Files\\dotnet\\sdk\\7.0.102\\Extensions\\Microsoft.TestPlatform.Extensions.BlameDataCollector.dll","HasAttachmentProcessor":false}],"Metrics":{}}}
TpTrace Warning: 0 : 13368, 8, 2023/12/04, 22:49:03.845, 5148534455329, vstest.console.dll, DataCollectionLauncher.ErrorReceivedCallback datacollector standard error line: 
TpTrace Information: 0 : 13368, 11, 2023/12/04, 22:49:03.847, 5148534481265, vstest.console.dll, ProxyDataCollectionManager.InvokeDataCollectionServiceAction: Completed.
TpTrace Information: 0 : 13368, 8, 2023/12/04, 22:49:03.853, 5148534534328, vstest.console.dll, DataCollectionLauncher.ExitCallBack: Data collector exited with exitcode: 0 error: ''
TpTrace Verbose: 0 : 13368, 11, 2023/12/04, 22:49:03.903, 5148535043143, vstest.console.dll, TestRunRequest:SendTestRunStatsChange: Starting.
TpTrace Verbose: 0 : 13368, 11, 2023/12/04, 22:49:03.904, 5148535046108, vstest.console.dll, MulticastDelegateUtilities.SafeInvoke: TestRun.RunStatsChanged: Invoking callbacks was skipped because there are no subscribers.
TpTrace Verbose: 0 : 13368, 4, 2023/12/04, 22:49:03.904, 5148535046307, vstest.console.dll, MulticastDelegateUtilities.SafeInvoke: InternalTestLoggerEvents.SendTestResult: Invoking callback 1/1 for Microsoft.VisualStudio.TestPlatform.CommandLine.Internal.ConsoleLogger., took 0 ms.
TpTrace Information: 0 : 13368, 11, 2023/12/04, 22:49:03.904, 5148535047356, vstest.console.dll, TestRunRequest:SendTestRunStatsChange: Completed.
TpTrace Verbose: 0 : 13368, 4, 2023/12/04, 22:49:03.904, 5148535047634, vstest.console.dll, MulticastDelegateUtilities.SafeInvoke: InternalTestLoggerEvents.SendTestResult: Invoking callback 1/1 for Microsoft.VisualStudio.TestPlatform.CommandLine.Internal.ConsoleLogger., took 0 ms.
TpTrace Verbose: 0 : 13368, 11, 2023/12/04, 22:49:03.905, 5148535053312, vstest.console.dll, ParallelProxyExecutionManager: HandlePartialRunComplete: Total completed clients = 1, Run complete = True, Run canceled: False.
TpTrace Verbose: 0 : 13368, 4, 2023/12/04, 22:49:03.916, 5148535164503, vstest.console.dll, MulticastDelegateUtilities.SafeInvoke: InternalTestLoggerEvents.SendTestRunComplete: Invoking callback 1/2 for Microsoft.TestPlatform.Extensions.BlameDataCollector.BlameLogger., took 0 ms.
TpTrace Verbose: 0 : 13368, 4, 2023/12/04, 22:49:03.923, 5148535239613, vstest.console.dll, MulticastDelegateUtilities.SafeInvoke: InternalTestLoggerEvents.SendTestRunComplete: Invoking callback 2/2 for Microsoft.VisualStudio.TestPlatform.CommandLine.Internal.ConsoleLogger., took 7 ms.
TpTrace Verbose: 0 : 13368, 11, 2023/12/04, 22:49:03.924, 5148535243604, vstest.console.dll, TestRunRequest:TestRunComplete: Starting. IsAborted:False IsCanceled:False.
TpTrace Verbose: 0 : 13368, 11, 2023/12/04, 22:49:03.925, 5148535259583, vstest.console.dll, TestLoggerManager.HandleTestRunComplete: Ignoring as the object is disposed.
TpTrace Verbose: 0 : 13368, 11, 2023/12/04, 22:49:03.925, 5148535262954, vstest.console.dll, MulticastDelegateUtilities.SafeInvoke: TestRun.TestRunComplete: Invoking callback 1/2 for Microsoft.VisualStudio.TestPlatform.CommandLine.TestRunResultAggregator., took 0 ms.
TpTrace Verbose: 0 : 13368, 11, 2023/12/04, 22:49:03.926, 5148535264792, vstest.console.dll, MulticastDelegateUtilities.SafeInvoke: TestRun.TestRunComplete: Invoking callback 2/2 for Microsoft.VisualStudio.TestPlatform.CommandLine.Processors.RunTestsArgumentExecutor+TestRunRequestEventsRegistrar., took 0 ms.
TpTrace Information: 0 : 13368, 11, 2023/12/04, 22:49:03.926, 5148535265867, vstest.console.dll, TestRunRequest:TestRunComplete: Completed.
TpTrace Verbose: 0 : 13368, 11, 2023/12/04, 22:49:03.926, 5148535266254, vstest.console.dll, TestRequestSender.SetOperationComplete: Setting operation complete.
TpTrace Information: 0 : 13368, 11, 2023/12/04, 22:49:03.926, 5148535266544, vstest.console.dll, SocketServer.Stop: Stop server endPoint: 127.0.0.1:55989
TpTrace Information: 0 : 13368, 11, 2023/12/04, 22:49:03.926, 5148535266802, vstest.console.dll, SocketServer.Stop: Cancellation requested. Stopping message loop.
TpTrace Verbose: 0 : 13368, 1, 2023/12/04, 22:49:03.926, 5148535266557, vstest.console.dll, TestRunRequest.Dispose: Starting.
TpTrace Verbose: 0 : 13368, 11, 2023/12/04, 22:49:03.926, 5148535267118, vstest.console.dll, MulticastDelegateUtilities.SafeInvoke: LengthPrefixCommunicationChannel: MessageReceived: Invoking callback 1/1 for Microsoft.VisualStudio.TestPlatform.CommunicationUtilities.TestRequestSender+<>c__DisplayClass31_0., took 182 ms.
TpTrace Information: 0 : 13368, 1, 2023/12/04, 22:49:03.926, 5148535267793, vstest.console.dll, TestRunRequest.Dispose: Completed.
TpTrace Information: 0 : 13368, 11, 2023/12/04, 22:49:03.926, 5148535268300, vstest.console.dll, SocketServer.PrivateStop: Stopping server endPoint: 127.0.0.1:55989 error: 
TpTrace Information: 0 : 13368, 1, 2023/12/04, 22:49:03.926, 5148535268891, vstest.console.dll, TestRequestManager.RunTests: run tests completed.
TpTrace Information: 0 : 13368, 1, 2023/12/04, 22:49:03.926, 5148535270893, vstest.console.dll, RunTestsArgumentProcessor:Execute: Test run is completed.
TpTrace Verbose: 0 : 13368, 1, 2023/12/04, 22:49:03.926, 5148535273163, vstest.console.dll, Executor.Execute: Exiting with exit code of 0
TpTrace Verbose: 0 : 13368, 11, 2023/12/04, 22:49:03.927, 5148535273548, vstest.console.dll, LengthPrefixCommunicationChannel.Dispose: Dispose reader and writer.
TpTrace Information: 0 : 13368, 11, 2023/12/04, 22:49:03.927, 5148535274342, vstest.console.dll, SocketServer.Stop: Raise disconnected event endPoint: 127.0.0.1:55989 error: 
TpTrace Verbose: 0 : 13368, 11, 2023/12/04, 22:49:03.927, 5148535275407, vstest.console.dll, TestRequestSender: OnTestRunAbort: Operation is already complete. Skip error message.
TpTrace Verbose: 0 : 13368, 11, 2023/12/04, 22:49:03.927, 5148535275869, vstest.console.dll, MulticastDelegateUtilities.SafeInvoke: SocketServer: ClientDisconnected: Invoking callback 1/1 for Microsoft.VisualStudio.TestPlatform.CommunicationUtilities.TestRequestSender., took 0 ms.
TpTrace Verbose: 0 : 13368, 11, 2023/12/04, 22:49:03.927, 5148535276148, vstest.console.dll, TcpClientExtensions.MessageLoopAsync: exiting MessageLoopAsync remoteEndPoint: 127.0.0.1:55990 localEndPoint: 127.0.0.1:55989
