<?xml version="1.0" encoding="utf-8"?>
<!DOCTYPE coverage SYSTEM "http://cobertura.sourceforge.net/xml/coverage-04.dtd">
<coverage line-rate="0.633245382585752" branch-rate="0.5" lines-covered="240" lines-valid="379" branches-covered="59" branches-valid="118" complexity="138" version="0" timestamp="1709542665">
  <sources>
    <source>C:\Users\ivank\</source>
  </sources>
  <packages>
    <package name="Refactor6" line-rate="0.601156069364162" branch-rate="0.473214285714286" complexity="131">
      <classes>
        <class name="Program" filename="C:\Users\ivank\source\repos\Refactor6\Refactor6\Program.cs" line-rate="0" branch-rate="0" complexity="22">
          <methods>
            <method name="Main" signature="()" line-rate="0" branch-rate="0" complexity="2">
              <lines>
                <line number="6" hits="0" branch="false" />
                <line number="8" hits="0" branch="false" />
                <line number="11" hits="0" branch="false" />
                <line number="12" hits="0" branch="false" />
                <line number="15" hits="0" branch="false" />
                <line number="16" hits="0" branch="false" />
                <line number="19" hits="0" branch="false" />
                <line number="20" hits="0" branch="true" condition-coverage="0% (0/2)" />
                <line number="21" hits="0" branch="false" />
                <line number="22" hits="0" branch="false" />
                <line number="23" hits="0" branch="false" />
                <line number="26" hits="0" branch="false" />
                <line number="27" hits="0" branch="false" />
              </lines>
            </method>
            <method name="ReadItems" signature="(...)" line-rate="0" branch-rate="0" complexity="4">
              <lines>
                <line number="30" hits="0" branch="false" />
                <line number="31" hits="0" branch="false" />
                <line number="32" hits="0" branch="false" />
                <line number="34" hits="0" branch="true" condition-coverage="0% (0/2)" />
                <line number="35" hits="0" branch="false" />
                <line number="36" hits="0" branch="false" />
                <line number="37" hits="0" branch="true" condition-coverage="0% (0/2)" />
                <line number="38" hits="0" branch="false" />
                <line number="39" hits="0" branch="false" />
                <line number="40" hits="0" branch="false" />
                <line number="41" hits="0" branch="false" />
                <line number="43" hits="0" branch="false" />
                <line number="44" hits="0" branch="false" />
              </lines>
            </method>
            <method name="CreateBill" signature="(...)" line-rate="0" branch-rate="0" complexity="16">
              <lines>
                <line number="47" hits="0" branch="false" />
                <line number="49" hits="0" branch="false" />
                <line number="50" hits="0" branch="false" />
                <line number="51" hits="0" branch="false" />
                <line number="52" hits="0" branch="false" />
                <line number="53" hits="0" branch="false" />
                <line number="55" hits="0" branch="false" />
                <line number="56" hits="0" branch="false" />
                <line number="57" hits="0" branch="false" />
                <line number="58" hits="0" branch="false" />
                <line number="59" hits="0" branch="false" />
                <line number="61" hits="0" branch="false" />
                <line number="62" hits="0" branch="false" />
                <line number="63" hits="0" branch="false" />
                <line number="64" hits="0" branch="false" />
                <line number="65" hits="0" branch="true" condition-coverage="0% (0/2)" />
                <line number="66" hits="0" branch="false" />
                <line number="69" hits="0" branch="false" />
                <line number="70" hits="0" branch="false" />
                <line number="71" hits="0" branch="true" condition-coverage="0% (0/2)" />
                <line number="72" hits="0" branch="false" />
                <line number="73" hits="0" branch="false" />
                <line number="74" hits="0" branch="false" />
                <line number="75" hits="0" branch="false" />
                <line number="76" hits="0" branch="true" condition-coverage="0% (0/6)" />
                <line number="79" hits="0" branch="false" />
                <line number="80" hits="0" branch="false" />
                <line number="82" hits="0" branch="false" />
                <line number="83" hits="0" branch="false" />
                <line number="85" hits="0" branch="false" />
                <line number="86" hits="0" branch="false" />
                <line number="88" hits="0" branch="false" />
                <line number="89" hits="0" branch="false" />
                <line number="93" hits="0" branch="false" />
                <line number="94" hits="0" branch="false" />
                <line number="95" hits="0" branch="true" condition-coverage="0% (0/2)" />
                <line number="96" hits="0" branch="false" />
                <line number="97" hits="0" branch="false" />
                <line number="98" hits="0" branch="true" condition-coverage="0% (0/2)" />
                <line number="99" hits="0" branch="false" />
                <line number="102" hits="0" branch="false" />
                <line number="103" hits="0" branch="false" />
                <line number="104" hits="0" branch="true" condition-coverage="0% (0/2)" />
                <line number="105" hits="0" branch="false" />
                <line number="106" hits="0" branch="false" />
                <line number="107" hits="0" branch="false" />
                <line number="108" hits="0" branch="false" />
                <line number="109" hits="0" branch="false" />
                <line number="110" hits="0" branch="false" />
                <line number="111" hits="0" branch="false" />
                <line number="112" hits="0" branch="false" />
                <line number="113" hits="0" branch="false" />
              </lines>
            </method>
          </methods>
          <lines>
            <line number="6" hits="0" branch="false" />
            <line number="8" hits="0" branch="false" />
            <line number="11" hits="0" branch="false" />
            <line number="12" hits="0" branch="false" />
            <line number="15" hits="0" branch="false" />
            <line number="16" hits="0" branch="false" />
            <line number="19" hits="0" branch="false" />
            <line number="20" hits="0" branch="true" condition-coverage="0% (0/2)" />
            <line number="21" hits="0" branch="false" />
            <line number="22" hits="0" branch="false" />
            <line number="23" hits="0" branch="false" />
            <line number="26" hits="0" branch="false" />
            <line number="27" hits="0" branch="false" />
            <line number="30" hits="0" branch="false" />
            <line number="31" hits="0" branch="false" />
            <line number="32" hits="0" branch="false" />
            <line number="34" hits="0" branch="true" condition-coverage="0% (0/2)" />
            <line number="35" hits="0" branch="false" />
            <line number="36" hits="0" branch="false" />
            <line number="37" hits="0" branch="true" condition-coverage="0% (0/2)" />
            <line number="38" hits="0" branch="false" />
            <line number="39" hits="0" branch="false" />
            <line number="40" hits="0" branch="false" />
            <line number="41" hits="0" branch="false" />
            <line number="43" hits="0" branch="false" />
            <line number="44" hits="0" branch="false" />
            <line number="47" hits="0" branch="false" />
            <line number="49" hits="0" branch="false" />
            <line number="50" hits="0" branch="false" />
            <line number="51" hits="0" branch="false" />
            <line number="52" hits="0" branch="false" />
            <line number="53" hits="0" branch="false" />
            <line number="55" hits="0" branch="false" />
            <line number="56" hits="0" branch="false" />
            <line number="57" hits="0" branch="false" />
            <line number="58" hits="0" branch="false" />
            <line number="59" hits="0" branch="false" />
            <line number="61" hits="0" branch="false" />
            <line number="62" hits="0" branch="false" />
            <line number="63" hits="0" branch="false" />
            <line number="64" hits="0" branch="false" />
            <line number="65" hits="0" branch="true" condition-coverage="0% (0/2)" />
            <line number="66" hits="0" branch="false" />
            <line number="69" hits="0" branch="false" />
            <line number="70" hits="0" branch="false" />
            <line number="71" hits="0" branch="true" condition-coverage="0% (0/2)" />
            <line number="72" hits="0" branch="false" />
            <line number="73" hits="0" branch="false" />
            <line number="74" hits="0" branch="false" />
            <line number="75" hits="0" branch="false" />
            <line number="76" hits="0" branch="true" condition-coverage="0% (0/6)" />
            <line number="79" hits="0" branch="false" />
            <line number="80" hits="0" branch="false" />
            <line number="82" hits="0" branch="false" />
            <line number="83" hits="0" branch="false" />
            <line number="85" hits="0" branch="false" />
            <line number="86" hits="0" branch="false" />
            <line number="88" hits="0" branch="false" />
            <line number="89" hits="0" branch="false" />
            <line number="93" hits="0" branch="false" />
            <line number="94" hits="0" branch="false" />
            <line number="95" hits="0" branch="true" condition-coverage="0% (0/2)" />
            <line number="96" hits="0" branch="false" />
            <line number="97" hits="0" branch="false" />
            <line number="98" hits="0" branch="true" condition-coverage="0% (0/2)" />
            <line number="99" hits="0" branch="false" />
            <line number="102" hits="0" branch="false" />
            <line number="103" hits="0" branch="false" />
            <line number="104" hits="0" branch="true" condition-coverage="0% (0/2)" />
            <line number="105" hits="0" branch="false" />
            <line number="106" hits="0" branch="false" />
            <line number="107" hits="0" branch="false" />
            <line number="108" hits="0" branch="false" />
            <line number="109" hits="0" branch="false" />
            <line number="110" hits="0" branch="false" />
            <line number="111" hits="0" branch="false" />
            <line number="112" hits="0" branch="false" />
            <line number="113" hits="0" branch="false" />
          </lines>
        </class>
        <class name="Refactor6.Bill" filename="C:\Users\ivank\source\repos\Refactor6\Refactor6\Customer.cs" line-rate="0.907692307692308" branch-rate="0.85" complexity="22">
          <methods>
            <method name="addGoods" signature="(...)" line-rate="1" branch-rate="1" complexity="1">
              <lines>
                <line number="56" hits="16" branch="false" />
                <line number="57" hits="16" branch="false" />
                <line number="58" hits="16" branch="false" />
              </lines>
            </method>
            <method name="statement" signature="()" line-rate="0.894736842105263" branch-rate="0.85" complexity="20">
              <lines>
                <line number="60" hits="5" branch="false" />
                <line number="61" hits="5" branch="false" />
                <line number="62" hits="5" branch="false" />
                <line number="63" hits="5" branch="false" />
                <line number="64" hits="5" branch="false" />
                <line number="65" hits="5" branch="false" />
                <line number="66" hits="5" branch="false" />
                <line number="67" hits="5" branch="false" />
                <line number="68" hits="21" branch="true" condition-coverage="100% (2/2)" />
                <line number="69" hits="16" branch="false" />
                <line number="70" hits="16" branch="false" />
                <line number="71" hits="16" branch="false" />
                <line number="72" hits="16" branch="false" />
                <line number="73" hits="16" branch="false" />
                <line number="75" hits="16" branch="true" condition-coverage="100% (4/4)" />
                <line number="78" hits="10" branch="true" condition-coverage="100% (2/2)" />
                <line number="79" hits="5" branch="false" />
                <line number="80" hits="5" branch="false" />
                <line number="81" hits="10" branch="false" />
                <line number="82" hits="10" branch="false" />
                <line number="83" hits="10" branch="false" />
                <line number="85" hits="2" branch="true" condition-coverage="50% (1/2)" />
                <line number="86" hits="0" branch="false" />
                <line number="87" hits="0" branch="false" />
                <line number="88" hits="2" branch="false" />
                <line number="90" hits="4" branch="true" condition-coverage="50% (1/2)" />
                <line number="91" hits="0" branch="false" />
                <line number="92" hits="0" branch="false" />
                <line number="93" hits="4" branch="false" />
                <line number="94" hits="4" branch="false" />
                <line number="95" hits="4" branch="false" />
                <line number="98" hits="16" branch="false" />
                <line number="100" hits="16" branch="true" condition-coverage="75% (3/4)" />
                <line number="101" hits="16" branch="false" />
                <line number="102" hits="0" branch="false" />
                <line number="103" hits="0" branch="false" />
                <line number="104" hits="16" branch="true" condition-coverage="100% (4/4)" />
                <line number="105" hits="16" branch="false" />
                <line number="106" hits="1" branch="false" />
                <line number="107" hits="1" branch="false" />
                <line number="109" hits="16" branch="false" />
                <line number="110" hits="16" branch="false" />
                <line number="112" hits="16" branch="false" />
                <line number="113" hits="16" branch="false" />
                <line number="114" hits="16" branch="false" />
                <line number="115" hits="16" branch="false" />
                <line number="116" hits="16" branch="false" />
                <line number="117" hits="16" branch="false" />
                <line number="118" hits="16" branch="false" />
                <line number="119" hits="16" branch="false" />
                <line number="121" hits="5" branch="false" />
                <line number="122" hits="5" branch="false" />
                <line number="123" hits="5" branch="false" />
                <line number="124" hits="5" branch="false" />
                <line number="126" hits="5" branch="false" />
                <line number="127" hits="5" branch="false" />
                <line number="128" hits="5" branch="false" />
              </lines>
            </method>
            <method name=".ctor" signature="(...)" line-rate="1" branch-rate="1" complexity="1">
              <lines>
                <line number="50" hits="5" branch="false" />
                <line number="51" hits="5" branch="false" />
                <line number="52" hits="5" branch="false" />
                <line number="53" hits="5" branch="false" />
                <line number="54" hits="5" branch="false" />
              </lines>
            </method>
          </methods>
          <lines>
            <line number="50" hits="5" branch="false" />
            <line number="51" hits="5" branch="false" />
            <line number="52" hits="5" branch="false" />
            <line number="53" hits="5" branch="false" />
            <line number="54" hits="5" branch="false" />
            <line number="56" hits="16" branch="false" />
            <line number="57" hits="16" branch="false" />
            <line number="58" hits="16" branch="false" />
            <line number="60" hits="5" branch="false" />
            <line number="61" hits="5" branch="false" />
            <line number="62" hits="5" branch="false" />
            <line number="63" hits="5" branch="false" />
            <line number="64" hits="5" branch="false" />
            <line number="65" hits="5" branch="false" />
            <line number="66" hits="5" branch="false" />
            <line number="67" hits="5" branch="false" />
            <line number="68" hits="21" branch="true" condition-coverage="100% (2/2)" />
            <line number="69" hits="16" branch="false" />
            <line number="70" hits="16" branch="false" />
            <line number="71" hits="16" branch="false" />
            <line number="72" hits="16" branch="false" />
            <line number="73" hits="16" branch="false" />
            <line number="75" hits="16" branch="true" condition-coverage="100% (4/4)" />
            <line number="78" hits="10" branch="true" condition-coverage="100% (2/2)" />
            <line number="79" hits="5" branch="false" />
            <line number="80" hits="5" branch="false" />
            <line number="81" hits="10" branch="false" />
            <line number="82" hits="10" branch="false" />
            <line number="83" hits="10" branch="false" />
            <line number="85" hits="2" branch="true" condition-coverage="50% (1/2)" />
            <line number="86" hits="0" branch="false" />
            <line number="87" hits="0" branch="false" />
            <line number="88" hits="2" branch="false" />
            <line number="90" hits="4" branch="true" condition-coverage="50% (1/2)" />
            <line number="91" hits="0" branch="false" />
            <line number="92" hits="0" branch="false" />
            <line number="93" hits="4" branch="false" />
            <line number="94" hits="4" branch="false" />
            <line number="95" hits="4" branch="false" />
            <line number="98" hits="16" branch="false" />
            <line number="100" hits="16" branch="true" condition-coverage="75% (3/4)" />
            <line number="101" hits="16" branch="false" />
            <line number="102" hits="0" branch="false" />
            <line number="103" hits="0" branch="false" />
            <line number="104" hits="16" branch="true" condition-coverage="100% (4/4)" />
            <line number="105" hits="16" branch="false" />
            <line number="106" hits="1" branch="false" />
            <line number="107" hits="1" branch="false" />
            <line number="109" hits="16" branch="false" />
            <line number="110" hits="16" branch="false" />
            <line number="112" hits="16" branch="false" />
            <line number="113" hits="16" branch="false" />
            <line number="114" hits="16" branch="false" />
            <line number="115" hits="16" branch="false" />
            <line number="116" hits="16" branch="false" />
            <line number="117" hits="16" branch="false" />
            <line number="118" hits="16" branch="false" />
            <line number="119" hits="16" branch="false" />
            <line number="121" hits="5" branch="false" />
            <line number="122" hits="5" branch="false" />
            <line number="123" hits="5" branch="false" />
            <line number="124" hits="5" branch="false" />
            <line number="126" hits="5" branch="false" />
            <line number="127" hits="5" branch="false" />
            <line number="128" hits="5" branch="false" />
          </lines>
        </class>
        <class name="Refactor6.BillFactory" filename="C:\Users\ivank\source\repos\Refactor6\Refactor6\BillFactory.cs" line-rate="1" branch-rate="1" complexity="16">
          <methods>
            <method name="CreateBill" signature="(...)" line-rate="1" branch-rate="1" complexity="16">
              <lines>
                <line number="12" hits="5" branch="false" />
                <line number="14" hits="5" branch="false" />
                <line number="15" hits="5" branch="false" />
                <line number="16" hits="5" branch="false" />
                <line number="18" hits="5" branch="false" />
                <line number="19" hits="5" branch="false" />
                <line number="20" hits="5" branch="false" />
                <line number="21" hits="5" branch="false" />
                <line number="22" hits="5" branch="false" />
                <line number="24" hits="5" branch="false" />
                <line number="25" hits="5" branch="false" />
                <line number="26" hits="5" branch="false" />
                <line number="27" hits="5" branch="false" />
                <line number="28" hits="34" branch="true" condition-coverage="100% (2/2)" />
                <line number="29" hits="12" branch="false" />
                <line number="32" hits="17" branch="false" />
                <line number="33" hits="17" branch="false" />
                <line number="34" hits="34" branch="true" condition-coverage="100% (2/2)" />
                <line number="35" hits="12" branch="false" />
                <line number="36" hits="12" branch="false" />
                <line number="37" hits="12" branch="false" />
                <line number="38" hits="12" branch="false" />
                <line number="39" hits="12" branch="true" condition-coverage="100% (6/6)" />
                <line number="42" hits="6" branch="false" />
                <line number="43" hits="6" branch="false" />
                <line number="45" hits="4" branch="false" />
                <line number="46" hits="4" branch="false" />
                <line number="48" hits="2" branch="false" />
                <line number="49" hits="2" branch="false" />
                <line number="51" hits="12" branch="false" />
                <line number="52" hits="12" branch="false" />
                <line number="56" hits="5" branch="false" />
                <line number="57" hits="5" branch="false" />
                <line number="58" hits="10" branch="true" condition-coverage="100% (2/2)" />
                <line number="59" hits="5" branch="false" />
                <line number="60" hits="5" branch="false" />
                <line number="61" hits="34" branch="true" condition-coverage="100% (2/2)" />
                <line number="62" hits="12" branch="false" />
                <line number="65" hits="17" branch="false" />
                <line number="66" hits="17" branch="false" />
                <line number="67" hits="34" branch="true" condition-coverage="100% (2/2)" />
                <line number="68" hits="12" branch="false" />
                <line number="69" hits="12" branch="false" />
                <line number="70" hits="12" branch="false" />
                <line number="71" hits="12" branch="false" />
                <line number="72" hits="12" branch="false" />
                <line number="73" hits="12" branch="false" />
                <line number="74" hits="12" branch="false" />
                <line number="75" hits="5" branch="false" />
                <line number="76" hits="5" branch="false" />
              </lines>
            </method>
          </methods>
          <lines>
            <line number="12" hits="5" branch="false" />
            <line number="14" hits="5" branch="false" />
            <line number="15" hits="5" branch="false" />
            <line number="16" hits="5" branch="false" />
            <line number="18" hits="5" branch="false" />
            <line number="19" hits="5" branch="false" />
            <line number="20" hits="5" branch="false" />
            <line number="21" hits="5" branch="false" />
            <line number="22" hits="5" branch="false" />
            <line number="24" hits="5" branch="false" />
            <line number="25" hits="5" branch="false" />
            <line number="26" hits="5" branch="false" />
            <line number="27" hits="5" branch="false" />
            <line number="28" hits="34" branch="true" condition-coverage="100% (2/2)" />
            <line number="29" hits="12" branch="false" />
            <line number="32" hits="17" branch="false" />
            <line number="33" hits="17" branch="false" />
            <line number="34" hits="34" branch="true" condition-coverage="100% (2/2)" />
            <line number="35" hits="12" branch="false" />
            <line number="36" hits="12" branch="false" />
            <line number="37" hits="12" branch="false" />
            <line number="38" hits="12" branch="false" />
            <line number="39" hits="12" branch="true" condition-coverage="100% (6/6)" />
            <line number="42" hits="6" branch="false" />
            <line number="43" hits="6" branch="false" />
            <line number="45" hits="4" branch="false" />
            <line number="46" hits="4" branch="false" />
            <line number="48" hits="2" branch="false" />
            <line number="49" hits="2" branch="false" />
            <line number="51" hits="12" branch="false" />
            <line number="52" hits="12" branch="false" />
            <line number="56" hits="5" branch="false" />
            <line number="57" hits="5" branch="false" />
            <line number="58" hits="10" branch="true" condition-coverage="100% (2/2)" />
            <line number="59" hits="5" branch="false" />
            <line number="60" hits="5" branch="false" />
            <line number="61" hits="34" branch="true" condition-coverage="100% (2/2)" />
            <line number="62" hits="12" branch="false" />
            <line number="65" hits="17" branch="false" />
            <line number="66" hits="17" branch="false" />
            <line number="67" hits="34" branch="true" condition-coverage="100% (2/2)" />
            <line number="68" hits="12" branch="false" />
            <line number="69" hits="12" branch="false" />
            <line number="70" hits="12" branch="false" />
            <line number="71" hits="12" branch="false" />
            <line number="72" hits="12" branch="false" />
            <line number="73" hits="12" branch="false" />
            <line number="74" hits="12" branch="false" />
            <line number="75" hits="5" branch="false" />
            <line number="76" hits="5" branch="false" />
          </lines>
        </class>
        <class name="Refactor6.ContentFileReader" filename="C:\Users\ivank\source\repos\Refactor6\Refactor6\IContentFileReader.cs" line-rate="0.585365853658537" branch-rate="0.41304347826087" complexity="48">
          <methods>
            <method name="SetSource" signature="(...)" line-rate="1" branch-rate="1" complexity="1">
              <lines>
                <line number="24" hits="5" branch="false" />
                <line number="25" hits="5" branch="false" />
                <line number="26" hits="5" branch="false" />
                <line number="27" hits="5" branch="false" />
              </lines>
            </method>
            <method name="GetCustomer" signature="()" line-rate="0.909090909090909" branch-rate="0.666666666666667" complexity="6">
              <lines>
                <line number="30" hits="5" branch="false" />
                <line number="33" hits="5" branch="false" />
                <line number="34" hits="5" branch="false" />
                <line number="35" hits="10" branch="true" condition-coverage="75% (3/4)" />
                <line number="37" hits="5" branch="true" condition-coverage="50% (1/2)" />
                <line number="38" hits="5" branch="false" />
                <line number="39" hits="5" branch="false" />
                <line number="40" hits="5" branch="false" />
                <line number="42" hits="5" branch="false" />
                <line number="45" hits="0" branch="false" />
                <line number="46" hits="5" branch="false" />
              </lines>
            </method>
            <method name="GetGoodsCount" signature="()" line-rate="0" branch-rate="0" complexity="6">
              <lines>
                <line number="49" hits="0" branch="false" />
                <line number="52" hits="0" branch="false" />
                <line number="53" hits="0" branch="false" />
                <line number="54" hits="0" branch="true" condition-coverage="0% (0/4)" />
                <line number="56" hits="0" branch="true" condition-coverage="0% (0/2)" />
                <line number="57" hits="0" branch="false" />
              </lines>
            </method>
            <method name="GetItemsCount" signature="()" line-rate="1" branch-rate="0.666666666666667" complexity="6">
              <lines>
                <line number="61" hits="15" branch="false" />
                <line number="64" hits="15" branch="false" />
                <line number="67" hits="111" branch="false" />
                <line number="68" hits="111" branch="false" />
                <line number="69" hits="222" branch="true" condition-coverage="75% (3/4)" />
                <line number="71" hits="15" branch="true" condition-coverage="50% (1/2)" />
                <line number="72" hits="15" branch="false" />
              </lines>
            </method>
            <method name="GetNextGood" signature="()" line-rate="0" branch-rate="0" complexity="10">
              <lines>
                <line number="76" hits="0" branch="false" />
                <line number="79" hits="0" branch="false" />
                <line number="80" hits="0" branch="false" />
                <line number="81" hits="0" branch="true" condition-coverage="0% (0/4)" />
                <line number="83" hits="0" branch="true" condition-coverage="0% (0/2)" />
                <line number="84" hits="0" branch="false" />
                <line number="85" hits="0" branch="false" />
                <line number="86" hits="0" branch="true" condition-coverage="0% (0/2)" />
                <line number="87" hits="0" branch="false" />
                <line number="88" hits="0" branch="false" />
                <line number="89" hits="0" branch="true" condition-coverage="0% (0/2)" />
                <line number="90" hits="0" branch="false" />
                <line number="91" hits="0" branch="false" />
                <line number="92" hits="0" branch="false" />
                <line number="94" hits="0" branch="false" />
                <line number="96" hits="0" branch="false" />
                <line number="97" hits="0" branch="false" />
                <line number="99" hits="0" branch="false" />
                <line number="100" hits="0" branch="false" />
              </lines>
            </method>
            <method name="GetNextItem" signature="()" line-rate="0.96" branch-rate="0.916666666666667" complexity="12">
              <lines>
                <line number="103" hits="12" branch="false" />
                <line number="106" hits="33" branch="false" />
                <line number="107" hits="33" branch="false" />
                <line number="108" hits="66" branch="true" condition-coverage="100% (4/4)" />
                <line number="110" hits="12" branch="true" condition-coverage="100% (2/2)" />
                <line number="111" hits="9" branch="false" />
                <line number="112" hits="9" branch="false" />
                <line number="113" hits="9" branch="true" condition-coverage="100% (2/2)" />
                <line number="114" hits="9" branch="false" />
                <line number="115" hits="9" branch="false" />
                <line number="116" hits="9" branch="false" />
                <line number="117" hits="9" branch="true" condition-coverage="100% (2/2)" />
                <line number="118" hits="4" branch="false" />
                <line number="119" hits="4" branch="false" />
                <line number="120" hits="4" branch="false" />
                <line number="121" hits="4" branch="false" />
                <line number="123" hits="4" branch="false" />
                <line number="124" hits="4" branch="true" condition-coverage="50% (1/2)" />
                <line number="125" hits="4" branch="false" />
                <line number="126" hits="4" branch="false" />
                <line number="128" hits="0" branch="false" />
                <line number="129" hits="5" branch="false" />
                <line number="130" hits="5" branch="false" />
                <line number="132" hits="8" branch="false" />
                <line number="133" hits="12" branch="false" />
              </lines>
            </method>
            <method name="GetGoodsById" signature="(...)" line-rate="1" branch-rate="1" complexity="1">
              <lines>
                <line number="136" hits="4" branch="false" />
                <line number="139" hits="4" branch="false" />
                <line number="140" hits="4" branch="false" />
              </lines>
            </method>
            <method name="GetPriceCode" signature="(...)" line-rate="0" branch-rate="0" complexity="6">
              <lines>
                <line number="143" hits="0" branch="false" />
                <line number="144" hits="0" branch="true" condition-coverage="0% (0/6)" />
                <line number="147" hits="0" branch="false" />
                <line number="149" hits="0" branch="false" />
                <line number="151" hits="0" branch="false" />
                <line number="153" hits="0" branch="false" />
                <line number="155" hits="0" branch="false" />
              </lines>
            </method>
          </methods>
          <lines>
            <line number="24" hits="5" branch="false" />
            <line number="25" hits="5" branch="false" />
            <line number="26" hits="5" branch="false" />
            <line number="27" hits="5" branch="false" />
            <line number="30" hits="5" branch="false" />
            <line number="33" hits="5" branch="false" />
            <line number="34" hits="5" branch="false" />
            <line number="35" hits="10" branch="true" condition-coverage="75% (3/4)" />
            <line number="37" hits="5" branch="true" condition-coverage="50% (1/2)" />
            <line number="38" hits="5" branch="false" />
            <line number="39" hits="5" branch="false" />
            <line number="40" hits="5" branch="false" />
            <line number="42" hits="5" branch="false" />
            <line number="45" hits="0" branch="false" />
            <line number="46" hits="5" branch="false" />
            <line number="49" hits="0" branch="false" />
            <line number="52" hits="0" branch="false" />
            <line number="53" hits="0" branch="false" />
            <line number="54" hits="0" branch="true" condition-coverage="0% (0/4)" />
            <line number="56" hits="0" branch="true" condition-coverage="0% (0/2)" />
            <line number="57" hits="0" branch="false" />
            <line number="61" hits="15" branch="false" />
            <line number="64" hits="15" branch="false" />
            <line number="67" hits="111" branch="false" />
            <line number="68" hits="111" branch="false" />
            <line number="69" hits="222" branch="true" condition-coverage="75% (3/4)" />
            <line number="71" hits="15" branch="true" condition-coverage="50% (1/2)" />
            <line number="72" hits="15" branch="false" />
            <line number="76" hits="0" branch="false" />
            <line number="79" hits="0" branch="false" />
            <line number="80" hits="0" branch="false" />
            <line number="81" hits="0" branch="true" condition-coverage="0% (0/4)" />
            <line number="83" hits="0" branch="true" condition-coverage="0% (0/2)" />
            <line number="84" hits="0" branch="false" />
            <line number="85" hits="0" branch="false" />
            <line number="86" hits="0" branch="true" condition-coverage="0% (0/2)" />
            <line number="87" hits="0" branch="false" />
            <line number="88" hits="0" branch="false" />
            <line number="89" hits="0" branch="true" condition-coverage="0% (0/2)" />
            <line number="90" hits="0" branch="false" />
            <line number="91" hits="0" branch="false" />
            <line number="92" hits="0" branch="false" />
            <line number="94" hits="0" branch="false" />
            <line number="96" hits="0" branch="false" />
            <line number="97" hits="0" branch="false" />
            <line number="99" hits="0" branch="false" />
            <line number="100" hits="0" branch="false" />
            <line number="103" hits="12" branch="false" />
            <line number="106" hits="33" branch="false" />
            <line number="107" hits="33" branch="false" />
            <line number="108" hits="66" branch="true" condition-coverage="100% (4/4)" />
            <line number="110" hits="12" branch="true" condition-coverage="100% (2/2)" />
            <line number="111" hits="9" branch="false" />
            <line number="112" hits="9" branch="false" />
            <line number="113" hits="9" branch="true" condition-coverage="100% (2/2)" />
            <line number="114" hits="9" branch="false" />
            <line number="115" hits="9" branch="false" />
            <line number="116" hits="9" branch="false" />
            <line number="117" hits="9" branch="true" condition-coverage="100% (2/2)" />
            <line number="118" hits="4" branch="false" />
            <line number="119" hits="4" branch="false" />
            <line number="120" hits="4" branch="false" />
            <line number="121" hits="4" branch="false" />
            <line number="123" hits="4" branch="false" />
            <line number="124" hits="4" branch="true" condition-coverage="50% (1/2)" />
            <line number="125" hits="4" branch="false" />
            <line number="126" hits="4" branch="false" />
            <line number="128" hits="0" branch="false" />
            <line number="129" hits="5" branch="false" />
            <line number="130" hits="5" branch="false" />
            <line number="132" hits="8" branch="false" />
            <line number="133" hits="12" branch="false" />
            <line number="136" hits="4" branch="false" />
            <line number="139" hits="4" branch="false" />
            <line number="140" hits="4" branch="false" />
            <line number="143" hits="0" branch="false" />
            <line number="144" hits="0" branch="true" condition-coverage="0% (0/6)" />
            <line number="147" hits="0" branch="false" />
            <line number="149" hits="0" branch="false" />
            <line number="151" hits="0" branch="false" />
            <line number="153" hits="0" branch="false" />
            <line number="155" hits="0" branch="false" />
          </lines>
        </class>
        <class name="Refactor6.Customer" filename="C:\Users\ivank\source\repos\Refactor6\Refactor6\Customer.cs" line-rate="0.846153846153846" branch-rate="0.5" complexity="6">
          <methods>
            <method name="getName" signature="()" line-rate="1" branch-rate="1" complexity="1">
              <lines>
                <line number="19" hits="10" branch="false" />
                <line number="20" hits="10" branch="false" />
                <line number="21" hits="10" branch="false" />
              </lines>
            </method>
            <method name="getBonus" signature="()" line-rate="1" branch-rate="1" complexity="1">
              <lines>
                <line number="23" hits="5" branch="false" />
                <line number="24" hits="5" branch="false" />
                <line number="25" hits="5" branch="false" />
              </lines>
            </method>
            <method name="receiveBonus" signature="(...)" line-rate="1" branch-rate="1" complexity="1">
              <lines>
                <line number="27" hits="5" branch="false" />
                <line number="28" hits="5" branch="false" />
                <line number="29" hits="5" branch="false" />
              </lines>
            </method>
            <method name="useBonus" signature="(...)" line-rate="0.666666666666667" branch-rate="0.5" complexity="2">
              <lines>
                <line number="31" hits="1" branch="false" />
                <line number="33" hits="1" branch="true" condition-coverage="50% (1/2)" />
                <line number="34" hits="1" branch="false" />
                <line number="35" hits="1" branch="false" />
                <line number="36" hits="1" branch="false" />
                <line number="37" hits="1" branch="false" />
                <line number="39" hits="0" branch="false" />
                <line number="40" hits="0" branch="false" />
                <line number="41" hits="0" branch="false" />
                <line number="42" hits="0" branch="false" />
                <line number="43" hits="1" branch="false" />
                <line number="44" hits="1" branch="false" />
              </lines>
            </method>
            <method name=".ctor" signature="(...)" line-rate="1" branch-rate="1" complexity="1">
              <lines>
                <line number="13" hits="10" branch="false" />
                <line number="14" hits="10" branch="false" />
                <line number="15" hits="10" branch="false" />
                <line number="16" hits="10" branch="false" />
                <line number="17" hits="10" branch="false" />
              </lines>
            </method>
          </methods>
          <lines>
            <line number="13" hits="10" branch="false" />
            <line number="14" hits="10" branch="false" />
            <line number="15" hits="10" branch="false" />
            <line number="16" hits="10" branch="false" />
            <line number="17" hits="10" branch="false" />
            <line number="19" hits="10" branch="false" />
            <line number="20" hits="10" branch="false" />
            <line number="21" hits="10" branch="false" />
            <line number="23" hits="5" branch="false" />
            <line number="24" hits="5" branch="false" />
            <line number="25" hits="5" branch="false" />
            <line number="27" hits="5" branch="false" />
            <line number="28" hits="5" branch="false" />
            <line number="29" hits="5" branch="false" />
            <line number="31" hits="1" branch="false" />
            <line number="33" hits="1" branch="true" condition-coverage="50% (1/2)" />
            <line number="34" hits="1" branch="false" />
            <line number="35" hits="1" branch="false" />
            <line number="36" hits="1" branch="false" />
            <line number="37" hits="1" branch="false" />
            <line number="39" hits="0" branch="false" />
            <line number="40" hits="0" branch="false" />
            <line number="41" hits="0" branch="false" />
            <line number="42" hits="0" branch="false" />
            <line number="43" hits="1" branch="false" />
            <line number="44" hits="1" branch="false" />
          </lines>
        </class>
        <class name="Refactor6.Goods" filename="C:\Users\ivank\source\repos\Refactor6\Refactor6\Customer.cs" line-rate="0.785714285714286" branch-rate="1" complexity="4">
          <methods>
            <method name="getPriceCode" signature="()" line-rate="1" branch-rate="1" complexity="1">
              <lines>
                <line number="167" hits="48" branch="false" />
                <line number="168" hits="48" branch="false" />
                <line number="169" hits="48" branch="false" />
              </lines>
            </method>
            <method name="setPriceCode" signature="(...)" line-rate="0" branch-rate="1" complexity="1">
              <lines>
                <line number="171" hits="0" branch="false" />
                <line number="172" hits="0" branch="false" />
                <line number="173" hits="0" branch="false" />
              </lines>
            </method>
            <method name="getTitle" signature="()" line-rate="1" branch-rate="1" complexity="1">
              <lines>
                <line number="175" hits="16" branch="false" />
                <line number="176" hits="16" branch="false" />
                <line number="177" hits="16" branch="false" />
              </lines>
            </method>
            <method name=".ctor" signature="(...)" line-rate="1" branch-rate="1" complexity="1">
              <lines>
                <line number="161" hits="16" branch="false" />
                <line number="162" hits="16" branch="false" />
                <line number="163" hits="16" branch="false" />
                <line number="164" hits="16" branch="false" />
                <line number="165" hits="16" branch="false" />
              </lines>
            </method>
          </methods>
          <lines>
            <line number="161" hits="16" branch="false" />
            <line number="162" hits="16" branch="false" />
            <line number="163" hits="16" branch="false" />
            <line number="164" hits="16" branch="false" />
            <line number="165" hits="16" branch="false" />
            <line number="167" hits="48" branch="false" />
            <line number="168" hits="48" branch="false" />
            <line number="169" hits="48" branch="false" />
            <line number="171" hits="0" branch="false" />
            <line number="172" hits="0" branch="false" />
            <line number="173" hits="0" branch="false" />
            <line number="175" hits="16" branch="false" />
            <line number="176" hits="16" branch="false" />
            <line number="177" hits="16" branch="false" />
          </lines>
        </class>
        <class name="Refactor6.GoodsFactory" filename="C:\Users\ivank\source\repos\Refactor6\Refactor6\GoodsFactory.cs" line-rate="0" branch-rate="0" complexity="6">
          <methods>
            <method name="Create" signature="(...)" line-rate="0" branch-rate="0" complexity="6">
              <lines>
                <line number="12" hits="0" branch="false" />
                <line number="14" hits="0" branch="true" condition-coverage="0% (0/6)" />
                <line number="17" hits="0" branch="false" />
                <line number="19" hits="0" branch="false" />
                <line number="21" hits="0" branch="false" />
                <line number="24" hits="0" branch="false" />
                <line number="26" hits="0" branch="false" />
              </lines>
            </method>
          </methods>
          <lines>
            <line number="12" hits="0" branch="false" />
            <line number="14" hits="0" branch="true" condition-coverage="0% (0/6)" />
            <line number="17" hits="0" branch="false" />
            <line number="19" hits="0" branch="false" />
            <line number="21" hits="0" branch="false" />
            <line number="24" hits="0" branch="false" />
            <line number="26" hits="0" branch="false" />
          </lines>
        </class>
        <class name="Refactor6.Item" filename="C:\Users\ivank\source\repos\Refactor6\Refactor6\Customer.cs" line-rate="1" branch-rate="1" complexity="4">
          <methods>
            <method name="getQuantity" signature="()" line-rate="1" branch-rate="1" complexity="1">
              <lines>
                <line number="142" hits="112" branch="false" />
                <line number="143" hits="112" branch="false" />
                <line number="144" hits="112" branch="false" />
              </lines>
            </method>
            <method name="getPrice" signature="()" line-rate="1" branch-rate="1" complexity="1">
              <lines>
                <line number="146" hits="84" branch="false" />
                <line number="147" hits="84" branch="false" />
                <line number="148" hits="84" branch="false" />
              </lines>
            </method>
            <method name="getGoods" signature="()" line-rate="1" branch-rate="1" complexity="1">
              <lines>
                <line number="150" hits="64" branch="false" />
                <line number="151" hits="64" branch="false" />
                <line number="152" hits="64" branch="false" />
              </lines>
            </method>
            <method name=".ctor" signature="(...)" line-rate="1" branch-rate="1" complexity="1">
              <lines>
                <line number="135" hits="16" branch="false" />
                <line number="136" hits="16" branch="false" />
                <line number="137" hits="16" branch="false" />
                <line number="138" hits="16" branch="false" />
                <line number="139" hits="16" branch="false" />
                <line number="140" hits="16" branch="false" />
              </lines>
            </method>
          </methods>
          <lines>
            <line number="135" hits="16" branch="false" />
            <line number="136" hits="16" branch="false" />
            <line number="137" hits="16" branch="false" />
            <line number="138" hits="16" branch="false" />
            <line number="139" hits="16" branch="false" />
            <line number="140" hits="16" branch="false" />
            <line number="142" hits="112" branch="false" />
            <line number="143" hits="112" branch="false" />
            <line number="144" hits="112" branch="false" />
            <line number="146" hits="84" branch="false" />
            <line number="147" hits="84" branch="false" />
            <line number="148" hits="84" branch="false" />
            <line number="150" hits="64" branch="false" />
            <line number="151" hits="64" branch="false" />
            <line number="152" hits="64" branch="false" />
          </lines>
        </class>
        <class name="Refactor6.RegularGoods" filename="C:\Users\ivank\source\repos\Refactor6\Refactor6\GoodsFactory.cs" line-rate="1" branch-rate="1" complexity="1">
          <methods>
            <method name=".ctor" signature="(...)" line-rate="1" branch-rate="1" complexity="1">
              <lines>
                <line number="33" hits="4" branch="false" />
                <line number="34" hits="4" branch="false" />
                <line number="36" hits="4" branch="false" />
              </lines>
            </method>
          </methods>
          <lines>
            <line number="33" hits="4" branch="false" />
            <line number="34" hits="4" branch="false" />
            <line number="36" hits="4" branch="false" />
          </lines>
        </class>
        <class name="Refactor6.SaleGoods" filename="C:\Users\ivank\source\repos\Refactor6\Refactor6\GoodsFactory.cs" line-rate="0" branch-rate="1" complexity="1">
          <methods>
            <method name=".ctor" signature="(...)" line-rate="0" branch-rate="1" complexity="1">
              <lines>
                <line number="43" hits="0" branch="false" />
                <line number="44" hits="0" branch="false" />
                <line number="46" hits="0" branch="false" />
              </lines>
            </method>
          </methods>
          <lines>
            <line number="43" hits="0" branch="false" />
            <line number="44" hits="0" branch="false" />
            <line number="46" hits="0" branch="false" />
          </lines>
        </class>
        <class name="Refactor6.SpecialOfferGoods" filename="C:\Users\ivank\source\repos\Refactor6\Refactor6\GoodsFactory.cs" line-rate="0" branch-rate="1" complexity="1">
          <methods>
            <method name=".ctor" signature="(...)" line-rate="0" branch-rate="1" complexity="1">
              <lines>
                <line number="53" hits="0" branch="false" />
                <line number="54" hits="0" branch="false" />
                <line number="56" hits="0" branch="false" />
              </lines>
            </method>
          </methods>
          <lines>
            <line number="53" hits="0" branch="false" />
            <line number="54" hits="0" branch="false" />
            <line number="56" hits="0" branch="false" />
          </lines>
        </class>
      </classes>
    </package>
    <package name="RefactorTests6" line-rate="0.96969696969697" branch-rate="1" complexity="7">
      <classes>
        <class name="AutoGeneratedProgram" filename="C:\Users\ivank\.nuget\packages\microsoft.net.test.sdk\17.3.2\build\netcoreapp2.1\Microsoft.NET.Test.Sdk.Program.cs" line-rate="0" branch-rate="1" complexity="1">
          <methods>
            <method name="Main" signature="(...)" line-rate="0" branch-rate="1" complexity="1">
              <lines>
                <line number="4" hits="0" branch="false" />
              </lines>
            </method>
          </methods>
          <lines>
            <line number="4" hits="0" branch="false" />
          </lines>
        </class>
        <class name="RefactorTests6.UnitTest1" filename="C:\Users\ivank\source\repos\Refactor6\RefactorTests6\UnitTest1.cs" line-rate="1" branch-rate="1" complexity="6">
          <methods>
            <method name="TestCreateBill" signature="(...)" line-rate="1" branch-rate="1" complexity="2">
              <lines>
                <line number="19" hits="5" branch="false" />
                <line number="20" hits="5" branch="false" />
                <line number="21" hits="5" branch="false" />
                <line number="23" hits="5" branch="false" />
                <line number="24" hits="5" branch="false" />
                <line number="25" hits="5" branch="false" />
                <line number="26" hits="5" branch="false" />
                <line number="27" hits="5" branch="false" />
                <line number="28" hits="23" branch="true" condition-coverage="100% (2/2)" />
                <line number="29" hits="4" branch="false" />
                <line number="30" hits="4" branch="false" />
                <line number="31" hits="4" branch="false" />
                <line number="33" hits="5" branch="false" />
                <line number="35" hits="5" branch="false" />
                <line number="36" hits="5" branch="false" />
                <line number="37" hits="5" branch="false" />
                <line number="38" hits="5" branch="false" />
                <line number="39" hits="5" branch="false" />
                <line number="40" hits="5" branch="false" />
              </lines>
            </method>
            <method name="ReadItems" signature="(...)" line-rate="1" branch-rate="1" complexity="4">
              <lines>
                <line number="43" hits="5" branch="false" />
                <line number="44" hits="5" branch="false" />
                <line number="45" hits="5" branch="false" />
                <line number="47" hits="34" branch="true" condition-coverage="100% (2/2)" />
                <line number="48" hits="12" branch="false" />
                <line number="49" hits="12" branch="false" />
                <line number="50" hits="12" branch="true" condition-coverage="100% (2/2)" />
                <line number="51" hits="4" branch="false" />
                <line number="52" hits="4" branch="false" />
                <line number="53" hits="4" branch="false" />
                <line number="54" hits="12" branch="false" />
                <line number="56" hits="5" branch="false" />
                <line number="57" hits="5" branch="false" />
              </lines>
            </method>
          </methods>
          <lines>
            <line number="19" hits="5" branch="false" />
            <line number="20" hits="5" branch="false" />
            <line number="21" hits="5" branch="false" />
            <line number="23" hits="5" branch="false" />
            <line number="24" hits="5" branch="false" />
            <line number="25" hits="5" branch="false" />
            <line number="26" hits="5" branch="false" />
            <line number="27" hits="5" branch="false" />
            <line number="28" hits="23" branch="true" condition-coverage="100% (2/2)" />
            <line number="29" hits="4" branch="false" />
            <line number="30" hits="4" branch="false" />
            <line number="31" hits="4" branch="false" />
            <line number="33" hits="5" branch="false" />
            <line number="35" hits="5" branch="false" />
            <line number="36" hits="5" branch="false" />
            <line number="37" hits="5" branch="false" />
            <line number="38" hits="5" branch="false" />
            <line number="39" hits="5" branch="false" />
            <line number="40" hits="5" branch="false" />
            <line number="43" hits="5" branch="false" />
            <line number="44" hits="5" branch="false" />
            <line number="45" hits="5" branch="false" />
            <line number="47" hits="34" branch="true" condition-coverage="100% (2/2)" />
            <line number="48" hits="12" branch="false" />
            <line number="49" hits="12" branch="false" />
            <line number="50" hits="12" branch="true" condition-coverage="100% (2/2)" />
            <line number="51" hits="4" branch="false" />
            <line number="52" hits="4" branch="false" />
            <line number="53" hits="4" branch="false" />
            <line number="54" hits="12" branch="false" />
            <line number="56" hits="5" branch="false" />
            <line number="57" hits="5" branch="false" />
          </lines>
        </class>
      </classes>
    </package>
  </packages>
</coverage>