TpTrace Verbose: 0 : 21524, 1, 2024/03/04, 08:57:42.299, 4738164704631, vstest.console.dll, Version: 17.8.0-release-23523-03 Current process architecture: X64
TpTrace Verbose: 0 : 21524, 1, 2024/03/04, 08:57:42.304, 4738164758199, vstest.console.dll, Runtime location: C:\Program Files\dotnet\shared\Microsoft.NETCore.App\8.0.0
TpTrace Verbose: 0 : 21524, 1, 2024/03/04, 08:57:42.309, 4738164803706, vstest.console.dll, ArtifactProcessingPostProcessModeProcessorExecutor.Initialize: ArtifactProcessingMode.Collect
TpTrace Verbose: 0 : 21524, 1, 2024/03/04, 08:57:42.309, 4738164806759, vstest.console.dll, TestSessionCorrelationIdProcessorModeProcessorExecutor.Initialize: TestSessionCorrelationId '13688_8e83c822-e868-41a8-8d6f-86adb34c97fb'
TpTrace Information: 0 : 21524, 1, 2024/03/04, 08:57:42.326, 4738164973487, vstest.console.dll, FilePatternParser: The given file C:\Users\ivank\source\repos\Refactor6\RefactorTests6\bin\Debug\net7.0\fine-code-coverage\build-output\RefactorTests6.dll is a full path.
TpTrace Verbose: 0 : 21524, 1, 2024/03/04, 08:57:42.331, 4738165031026, vstest.console.dll, TestPluginCache.DiscoverTestExtensions: finding test extensions in assemblies ends with: RuntimeProvider.dll TPluginInfo: Microsoft.VisualStudio.TestPlatform.Common.ExtensionFramework.Utilities.TestRuntimePluginInformation TExtension: Microsoft.VisualStudio.TestPlatform.ObjectModel.Host.ITestRuntimeProvider
TpTrace Verbose: 0 : 21524, 1, 2024/03/04, 08:57:42.333, 4738165049234, vstest.console.dll, TestPluginCache.GetExtensionPaths: Filtered extension paths: 
TpTrace Verbose: 0 : 21524, 1, 2024/03/04, 08:57:42.333, 4738165050748, vstest.console.dll, TestPluginCache.GetExtensionPaths: Added default extension paths: C:\Program Files\dotnet\sdk\8.0.100\Extensions\Microsoft.Diagnostics.NETCore.Client.dll
C:\Program Files\dotnet\sdk\8.0.100\Extensions\Microsoft.TestPlatform.Extensions.BlameDataCollector.dll
C:\Program Files\dotnet\sdk\8.0.100\Extensions\Microsoft.TestPlatform.Extensions.EventLogCollector.dll
C:\Program Files\dotnet\sdk\8.0.100\Extensions\Microsoft.TestPlatform.TestHostRuntimeProvider.dll
C:\Program Files\dotnet\sdk\8.0.100\Extensions\Microsoft.VisualStudio.TestPlatform.Extensions.Html.TestLogger.dll
C:\Program Files\dotnet\sdk\8.0.100\Extensions\Microsoft.VisualStudio.TestPlatform.Extensions.Trx.TestLogger.dll
TpTrace Verbose: 0 : 21524, 1, 2024/03/04, 08:57:42.333, 4738165051184, vstest.console.dll, TestPluginCache.GetExtensionPaths: Added unfilterableExtensionPaths: 
TpTrace Information: 0 : 21524, 1, 2024/03/04, 08:57:42.334, 4738165058547, vstest.console.dll, AssemblyResolver.ctor: Creating AssemblyResolver with searchDirectories C:\Program Files\dotnet\sdk\8.0.100\Extensions,C:\Program Files\dotnet\sdk\8.0.100
TpTrace Verbose: 0 : 21524, 1, 2024/03/04, 08:57:42.336, 4738165073891, vstest.console.dll, TestPluginCache.DiscoverTestExtensions: Discovering the extensions using extension path.
TpTrace Verbose: 0 : 21524, 1, 2024/03/04, 08:57:42.336, 4738165075988, vstest.console.dll, TestPluginCache.GetExtensionPaths: Filtered extension paths: 
TpTrace Verbose: 0 : 21524, 1, 2024/03/04, 08:57:42.336, 4738165076408, vstest.console.dll, TestPluginCache.GetExtensionPaths: Added default extension paths: C:\Program Files\dotnet\sdk\8.0.100\Extensions\Microsoft.Diagnostics.NETCore.Client.dll
C:\Program Files\dotnet\sdk\8.0.100\Extensions\Microsoft.TestPlatform.Extensions.BlameDataCollector.dll
C:\Program Files\dotnet\sdk\8.0.100\Extensions\Microsoft.TestPlatform.Extensions.EventLogCollector.dll
C:\Program Files\dotnet\sdk\8.0.100\Extensions\Microsoft.TestPlatform.TestHostRuntimeProvider.dll
C:\Program Files\dotnet\sdk\8.0.100\Extensions\Microsoft.VisualStudio.TestPlatform.Extensions.Html.TestLogger.dll
C:\Program Files\dotnet\sdk\8.0.100\Extensions\Microsoft.VisualStudio.TestPlatform.Extensions.Trx.TestLogger.dll
TpTrace Verbose: 0 : 21524, 1, 2024/03/04, 08:57:42.336, 4738165076794, vstest.console.dll, TestPluginCache.GetExtensionPaths: Added unfilterableExtensionPaths: 
TpTrace Verbose: 0 : 21524, 1, 2024/03/04, 08:57:42.336, 4738165077507, vstest.console.dll, TestPluginCache.DiscoverTestExtensions: Discovering the extensions using allExtensionPaths: C:\Program Files\dotnet\sdk\8.0.100\Extensions\Microsoft.Diagnostics.NETCore.Client.dll
C:\Program Files\dotnet\sdk\8.0.100\Extensions\Microsoft.TestPlatform.Extensions.BlameDataCollector.dll
C:\Program Files\dotnet\sdk\8.0.100\Extensions\Microsoft.TestPlatform.Extensions.EventLogCollector.dll
C:\Program Files\dotnet\sdk\8.0.100\Extensions\Microsoft.TestPlatform.TestHostRuntimeProvider.dll
C:\Program Files\dotnet\sdk\8.0.100\Extensions\Microsoft.VisualStudio.TestPlatform.Extensions.Html.TestLogger.dll
C:\Program Files\dotnet\sdk\8.0.100\Extensions\Microsoft.VisualStudio.TestPlatform.Extensions.Trx.TestLogger.dll
TpTrace Information: 0 : 21524, 1, 2024/03/04, 08:57:42.336, 4738165079491, vstest.console.dll, AssemblyResolver.AddSearchDirectories: Adding more searchDirectories C:\Program Files\dotnet\sdk\8.0.100\Extensions,C:\Program Files\dotnet\sdk\8.0.100
TpTrace Information: 0 : 21524, 1, 2024/03/04, 08:57:42.336, 4738165080133, vstest.console.dll, AssemblyResolver.AddSearchDirectories: Adding more searchDirectories C:\Program Files\dotnet\sdk\8.0.100\Extensions,C:\Program Files\dotnet\sdk\8.0.100
TpTrace Information: 0 : 21524, 1, 2024/03/04, 08:57:42.336, 4738165080474, vstest.console.dll, AssemblyResolver.AddSearchDirectories: Adding more searchDirectories C:\Program Files\dotnet\sdk\8.0.100\Extensions,C:\Program Files\dotnet\sdk\8.0.100
TpTrace Information: 0 : 21524, 1, 2024/03/04, 08:57:42.336, 4738165080814, vstest.console.dll, AssemblyResolver.AddSearchDirectories: Adding more searchDirectories C:\Program Files\dotnet\sdk\8.0.100\Extensions,C:\Program Files\dotnet\sdk\8.0.100
TpTrace Information: 0 : 21524, 1, 2024/03/04, 08:57:42.336, 4738165081108, vstest.console.dll, AssemblyResolver.AddSearchDirectories: Adding more searchDirectories C:\Program Files\dotnet\sdk\8.0.100\Extensions,C:\Program Files\dotnet\sdk\8.0.100
TpTrace Information: 0 : 21524, 1, 2024/03/04, 08:57:42.336, 4738165081393, vstest.console.dll, AssemblyResolver.AddSearchDirectories: Adding more searchDirectories C:\Program Files\dotnet\sdk\8.0.100\Extensions,C:\Program Files\dotnet\sdk\8.0.100
TpTrace Information: 0 : 21524, 1, 2024/03/04, 08:57:42.337, 4738165085517, vstest.console.dll, AssemblyResolver.OnResolve: Microsoft.Diagnostics.NETCore.Client: Resolving assembly.
TpTrace Information: 0 : 21524, 1, 2024/03/04, 08:57:42.337, 4738165086547, vstest.console.dll, AssemblyResolver.OnResolve: Microsoft.Diagnostics.NETCore.Client: Searching in: 'C:\Program Files\dotnet\sdk\8.0.100\Extensions'.
TpTrace Information: 0 : 21524, 1, 2024/03/04, 08:57:42.346, 4738165180525, vstest.console.dll, AssemblyResolver.OnResolve: Microsoft.Diagnostics.NETCore.Client: Loading assembly 'C:\Program Files\dotnet\sdk\8.0.100\Extensions\Microsoft.Diagnostics.NETCore.Client.dll'.
TpTrace Information: 0 : 21524, 1, 2024/03/04, 08:57:42.347, 4738165189913, vstest.console.dll, AssemblyResolver.OnResolve: Resolved assembly: Microsoft.Diagnostics.NETCore.Client, from path: C:\Program Files\dotnet\sdk\8.0.100\Extensions\Microsoft.Diagnostics.NETCore.Client.dll
TpTrace Verbose: 0 : 21524, 1, 2024/03/04, 08:57:42.353, 4738165245001, vstest.console.dll, MetadataReaderExtensionsHelper: Discovering extensions inside assembly 'Microsoft.Diagnostics.NETCore.Client, Version=0.2.8.21101, Culture=neutral, PublicKeyToken=31bf3856ad364e35' file path 'C:\Program Files\dotnet\sdk\8.0.100\Extensions\Microsoft.Diagnostics.NETCore.Client.dll'
TpTrace Information: 0 : 21524, 1, 2024/03/04, 08:57:42.359, 4738165301864, vstest.console.dll, AssemblyResolver.OnResolve: Microsoft.Bcl.AsyncInterfaces: Resolving assembly.
TpTrace Information: 0 : 21524, 1, 2024/03/04, 08:57:42.359, 4738165303241, vstest.console.dll, AssemblyResolver.OnResolve: Microsoft.Bcl.AsyncInterfaces: Searching in: 'C:\Program Files\dotnet\sdk\8.0.100\Extensions'.
TpTrace Information: 0 : 21524, 1, 2024/03/04, 08:57:42.359, 4738165304523, vstest.console.dll, AssemblyResolver.OnResolve: Microsoft.Bcl.AsyncInterfaces: Assembly path does not exist: 'C:\Program Files\dotnet\sdk\8.0.100\Extensions\Microsoft.Bcl.AsyncInterfaces.dll', returning.
TpTrace Information: 0 : 21524, 1, 2024/03/04, 08:57:42.359, 4738165305849, vstest.console.dll, AssemblyResolver.OnResolve: Microsoft.Bcl.AsyncInterfaces: Assembly path does not exist: 'C:\Program Files\dotnet\sdk\8.0.100\Extensions\Microsoft.Bcl.AsyncInterfaces.exe', returning.
TpTrace Information: 0 : 21524, 1, 2024/03/04, 08:57:42.359, 4738165306224, vstest.console.dll, AssemblyResolver.OnResolve: Microsoft.Bcl.AsyncInterfaces: Searching in: 'C:\Program Files\dotnet\sdk\8.0.100'.
TpTrace Information: 0 : 21524, 1, 2024/03/04, 08:57:42.359, 4738165306931, vstest.console.dll, AssemblyResolver.OnResolve: Microsoft.Bcl.AsyncInterfaces: Assembly path does not exist: 'C:\Program Files\dotnet\sdk\8.0.100\Microsoft.Bcl.AsyncInterfaces.dll', returning.
TpTrace Information: 0 : 21524, 1, 2024/03/04, 08:57:42.359, 4738165307665, vstest.console.dll, AssemblyResolver.OnResolve: Microsoft.Bcl.AsyncInterfaces: Assembly path does not exist: 'C:\Program Files\dotnet\sdk\8.0.100\Microsoft.Bcl.AsyncInterfaces.exe', returning.
TpTrace Information: 0 : 21524, 1, 2024/03/04, 08:57:42.359, 4738165307984, vstest.console.dll, AssemblyResolver.OnResolve: Microsoft.Bcl.AsyncInterfaces: Failed to load assembly.
TpTrace Verbose: 0 : 21524, 1, 2024/03/04, 08:57:42.359, 4738165308370, vstest.console.dll, CurrentDomainAssemblyResolve: Resolving assembly 'Microsoft.Bcl.AsyncInterfaces'.
TpTrace Information: 0 : 21524, 1, 2024/03/04, 08:57:42.359, 4738165309056, vstest.console.dll, AssemblyResolver.OnResolve: Microsoft.Bcl.AsyncInterfaces: Resolving assembly.
TpTrace Information: 0 : 21524, 1, 2024/03/04, 08:57:42.359, 4738165309483, vstest.console.dll, AssemblyResolver.OnResolve: Microsoft.Bcl.AsyncInterfaces: Resolved from cache.
TpTrace Verbose: 0 : 21524, 1, 2024/03/04, 08:57:42.359, 4738165309770, vstest.console.dll, CurrentDomainAssemblyResolve: Resolving assembly 'Microsoft.Bcl.AsyncInterfaces'.
TpTrace Verbose: 0 : 21524, 1, 2024/03/04, 08:57:42.359, 4738165310177, vstest.console.dll, CurrentDomainAssemblyResolve: Failed to resolve assembly 'Microsoft.Bcl.AsyncInterfaces'.
TpTrace Verbose: 0 : 21524, 1, 2024/03/04, 08:57:42.360, 4738165320707, vstest.console.dll, CurrentDomainAssemblyResolve: Failed to resolve assembly 'Microsoft.Bcl.AsyncInterfaces'.
TpTrace Warning: 0 : 21524, 1, 2024/03/04, 08:57:42.373, 4738165448607, vstest.console.dll, TestPluginDiscoverer: Failed to get types from assembly 'Microsoft.Diagnostics.NETCore.Client, Version=0.2.8.21101, Culture=neutral, PublicKeyToken=31bf3856ad364e35'. Error: System.Reflection.ReflectionTypeLoadException: Unable to load one or more of the requested types.
Could not load file or assembly 'Microsoft.Bcl.AsyncInterfaces, Version=1.0.0.0, Culture=neutral, PublicKeyToken=cc7b13ffcd2ddd51'. Не удается найти указанный файл.
   at System.Reflection.RuntimeModule.GetTypes(RuntimeModule module)
   at System.Reflection.RuntimeModule.GetTypes()
   at Microsoft.VisualStudio.TestPlatform.Common.ExtensionFramework.TestPluginDiscoverer.GetTestExtensionsFromAssembly[TPluginInfo,TExtension](Assembly assembly, Dictionary`2 pluginInfos, String filePath) in /_/src/Microsoft.TestPlatform.Common/ExtensionFramework/TestPluginDiscoverer.cs:line 158
System.IO.FileNotFoundException: Could not load file or assembly 'Microsoft.Bcl.AsyncInterfaces, Version=1.0.0.0, Culture=neutral, PublicKeyToken=cc7b13ffcd2ddd51'. Не удается найти указанный файл.
File name: 'Microsoft.Bcl.AsyncInterfaces, Version=1.0.0.0, Culture=neutral, PublicKeyToken=cc7b13ffcd2ddd51'
 ---> System.IO.FileNotFoundException: Could not load file or assembly 'Microsoft.Bcl.AsyncInterfaces, Culture=neutral, PublicKeyToken=null'. Не удается найти указанный файл.
File name: 'Microsoft.Bcl.AsyncInterfaces, Culture=neutral, PublicKeyToken=null'
   at System.Reflection.RuntimeAssembly.InternalLoad(AssemblyName assemblyName, StackCrawlMark& stackMark, AssemblyLoadContext assemblyLoadContext, RuntimeAssembly requestingAssembly, Boolean throwOnFileNotFound)
   at System.Reflection.Assembly.Load(AssemblyName assemblyRef)
   at Microsoft.VisualStudio.TestPlatform.Common.ExtensionFramework.TestPluginCache.CurrentDomainAssemblyResolve(Object sender, AssemblyResolveEventArgs args) in /_/src/Microsoft.TestPlatform.Common/ExtensionFramework/TestPluginCache.cs:line 513
   at System.Runtime.Loader.AssemblyLoadContext.GetFirstResolvedAssemblyFromResolvingEvent(AssemblyName assemblyName)
   at System.Runtime.Loader.AssemblyLoadContext.ResolveUsingEvent(AssemblyName assemblyName)
   at System.Runtime.Loader.AssemblyLoadContext.ResolveUsingResolvingEvent(IntPtr gchManagedAssemblyLoadContext, AssemblyName assemblyName)
TpTrace Warning: 0 : 21524, 1, 2024/03/04, 08:57:42.374, 4738165452796, vstest.console.dll, LoaderExceptions: System.IO.FileNotFoundException: Could not load file or assembly 'Microsoft.Bcl.AsyncInterfaces, Version=1.0.0.0, Culture=neutral, PublicKeyToken=cc7b13ffcd2ddd51'. Не удается найти указанный файл.
File name: 'Microsoft.Bcl.AsyncInterfaces, Version=1.0.0.0, Culture=neutral, PublicKeyToken=cc7b13ffcd2ddd51'
 ---> System.IO.FileNotFoundException: Could not load file or assembly 'Microsoft.Bcl.AsyncInterfaces, Culture=neutral, PublicKeyToken=null'. Не удается найти указанный файл.
File name: 'Microsoft.Bcl.AsyncInterfaces, Culture=neutral, PublicKeyToken=null'
   at System.Reflection.RuntimeAssembly.InternalLoad(AssemblyName assemblyName, StackCrawlMark& stackMark, AssemblyLoadContext assemblyLoadContext, RuntimeAssembly requestingAssembly, Boolean throwOnFileNotFound)
   at System.Reflection.Assembly.Load(AssemblyName assemblyRef)
   at Microsoft.VisualStudio.TestPlatform.Common.ExtensionFramework.TestPluginCache.CurrentDomainAssemblyResolve(Object sender, AssemblyResolveEventArgs args) in /_/src/Microsoft.TestPlatform.Common/ExtensionFramework/TestPluginCache.cs:line 513
   at System.Runtime.Loader.AssemblyLoadContext.GetFirstResolvedAssemblyFromResolvingEvent(AssemblyName assemblyName)
   at System.Runtime.Loader.AssemblyLoadContext.ResolveUsingEvent(AssemblyName assemblyName)
   at System.Runtime.Loader.AssemblyLoadContext.ResolveUsingResolvingEvent(IntPtr gchManagedAssemblyLoadContext, AssemblyName assemblyName)
TpTrace Information: 0 : 21524, 1, 2024/03/04, 08:57:42.374, 4738165454614, vstest.console.dll, AssemblyResolver.OnResolve: Microsoft.TestPlatform.Extensions.BlameDataCollector: Resolving assembly.
TpTrace Information: 0 : 21524, 1, 2024/03/04, 08:57:42.374, 4738165455279, vstest.console.dll, AssemblyResolver.OnResolve: Microsoft.TestPlatform.Extensions.BlameDataCollector: Searching in: 'C:\Program Files\dotnet\sdk\8.0.100\Extensions'.
TpTrace Information: 0 : 21524, 1, 2024/03/04, 08:57:42.375, 4738165462931, vstest.console.dll, AssemblyResolver.OnResolve: Microsoft.TestPlatform.Extensions.BlameDataCollector: Loading assembly 'C:\Program Files\dotnet\sdk\8.0.100\Extensions\Microsoft.TestPlatform.Extensions.BlameDataCollector.dll'.
TpTrace Information: 0 : 21524, 1, 2024/03/04, 08:57:42.375, 4738165470850, vstest.console.dll, AssemblyResolver.OnResolve: Resolved assembly: Microsoft.TestPlatform.Extensions.BlameDataCollector, from path: C:\Program Files\dotnet\sdk\8.0.100\Extensions\Microsoft.TestPlatform.Extensions.BlameDataCollector.dll
TpTrace Verbose: 0 : 21524, 1, 2024/03/04, 08:57:42.376, 4738165472169, vstest.console.dll, MetadataReaderExtensionsHelper: Discovering extensions inside assembly 'Microsoft.TestPlatform.Extensions.BlameDataCollector, Version=15.0.0.0, Culture=neutral, PublicKeyToken=b03f5f7f11d50a3a' file path 'C:\Program Files\dotnet\sdk\8.0.100\Extensions\Microsoft.TestPlatform.Extensions.BlameDataCollector.dll'
TpTrace Information: 0 : 21524, 1, 2024/03/04, 08:57:42.377, 4738165491185, vstest.console.dll, AssemblyResolver.OnResolve: Microsoft.TestPlatform.Extensions.EventLogCollector: Resolving assembly.
TpTrace Information: 0 : 21524, 1, 2024/03/04, 08:57:42.378, 4738165493221, vstest.console.dll, AssemblyResolver.OnResolve: Microsoft.TestPlatform.Extensions.EventLogCollector: Searching in: 'C:\Program Files\dotnet\sdk\8.0.100\Extensions'.
TpTrace Information: 0 : 21524, 1, 2024/03/04, 08:57:42.378, 4738165499835, vstest.console.dll, AssemblyResolver.OnResolve: Microsoft.TestPlatform.Extensions.EventLogCollector: Loading assembly 'C:\Program Files\dotnet\sdk\8.0.100\Extensions\Microsoft.TestPlatform.Extensions.EventLogCollector.dll'.
TpTrace Information: 0 : 21524, 1, 2024/03/04, 08:57:42.379, 4738165506439, vstest.console.dll, AssemblyResolver.OnResolve: Resolved assembly: Microsoft.TestPlatform.Extensions.EventLogCollector, from path: C:\Program Files\dotnet\sdk\8.0.100\Extensions\Microsoft.TestPlatform.Extensions.EventLogCollector.dll
TpTrace Verbose: 0 : 21524, 1, 2024/03/04, 08:57:42.379, 4738165507559, vstest.console.dll, MetadataReaderExtensionsHelper: Discovering extensions inside assembly 'Microsoft.TestPlatform.Extensions.EventLogCollector, Version=15.0.0.0, Culture=neutral, PublicKeyToken=b03f5f7f11d50a3a' file path 'C:\Program Files\dotnet\sdk\8.0.100\Extensions\Microsoft.TestPlatform.Extensions.EventLogCollector.dll'
TpTrace Information: 0 : 21524, 1, 2024/03/04, 08:57:42.382, 4738165540880, vstest.console.dll, AssemblyResolver.OnResolve: Microsoft.TestPlatform.TestHostRuntimeProvider: Resolving assembly.
TpTrace Information: 0 : 21524, 1, 2024/03/04, 08:57:42.383, 4738165542124, vstest.console.dll, AssemblyResolver.OnResolve: Microsoft.TestPlatform.TestHostRuntimeProvider: Searching in: 'C:\Program Files\dotnet\sdk\8.0.100\Extensions'.
TpTrace Information: 0 : 21524, 1, 2024/03/04, 08:57:42.383, 4738165548629, vstest.console.dll, AssemblyResolver.OnResolve: Microsoft.TestPlatform.TestHostRuntimeProvider: Loading assembly 'C:\Program Files\dotnet\sdk\8.0.100\Extensions\Microsoft.TestPlatform.TestHostRuntimeProvider.dll'.
TpTrace Information: 0 : 21524, 1, 2024/03/04, 08:57:42.384, 4738165555708, vstest.console.dll, AssemblyResolver.OnResolve: Resolved assembly: Microsoft.TestPlatform.TestHostRuntimeProvider, from path: C:\Program Files\dotnet\sdk\8.0.100\Extensions\Microsoft.TestPlatform.TestHostRuntimeProvider.dll
TpTrace Verbose: 0 : 21524, 1, 2024/03/04, 08:57:42.384, 4738165556844, vstest.console.dll, MetadataReaderExtensionsHelper: Discovering extensions inside assembly 'Microsoft.TestPlatform.TestHostRuntimeProvider, Version=15.0.0.0, Culture=neutral, PublicKeyToken=b03f5f7f11d50a3a' file path 'C:\Program Files\dotnet\sdk\8.0.100\Extensions\Microsoft.TestPlatform.TestHostRuntimeProvider.dll'
TpTrace Information: 0 : 21524, 1, 2024/03/04, 08:57:42.386, 4738165578410, vstest.console.dll, GetTestExtensionFromType: Register extension with identifier data 'HostProvider://DefaultTestHost' and type 'Microsoft.VisualStudio.TestPlatform.CrossPlatEngine.Hosting.DefaultTestHostManager, Microsoft.TestPlatform.TestHostRuntimeProvider, Version=15.0.0.0, Culture=neutral, PublicKeyToken=b03f5f7f11d50a3a' inside file 'C:\Program Files\dotnet\sdk\8.0.100\Extensions\Microsoft.TestPlatform.TestHostRuntimeProvider.dll'
TpTrace Information: 0 : 21524, 1, 2024/03/04, 08:57:42.387, 4738165582265, vstest.console.dll, GetTestExtensionFromType: Register extension with identifier data 'HostProvider://DotnetTestHost' and type 'Microsoft.VisualStudio.TestPlatform.CrossPlatEngine.Hosting.DotnetTestHostManager, Microsoft.TestPlatform.TestHostRuntimeProvider, Version=15.0.0.0, Culture=neutral, PublicKeyToken=b03f5f7f11d50a3a' inside file 'C:\Program Files\dotnet\sdk\8.0.100\Extensions\Microsoft.TestPlatform.TestHostRuntimeProvider.dll'
TpTrace Information: 0 : 21524, 1, 2024/03/04, 08:57:42.387, 4738165583435, vstest.console.dll, AssemblyResolver.OnResolve: Microsoft.VisualStudio.TestPlatform.Extensions.Html.TestLogger: Resolving assembly.
TpTrace Information: 0 : 21524, 1, 2024/03/04, 08:57:42.387, 4738165583977, vstest.console.dll, AssemblyResolver.OnResolve: Microsoft.VisualStudio.TestPlatform.Extensions.Html.TestLogger: Searching in: 'C:\Program Files\dotnet\sdk\8.0.100\Extensions'.
TpTrace Information: 0 : 21524, 1, 2024/03/04, 08:57:42.388, 4738165591888, vstest.console.dll, AssemblyResolver.OnResolve: Microsoft.VisualStudio.TestPlatform.Extensions.Html.TestLogger: Loading assembly 'C:\Program Files\dotnet\sdk\8.0.100\Extensions\Microsoft.VisualStudio.TestPlatform.Extensions.Html.TestLogger.dll'.
TpTrace Information: 0 : 21524, 1, 2024/03/04, 08:57:42.388, 4738165599248, vstest.console.dll, AssemblyResolver.OnResolve: Resolved assembly: Microsoft.VisualStudio.TestPlatform.Extensions.Html.TestLogger, from path: C:\Program Files\dotnet\sdk\8.0.100\Extensions\Microsoft.VisualStudio.TestPlatform.Extensions.Html.TestLogger.dll
TpTrace Verbose: 0 : 21524, 1, 2024/03/04, 08:57:42.388, 4738165600354, vstest.console.dll, MetadataReaderExtensionsHelper: Discovering extensions inside assembly 'Microsoft.VisualStudio.TestPlatform.Extensions.Html.TestLogger, Version=15.0.0.0, Culture=neutral, PublicKeyToken=b03f5f7f11d50a3a' file path 'C:\Program Files\dotnet\sdk\8.0.100\Extensions\Microsoft.VisualStudio.TestPlatform.Extensions.Html.TestLogger.dll'
TpTrace Information: 0 : 21524, 1, 2024/03/04, 08:57:42.390, 4738165613201, vstest.console.dll, AssemblyResolver.OnResolve: Microsoft.VisualStudio.TestPlatform.Extensions.Trx.TestLogger: Resolving assembly.
TpTrace Information: 0 : 21524, 1, 2024/03/04, 08:57:42.390, 4738165614493, vstest.console.dll, AssemblyResolver.OnResolve: Microsoft.VisualStudio.TestPlatform.Extensions.Trx.TestLogger: Searching in: 'C:\Program Files\dotnet\sdk\8.0.100\Extensions'.
TpTrace Information: 0 : 21524, 1, 2024/03/04, 08:57:42.391, 4738165621668, vstest.console.dll, AssemblyResolver.OnResolve: Microsoft.VisualStudio.TestPlatform.Extensions.Trx.TestLogger: Loading assembly 'C:\Program Files\dotnet\sdk\8.0.100\Extensions\Microsoft.VisualStudio.TestPlatform.Extensions.Trx.TestLogger.dll'.
TpTrace Information: 0 : 21524, 1, 2024/03/04, 08:57:42.391, 4738165629336, vstest.console.dll, AssemblyResolver.OnResolve: Resolved assembly: Microsoft.VisualStudio.TestPlatform.Extensions.Trx.TestLogger, from path: C:\Program Files\dotnet\sdk\8.0.100\Extensions\Microsoft.VisualStudio.TestPlatform.Extensions.Trx.TestLogger.dll
TpTrace Verbose: 0 : 21524, 1, 2024/03/04, 08:57:42.391, 4738165630476, vstest.console.dll, MetadataReaderExtensionsHelper: Discovering extensions inside assembly 'Microsoft.VisualStudio.TestPlatform.Extensions.Trx.TestLogger, Version=15.0.0.0, Culture=neutral, PublicKeyToken=b03f5f7f11d50a3a' file path 'C:\Program Files\dotnet\sdk\8.0.100\Extensions\Microsoft.VisualStudio.TestPlatform.Extensions.Trx.TestLogger.dll'
TpTrace Verbose: 0 : 21524, 1, 2024/03/04, 08:57:42.393, 4738165646070, vstest.console.dll, TestPluginCache: Discovered the extensions using extension path ''.
TpTrace Verbose: 0 : 21524, 1, 2024/03/04, 08:57:42.393, 4738165647258, vstest.console.dll, TestPluginCache: Discoverers are ''.
TpTrace Verbose: 0 : 21524, 1, 2024/03/04, 08:57:42.393, 4738165647556, vstest.console.dll, TestPluginCache: Executors are ''.
TpTrace Verbose: 0 : 21524, 1, 2024/03/04, 08:57:42.393, 4738165647817, vstest.console.dll, TestPluginCache: Executors2 are ''.
TpTrace Verbose: 0 : 21524, 1, 2024/03/04, 08:57:42.393, 4738165648085, vstest.console.dll, TestPluginCache: Setting providers are ''.
TpTrace Verbose: 0 : 21524, 1, 2024/03/04, 08:57:42.393, 4738165648336, vstest.console.dll, TestPluginCache: Loggers are ''.
TpTrace Verbose: 0 : 21524, 1, 2024/03/04, 08:57:42.393, 4738165650474, vstest.console.dll, TestPluginCache: TestHosts are 'HostProvider://DefaultTestHost,HostProvider://DotnetTestHost'.
TpTrace Verbose: 0 : 21524, 1, 2024/03/04, 08:57:42.393, 4738165650900, vstest.console.dll, TestPluginCache: DataCollectors are ''.
TpTrace Information: 0 : 21524, 1, 2024/03/04, 08:57:42.410, 4738165815115, vstest.console.dll, RunTestsArgumentProcessor:Execute: Test run is starting.
TpTrace Verbose: 0 : 21524, 1, 2024/03/04, 08:57:42.410, 4738165816247, vstest.console.dll, RunTestsArgumentProcessor:Execute: Queuing Test run.
TpTrace Information: 0 : 21524, 1, 2024/03/04, 08:57:42.410, 4738165819585, vstest.console.dll, TestRequestManager.RunTests: run tests started.
TpTrace Information: 0 : 21524, 1, 2024/03/04, 08:57:42.412, 4738165834949, vstest.console.dll, AssemblyMetadataProvider.GetFrameworkName: Determined framework:'.NETCoreApp,Version=v7.0' for source: 'C:\Users\ivank\source\repos\Refactor6\RefactorTests6\bin\Debug\net7.0\fine-code-coverage\build-output\RefactorTests6.dll'
TpTrace Information: 0 : 21524, 1, 2024/03/04, 08:57:42.412, 4738165836992, vstest.console.dll, Determined framework for all sources: .NETCoreApp,Version=v7.0
TpTrace Verbose: 0 : 21524, 1, 2024/03/04, 08:57:42.412, 4738165840798, vstest.console.dll, TestRequestManager.UpdateRunSettingsIfRequired: Default architecture: X64 IsDefaultTargetArchitecture: True, Current process architecture: X64 OperatingSystem: Windows.
TpTrace Information: 0 : 21524, 1, 2024/03/04, 08:57:42.414, 4738165859959, vstest.console.dll, AssemblyMetadataProvider.GetArchitecture: Determined architecture:AnyCPU info for assembly: C:\Users\ivank\source\repos\Refactor6\RefactorTests6\bin\Debug\net7.0\fine-code-coverage\build-output\RefactorTests6.dll
TpTrace Information: 0 : 21524, 1, 2024/03/04, 08:57:42.414, 4738165860891, vstest.console.dll, Determined platform for source 'C:\Users\ivank\source\repos\Refactor6\RefactorTests6\bin\Debug\net7.0\fine-code-coverage\build-output\RefactorTests6.dll' was AnyCPU and it will use the default plaform X64.
TpTrace Information: 0 : 21524, 1, 2024/03/04, 08:57:42.414, 4738165861194, vstest.console.dll, None of the sources provided any runnable platform, using the default platform: X64
TpTrace Information: 0 : 21524, 1, 2024/03/04, 08:57:42.415, 4738165862408, vstest.console.dll, Platform was updated to 'X64'.
TpTrace Information: 0 : 21524, 1, 2024/03/04, 08:57:42.418, 4738165900365, vstest.console.dll, InferRunSettingsHelper.IsTestSettingsEnabled: Unable to navigate to RunSettings/MSTest. Current node: RunSettings
TpTrace Information: 0 : 21524, 1, 2024/03/04, 08:57:42.419, 4738165908225, vstest.console.dll, AssemblyResolver.OnResolve: Microsoft.VisualStudio.TestPlatform.Fakes: Resolving assembly.
TpTrace Information: 0 : 21524, 1, 2024/03/04, 08:57:42.419, 4738165909418, vstest.console.dll, AssemblyResolver.OnResolve: Microsoft.VisualStudio.TestPlatform.Fakes: Searching in: 'C:\Program Files\dotnet\sdk\8.0.100\Extensions'.
TpTrace Information: 0 : 21524, 1, 2024/03/04, 08:57:42.419, 4738165910769, vstest.console.dll, AssemblyResolver.OnResolve: Microsoft.VisualStudio.TestPlatform.Fakes: Assembly path does not exist: 'C:\Program Files\dotnet\sdk\8.0.100\Extensions\Microsoft.VisualStudio.TestPlatform.Fakes.dll', returning.
TpTrace Information: 0 : 21524, 1, 2024/03/04, 08:57:42.419, 4738165911498, vstest.console.dll, AssemblyResolver.OnResolve: Microsoft.VisualStudio.TestPlatform.Fakes: Assembly path does not exist: 'C:\Program Files\dotnet\sdk\8.0.100\Extensions\Microsoft.VisualStudio.TestPlatform.Fakes.exe', returning.
TpTrace Information: 0 : 21524, 1, 2024/03/04, 08:57:42.420, 4738165911828, vstest.console.dll, AssemblyResolver.OnResolve: Microsoft.VisualStudio.TestPlatform.Fakes: Searching in: 'C:\Program Files\dotnet\sdk\8.0.100'.
TpTrace Information: 0 : 21524, 1, 2024/03/04, 08:57:42.420, 4738165912690, vstest.console.dll, AssemblyResolver.OnResolve: Microsoft.VisualStudio.TestPlatform.Fakes: Assembly path does not exist: 'C:\Program Files\dotnet\sdk\8.0.100\Microsoft.VisualStudio.TestPlatform.Fakes.dll', returning.
TpTrace Information: 0 : 21524, 1, 2024/03/04, 08:57:42.420, 4738165913423, vstest.console.dll, AssemblyResolver.OnResolve: Microsoft.VisualStudio.TestPlatform.Fakes: Assembly path does not exist: 'C:\Program Files\dotnet\sdk\8.0.100\Microsoft.VisualStudio.TestPlatform.Fakes.exe', returning.
TpTrace Information: 0 : 21524, 1, 2024/03/04, 08:57:42.420, 4738165913733, vstest.console.dll, AssemblyResolver.OnResolve: Microsoft.VisualStudio.TestPlatform.Fakes: Failed to load assembly.
TpTrace Information: 0 : 21524, 1, 2024/03/04, 08:57:42.420, 4738165916873, vstest.console.dll, Failed to load assembly Microsoft.VisualStudio.TestPlatform.Fakes, Version=17.0.0.0, Culture=neutral. Reason:System.IO.FileNotFoundException: Could not load file or assembly 'Microsoft.VisualStudio.TestPlatform.Fakes, Version=17.0.0.0, Culture=neutral, PublicKeyToken=null'. Не удается найти указанный файл.
File name: 'Microsoft.VisualStudio.TestPlatform.Fakes, Version=17.0.0.0, Culture=neutral, PublicKeyToken=null'
   at System.Reflection.RuntimeAssembly.InternalLoad(AssemblyName assemblyName, StackCrawlMark& stackMark, AssemblyLoadContext assemblyLoadContext, RuntimeAssembly requestingAssembly, Boolean throwOnFileNotFound)
   at System.Reflection.Assembly.Load(AssemblyName assemblyRef)
   at Microsoft.VisualStudio.TestPlatform.Common.Utilities.FakesUtilities.LoadTestPlatformAssembly() in /_/src/Microsoft.TestPlatform.Common/Utilities/FakesUtilities.cs:line 272
TpTrace Verbose: 0 : 21524, 1, 2024/03/04, 08:57:42.424, 4738165952649, vstest.console.dll, TestPluginCache.DiscoverTestExtensions: finding test extensions in assemblies ends with: TestLogger.dll TPluginInfo: Microsoft.VisualStudio.TestPlatform.Common.ExtensionFramework.Utilities.TestLoggerPluginInformation TExtension: Microsoft.VisualStudio.TestPlatform.ObjectModel.Client.ITestLogger
TpTrace Verbose: 0 : 21524, 1, 2024/03/04, 08:57:42.424, 4738165953966, vstest.console.dll, TestPluginCache.GetExtensionPaths: Filtered extension paths: 
TpTrace Verbose: 0 : 21524, 1, 2024/03/04, 08:57:42.424, 4738165954354, vstest.console.dll, TestPluginCache.GetExtensionPaths: Added default extension paths: C:\Program Files\dotnet\sdk\8.0.100\Extensions\Microsoft.Diagnostics.NETCore.Client.dll
C:\Program Files\dotnet\sdk\8.0.100\Extensions\Microsoft.TestPlatform.Extensions.BlameDataCollector.dll
C:\Program Files\dotnet\sdk\8.0.100\Extensions\Microsoft.TestPlatform.Extensions.EventLogCollector.dll
C:\Program Files\dotnet\sdk\8.0.100\Extensions\Microsoft.TestPlatform.TestHostRuntimeProvider.dll
C:\Program Files\dotnet\sdk\8.0.100\Extensions\Microsoft.VisualStudio.TestPlatform.Extensions.Html.TestLogger.dll
C:\Program Files\dotnet\sdk\8.0.100\Extensions\Microsoft.VisualStudio.TestPlatform.Extensions.Trx.TestLogger.dll
TpTrace Verbose: 0 : 21524, 1, 2024/03/04, 08:57:42.424, 4738165954656, vstest.console.dll, TestPluginCache.GetExtensionPaths: Added unfilterableExtensionPaths: 
TpTrace Information: 0 : 21524, 1, 2024/03/04, 08:57:42.424, 4738165956603, vstest.console.dll, AssemblyResolver.AddSearchDirectories: Adding more searchDirectories C:\Program Files\dotnet\sdk\8.0.100\Extensions,C:\Program Files\dotnet\sdk\8.0.100
TpTrace Verbose: 0 : 21524, 1, 2024/03/04, 08:57:42.424, 4738165957070, vstest.console.dll, TestPluginCache.DiscoverTestExtensions: Discovering the extensions using extension path.
TpTrace Verbose: 0 : 21524, 1, 2024/03/04, 08:57:42.424, 4738165957417, vstest.console.dll, TestPluginCache.GetExtensionPaths: Filtered extension paths: 
TpTrace Verbose: 0 : 21524, 1, 2024/03/04, 08:57:42.424, 4738165957740, vstest.console.dll, TestPluginCache.GetExtensionPaths: Added default extension paths: C:\Program Files\dotnet\sdk\8.0.100\Extensions\Microsoft.Diagnostics.NETCore.Client.dll
C:\Program Files\dotnet\sdk\8.0.100\Extensions\Microsoft.TestPlatform.Extensions.BlameDataCollector.dll
C:\Program Files\dotnet\sdk\8.0.100\Extensions\Microsoft.TestPlatform.Extensions.EventLogCollector.dll
C:\Program Files\dotnet\sdk\8.0.100\Extensions\Microsoft.TestPlatform.TestHostRuntimeProvider.dll
C:\Program Files\dotnet\sdk\8.0.100\Extensions\Microsoft.VisualStudio.TestPlatform.Extensions.Html.TestLogger.dll
C:\Program Files\dotnet\sdk\8.0.100\Extensions\Microsoft.VisualStudio.TestPlatform.Extensions.Trx.TestLogger.dll
TpTrace Verbose: 0 : 21524, 1, 2024/03/04, 08:57:42.424, 4738165958036, vstest.console.dll, TestPluginCache.GetExtensionPaths: Added unfilterableExtensionPaths: 
TpTrace Verbose: 0 : 21524, 1, 2024/03/04, 08:57:42.424, 4738165958410, vstest.console.dll, TestPluginCache.DiscoverTestExtensions: Discovering the extensions using allExtensionPaths: C:\Program Files\dotnet\sdk\8.0.100\Extensions\Microsoft.Diagnostics.NETCore.Client.dll
C:\Program Files\dotnet\sdk\8.0.100\Extensions\Microsoft.TestPlatform.Extensions.BlameDataCollector.dll
C:\Program Files\dotnet\sdk\8.0.100\Extensions\Microsoft.TestPlatform.Extensions.EventLogCollector.dll
C:\Program Files\dotnet\sdk\8.0.100\Extensions\Microsoft.TestPlatform.TestHostRuntimeProvider.dll
C:\Program Files\dotnet\sdk\8.0.100\Extensions\Microsoft.VisualStudio.TestPlatform.Extensions.Html.TestLogger.dll
C:\Program Files\dotnet\sdk\8.0.100\Extensions\Microsoft.VisualStudio.TestPlatform.Extensions.Trx.TestLogger.dll
TpTrace Information: 0 : 21524, 1, 2024/03/04, 08:57:42.424, 4738165958925, vstest.console.dll, AssemblyResolver.AddSearchDirectories: Adding more searchDirectories C:\Program Files\dotnet\sdk\8.0.100\Extensions,C:\Program Files\dotnet\sdk\8.0.100
TpTrace Information: 0 : 21524, 1, 2024/03/04, 08:57:42.424, 4738165959355, vstest.console.dll, AssemblyResolver.AddSearchDirectories: Adding more searchDirectories C:\Program Files\dotnet\sdk\8.0.100\Extensions,C:\Program Files\dotnet\sdk\8.0.100
TpTrace Information: 0 : 21524, 1, 2024/03/04, 08:57:42.424, 4738165959667, vstest.console.dll, AssemblyResolver.AddSearchDirectories: Adding more searchDirectories C:\Program Files\dotnet\sdk\8.0.100\Extensions,C:\Program Files\dotnet\sdk\8.0.100
TpTrace Information: 0 : 21524, 1, 2024/03/04, 08:57:42.424, 4738165959955, vstest.console.dll, AssemblyResolver.AddSearchDirectories: Adding more searchDirectories C:\Program Files\dotnet\sdk\8.0.100\Extensions,C:\Program Files\dotnet\sdk\8.0.100
TpTrace Information: 0 : 21524, 1, 2024/03/04, 08:57:42.424, 4738165960243, vstest.console.dll, AssemblyResolver.AddSearchDirectories: Adding more searchDirectories C:\Program Files\dotnet\sdk\8.0.100\Extensions,C:\Program Files\dotnet\sdk\8.0.100
TpTrace Information: 0 : 21524, 1, 2024/03/04, 08:57:42.424, 4738165960576, vstest.console.dll, AssemblyResolver.AddSearchDirectories: Adding more searchDirectories C:\Program Files\dotnet\sdk\8.0.100\Extensions,C:\Program Files\dotnet\sdk\8.0.100
TpTrace Verbose: 0 : 21524, 1, 2024/03/04, 08:57:42.425, 4738165961787, vstest.console.dll, MetadataReaderExtensionsHelper: Discovering extensions inside assembly 'Microsoft.Diagnostics.NETCore.Client, Version=0.2.8.21101, Culture=neutral, PublicKeyToken=31bf3856ad364e35' file path 'C:\Program Files\dotnet\sdk\8.0.100\Extensions\Microsoft.Diagnostics.NETCore.Client.dll'
TpTrace Information: 0 : 21524, 1, 2024/03/04, 08:57:42.426, 4738165974150, vstest.console.dll, AssemblyResolver.OnResolve: Microsoft.Bcl.AsyncInterfaces: Resolving assembly.
TpTrace Information: 0 : 21524, 1, 2024/03/04, 08:57:42.426, 4738165975004, vstest.console.dll, AssemblyResolver.OnResolve: Microsoft.Bcl.AsyncInterfaces: Resolved from cache.
TpTrace Verbose: 0 : 21524, 1, 2024/03/04, 08:57:42.426, 4738165975318, vstest.console.dll, CurrentDomainAssemblyResolve: Resolving assembly 'Microsoft.Bcl.AsyncInterfaces'.
TpTrace Information: 0 : 21524, 1, 2024/03/04, 08:57:42.426, 4738165975824, vstest.console.dll, AssemblyResolver.OnResolve: Microsoft.Bcl.AsyncInterfaces: Resolving assembly.
TpTrace Information: 0 : 21524, 1, 2024/03/04, 08:57:42.426, 4738165976132, vstest.console.dll, AssemblyResolver.OnResolve: Microsoft.Bcl.AsyncInterfaces: Resolved from cache.
TpTrace Verbose: 0 : 21524, 1, 2024/03/04, 08:57:42.426, 4738165976442, vstest.console.dll, CurrentDomainAssemblyResolve: Resolving assembly 'Microsoft.Bcl.AsyncInterfaces'.
TpTrace Verbose: 0 : 21524, 1, 2024/03/04, 08:57:42.426, 4738165976703, vstest.console.dll, CurrentDomainAssemblyResolve: Failed to resolve assembly 'Microsoft.Bcl.AsyncInterfaces'.
TpTrace Verbose: 0 : 21524, 1, 2024/03/04, 08:57:42.426, 4738165978332, vstest.console.dll, CurrentDomainAssemblyResolve: Failed to resolve assembly 'Microsoft.Bcl.AsyncInterfaces'.
TpTrace Warning: 0 : 21524, 1, 2024/03/04, 08:57:42.427, 4738165982234, vstest.console.dll, TestPluginDiscoverer: Failed to get types from assembly 'Microsoft.Diagnostics.NETCore.Client, Version=0.2.8.21101, Culture=neutral, PublicKeyToken=31bf3856ad364e35'. Error: System.Reflection.ReflectionTypeLoadException: Unable to load one or more of the requested types.
Could not load file or assembly 'Microsoft.Bcl.AsyncInterfaces, Version=1.0.0.0, Culture=neutral, PublicKeyToken=cc7b13ffcd2ddd51'. Не удается найти указанный файл.
   at System.Reflection.RuntimeModule.GetTypes(RuntimeModule module)
   at System.Reflection.RuntimeModule.GetTypes()
   at Microsoft.VisualStudio.TestPlatform.Common.ExtensionFramework.TestPluginDiscoverer.GetTestExtensionsFromAssembly[TPluginInfo,TExtension](Assembly assembly, Dictionary`2 pluginInfos, String filePath) in /_/src/Microsoft.TestPlatform.Common/ExtensionFramework/TestPluginDiscoverer.cs:line 158
System.IO.FileNotFoundException: Could not load file or assembly 'Microsoft.Bcl.AsyncInterfaces, Version=1.0.0.0, Culture=neutral, PublicKeyToken=cc7b13ffcd2ddd51'. Не удается найти указанный файл.
File name: 'Microsoft.Bcl.AsyncInterfaces, Version=1.0.0.0, Culture=neutral, PublicKeyToken=cc7b13ffcd2ddd51'
 ---> System.IO.FileNotFoundException: Could not load file or assembly 'Microsoft.Bcl.AsyncInterfaces, Culture=neutral, PublicKeyToken=null'. Не удается найти указанный файл.
File name: 'Microsoft.Bcl.AsyncInterfaces, Culture=neutral, PublicKeyToken=null'
   at System.Reflection.RuntimeAssembly.InternalLoad(AssemblyName assemblyName, StackCrawlMark& stackMark, AssemblyLoadContext assemblyLoadContext, RuntimeAssembly requestingAssembly, Boolean throwOnFileNotFound)
   at System.Reflection.Assembly.Load(AssemblyName assemblyRef)
   at Microsoft.VisualStudio.TestPlatform.Common.ExtensionFramework.TestPluginCache.CurrentDomainAssemblyResolve(Object sender, AssemblyResolveEventArgs args) in /_/src/Microsoft.TestPlatform.Common/ExtensionFramework/TestPluginCache.cs:line 513
   at System.Runtime.Loader.AssemblyLoadContext.GetFirstResolvedAssemblyFromResolvingEvent(AssemblyName assemblyName)
   at System.Runtime.Loader.AssemblyLoadContext.ResolveUsingEvent(AssemblyName assemblyName)
   at System.Runtime.Loader.AssemblyLoadContext.ResolveUsingResolvingEvent(IntPtr gchManagedAssemblyLoadContext, AssemblyName assemblyName)
TpTrace Warning: 0 : 21524, 1, 2024/03/04, 08:57:42.427, 4738165984177, vstest.console.dll, LoaderExceptions: System.IO.FileNotFoundException: Could not load file or assembly 'Microsoft.Bcl.AsyncInterfaces, Version=1.0.0.0, Culture=neutral, PublicKeyToken=cc7b13ffcd2ddd51'. Не удается найти указанный файл.
File name: 'Microsoft.Bcl.AsyncInterfaces, Version=1.0.0.0, Culture=neutral, PublicKeyToken=cc7b13ffcd2ddd51'
 ---> System.IO.FileNotFoundException: Could not load file or assembly 'Microsoft.Bcl.AsyncInterfaces, Culture=neutral, PublicKeyToken=null'. Не удается найти указанный файл.
File name: 'Microsoft.Bcl.AsyncInterfaces, Culture=neutral, PublicKeyToken=null'
   at System.Reflection.RuntimeAssembly.InternalLoad(AssemblyName assemblyName, StackCrawlMark& stackMark, AssemblyLoadContext assemblyLoadContext, RuntimeAssembly requestingAssembly, Boolean throwOnFileNotFound)
   at System.Reflection.Assembly.Load(AssemblyName assemblyRef)
   at Microsoft.VisualStudio.TestPlatform.Common.ExtensionFramework.TestPluginCache.CurrentDomainAssemblyResolve(Object sender, AssemblyResolveEventArgs args) in /_/src/Microsoft.TestPlatform.Common/ExtensionFramework/TestPluginCache.cs:line 513
   at System.Runtime.Loader.AssemblyLoadContext.GetFirstResolvedAssemblyFromResolvingEvent(AssemblyName assemblyName)
   at System.Runtime.Loader.AssemblyLoadContext.ResolveUsingEvent(AssemblyName assemblyName)
   at System.Runtime.Loader.AssemblyLoadContext.ResolveUsingResolvingEvent(IntPtr gchManagedAssemblyLoadContext, AssemblyName assemblyName)
TpTrace Verbose: 0 : 21524, 1, 2024/03/04, 08:57:42.427, 4738165985064, vstest.console.dll, MetadataReaderExtensionsHelper: Discovering extensions inside assembly 'Microsoft.TestPlatform.Extensions.BlameDataCollector, Version=15.0.0.0, Culture=neutral, PublicKeyToken=b03f5f7f11d50a3a' file path 'C:\Program Files\dotnet\sdk\8.0.100\Extensions\Microsoft.TestPlatform.Extensions.BlameDataCollector.dll'
TpTrace Information: 0 : 21524, 1, 2024/03/04, 08:57:42.428, 4738165994576, vstest.console.dll, GetTestExtensionFromType: Register extension with identifier data 'logger://Microsoft/TestPlatform/Extensions/Blame/v1' and type 'Microsoft.TestPlatform.Extensions.BlameDataCollector.BlameLogger, Microsoft.TestPlatform.Extensions.BlameDataCollector, Version=15.0.0.0, Culture=neutral, PublicKeyToken=b03f5f7f11d50a3a' inside file 'C:\Program Files\dotnet\sdk\8.0.100\Extensions\Microsoft.TestPlatform.Extensions.BlameDataCollector.dll'
TpTrace Verbose: 0 : 21524, 1, 2024/03/04, 08:57:42.428, 4738165995537, vstest.console.dll, MetadataReaderExtensionsHelper: Discovering extensions inside assembly 'Microsoft.TestPlatform.Extensions.EventLogCollector, Version=15.0.0.0, Culture=neutral, PublicKeyToken=b03f5f7f11d50a3a' file path 'C:\Program Files\dotnet\sdk\8.0.100\Extensions\Microsoft.TestPlatform.Extensions.EventLogCollector.dll'
TpTrace Verbose: 0 : 21524, 1, 2024/03/04, 08:57:42.429, 4738166001828, vstest.console.dll, MetadataReaderExtensionsHelper: Discovering extensions inside assembly 'Microsoft.TestPlatform.TestHostRuntimeProvider, Version=15.0.0.0, Culture=neutral, PublicKeyToken=b03f5f7f11d50a3a' file path 'C:\Program Files\dotnet\sdk\8.0.100\Extensions\Microsoft.TestPlatform.TestHostRuntimeProvider.dll'
TpTrace Verbose: 0 : 21524, 1, 2024/03/04, 08:57:42.429, 4738166007909, vstest.console.dll, MetadataReaderExtensionsHelper: Discovering extensions inside assembly 'Microsoft.VisualStudio.TestPlatform.Extensions.Html.TestLogger, Version=15.0.0.0, Culture=neutral, PublicKeyToken=b03f5f7f11d50a3a' file path 'C:\Program Files\dotnet\sdk\8.0.100\Extensions\Microsoft.VisualStudio.TestPlatform.Extensions.Html.TestLogger.dll'
TpTrace Information: 0 : 21524, 1, 2024/03/04, 08:57:42.430, 4738166017227, vstest.console.dll, GetTestExtensionFromType: Register extension with identifier data 'logger://Microsoft/TestPlatform/HtmlLogger/v1' and type 'Microsoft.VisualStudio.TestPlatform.Extensions.HtmlLogger.HtmlLogger, Microsoft.VisualStudio.TestPlatform.Extensions.Html.TestLogger, Version=15.0.0.0, Culture=neutral, PublicKeyToken=b03f5f7f11d50a3a' inside file 'C:\Program Files\dotnet\sdk\8.0.100\Extensions\Microsoft.VisualStudio.TestPlatform.Extensions.Html.TestLogger.dll'
TpTrace Verbose: 0 : 21524, 1, 2024/03/04, 08:57:42.430, 4738166018338, vstest.console.dll, MetadataReaderExtensionsHelper: Discovering extensions inside assembly 'Microsoft.VisualStudio.TestPlatform.Extensions.Trx.TestLogger, Version=15.0.0.0, Culture=neutral, PublicKeyToken=b03f5f7f11d50a3a' file path 'C:\Program Files\dotnet\sdk\8.0.100\Extensions\Microsoft.VisualStudio.TestPlatform.Extensions.Trx.TestLogger.dll'
TpTrace Information: 0 : 21524, 1, 2024/03/04, 08:57:42.431, 4738166025914, vstest.console.dll, GetTestExtensionFromType: Register extension with identifier data 'logger://Microsoft/TestPlatform/TrxLogger/v1' and type 'Microsoft.VisualStudio.TestPlatform.Extensions.TrxLogger.TrxLogger, Microsoft.VisualStudio.TestPlatform.Extensions.Trx.TestLogger, Version=15.0.0.0, Culture=neutral, PublicKeyToken=b03f5f7f11d50a3a' inside file 'C:\Program Files\dotnet\sdk\8.0.100\Extensions\Microsoft.VisualStudio.TestPlatform.Extensions.Trx.TestLogger.dll'
TpTrace Verbose: 0 : 21524, 1, 2024/03/04, 08:57:42.431, 4738166026831, vstest.console.dll, TestPluginCache: Discovered the extensions using extension path ''.
TpTrace Verbose: 0 : 21524, 1, 2024/03/04, 08:57:42.431, 4738166027151, vstest.console.dll, TestPluginCache: Discoverers are ''.
TpTrace Verbose: 0 : 21524, 1, 2024/03/04, 08:57:42.431, 4738166027406, vstest.console.dll, TestPluginCache: Executors are ''.
TpTrace Verbose: 0 : 21524, 1, 2024/03/04, 08:57:42.431, 4738166027654, vstest.console.dll, TestPluginCache: Executors2 are ''.
TpTrace Verbose: 0 : 21524, 1, 2024/03/04, 08:57:42.431, 4738166027947, vstest.console.dll, TestPluginCache: Setting providers are ''.
TpTrace Verbose: 0 : 21524, 1, 2024/03/04, 08:57:42.431, 4738166028806, vstest.console.dll, TestPluginCache: Loggers are 'logger://Microsoft/TestPlatform/Extensions/Blame/v1,logger://Microsoft/TestPlatform/HtmlLogger/v1,logger://Microsoft/TestPlatform/TrxLogger/v1'.
TpTrace Verbose: 0 : 21524, 1, 2024/03/04, 08:57:42.431, 4738166029303, vstest.console.dll, TestPluginCache: TestHosts are 'HostProvider://DefaultTestHost,HostProvider://DotnetTestHost'.
TpTrace Verbose: 0 : 21524, 1, 2024/03/04, 08:57:42.431, 4738166029582, vstest.console.dll, TestPluginCache: DataCollectors are ''.
TpTrace Information: 0 : 21524, 1, 2024/03/04, 08:57:42.432, 4738166039572, vstest.console.dll, TestPluginManager.CreateTestExtension: Attempting to load test extension: Microsoft.TestPlatform.Extensions.BlameDataCollector.BlameLogger
TpTrace Verbose: 0 : 21524, 1, 2024/03/04, 08:57:42.443, 4738166148839, vstest.console.dll, TestEngine: Initializing Parallel Execution as MaxCpuCount is set to: 1
TpTrace Information: 0 : 21524, 1, 2024/03/04, 08:57:42.445, 4738166165268, vstest.console.dll, TestPluginManager.CreateTestExtension: Attempting to load test extension: Microsoft.VisualStudio.TestPlatform.CrossPlatEngine.Hosting.DefaultTestHostManager
TpTrace Information: 0 : 21524, 1, 2024/03/04, 08:57:42.447, 4738166184117, vstest.console.dll, TestPluginManager.CreateTestExtension: Attempting to load test extension: Microsoft.VisualStudio.TestPlatform.CrossPlatEngine.Hosting.DotnetTestHostManager
TpTrace Information: 0 : 21524, 1, 2024/03/04, 08:57:42.448, 4738166194791, vstest.console.dll, InferRunSettingsHelper.IsTestSettingsEnabled: Unable to navigate to RunSettings/MSTest. Current node: RunSettings
TpTrace Verbose: 0 : 21524, 1, 2024/03/04, 08:57:42.448, 4738166201262, vstest.console.dll, ParallelOperationManager.ClearSlots: Clearing all slots. Slots should accept more work: True
TpTrace Verbose: 0 : 21524, 1, 2024/03/04, 08:57:42.449, 4738166209014, vstest.console.dll, ParallelOperationManager.SetOccupiedSlotCount: Setting slot counts AvailableSlotCount = 1, OccupiedSlotCount = 0.
TpTrace Verbose: 0 : 21524, 1, 2024/03/04, 08:57:42.450, 4738166212711, vstest.console.dll, Occupied slots:

TpTrace Verbose: 0 : 21524, 1, 2024/03/04, 08:57:42.453, 4738166250393, vstest.console.dll, TestEngine.GetExecutionManager: Chosen execution manager 'Microsoft.VisualStudio.TestPlatform.CrossPlatEngine.Client.Parallel.ParallelProxyExecutionManager, Microsoft.TestPlatform.CrossPlatEngine, Version=15.0.0.0, Culture=neutral, PublicKeyToken=b03f5f7f11d50a3a' ParallelLevel '1'.
TpTrace Verbose: 0 : 21524, 1, 2024/03/04, 08:57:42.454, 4738166252133, vstest.console.dll, TestRunRequest.ExecuteAsync: Creating test run request.
TpTrace Verbose: 0 : 21524, 1, 2024/03/04, 08:57:42.454, 4738166254628, vstest.console.dll, TestRunRequest.ExecuteAsync: Starting.
TpTrace Information: 0 : 21524, 1, 2024/03/04, 08:57:42.455, 4738166269553, vstest.console.dll, TestRunRequest.ExecuteAsync: Starting run with settings:TestRunCriteria:
   KeepAlive=False,FrequencyOfRunStatsChangeEvent=10,RunStatsChangeEventTimeout=00:00:01.5000000,TestCaseFilter=,TestExecutorLauncher=
   Settingsxml=<RunSettings>
  <RunConfiguration>
    <ResultsDirectory>C:\Users\ivank\source\repos\Refactor6\RefactorTests6\bin\Debug\net7.0\fine-code-coverage\coverage-tool-output</ResultsDirectory>
    <TargetPlatform>X64</TargetPlatform>
    <TargetFrameworkVersion>.NETCoreApp,Version=v7.0</TargetFrameworkVersion>
    <DesignMode>False</DesignMode>
    <CollectSourceInformation>False</CollectSourceInformation>
  </RunConfiguration>
  <LoggerRunSettings>
    <Loggers>
      <Logger friendlyName="blame" enabled="True" />
      <Logger friendlyName="Console" uri="logger://microsoft/TestPlatform/ConsoleLogger/v1" assemblyQualifiedName="Microsoft.VisualStudio.TestPlatform.CommandLine.Internal.ConsoleLogger, vstest.console, Version=15.0.0.0, Culture=neutral, PublicKeyToken=b03f5f7f11d50a3a" codeBase="C:\Program Files\dotnet\sdk\8.0.100\vstest.console.dll" enabled="True" />
    </Loggers>
  </LoggerRunSettings>
  <DataCollectionRunSettings>
    <DataCollectors>
      <DataCollector friendlyName="blame" enabled="True">
        <Configuration>
          <ResultsDirectory>C:\Users\ivank\source\repos\Refactor6\RefactorTests6\bin\Debug\net7.0\fine-code-coverage\coverage-tool-output</ResultsDirectory>
        </Configuration>
      </DataCollector>
    </DataCollectors>
  </DataCollectionRunSettings>
</RunSettings>

TpTrace Verbose: 0 : 21524, 1, 2024/03/04, 08:57:42.455, 4738166270248, vstest.console.dll, TestRunRequest.ExecuteAsync: Wait for the first run request is over.
TpTrace Verbose: 0 : 21524, 1, 2024/03/04, 08:57:42.464, 4738166356826, vstest.console.dll, MulticastDelegateUtilities.SafeInvoke: TestRun.TestRunStart: Invoking callbacks was skipped because there are no subscribers.
TpTrace Verbose: 0 : 21524, 4, 2024/03/04, 08:57:42.464, 4738166360180, vstest.console.dll, MulticastDelegateUtilities.SafeInvoke: InternalTestLoggerEvents.SendTestRunStart: Invoking callback 1/1 for Microsoft.VisualStudio.TestPlatform.CommandLine.Internal.ConsoleLogger., took 0 ms.
TpTrace Verbose: 0 : 21524, 1, 2024/03/04, 08:57:42.466, 4738166377576, vstest.console.dll, ParallelProxyExecutionManager: Start execution. Total sources: 1
TpTrace Verbose: 0 : 21524, 1, 2024/03/04, 08:57:42.467, 4738166381998, vstest.console.dll, ParallelOperationManager.StartWork: Starting adding 1 workloads.
TpTrace Verbose: 0 : 21524, 1, 2024/03/04, 08:57:42.467, 4738166382754, vstest.console.dll, ParallelOperationManager.ClearSlots: Clearing all slots. Slots should accept more work: True
TpTrace Verbose: 0 : 21524, 1, 2024/03/04, 08:57:42.467, 4738166383497, vstest.console.dll, ParallelOperationManager.SetOccupiedSlotCount: Setting slot counts AvailableSlotCount = 1, OccupiedSlotCount = 0.
TpTrace Verbose: 0 : 21524, 1, 2024/03/04, 08:57:42.467, 4738166383877, vstest.console.dll, Occupied slots:

TpTrace Verbose: 0 : 21524, 1, 2024/03/04, 08:57:42.468, 4738166398884, vstest.console.dll, TestRequestSender is acting as server.
TpTrace Verbose: 0 : 21524, 1, 2024/03/04, 08:57:42.470, 4738166420287, vstest.console.dll, ParallelOperationManager.RunWorkInParallel: Adding 1 workload to slot, remaining workloads 0.
TpTrace Verbose: 0 : 21524, 1, 2024/03/04, 08:57:42.471, 4738166421985, vstest.console.dll, ParallelOperationManager.SetOccupiedSlotCount: Setting slot counts AvailableSlotCount = 0, OccupiedSlotCount = 1.
TpTrace Verbose: 0 : 21524, 1, 2024/03/04, 08:57:42.471, 4738166423966, vstest.console.dll, Occupied slots:
0: C:\Users\ivank\source\repos\Refactor6\RefactorTests6\bin\Debug\net7.0\fine-code-coverage\build-output\RefactorTests6.dll
TpTrace Verbose: 0 : 21524, 1, 2024/03/04, 08:57:42.472, 4738166438293, vstest.console.dll, ParallelOperationManager.RunWorkInParallel: Started host in slot number 0 for work (source): C:\Users\ivank\source\repos\Refactor6\RefactorTests6\bin\Debug\net7.0\fine-code-coverage\build-output\RefactorTests6.dll.
TpTrace Verbose: 0 : 21524, 1, 2024/03/04, 08:57:42.473, 4738166451219, vstest.console.dll, ParallelOperationManager.RunWorkInParallel: We started 1 work items, which is the max parallel level. Won't start more work.
TpTrace Verbose: 0 : 21524, 1, 2024/03/04, 08:57:42.474, 4738166452716, vstest.console.dll, ParallelOperationManager.RunWorkInParallel: We started 1 work items in here, returning True.
TpTrace Verbose: 0 : 21524, 5, 2024/03/04, 08:57:42.474, 4738166453105, vstest.console.dll, ParallelProxyExecutionManager.StartTestRunOnConcurrentManager: Initializing uninitialized client. Started clients: 0
TpTrace Information: 0 : 21524, 1, 2024/03/04, 08:57:42.474, 4738166453418, vstest.console.dll, TestRunRequest.ExecuteAsync: Started.
TpTrace Verbose: 0 : 21524, 5, 2024/03/04, 08:57:42.474, 4738166455806, vstest.console.dll, DataCollectionRequestSender.InitializeCommunication : Initialize communication. 
TpTrace Verbose: 0 : 21524, 1, 2024/03/04, 08:57:42.475, 4738166461758, vstest.console.dll, TestRunRequest.WaitForCompletion: Waiting with timeout -1.
TpTrace Information: 0 : 21524, 5, 2024/03/04, 08:57:42.482, 4738166534216, vstest.console.dll, Listening on Endpoint : 127.0.0.1:50735
TpTrace Verbose: 0 : 21524, 5, 2024/03/04, 08:57:42.490, 4738166612732, vstest.console.dll, DotnetDataCollectionLauncher: Adding  --runtimeconfig "C:\Program Files\dotnet\sdk\8.0.100\datacollector.runtimeconfig.json" in args
TpTrace Verbose: 0 : 21524, 5, 2024/03/04, 08:57:42.490, 4738166614166, vstest.console.dll, DotnetDataCollectionLauncher: Adding  --depsfile "C:\Program Files\dotnet\sdk\8.0.100\datacollector.deps.json" in args
TpTrace Verbose: 0 : 21524, 5, 2024/03/04, 08:57:42.490, 4738166615967, vstest.console.dll, DotnetDataCollectionLauncher: Full path of dotnet.exe is C:\Program Files\dotnet\dotnet.exe
TpTrace Information: 0 : 21524, 5, 2024/03/04, 08:57:42.498, 4738166700229, vstest.console.dll, ProxyDataCollectionManager.Initialize: Launched datacollector processId: 10744 port: 50735
TpTrace Information: 0 : 21524, 5, 2024/03/04, 08:57:42.499, 4738166702045, vstest.console.dll, ProxyDataCollectionManager.Initialize: waiting for connection with timeout: 90 seconds
TpTrace Verbose: 0 : 21524, 5, 2024/03/04, 08:57:42.499, 4738166702562, vstest.console.dll, DataCollectionRequestSender.WaitForRequestHandlerConnection : Waiting for connection with timeout: 90000
TpTrace Information: 0 : 21524, 10, 2024/03/04, 08:57:42.678, 4738168492920, vstest.console.dll, Using the buffer size of 16384 bytes
TpTrace Verbose: 0 : 21524, 5, 2024/03/04, 08:57:42.678, 4738168493148, vstest.console.dll, SocketCommunicationManager.WaitForClientConnection took: 178 ms, with 90000 ms timeout, and finished with True.
TpTrace Information: 0 : 21524, 10, 2024/03/04, 08:57:42.678, 4738168494715, vstest.console.dll, Accepted Client request and set the flag
TpTrace Verbose: 0 : 21524, 5, 2024/03/04, 08:57:42.678, 4738168495104, vstest.console.dll, ProxyDataCollectionManager.InvokeDataCollectionServiceAction: Starting.
TpTrace Information: 0 : 21524, 5, 2024/03/04, 08:57:42.678, 4738168496606, vstest.console.dll, ProxyDataCollectionManager.BeforeTestRunStart: Get environment variable and port for datacollector processId: 10744 port: 50735
TpTrace Verbose: 0 : 21524, 5, 2024/03/04, 08:57:42.678, 4738168498327, vstest.console.dll, DataCollectionRequestSender.SendBeforeTestRunStartAndGetResult: Send BeforeTestRunStart message with settingsXml <RunSettings><RunConfiguration><ResultsDirectory>C:\Users\ivank\source\repos\Refactor6\RefactorTests6\bin\Debug\net7.0\fine-code-coverage\coverage-tool-output</ResultsDirectory><TargetPlatform>X64</TargetPlatform><TargetFrameworkVersion>.NETCoreApp,Version=v7.0</TargetFrameworkVersion><DesignMode>False</DesignMode><CollectSourceInformation>False</CollectSourceInformation><TestAdaptersPaths>C:\Program Files\dotnet\sdk\8.0.100\Extensions</TestAdaptersPaths></RunConfiguration><LoggerRunSettings><Loggers><Logger friendlyName="blame" enabled="True" /><Logger friendlyName="Console" uri="logger://microsoft/TestPlatform/ConsoleLogger/v1" assemblyQualifiedName="Microsoft.VisualStudio.TestPlatform.CommandLine.Internal.ConsoleLogger, vstest.console, Version=15.0.0.0, Culture=neutral, PublicKeyToken=b03f5f7f11d50a3a" codeBase="C:\Program Files\dotnet\sdk\8.0.100\vstest.console.dll" enabled="True" /></Loggers></LoggerRunSettings><DataCollectionRunSettings><DataCollectors><DataCollector friendlyName="blame" enabled="True"><Configuration><ResultsDirectory>C:\Users\ivank\source\repos\Refactor6\RefactorTests6\bin\Debug\net7.0\fine-code-coverage\coverage-tool-output</ResultsDirectory></Configuration></DataCollector></DataCollectors></DataCollectionRunSettings></RunSettings> and sources System.Collections.Generic.List`1[System.String]: 
TpTrace Verbose: 0 : 21524, 5, 2024/03/04, 08:57:42.745, 4738169162781, vstest.console.dll, DataCollectionRequestSender.SendBeforeTestRunStartAndGetResult: Received message: (DataCollection.SendMessage) -> {"MessageType":"DataCollection.SendMessage","Payload":{"FriendlyName":null,"Uri":null,"TestCaseId":"00000000-0000-0000-0000-000000000000","Message":"Logging DataCollector Diagnostics in file: C:\\Users\\ivank\\source\\repos\\Refactor6\\RefactorTests6\\bin\\Debug\\net7.0\\fine-code-coverage\\coverage-tool-output\\diagnostics.datacollector.24-03-04_08-57-42_48983_5.log","Level":0}}
TpTrace Verbose: 0 : 21524, 5, 2024/03/04, 08:57:42.849, 4738170205928, vstest.console.dll, DataCollectionRequestSender.SendBeforeTestRunStartAndGetResult: Received message: (DataCollection.BeforeTestRunStartResult) -> {"MessageType":"DataCollection.BeforeTestRunStartResult","Payload":{"EnvironmentVariables":{},"DataCollectionEventsPort":50737}}
TpTrace Information: 0 : 21524, 5, 2024/03/04, 08:57:42.855, 4738170263624, vstest.console.dll, ProxyDataCollectionManager.BeforeTestRunStart: SendBeforeTestRunStartAndGetResult successful, env variable from datacollector:   and testhost port: 50737
TpTrace Information: 0 : 21524, 5, 2024/03/04, 08:57:42.855, 4738170264894, vstest.console.dll, ProxyDataCollectionManager.InvokeDataCollectionServiceAction: Completed.
TpTrace Verbose: 0 : 21524, 5, 2024/03/04, 08:57:42.855, 4738170265227, vstest.console.dll, ParallelProxyExecutionManager.StartTestRunOnConcurrentManager: Initializing test run. Started clients: 0
TpTrace Verbose: 0 : 21524, 5, 2024/03/04, 08:57:42.855, 4738170266192, vstest.console.dll, ProxyExecutionManager: Test host is always Lazy initialize.
TpTrace Verbose: 0 : 21524, 5, 2024/03/04, 08:57:42.855, 4738170268344, vstest.console.dll, TestRequestSender.InitializeCommunication: initialize communication. 
TpTrace Information: 0 : 21524, 5, 2024/03/04, 08:57:42.856, 4738170273144, vstest.console.dll, SocketServer.Start: Listening on endpoint : 127.0.0.1:50738
TpTrace Verbose: 0 : 21524, 5, 2024/03/04, 08:57:42.856, 4738170280668, vstest.console.dll, DotnetTestHostmanager.GetTestHostProcessStartInfo: Platform environment 'X64' target architecture 'X64' framework '.NETCoreApp,Version=v7.0' OS 'Windows'
TpTrace Verbose: 0 : 21524, 5, 2024/03/04, 08:57:42.857, 4738170284425, vstest.console.dll, DotnetTestHostmanager: Adding  --runtimeconfig "C:\Users\ivank\source\repos\Refactor6\RefactorTests6\bin\Debug\net7.0\fine-code-coverage\build-output\RefactorTests6.runtimeconfig.json" in args
TpTrace Verbose: 0 : 21524, 5, 2024/03/04, 08:57:42.857, 4738170285452, vstest.console.dll, DotnetTestHostmanager: Adding  --depsfile "C:\Users\ivank\source\repos\Refactor6\RefactorTests6\bin\Debug\net7.0\fine-code-coverage\build-output\RefactorTests6.deps.json" in args
TpTrace Verbose: 0 : 21524, 5, 2024/03/04, 08:57:42.857, 4738170287265, vstest.console.dll, DotnetTestHostmanager.IsWinOnArm: Current PROCESSOR_ARCHITECTURE from environment variable 'AMD64'
TpTrace Verbose: 0 : 21524, 5, 2024/03/04, 08:57:42.857, 4738170287856, vstest.console.dll, DotnetTestHostmanager.IsWinOnArm: Is Windows on ARM 'False'
TpTrace Verbose: 0 : 21524, 5, 2024/03/04, 08:57:42.857, 4738170288838, vstest.console.dll, DotnetTestHostManager: testhost.exe found at path: C:\Users\ivank\source\repos\Refactor6\RefactorTests6\bin\Debug\net7.0\fine-code-coverage\build-output\testhost.exe
TpTrace Verbose: 0 : 21524, 5, 2024/03/04, 08:57:42.857, 4738170289321, vstest.console.dll, DotnetTestHostmanager: Full path of host exe is C:\Users\ivank\source\repos\Refactor6\RefactorTests6\bin\Debug\net7.0\fine-code-coverage\build-output\testhost.exe
TpTrace Verbose: 0 : 21524, 5, 2024/03/04, 08:57:42.857, 4738170290780, vstest.console.dll, DotnetTestHostmanager.LaunchTestHostAsync: Found 'VSTEST_WINAPPHOST_DOTNET_ROOT' in env variables, value 'C:\Program Files\dotnet', forwarding to 'DOTNET_ROOT'
TpTrace Verbose: 0 : 21524, 5, 2024/03/04, 08:57:42.858, 4738170292878, vstest.console.dll, DotnetTestHostManager: Starting process 'C:\Users\ivank\source\repos\Refactor6\RefactorTests6\bin\Debug\net7.0\fine-code-coverage\build-output\testhost.exe' with command line ' --runtimeconfig "C:\Users\ivank\source\repos\Refactor6\RefactorTests6\bin\Debug\net7.0\fine-code-coverage\build-output\RefactorTests6.runtimeconfig.json" --depsfile "C:\Users\ivank\source\repos\Refactor6\RefactorTests6\bin\Debug\net7.0\fine-code-coverage\build-output\RefactorTests6.deps.json" --port 50738 --endpoint 127.0.0.1:050738 --role client --parentprocessid 21524 --diag "C:\Users\ivank\source\repos\Refactor6\RefactorTests6\bin\Debug\net7.0\fine-code-coverage\coverage-tool-output\diagnostics.host.24-03-04_08-57-42_85653_5.log" --tracelevel 4 --datacollectionport 50737 --telemetryoptedin false'
TpTrace Verbose: 0 : 21524, 5, 2024/03/04, 08:57:42.868, 4738170396322, vstest.console.dll, MulticastDelegateUtilities.SafeInvoke: HostProviderEvents.OnHostLaunched: Invoking callback 1/2 for Microsoft.VisualStudio.TestPlatform.CrossPlatEngine.Client.ProxyExecutionManagerWithDataCollection., took 1 ms.
TpTrace Verbose: 0 : 21524, 5, 2024/03/04, 08:57:42.868, 4738170400317, vstest.console.dll, Test Runtime launched
TpTrace Verbose: 0 : 21524, 5, 2024/03/04, 08:57:42.868, 4738170401089, vstest.console.dll, MulticastDelegateUtilities.SafeInvoke: HostProviderEvents.OnHostLaunched: Invoking callback 2/2 for Microsoft.VisualStudio.TestPlatform.CrossPlatEngine.Client.ProxyOperationManager., took 0 ms.
TpTrace Verbose: 0 : 21524, 5, 2024/03/04, 08:57:42.869, 4738170402513, vstest.console.dll, TestRequestSender.WaitForRequestHandlerConnection: waiting for connection with timeout: 90000.
TpTrace Verbose: 0 : 21524, 5, 2024/03/04, 08:57:43.111, 4738172826416, vstest.console.dll, TestRequestSender.WaitForRequestHandlerConnection: waiting took 242 ms, with timeout 90000 ms, and result 0, which is success.
TpTrace Verbose: 0 : 21524, 12, 2024/03/04, 08:57:43.111, 4738172826416, vstest.console.dll, MulticastDelegateUtilities.SafeInvoke: SocketServer: ClientConnected: Invoking callback 1/1 for Microsoft.VisualStudio.TestPlatform.CommunicationUtilities.TestRequestSender., took 0 ms.
TpTrace Verbose: 0 : 21524, 12, 2024/03/04, 08:57:43.111, 4738172829447, vstest.console.dll, SocketServer.OnClientConnected: Client connected for endPoint: 127.0.0.1:50738, starting MessageLoopAsync:
TpTrace Verbose: 0 : 21524, 12, 2024/03/04, 08:57:43.112, 4738172834460, vstest.console.dll, TcpClientExtensions.MessageLoopAsync: Polling on remoteEndPoint: 127.0.0.1:50739 localEndPoint: 127.0.0.1:50738
TpTrace Verbose: 0 : 21524, 5, 2024/03/04, 08:57:43.112, 4738172837679, vstest.console.dll, TestRequestSender.CheckVersionWithTestHost: Sending check version message: {"MessageType":"ProtocolVersion","Payload":7}
TpTrace Verbose: 0 : 21524, 12, 2024/03/04, 08:57:43.276, 4738174473987, vstest.console.dll, TcpClientExtensions.MessageLoopAsync: NotifyDataAvailable remoteEndPoint: 127.0.0.1:50739 localEndPoint: 127.0.0.1:50738
TpTrace Verbose: 0 : 21524, 12, 2024/03/04, 08:57:43.276, 4738174477001, vstest.console.dll, TestRequestSender.CheckVersionWithTestHost: onMessageReceived received message: (ProtocolVersion) -> {"MessageType":"ProtocolVersion","Payload":7}
TpTrace Verbose: 0 : 21524, 12, 2024/03/04, 08:57:43.277, 4738174483911, vstest.console.dll, MulticastDelegateUtilities.SafeInvoke: LengthPrefixCommunicationChannel: MessageReceived: Invoking callback 1/1 for Microsoft.VisualStudio.TestPlatform.CommunicationUtilities.TestRequestSender+<>c__DisplayClass29_0., took 0 ms.
TpTrace Verbose: 0 : 21524, 12, 2024/03/04, 08:57:43.277, 4738174486021, vstest.console.dll, TcpClientExtensions.MessageLoopAsync: Polling on remoteEndPoint: 127.0.0.1:50739 localEndPoint: 127.0.0.1:50738
TpTrace Verbose: 0 : 21524, 5, 2024/03/04, 08:57:43.277, 4738174486183, vstest.console.dll, TestPluginCache.GetExtensionPaths: Filtered extension paths: 
TpTrace Verbose: 0 : 21524, 5, 2024/03/04, 08:57:43.277, 4738174487113, vstest.console.dll, TestPluginCache.GetExtensionPaths: Added default extension paths: C:\Program Files\dotnet\sdk\8.0.100\Extensions\Microsoft.Diagnostics.NETCore.Client.dll
C:\Program Files\dotnet\sdk\8.0.100\Extensions\Microsoft.TestPlatform.Extensions.BlameDataCollector.dll
C:\Program Files\dotnet\sdk\8.0.100\Extensions\Microsoft.TestPlatform.Extensions.EventLogCollector.dll
C:\Program Files\dotnet\sdk\8.0.100\Extensions\Microsoft.TestPlatform.TestHostRuntimeProvider.dll
C:\Program Files\dotnet\sdk\8.0.100\Extensions\Microsoft.VisualStudio.TestPlatform.Extensions.Html.TestLogger.dll
C:\Program Files\dotnet\sdk\8.0.100\Extensions\Microsoft.VisualStudio.TestPlatform.Extensions.Trx.TestLogger.dll
TpTrace Verbose: 0 : 21524, 5, 2024/03/04, 08:57:43.277, 4738174488886, vstest.console.dll, TestPluginCache.GetExtensionPaths: Added unfilterableExtensionPaths: 
TpTrace Verbose: 0 : 21524, 5, 2024/03/04, 08:57:43.281, 4738174524143, vstest.console.dll, TestRequestSender.InitializeExecution: Sending initialize execution with message: {"Version":7,"MessageType":"TestExecution.Initialize","Payload":["C:\\Users\\ivank\\source\\repos\\Refactor6\\RefactorTests6\\bin\\Debug\\net7.0\\fine-code-coverage\\build-output\\xunit.runner.visualstudio.dotnetcore.testadapter.dll"]}
TpTrace Verbose: 0 : 21524, 5, 2024/03/04, 08:57:43.281, 4738174526822, vstest.console.dll, ParallelProxyExecutionManager.StartTestRunOnConcurrentManager: Execution starting. Started clients: 1
TpTrace Verbose: 0 : 21524, 5, 2024/03/04, 08:57:43.281, 4738174530229, vstest.console.dll, TestRunRequest:SendTestRunMessage: Starting.
TpTrace Verbose: 0 : 21524, 5, 2024/03/04, 08:57:43.282, 4738174532119, vstest.console.dll, MulticastDelegateUtilities.SafeInvoke: TestRun.LogMessages: Invoking callback 1/1 for Microsoft.VisualStudio.TestPlatform.CommandLine.TestRunResultAggregator., took 0 ms.
TpTrace Information: 0 : 21524, 5, 2024/03/04, 08:57:43.282, 4738174532547, vstest.console.dll, TestRunRequest:SendTestRunMessage: Completed.
TpTrace Verbose: 0 : 21524, 4, 2024/03/04, 08:57:43.282, 4738174534931, vstest.console.dll, MulticastDelegateUtilities.SafeInvoke: InternalTestLoggerEvents.SendTestRunMessage: Invoking callback 1/1 for Microsoft.VisualStudio.TestPlatform.CommandLine.Internal.ConsoleLogger., took 0 ms.
TpTrace Warning: 0 : 21524, 5, 2024/03/04, 08:57:43.282, 4738174536885, vstest.console.dll, InferRunSettingsHelper.MakeRunsettingsCompatible: Removing the following settings: TargetPlatform from RunSettings file. To use those settings please move to latest version of Microsoft.NET.Test.Sdk
TpTrace Verbose: 0 : 21524, 12, 2024/03/04, 08:57:43.288, 4738174600518, vstest.console.dll, TcpClientExtensions.MessageLoopAsync: NotifyDataAvailable remoteEndPoint: 127.0.0.1:50739 localEndPoint: 127.0.0.1:50738
TpTrace Verbose: 0 : 21524, 12, 2024/03/04, 08:57:43.289, 4738174604914, vstest.console.dll, TestRequestSender.OnExecutionMessageReceived: Received message: {"Version":7,"MessageType":"TestSession.Message","Payload":{"MessageLevel":0,"Message":"Ведение журналов диагностики TestHost в файле: C:\\Users\\ivank\\source\\repos\\Refactor6\\RefactorTests6\\bin\\Debug\\net7.0\\fine-code-coverage\\coverage-tool-output\\diagnostics.host.24-03-04_08-57-42_85653_5.log"}}
TpTrace Verbose: 0 : 21524, 5, 2024/03/04, 08:57:43.291, 4738174628697, vstest.console.dll, TestRequestSender.StartTestRun: Sending test run with message: {"Version":7,"MessageType":"TestExecution.StartWithSources","Payload":{"AdapterSourceMap":{"_none_":["C:\\Users\\ivank\\source\\repos\\Refactor6\\RefactorTests6\\bin\\Debug\\net7.0\\fine-code-coverage\\build-output\\RefactorTests6.dll"]},"RunSettings":"<RunSettings>\r\n  <RunConfiguration>\r\n    <ResultsDirectory>C:\\Users\\ivank\\source\\repos\\Refactor6\\RefactorTests6\\bin\\Debug\\net7.0\\fine-code-coverage\\coverage-tool-output</ResultsDirectory>\r\n    <TargetFrameworkVersion>.NETCoreApp,Version=v7.0</TargetFrameworkVersion>\r\n    <DesignMode>False</DesignMode>\r\n    <CollectSourceInformation>False</CollectSourceInformation>\r\n  </RunConfiguration>\r\n  <LoggerRunSettings>\r\n    <Loggers>\r\n      <Logger friendlyName=\"blame\" enabled=\"True\" />\r\n      <Logger friendlyName=\"Console\" uri=\"logger://microsoft/TestPlatform/ConsoleLogger/v1\" assemblyQualifiedName=\"Microsoft.VisualStudio.TestPlatform.CommandLine.Internal.ConsoleLogger, vstest.console, Version=15.0.0.0, Culture=neutral, PublicKeyToken=b03f5f7f11d50a3a\" codeBase=\"C:\\Program Files\\dotnet\\sdk\\8.0.100\\vstest.console.dll\" enabled=\"True\" />\r\n    </Loggers>\r\n  </LoggerRunSettings>\r\n  <DataCollectionRunSettings>\r\n    <DataCollectors>\r\n      <DataCollector friendlyName=\"blame\" enabled=\"True\">\r\n        <Configuration>\r\n          <ResultsDirectory>C:\\Users\\ivank\\source\\repos\\Refactor6\\RefactorTests6\\bin\\Debug\\net7.0\\fine-code-coverage\\coverage-tool-output</ResultsDirectory>\r\n        </Configuration>\r\n      </DataCollector>\r\n    </DataCollectors>\r\n  </DataCollectionRunSettings>\r\n</RunSettings>","TestExecutionContext":{"FrequencyOfRunStatsChangeEvent":10,"RunStatsChangeEventTimeout":"00:00:01.5000000","InIsolation":false,"KeepAlive":false,"AreTestCaseLevelEventsRequired":false,"IsDebug":false,"TestCaseFilter":null,"FilterOptions":null},"Package":null}}
TpTrace Verbose: 0 : 21524, 5, 2024/03/04, 08:57:43.291, 4738174631174, vstest.console.dll, ParallelProxyExecutionManager.StartTestRunOnConcurrentManager: Execution started. Started clients: 1
TpTrace Verbose: 0 : 21524, 12, 2024/03/04, 08:57:43.292, 4738174641149, vstest.console.dll, TestRunRequest:SendTestRunMessage: Starting.
TpTrace Verbose: 0 : 21524, 12, 2024/03/04, 08:57:43.293, 4738174642948, vstest.console.dll, MulticastDelegateUtilities.SafeInvoke: TestRun.LogMessages: Invoking callback 1/1 for Microsoft.VisualStudio.TestPlatform.CommandLine.TestRunResultAggregator., took 0 ms.
TpTrace Verbose: 0 : 21524, 4, 2024/03/04, 08:57:43.293, 4738174643144, vstest.console.dll, MulticastDelegateUtilities.SafeInvoke: InternalTestLoggerEvents.SendTestRunMessage: Invoking callback 1/1 for Microsoft.VisualStudio.TestPlatform.CommandLine.Internal.ConsoleLogger., took 0 ms.
TpTrace Information: 0 : 21524, 12, 2024/03/04, 08:57:43.293, 4738174643345, vstest.console.dll, TestRunRequest:SendTestRunMessage: Completed.
TpTrace Verbose: 0 : 21524, 12, 2024/03/04, 08:57:43.293, 4738174644771, vstest.console.dll, MulticastDelegateUtilities.SafeInvoke: LengthPrefixCommunicationChannel: MessageReceived: Invoking callback 1/1 for Microsoft.VisualStudio.TestPlatform.CommunicationUtilities.TestRequestSender+<>c__DisplayClass34_0., took 4 ms.
TpTrace Verbose: 0 : 21524, 12, 2024/03/04, 08:57:43.293, 4738174645320, vstest.console.dll, TcpClientExtensions.MessageLoopAsync: Polling on remoteEndPoint: 127.0.0.1:50739 localEndPoint: 127.0.0.1:50738
TpTrace Verbose: 0 : 21524, 12, 2024/03/04, 08:57:43.474, 4738176456447, vstest.console.dll, TcpClientExtensions.MessageLoopAsync: NotifyDataAvailable remoteEndPoint: 127.0.0.1:50739 localEndPoint: 127.0.0.1:50738
TpTrace Verbose: 0 : 21524, 12, 2024/03/04, 08:57:43.474, 4738176458803, vstest.console.dll, TestRequestSender.OnExecutionMessageReceived: Received message: {"Version":7,"MessageType":"TestSession.Message","Payload":{"MessageLevel":0,"Message":"[xUnit.net 00:00:00.00] xUnit.net VSTest Adapter v2.4.5+1caef2f33e (64-bit .NET 7.0.2)"}}
TpTrace Verbose: 0 : 21524, 12, 2024/03/04, 08:57:43.475, 4738176461849, vstest.console.dll, TestRunRequest:SendTestRunMessage: Starting.
TpTrace Verbose: 0 : 21524, 12, 2024/03/04, 08:57:43.475, 4738176462852, vstest.console.dll, MulticastDelegateUtilities.SafeInvoke: TestRun.LogMessages: Invoking callback 1/1 for Microsoft.VisualStudio.TestPlatform.CommandLine.TestRunResultAggregator., took 0 ms.
TpTrace Verbose: 0 : 21524, 4, 2024/03/04, 08:57:43.475, 4738176463275, vstest.console.dll, MulticastDelegateUtilities.SafeInvoke: InternalTestLoggerEvents.SendTestRunMessage: Invoking callback 1/1 for Microsoft.VisualStudio.TestPlatform.CommandLine.Internal.ConsoleLogger., took 0 ms.
TpTrace Information: 0 : 21524, 12, 2024/03/04, 08:57:43.475, 4738176463586, vstest.console.dll, TestRunRequest:SendTestRunMessage: Completed.
TpTrace Verbose: 0 : 21524, 12, 2024/03/04, 08:57:43.475, 4738176465800, vstest.console.dll, MulticastDelegateUtilities.SafeInvoke: LengthPrefixCommunicationChannel: MessageReceived: Invoking callback 1/1 for Microsoft.VisualStudio.TestPlatform.CommunicationUtilities.TestRequestSender+<>c__DisplayClass34_0., took 0 ms.
TpTrace Verbose: 0 : 21524, 12, 2024/03/04, 08:57:43.475, 4738176466748, vstest.console.dll, TcpClientExtensions.MessageLoopAsync: Polling on remoteEndPoint: 127.0.0.1:50739 localEndPoint: 127.0.0.1:50738
TpTrace Verbose: 0 : 21524, 12, 2024/03/04, 08:57:44.037, 4738182091240, vstest.console.dll, TcpClientExtensions.MessageLoopAsync: NotifyDataAvailable remoteEndPoint: 127.0.0.1:50739 localEndPoint: 127.0.0.1:50738
TpTrace Verbose: 0 : 21524, 12, 2024/03/04, 08:57:44.038, 4738182093763, vstest.console.dll, TestRequestSender.OnExecutionMessageReceived: Received message: {"Version":7,"MessageType":"TestSession.Message","Payload":{"MessageLevel":0,"Message":"[xUnit.net 00:00:00.56]   Discovering: RefactorTests6"}}
TpTrace Verbose: 0 : 21524, 12, 2024/03/04, 08:57:44.038, 4738182095383, vstest.console.dll, TestRunRequest:SendTestRunMessage: Starting.
TpTrace Verbose: 0 : 21524, 12, 2024/03/04, 08:57:44.038, 4738182096039, vstest.console.dll, MulticastDelegateUtilities.SafeInvoke: TestRun.LogMessages: Invoking callback 1/1 for Microsoft.VisualStudio.TestPlatform.CommandLine.TestRunResultAggregator., took 0 ms.
TpTrace Information: 0 : 21524, 12, 2024/03/04, 08:57:44.038, 4738182096375, vstest.console.dll, TestRunRequest:SendTestRunMessage: Completed.
TpTrace Verbose: 0 : 21524, 4, 2024/03/04, 08:57:44.038, 4738182096436, vstest.console.dll, MulticastDelegateUtilities.SafeInvoke: InternalTestLoggerEvents.SendTestRunMessage: Invoking callback 1/1 for Microsoft.VisualStudio.TestPlatform.CommandLine.Internal.ConsoleLogger., took 0 ms.
TpTrace Verbose: 0 : 21524, 12, 2024/03/04, 08:57:44.038, 4738182096771, vstest.console.dll, MulticastDelegateUtilities.SafeInvoke: LengthPrefixCommunicationChannel: MessageReceived: Invoking callback 1/1 for Microsoft.VisualStudio.TestPlatform.CommunicationUtilities.TestRequestSender+<>c__DisplayClass34_0., took 0 ms.
TpTrace Verbose: 0 : 21524, 12, 2024/03/04, 08:57:44.038, 4738182098138, vstest.console.dll, TcpClientExtensions.MessageLoopAsync: Polling on remoteEndPoint: 127.0.0.1:50739 localEndPoint: 127.0.0.1:50738
TpTrace Verbose: 0 : 21524, 12, 2024/03/04, 08:57:44.122, 4738182936293, vstest.console.dll, TcpClientExtensions.MessageLoopAsync: NotifyDataAvailable remoteEndPoint: 127.0.0.1:50739 localEndPoint: 127.0.0.1:50738
TpTrace Verbose: 0 : 21524, 12, 2024/03/04, 08:57:44.122, 4738182938199, vstest.console.dll, TestRequestSender.OnExecutionMessageReceived: Received message: {"Version":7,"MessageType":"TestSession.Message","Payload":{"MessageLevel":0,"Message":"[xUnit.net 00:00:00.65]   Discovered:  RefactorTests6"}}
TpTrace Verbose: 0 : 21524, 12, 2024/03/04, 08:57:44.122, 4738182940101, vstest.console.dll, TestRunRequest:SendTestRunMessage: Starting.
TpTrace Verbose: 0 : 21524, 12, 2024/03/04, 08:57:44.122, 4738182940860, vstest.console.dll, MulticastDelegateUtilities.SafeInvoke: TestRun.LogMessages: Invoking callback 1/1 for Microsoft.VisualStudio.TestPlatform.CommandLine.TestRunResultAggregator., took 0 ms.
TpTrace Information: 0 : 21524, 12, 2024/03/04, 08:57:44.122, 4738182941322, vstest.console.dll, TestRunRequest:SendTestRunMessage: Completed.
TpTrace Verbose: 0 : 21524, 12, 2024/03/04, 08:57:44.123, 4738182941705, vstest.console.dll, MulticastDelegateUtilities.SafeInvoke: LengthPrefixCommunicationChannel: MessageReceived: Invoking callback 1/1 for Microsoft.VisualStudio.TestPlatform.CommunicationUtilities.TestRequestSender+<>c__DisplayClass34_0., took 0 ms.
TpTrace Verbose: 0 : 21524, 4, 2024/03/04, 08:57:44.123, 4738182941704, vstest.console.dll, MulticastDelegateUtilities.SafeInvoke: InternalTestLoggerEvents.SendTestRunMessage: Invoking callback 1/1 for Microsoft.VisualStudio.TestPlatform.CommandLine.Internal.ConsoleLogger., took 0 ms.
TpTrace Verbose: 0 : 21524, 12, 2024/03/04, 08:57:44.123, 4738182942105, vstest.console.dll, TcpClientExtensions.MessageLoopAsync: Polling on remoteEndPoint: 127.0.0.1:50739 localEndPoint: 127.0.0.1:50738
TpTrace Verbose: 0 : 21524, 12, 2024/03/04, 08:57:44.127, 4738182985726, vstest.console.dll, TcpClientExtensions.MessageLoopAsync: NotifyDataAvailable remoteEndPoint: 127.0.0.1:50739 localEndPoint: 127.0.0.1:50738
TpTrace Verbose: 0 : 21524, 12, 2024/03/04, 08:57:44.127, 4738182987567, vstest.console.dll, TestRequestSender.OnExecutionMessageReceived: Received message: {"Version":7,"MessageType":"TestSession.Message","Payload":{"MessageLevel":0,"Message":"[xUnit.net 00:00:00.65]   Starting:    RefactorTests6"}}
TpTrace Verbose: 0 : 21524, 12, 2024/03/04, 08:57:44.127, 4738182988946, vstest.console.dll, TestRunRequest:SendTestRunMessage: Starting.
TpTrace Verbose: 0 : 21524, 12, 2024/03/04, 08:57:44.127, 4738182989739, vstest.console.dll, MulticastDelegateUtilities.SafeInvoke: TestRun.LogMessages: Invoking callback 1/1 for Microsoft.VisualStudio.TestPlatform.CommandLine.TestRunResultAggregator., took 0 ms.
TpTrace Information: 0 : 21524, 12, 2024/03/04, 08:57:44.127, 4738182990079, vstest.console.dll, TestRunRequest:SendTestRunMessage: Completed.
TpTrace Verbose: 0 : 21524, 4, 2024/03/04, 08:57:44.127, 4738182990068, vstest.console.dll, MulticastDelegateUtilities.SafeInvoke: InternalTestLoggerEvents.SendTestRunMessage: Invoking callback 1/1 for Microsoft.VisualStudio.TestPlatform.CommandLine.Internal.ConsoleLogger., took 0 ms.
TpTrace Verbose: 0 : 21524, 12, 2024/03/04, 08:57:44.127, 4738182990432, vstest.console.dll, MulticastDelegateUtilities.SafeInvoke: LengthPrefixCommunicationChannel: MessageReceived: Invoking callback 1/1 for Microsoft.VisualStudio.TestPlatform.CommunicationUtilities.TestRequestSender+<>c__DisplayClass34_0., took 0 ms.
TpTrace Verbose: 0 : 21524, 12, 2024/03/04, 08:57:44.128, 4738182991655, vstest.console.dll, TcpClientExtensions.MessageLoopAsync: Polling on remoteEndPoint: 127.0.0.1:50739 localEndPoint: 127.0.0.1:50738
TpTrace Verbose: 0 : 21524, 12, 2024/03/04, 08:57:44.307, 4738184790678, vstest.console.dll, TcpClientExtensions.MessageLoopAsync: NotifyDataAvailable remoteEndPoint: 127.0.0.1:50739 localEndPoint: 127.0.0.1:50738
TpTrace Verbose: 0 : 21524, 12, 2024/03/04, 08:57:44.308, 4738184792367, vstest.console.dll, TestRequestSender.OnExecutionMessageReceived: Received message: {"Version":7,"MessageType":"TestSession.Message","Payload":{"MessageLevel":0,"Message":"[xUnit.net 00:00:00.83]   Finished:    RefactorTests6"}}
TpTrace Verbose: 0 : 21524, 12, 2024/03/04, 08:57:44.308, 4738184793736, vstest.console.dll, TestRunRequest:SendTestRunMessage: Starting.
TpTrace Verbose: 0 : 21524, 12, 2024/03/04, 08:57:44.308, 4738184794500, vstest.console.dll, MulticastDelegateUtilities.SafeInvoke: TestRun.LogMessages: Invoking callback 1/1 for Microsoft.VisualStudio.TestPlatform.CommandLine.TestRunResultAggregator., took 0 ms.
TpTrace Verbose: 0 : 21524, 4, 2024/03/04, 08:57:44.308, 4738184794776, vstest.console.dll, MulticastDelegateUtilities.SafeInvoke: InternalTestLoggerEvents.SendTestRunMessage: Invoking callback 1/1 for Microsoft.VisualStudio.TestPlatform.CommandLine.Internal.ConsoleLogger., took 0 ms.
TpTrace Information: 0 : 21524, 12, 2024/03/04, 08:57:44.308, 4738184794831, vstest.console.dll, TestRunRequest:SendTestRunMessage: Completed.
TpTrace Verbose: 0 : 21524, 12, 2024/03/04, 08:57:44.308, 4738184796058, vstest.console.dll, MulticastDelegateUtilities.SafeInvoke: LengthPrefixCommunicationChannel: MessageReceived: Invoking callback 1/1 for Microsoft.VisualStudio.TestPlatform.CommunicationUtilities.TestRequestSender+<>c__DisplayClass34_0., took 0 ms.
TpTrace Verbose: 0 : 21524, 12, 2024/03/04, 08:57:44.308, 4738184796401, vstest.console.dll, TcpClientExtensions.MessageLoopAsync: Polling on remoteEndPoint: 127.0.0.1:50739 localEndPoint: 127.0.0.1:50738
TpTrace Verbose: 0 : 21524, 12, 2024/03/04, 08:57:44.373, 4738185450266, vstest.console.dll, TcpClientExtensions.MessageLoopAsync: NotifyDataAvailable remoteEndPoint: 127.0.0.1:50739 localEndPoint: 127.0.0.1:50738
TpTrace Verbose: 0 : 21524, 12, 2024/03/04, 08:57:44.374, 4738185454779, vstest.console.dll, TestRequestSender.OnExecutionMessageReceived: Received message: {"Version":7,"MessageType":"TestExecution.Completed","Payload":{"TestRunCompleteArgs":{"TestRunStatistics":{"ExecutedTests":5,"Stats":{"Passed":5}},"IsCanceled":false,"IsAborted":false,"Error":null,"AttachmentSets":[],"InvokedDataCollectors":[],"ElapsedTimeInRunningTests":"00:00:00.8459876","Metrics":{},"DiscoveredExtensions":{"TestDiscoverers":["Xunit.Runner.VisualStudio.VsTestRunner, xunit.runner.visualstudio.dotnetcore.testadapter, Version=2.4.0.0, Culture=neutral, PublicKeyToken=8d05b1bb7a6fdb6c"],"TestExecutors":["executor://xunit/VsTestRunner2/netcoreapp"],"TestExecutors2":[],"TestSettingsProviders":[]}},"LastRunTests":{"NewTestResults":[{"TestCase":{"Id":"c4608dba-9f36-f610-11e8-678265a12d8f","FullyQualifiedName":"RefactorTests6.UnitTest1+BillTests.TestCreateBill","DisplayName":"RefactorTests6.UnitTest1+BillTests.TestCreateBill(input: \"test5.yaml\", expectedCustomerName: \"David\", expectedCustomerBonus: 30, expectedGoodsCount: 2, expectedItemsCount: 2, expectedTotalAmount: 111, expectedTotalBonus: 12)","ExecutorUri":"executor://xunit/VsTestRunner2/netcoreapp","Source":"C:\\Users\\ivank\\source\\repos\\Refactor6\\RefactorTests6\\bin\\Debug\\net7.0\\fine-code-coverage\\build-output\\RefactorTests6.dll","CodeFilePath":null,"LineNumber":0,"Properties":[]},"Attachments":[],"Outcome":1,"ErrorMessage":null,"ErrorStackTrace":null,"DisplayName":"RefactorTests6.UnitTest1+BillTests.TestCreateBill(input: \"test5.yaml\", expectedCustomerName: \"David\", expectedCustomerBonus: 30, expectedGoodsCount: 2, expectedItemsCount: 2, expectedTotalAmount: 111, expectedTotalBonus: 12)","Messages":[],"ComputerName":"DESKTOP-09RAVQF","Duration":"00:00:00.0195030","StartTime":"2024-03-04T05:57:44.2615685+00:00","EndTime":"2024-03-04T05:57:44.2615943+00:00","Properties":[]},{"TestCase":{"Id":"1a1ecec4-8197-89e1-18d7-55e8461ab10e","FullyQualifiedName":"RefactorTests6.UnitTest1+BillTests.TestCreateBill","DisplayName":"RefactorTests6.UnitTest1+BillTests.TestCreateBill(input: \"test3.yaml\", expectedCustomerName: \"Bob\", expectedCustomerBonus: 0, expectedGoodsCount: 1, expectedItemsCount: 1, expectedTotalAmount: 80, expectedTotalBonus: 0)","ExecutorUri":"executor://xunit/VsTestRunner2/netcoreapp","Source":"C:\\Users\\ivank\\source\\repos\\Refactor6\\RefactorTests6\\bin\\Debug\\net7.0\\fine-code-coverage\\build-output\\RefactorTests6.dll","CodeFilePath":null,"LineNumber":0,"Properties":[]},"Attachments":[],"Outcome":1,"ErrorMessage":null,"ErrorStackTrace":null,"DisplayName":"RefactorTests6.UnitTest1+BillTests.TestCreateBill(input: \"test3.yaml\", expectedCustomerName: \"Bob\", expectedCustomerBonus: 0, expectedGoodsCount: 1, expectedItemsCount: 1, expectedTotalAmount: 80, expectedTotalBonus: 0)","Messages":[],"ComputerName":"DESKTOP-09RAVQF","Duration":"00:00:00.0010732","StartTime":"2024-03-04T05:57:44.2910801+00:00","EndTime":"2024-03-04T05:57:44.2910808+00:00","Properties":[]},{"TestCase":{"Id":"922641c7-1b77-3f8e-f2cf-925518f2a57f","FullyQualifiedName":"RefactorTests6.UnitTest1+BillTests.TestCreateBill","DisplayName":"RefactorTests6.UnitTest1+BillTests.TestCreateBill(input: \"test1.yaml\", expectedCustomerName: \"John\", expectedCustomerBonus: 50, expectedGoodsCount: 2, expectedItemsCount: 2, expectedTotalAmount: 110, expectedTotalBonus: 5)","ExecutorUri":"executor://xunit/VsTestRunner2/netcoreapp","Source":"C:\\Users\\ivank\\source\\repos\\Refactor6\\RefactorTests6\\bin\\Debug\\net7.0\\fine-code-coverage\\build-output\\RefactorTests6.dll","CodeFilePath":null,"LineNumber":0,"Properties":[]},"Attachments":[],"Outcome":1,"ErrorMessage":null,"ErrorStackTrace":null,"DisplayName":"RefactorTests6.UnitTest1+BillTests.TestCreateBill(input: \"test1.yaml\", expectedCustomerName: \"John\", expectedCustomerBonus: 50, expectedGoodsCount: 2, expectedItemsCount: 2, expectedTotalAmount: 110, expectedTotalBonus: 5)","Messages":[],"ComputerName":"DESKTOP-09RAVQF","Duration":"00:00:00.0005484","StartTime":"2024-03-04T05:57:44.2969278+00:00","EndTime":"2024-03-04T05:57:44.296928+00:00","Properties":[]},{"TestCase":{"Id":"6650503d-019b-92a4-49f6-054609292b2b","FullyQualifiedName":"RefactorTests6.UnitTest1+BillTests.TestCreateBill","DisplayName":"RefactorTests6.UnitTest1+BillTests.TestCreateBill(input: \"test4.yaml\", expectedCustomerName: \"Emma\", expectedCustomerBonus: 15, expectedGoodsCount: 4, expectedItemsCount: 4, expectedTotalAmount: 435, expectedTotalBonus: 20)","ExecutorUri":"executor://xunit/VsTestRunner2/netcoreapp","Source":"C:\\Users\\ivank\\source\\repos\\Refactor6\\RefactorTests6\\bin\\Debug\\net7.0\\fine-code-coverage\\build-output\\RefactorTests6.dll","CodeFilePath":null,"LineNumber":0,"Properties":[]},"Attachments":[],"Outcome":1,"ErrorMessage":null,"ErrorStackTrace":null,"DisplayName":"RefactorTests6.UnitTest1+BillTests.TestCreateBill(input: \"test4.yaml\", expectedCustomerName: \"Emma\", expectedCustomerBonus: 15, expectedGoodsCount: 4, expectedItemsCount: 4, expectedTotalAmount: 435, expectedTotalBonus: 20)","Messages":[],"ComputerName":"DESKTOP-09RAVQF","Duration":"00:00:00.0004587","StartTime":"2024-03-04T05:57:44.3003069+00:00","EndTime":"2024-03-04T05:57:44.300307+00:00","Properties":[]},{"TestCase":{"Id":"31c820e6-5247-7c00-a26e-35ffe3ee67ac","FullyQualifiedName":"RefactorTests6.UnitTest1+BillTests.TestCreateBill","DisplayName":"RefactorTests6.UnitTest1+BillTests.TestCreateBill(input: \"test2.yaml\", expectedCustomerName: \"Alice\", expectedCustomerBonus: 20, expectedGoodsCount: 3, expectedItemsCount: 3, expectedTotalAmount: 1400, expectedTotalBonus: 70)","ExecutorUri":"executor://xunit/VsTestRunner2/netcoreapp","Source":"C:\\Users\\ivank\\source\\repos\\Refactor6\\RefactorTests6\\bin\\Debug\\net7.0\\fine-code-coverage\\build-output\\RefactorTests6.dll","CodeFilePath":null,"LineNumber":0,"Properties":[]},"Attachments":[],"Outcome":1,"ErrorMessage":null,"ErrorStackTrace":null,"DisplayName":"RefactorTests6.UnitTest1+BillTests.TestCreateBill(input: \"test2.yaml\", expectedCustomerName: \"Alice\", expectedCustomerBonus: 20, expectedGoodsCount: 3, expectedItemsCount: 3, expectedTotalAmount: 1400, expectedTotalBonus: 70)","Messages":[],"ComputerName":"DESKTOP-09RAVQF","Duration":"00:00:00.0008472","StartTime":"2024-03-04T05:57:44.3042242+00:00","EndTime":"2024-03-04T05:57:44.3042243+00:00","Properties":[]}],"TestRunStatistics":{"ExecutedTests":5,"Stats":{"Passed":5}},"ActiveTests":[]},"RunAttachments":[],"ExecutorUris":["executor://xunit/VsTestRunner2/netcoreapp"]}}
TpTrace Verbose: 0 : 21524, 12, 2024/03/04, 08:57:44.374, 4738185457147, vstest.console.dll, TestRequestSender.EndSession: Sending end session.
TpTrace Verbose: 0 : 21524, 12, 2024/03/04, 08:57:44.374, 4738185459761, vstest.console.dll, ProxyOperationManager.Close: waiting for test host to exit for 100 ms
TpTrace Verbose: 0 : 21524, 11, 2024/03/04, 08:57:44.399, 4738185708018, vstest.console.dll, TestHostManagerCallbacks.ctor: Experimental forwarding output is disabled.
TpTrace Warning: 0 : 21524, 11, 2024/03/04, 08:57:44.399, 4738185709493, vstest.console.dll, TestHostManagerCallbacks.ErrorReceivedCallback Test host standard error line: 
TpTrace Verbose: 0 : 21524, 11, 2024/03/04, 08:57:44.414, 4738185858894, vstest.console.dll, TestHostProvider.ExitCallBack: Host exited starting callback.
TpTrace Information: 0 : 21524, 11, 2024/03/04, 08:57:44.414, 4738185860958, vstest.console.dll, TestHostManagerCallbacks.ExitCallBack: Testhost processId: 13128 exited with exitcode: 0 error: ''
TpTrace Verbose: 0 : 21524, 11, 2024/03/04, 08:57:44.415, 4738185861656, vstest.console.dll, DotnetTestHostManager.OnHostExited: invoking OnHostExited callback
TpTrace Verbose: 0 : 21524, 11, 2024/03/04, 08:57:44.415, 4738185862392, vstest.console.dll, CrossPlatEngine.TestHostManagerHostExited: calling on client process exit callback.
TpTrace Information: 0 : 21524, 11, 2024/03/04, 08:57:44.415, 4738185863115, vstest.console.dll, TestRequestSender.OnClientProcessExit: Test host process exited. Standard error: 
TpTrace Information: 0 : 21524, 12, 2024/03/04, 08:57:44.415, 4738185863407, vstest.console.dll, SocketServer.Stop: Stop server endPoint: 127.0.0.1:50738
TpTrace Information: 0 : 21524, 11, 2024/03/04, 08:57:44.415, 4738185863719, vstest.console.dll, SocketServer.Stop: Stop server endPoint: 127.0.0.1:50738
TpTrace Information: 0 : 21524, 12, 2024/03/04, 08:57:44.415, 4738185864124, vstest.console.dll, SocketServer.Stop: Cancellation requested. Stopping message loop.
TpTrace Information: 0 : 21524, 11, 2024/03/04, 08:57:44.415, 4738185864773, vstest.console.dll, SocketServer.Stop: Cancellation requested. Stopping message loop.
TpTrace Verbose: 0 : 21524, 11, 2024/03/04, 08:57:44.415, 4738185866218, vstest.console.dll, MulticastDelegateUtilities.SafeInvoke: HostProviderEvents.OnHostExited: Invoking callback 1/1 for Microsoft.VisualStudio.TestPlatform.CrossPlatEngine.Client.ProxyOperationManager., took 0 ms.
TpTrace Information: 0 : 21524, 12, 2024/03/04, 08:57:44.415, 4738185867033, vstest.console.dll, Closing the connection
TpTrace Verbose: 0 : 21524, 12, 2024/03/04, 08:57:44.415, 4738185870168, vstest.console.dll, ProxyDataCollectionManager.InvokeDataCollectionServiceAction: Starting.
TpTrace Information: 0 : 21524, 12, 2024/03/04, 08:57:44.415, 4738185870836, vstest.console.dll, ProxyDataCollectionManager.AfterTestRunEnd: Get attachment set and invoked data collectors processId: 10744 port: 50735
TpTrace Verbose: 0 : 21524, 12, 2024/03/04, 08:57:44.416, 4738185871539, vstest.console.dll, DataCollectionRequestSender.SendAfterTestRunStartAndGetResult: Send AfterTestRunEnd message with isCancelled: False
TpTrace Verbose: 0 : 21524, 12, 2024/03/04, 08:57:44.423, 4738185947001, vstest.console.dll, DataCollectionRequestSender.SendAfterTestRunStartAndGetResult: Received message: (DataCollection.AfterTestRunEndResult) -> {"MessageType":"DataCollection.AfterTestRunEndResult","Payload":{"AttachmentSets":[],"InvokedDataCollectors":[{"Uri":"datacollector://Microsoft/TestPlatform/Extensions/Blame/v1","FriendlyName":"Blame","AssemblyQualifiedName":"Microsoft.TestPlatform.Extensions.BlameDataCollector.BlameCollector, Microsoft.TestPlatform.Extensions.BlameDataCollector, Version=15.0.0.0, Culture=neutral, PublicKeyToken=b03f5f7f11d50a3a","FilePath":"C:\\Program Files\\dotnet\\sdk\\8.0.100\\Extensions\\Microsoft.TestPlatform.Extensions.BlameDataCollector.dll","HasAttachmentProcessor":false}],"Metrics":{}}}
TpTrace Warning: 0 : 21524, 7, 2024/03/04, 08:57:44.428, 4738185991690, vstest.console.dll, DataCollectionLauncher.ErrorReceivedCallback datacollector standard error line: 
TpTrace Information: 0 : 21524, 12, 2024/03/04, 08:57:44.433, 4738186041859, vstest.console.dll, ProxyDataCollectionManager.InvokeDataCollectionServiceAction: Completed.
TpTrace Information: 0 : 21524, 7, 2024/03/04, 08:57:44.435, 4738186063336, vstest.console.dll, DataCollectionLauncher.ExitCallBack: Data collector exited with exitcode: 0 error: ''
TpTrace Verbose: 0 : 21524, 12, 2024/03/04, 08:57:44.511, 4738186826836, vstest.console.dll, TestRunRequest:SendTestRunStatsChange: Starting.
TpTrace Verbose: 0 : 21524, 12, 2024/03/04, 08:57:44.511, 4738186830917, vstest.console.dll, MulticastDelegateUtilities.SafeInvoke: TestRun.RunStatsChanged: Invoking callbacks was skipped because there are no subscribers.
TpTrace Information: 0 : 21524, 12, 2024/03/04, 08:57:44.512, 4738186831522, vstest.console.dll, TestRunRequest:SendTestRunStatsChange: Completed.
TpTrace Verbose: 0 : 21524, 12, 2024/03/04, 08:57:44.512, 4738186836206, vstest.console.dll, ParallelProxyExecutionManager: HandlePartialRunComplete: Total workloads = 1, Total started clients = 1 Total completed clients = 1, Run complete = True, Run canceled: False.
TpTrace Verbose: 0 : 21524, 12, 2024/03/04, 08:57:44.512, 4738186836632, vstest.console.dll, ParallelProxyExecutionManager: HandlePartialRunComplete: All runs completed stopping all managers.
TpTrace Verbose: 0 : 21524, 12, 2024/03/04, 08:57:44.512, 4738186836955, vstest.console.dll, ParallelOperationManager.StopAllManagers: Stopping all managers.
TpTrace Verbose: 0 : 21524, 12, 2024/03/04, 08:57:44.512, 4738186837248, vstest.console.dll, ParallelOperationManager.ClearSlots: Clearing all slots. Slots should accept more work: False
TpTrace Verbose: 0 : 21524, 12, 2024/03/04, 08:57:44.512, 4738186837756, vstest.console.dll, ParallelOperationManager.SetOccupiedSlotCount: Setting slot counts AvailableSlotCount = 1, OccupiedSlotCount = 0.
TpTrace Verbose: 0 : 21524, 12, 2024/03/04, 08:57:44.512, 4738186838291, vstest.console.dll, Occupied slots:

TpTrace Verbose: 0 : 21524, 4, 2024/03/04, 08:57:44.513, 4738186848737, vstest.console.dll, MulticastDelegateUtilities.SafeInvoke: InternalTestLoggerEvents.SendTestResult: Invoking callback 1/1 for Microsoft.VisualStudio.TestPlatform.CommandLine.Internal.ConsoleLogger., took 1 ms.
TpTrace Verbose: 0 : 21524, 4, 2024/03/04, 08:57:44.514, 4738186852349, vstest.console.dll, MulticastDelegateUtilities.SafeInvoke: InternalTestLoggerEvents.SendTestResult: Invoking callback 1/1 for Microsoft.VisualStudio.TestPlatform.CommandLine.Internal.ConsoleLogger., took 0 ms.
TpTrace Verbose: 0 : 21524, 4, 2024/03/04, 08:57:44.514, 4738186853382, vstest.console.dll, MulticastDelegateUtilities.SafeInvoke: InternalTestLoggerEvents.SendTestResult: Invoking callback 1/1 for Microsoft.VisualStudio.TestPlatform.CommandLine.Internal.ConsoleLogger., took 0 ms.
TpTrace Verbose: 0 : 21524, 4, 2024/03/04, 08:57:44.514, 4738186853758, vstest.console.dll, MulticastDelegateUtilities.SafeInvoke: InternalTestLoggerEvents.SendTestResult: Invoking callback 1/1 for Microsoft.VisualStudio.TestPlatform.CommandLine.Internal.ConsoleLogger., took 0 ms.
TpTrace Verbose: 0 : 21524, 4, 2024/03/04, 08:57:44.514, 4738186854123, vstest.console.dll, MulticastDelegateUtilities.SafeInvoke: InternalTestLoggerEvents.SendTestResult: Invoking callback 1/1 for Microsoft.VisualStudio.TestPlatform.CommandLine.Internal.ConsoleLogger., took 0 ms.
TpTrace Verbose: 0 : 21524, 4, 2024/03/04, 08:57:44.522, 4738186934254, vstest.console.dll, MulticastDelegateUtilities.SafeInvoke: InternalTestLoggerEvents.SendTestRunComplete: Invoking callback 1/2 for Microsoft.TestPlatform.Extensions.BlameDataCollector.BlameLogger., took 0 ms.
TpTrace Verbose: 0 : 21524, 4, 2024/03/04, 08:57:44.530, 4738187012239, vstest.console.dll, MulticastDelegateUtilities.SafeInvoke: InternalTestLoggerEvents.SendTestRunComplete: Invoking callback 2/2 for Microsoft.VisualStudio.TestPlatform.CommandLine.Internal.ConsoleLogger., took 7 ms.
TpTrace Verbose: 0 : 21524, 12, 2024/03/04, 08:57:44.530, 4738187016716, vstest.console.dll, TestRunRequest:TestRunComplete: Starting. IsAborted:False IsCanceled:False.
TpTrace Verbose: 0 : 21524, 12, 2024/03/04, 08:57:44.530, 4738187019183, vstest.console.dll, ParallelOperationManager.DoActionOnAllManagers: Calling an action on all managers.
TpTrace Verbose: 0 : 21524, 12, 2024/03/04, 08:57:44.532, 4738187034225, vstest.console.dll, TestLoggerManager.HandleTestRunComplete: Ignoring as the object is disposed.
TpTrace Verbose: 0 : 21524, 12, 2024/03/04, 08:57:44.532, 4738187037855, vstest.console.dll, MulticastDelegateUtilities.SafeInvoke: TestRun.TestRunComplete: Invoking callback 1/2 for Microsoft.VisualStudio.TestPlatform.CommandLine.TestRunResultAggregator., took 0 ms.
TpTrace Verbose: 0 : 21524, 12, 2024/03/04, 08:57:44.532, 4738187039543, vstest.console.dll, MulticastDelegateUtilities.SafeInvoke: TestRun.TestRunComplete: Invoking callback 2/2 for Microsoft.VisualStudio.TestPlatform.CommandLine.Processors.RunTestsArgumentExecutor+TestRunRequestEventsRegistrar., took 0 ms.
TpTrace Information: 0 : 21524, 12, 2024/03/04, 08:57:44.532, 4738187041136, vstest.console.dll, TestRunRequest:TestRunComplete: Completed.
TpTrace Verbose: 0 : 21524, 12, 2024/03/04, 08:57:44.533, 4738187042182, vstest.console.dll, TestRequestSender.SetOperationComplete: Setting operation complete.
TpTrace Verbose: 0 : 21524, 1, 2024/03/04, 08:57:44.533, 4738187042604, vstest.console.dll, TestRunRequest.Dispose: Starting.
TpTrace Information: 0 : 21524, 1, 2024/03/04, 08:57:44.533, 4738187043775, vstest.console.dll, TestRunRequest.Dispose: Completed.
TpTrace Information: 0 : 21524, 12, 2024/03/04, 08:57:44.533, 4738187042744, vstest.console.dll, SocketServer.Stop: Stop server endPoint: 127.0.0.1:50738
TpTrace Information: 0 : 21524, 12, 2024/03/04, 08:57:44.533, 4738187048819, vstest.console.dll, SocketServer.Stop: Cancellation requested. Stopping message loop.
TpTrace Verbose: 0 : 21524, 12, 2024/03/04, 08:57:44.533, 4738187049464, vstest.console.dll, MulticastDelegateUtilities.SafeInvoke: LengthPrefixCommunicationChannel: MessageReceived: Invoking callback 1/1 for Microsoft.VisualStudio.TestPlatform.CommunicationUtilities.TestRequestSender+<>c__DisplayClass34_0., took 159 ms.
TpTrace Information: 0 : 21524, 12, 2024/03/04, 08:57:44.533, 4738187050056, vstest.console.dll, SocketServer.PrivateStop: Stopping server endPoint: 127.0.0.1:50738 error: 
TpTrace Information: 0 : 21524, 1, 2024/03/04, 08:57:44.533, 4738187048376, vstest.console.dll, TestRequestManager.RunTests: run tests completed.
TpTrace Verbose: 0 : 21524, 12, 2024/03/04, 08:57:44.534, 4738187057154, vstest.console.dll, LengthPrefixCommunicationChannel.Dispose: Dispose reader and writer.
TpTrace Information: 0 : 21524, 1, 2024/03/04, 08:57:44.534, 4738187058252, vstest.console.dll, RunTestsArgumentProcessor:Execute: Test run is completed.
TpTrace Information: 0 : 21524, 12, 2024/03/04, 08:57:44.534, 4738187058429, vstest.console.dll, SocketServer.Stop: Raise disconnected event endPoint: 127.0.0.1:50738 error: 
TpTrace Verbose: 0 : 21524, 12, 2024/03/04, 08:57:44.534, 4738187060377, vstest.console.dll, TestRequestSender: OnTestRunAbort: Operation is already complete. Skip error message.
TpTrace Verbose: 0 : 21524, 12, 2024/03/04, 08:57:44.534, 4738187060807, vstest.console.dll, MulticastDelegateUtilities.SafeInvoke: SocketServer: ClientDisconnected: Invoking callback 1/1 for Microsoft.VisualStudio.TestPlatform.CommunicationUtilities.TestRequestSender., took 0 ms.
TpTrace Verbose: 0 : 21524, 12, 2024/03/04, 08:57:44.534, 4738187061097, vstest.console.dll, TcpClientExtensions.MessageLoopAsync: exiting MessageLoopAsync remoteEndPoint: 127.0.0.1:50739 localEndPoint: 127.0.0.1:50738
TpTrace Verbose: 0 : 21524, 1, 2024/03/04, 08:57:44.534, 4738187061082, vstest.console.dll, Executor.Execute: Exiting with exit code of 0
