TpTrace Verbose: 0 : 10480, 1, 2023/10/07, 15:21:13.000, 6169946350836, vstest.console.dll, Version: 17.4.0-release-20221019-01 Current process architecture: X64
TpTrace Verbose: 0 : 10480, 1, 2023/10/07, 15:21:13.002, 6169946373054, vstest.console.dll, Runtime location: C:\Program Files\dotnet\shared\Microsoft.NETCore.App\7.0.2
TpTrace Verbose: 0 : 10480, 1, 2023/10/07, 15:21:13.006, 6169946416551, vstest.console.dll, ArtifactProcessingPostProcessModeProcessorExecutor.Initialize: ArtifactProcessingMode.Collect
TpTrace Verbose: 0 : 10480, 1, 2023/10/07, 15:21:13.007, 6169946422106, vstest.console.dll, TestSessionCorrelationIdProcessorModeProcessorExecutor.Initialize: TestSessionCorrelationId '11144_434991e3-f13d-4a26-9167-1611c6526fc1'
TpTrace Information: 0 : 10480, 1, 2023/10/07, 15:21:13.020, 6169946550908, vstest.console.dll, FilePatternParser: The given file C:\Users\ivank\source\repos\TestAndDebug7\StackTests\bin\Debug\net7.0\fine-code-coverage\build-output\StackTests.dll is a full path.
TpTrace Verbose: 0 : 10480, 1, 2023/10/07, 15:21:13.024, 6169946592220, vstest.console.dll, TestPluginCache.DiscoverTestExtensions: finding test extensions in assemblies ends with: RuntimeProvider.dll TPluginInfo: Microsoft.VisualStudio.TestPlatform.Common.ExtensionFramework.Utilities.TestRuntimePluginInformation TExtension: Microsoft.VisualStudio.TestPlatform.ObjectModel.Host.ITestRuntimeProvider
TpTrace Verbose: 0 : 10480, 1, 2023/10/07, 15:21:13.024, 6169946594188, vstest.console.dll, TestPluginCache.GetExtensionPaths: Filtered extension paths: 
TpTrace Verbose: 0 : 10480, 1, 2023/10/07, 15:21:13.024, 6169946594772, vstest.console.dll, TestPluginCache.GetExtensionPaths: Added default extension paths: C:\Program Files\dotnet\sdk\7.0.102\Extensions\Microsoft.Diagnostics.NETCore.Client.dll
C:\Program Files\dotnet\sdk\7.0.102\Extensions\Microsoft.TestPlatform.Extensions.BlameDataCollector.dll
C:\Program Files\dotnet\sdk\7.0.102\Extensions\Microsoft.TestPlatform.Extensions.EventLogCollector.dll
C:\Program Files\dotnet\sdk\7.0.102\Extensions\Microsoft.TestPlatform.TestHostRuntimeProvider.dll
C:\Program Files\dotnet\sdk\7.0.102\Extensions\Microsoft.VisualStudio.TestPlatform.Extensions.Html.TestLogger.dll
C:\Program Files\dotnet\sdk\7.0.102\Extensions\Microsoft.VisualStudio.TestPlatform.Extensions.Trx.TestLogger.dll
TpTrace Verbose: 0 : 10480, 1, 2023/10/07, 15:21:13.024, 6169946595001, vstest.console.dll, TestPluginCache.GetExtensionPaths: Added unfilterableExtensionPaths: 
TpTrace Information: 0 : 10480, 1, 2023/10/07, 15:21:13.025, 6169946600362, vstest.console.dll, AssemblyResolver.ctor: Creating AssemblyResolver with searchDirectories C:\Program Files\dotnet\sdk\7.0.102\Extensions,C:\Program Files\dotnet\sdk\7.0.102
TpTrace Verbose: 0 : 10480, 1, 2023/10/07, 15:21:13.025, 6169946607026, vstest.console.dll, TestPluginCache.DiscoverTestExtensions: Discovering the extensions using extension path.
TpTrace Verbose: 0 : 10480, 1, 2023/10/07, 15:21:13.025, 6169946608211, vstest.console.dll, TestPluginCache.GetExtensionPaths: Filtered extension paths: 
TpTrace Verbose: 0 : 10480, 1, 2023/10/07, 15:21:13.025, 6169946608544, vstest.console.dll, TestPluginCache.GetExtensionPaths: Added default extension paths: C:\Program Files\dotnet\sdk\7.0.102\Extensions\Microsoft.Diagnostics.NETCore.Client.dll
C:\Program Files\dotnet\sdk\7.0.102\Extensions\Microsoft.TestPlatform.Extensions.BlameDataCollector.dll
C:\Program Files\dotnet\sdk\7.0.102\Extensions\Microsoft.TestPlatform.Extensions.EventLogCollector.dll
C:\Program Files\dotnet\sdk\7.0.102\Extensions\Microsoft.TestPlatform.TestHostRuntimeProvider.dll
C:\Program Files\dotnet\sdk\7.0.102\Extensions\Microsoft.VisualStudio.TestPlatform.Extensions.Html.TestLogger.dll
C:\Program Files\dotnet\sdk\7.0.102\Extensions\Microsoft.VisualStudio.TestPlatform.Extensions.Trx.TestLogger.dll
TpTrace Verbose: 0 : 10480, 1, 2023/10/07, 15:21:13.026, 6169946608748, vstest.console.dll, TestPluginCache.GetExtensionPaths: Added unfilterableExtensionPaths: 
TpTrace Verbose: 0 : 10480, 1, 2023/10/07, 15:21:13.026, 6169946610525, vstest.console.dll, TestPluginCache.DiscoverTestExtensions: Discovering the extensions using allExtensionPaths: C:\Program Files\dotnet\sdk\7.0.102\Extensions\Microsoft.Diagnostics.NETCore.Client.dll
C:\Program Files\dotnet\sdk\7.0.102\Extensions\Microsoft.TestPlatform.Extensions.BlameDataCollector.dll
C:\Program Files\dotnet\sdk\7.0.102\Extensions\Microsoft.TestPlatform.Extensions.EventLogCollector.dll
C:\Program Files\dotnet\sdk\7.0.102\Extensions\Microsoft.TestPlatform.TestHostRuntimeProvider.dll
C:\Program Files\dotnet\sdk\7.0.102\Extensions\Microsoft.VisualStudio.TestPlatform.Extensions.Html.TestLogger.dll
C:\Program Files\dotnet\sdk\7.0.102\Extensions\Microsoft.VisualStudio.TestPlatform.Extensions.Trx.TestLogger.dll
TpTrace Information: 0 : 10480, 1, 2023/10/07, 15:21:13.026, 6169946611877, vstest.console.dll, AssemblyResolver.AddSearchDirectories: Adding more searchDirectories C:\Program Files\dotnet\sdk\7.0.102\Extensions,C:\Program Files\dotnet\sdk\7.0.102
TpTrace Information: 0 : 10480, 1, 2023/10/07, 15:21:13.026, 6169946612289, vstest.console.dll, AssemblyResolver.AddSearchDirectories: Adding more searchDirectories C:\Program Files\dotnet\sdk\7.0.102\Extensions,C:\Program Files\dotnet\sdk\7.0.102
TpTrace Information: 0 : 10480, 1, 2023/10/07, 15:21:13.026, 6169946612534, vstest.console.dll, AssemblyResolver.AddSearchDirectories: Adding more searchDirectories C:\Program Files\dotnet\sdk\7.0.102\Extensions,C:\Program Files\dotnet\sdk\7.0.102
TpTrace Information: 0 : 10480, 1, 2023/10/07, 15:21:13.026, 6169946612716, vstest.console.dll, AssemblyResolver.AddSearchDirectories: Adding more searchDirectories C:\Program Files\dotnet\sdk\7.0.102\Extensions,C:\Program Files\dotnet\sdk\7.0.102
TpTrace Information: 0 : 10480, 1, 2023/10/07, 15:21:13.026, 6169946612893, vstest.console.dll, AssemblyResolver.AddSearchDirectories: Adding more searchDirectories C:\Program Files\dotnet\sdk\7.0.102\Extensions,C:\Program Files\dotnet\sdk\7.0.102
TpTrace Information: 0 : 10480, 1, 2023/10/07, 15:21:13.026, 6169946613107, vstest.console.dll, AssemblyResolver.AddSearchDirectories: Adding more searchDirectories C:\Program Files\dotnet\sdk\7.0.102\Extensions,C:\Program Files\dotnet\sdk\7.0.102
TpTrace Information: 0 : 10480, 1, 2023/10/07, 15:21:13.026, 6169946616361, vstest.console.dll, AssemblyResolver.OnResolve: Microsoft.Diagnostics.NETCore.Client: Resolving assembly.
TpTrace Information: 0 : 10480, 1, 2023/10/07, 15:21:13.026, 6169946616844, vstest.console.dll, AssemblyResolver.OnResolve: Microsoft.Diagnostics.NETCore.Client: Searching in: 'C:\Program Files\dotnet\sdk\7.0.102\Extensions'.
TpTrace Information: 0 : 10480, 1, 2023/10/07, 15:21:13.033, 6169946679006, vstest.console.dll, AssemblyResolver.OnResolve: Microsoft.Diagnostics.NETCore.Client: Loading assembly 'C:\Program Files\dotnet\sdk\7.0.102\Extensions\Microsoft.Diagnostics.NETCore.Client.dll'.
TpTrace Information: 0 : 10480, 1, 2023/10/07, 15:21:13.033, 6169946685495, vstest.console.dll, AssemblyResolver.OnResolve: Resolved assembly: Microsoft.Diagnostics.NETCore.Client, from path: C:\Program Files\dotnet\sdk\7.0.102\Extensions\Microsoft.Diagnostics.NETCore.Client.dll
TpTrace Verbose: 0 : 10480, 1, 2023/10/07, 15:21:13.034, 6169946697250, vstest.console.dll, MetadataReaderExtensionsHelper: Discovering extensions inside assembly 'Microsoft.Diagnostics.NETCore.Client, Version=0.2.6.42401, Culture=neutral, PublicKeyToken=31bf3856ad364e35' file path 'C:\Program Files\dotnet\sdk\7.0.102\Extensions\Microsoft.Diagnostics.NETCore.Client.dll'
TpTrace Information: 0 : 10480, 1, 2023/10/07, 15:21:13.038, 6169946732480, vstest.console.dll, AssemblyResolver.OnResolve: Microsoft.Bcl.AsyncInterfaces: Resolving assembly.
TpTrace Information: 0 : 10480, 1, 2023/10/07, 15:21:13.038, 6169946733404, vstest.console.dll, AssemblyResolver.OnResolve: Microsoft.Bcl.AsyncInterfaces: Searching in: 'C:\Program Files\dotnet\sdk\7.0.102\Extensions'.
TpTrace Information: 0 : 10480, 1, 2023/10/07, 15:21:13.038, 6169946734161, vstest.console.dll, AssemblyResolver.OnResolve: Microsoft.Bcl.AsyncInterfaces: Assembly path does not exist: 'C:\Program Files\dotnet\sdk\7.0.102\Extensions\Microsoft.Bcl.AsyncInterfaces.dll', returning.
TpTrace Information: 0 : 10480, 1, 2023/10/07, 15:21:13.038, 6169946735168, vstest.console.dll, AssemblyResolver.OnResolve: Microsoft.Bcl.AsyncInterfaces: Assembly path does not exist: 'C:\Program Files\dotnet\sdk\7.0.102\Extensions\Microsoft.Bcl.AsyncInterfaces.exe', returning.
TpTrace Information: 0 : 10480, 1, 2023/10/07, 15:21:13.038, 6169946735417, vstest.console.dll, AssemblyResolver.OnResolve: Microsoft.Bcl.AsyncInterfaces: Searching in: 'C:\Program Files\dotnet\sdk\7.0.102'.
TpTrace Information: 0 : 10480, 1, 2023/10/07, 15:21:13.038, 6169946735880, vstest.console.dll, AssemblyResolver.OnResolve: Microsoft.Bcl.AsyncInterfaces: Assembly path does not exist: 'C:\Program Files\dotnet\sdk\7.0.102\Microsoft.Bcl.AsyncInterfaces.dll', returning.
TpTrace Information: 0 : 10480, 1, 2023/10/07, 15:21:13.038, 6169946736312, vstest.console.dll, AssemblyResolver.OnResolve: Microsoft.Bcl.AsyncInterfaces: Assembly path does not exist: 'C:\Program Files\dotnet\sdk\7.0.102\Microsoft.Bcl.AsyncInterfaces.exe', returning.
TpTrace Information: 0 : 10480, 1, 2023/10/07, 15:21:13.038, 6169946736546, vstest.console.dll, AssemblyResolver.OnResolve: Microsoft.Bcl.AsyncInterfaces: Failed to load assembly.
TpTrace Verbose: 0 : 10480, 1, 2023/10/07, 15:21:13.038, 6169946736796, vstest.console.dll, CurrentDomainAssemblyResolve: Resolving assembly 'Microsoft.Bcl.AsyncInterfaces'.
TpTrace Information: 0 : 10480, 1, 2023/10/07, 15:21:13.038, 6169946737261, vstest.console.dll, AssemblyResolver.OnResolve: Microsoft.Bcl.AsyncInterfaces: Resolving assembly.
TpTrace Information: 0 : 10480, 1, 2023/10/07, 15:21:13.038, 6169946737569, vstest.console.dll, AssemblyResolver.OnResolve: Microsoft.Bcl.AsyncInterfaces: Resolved from cache.
TpTrace Verbose: 0 : 10480, 1, 2023/10/07, 15:21:13.038, 6169946737748, vstest.console.dll, CurrentDomainAssemblyResolve: Resolving assembly 'Microsoft.Bcl.AsyncInterfaces'.
TpTrace Verbose: 0 : 10480, 1, 2023/10/07, 15:21:13.038, 6169946737989, vstest.console.dll, CurrentDomainAssemblyResolve: Failed to resolve assembly 'Microsoft.Bcl.AsyncInterfaces'.
TpTrace Verbose: 0 : 10480, 1, 2023/10/07, 15:21:13.039, 6169946743344, vstest.console.dll, CurrentDomainAssemblyResolve: Failed to resolve assembly 'Microsoft.Bcl.AsyncInterfaces'.
TpTrace Warning: 0 : 10480, 1, 2023/10/07, 15:21:13.044, 6169946797489, vstest.console.dll, TestPluginDiscoverer: Failed to get types from assembly 'Microsoft.Diagnostics.NETCore.Client, Version=0.2.6.42401, Culture=neutral, PublicKeyToken=31bf3856ad364e35'. Error: System.Reflection.ReflectionTypeLoadException: Unable to load one or more of the requested types.
Could not load file or assembly 'Microsoft.Bcl.AsyncInterfaces, Version=1.0.0.0, Culture=neutral, PublicKeyToken=cc7b13ffcd2ddd51'. Не удается найти указанный файл.
   at System.Reflection.RuntimeModule.GetTypes(RuntimeModule module)
   at System.Reflection.Assembly.GetTypes()
   at Microsoft.VisualStudio.TestPlatform.Common.ExtensionFramework.TestPluginDiscoverer.GetTestExtensionsFromAssembly[TPluginInfo,TExtension](Assembly assembly, Dictionary`2 pluginInfos, String filePath)
System.IO.FileNotFoundException: Could not load file or assembly 'Microsoft.Bcl.AsyncInterfaces, Version=1.0.0.0, Culture=neutral, PublicKeyToken=cc7b13ffcd2ddd51'. Не удается найти указанный файл.
File name: 'Microsoft.Bcl.AsyncInterfaces, Version=1.0.0.0, Culture=neutral, PublicKeyToken=cc7b13ffcd2ddd51'
 ---> System.IO.FileNotFoundException: Could not load file or assembly 'Microsoft.Bcl.AsyncInterfaces, Culture=neutral, PublicKeyToken=null'. Не удается найти указанный файл.
File name: 'Microsoft.Bcl.AsyncInterfaces, Culture=neutral, PublicKeyToken=null'
   at System.Reflection.RuntimeAssembly.InternalLoad(AssemblyName assemblyName, StackCrawlMark& stackMark, AssemblyLoadContext assemblyLoadContext, RuntimeAssembly requestingAssembly, Boolean throwOnFileNotFound)
   at System.Reflection.Assembly.Load(AssemblyName assemblyRef)
   at Microsoft.VisualStudio.TestPlatform.Common.ExtensionFramework.TestPluginCache.CurrentDomainAssemblyResolve(Object sender, AssemblyResolveEventArgs args)
   at System.Runtime.Loader.AssemblyLoadContext.GetFirstResolvedAssemblyFromResolvingEvent(AssemblyName assemblyName)
   at System.Runtime.Loader.AssemblyLoadContext.ResolveUsingEvent(AssemblyName assemblyName)
   at System.Runtime.Loader.AssemblyLoadContext.ResolveUsingResolvingEvent(IntPtr gchManagedAssemblyLoadContext, AssemblyName assemblyName)
TpTrace Warning: 0 : 10480, 1, 2023/10/07, 15:21:13.045, 6169946801027, vstest.console.dll, LoaderExceptions: System.IO.FileNotFoundException: Could not load file or assembly 'Microsoft.Bcl.AsyncInterfaces, Version=1.0.0.0, Culture=neutral, PublicKeyToken=cc7b13ffcd2ddd51'. Не удается найти указанный файл.
File name: 'Microsoft.Bcl.AsyncInterfaces, Version=1.0.0.0, Culture=neutral, PublicKeyToken=cc7b13ffcd2ddd51'
 ---> System.IO.FileNotFoundException: Could not load file or assembly 'Microsoft.Bcl.AsyncInterfaces, Culture=neutral, PublicKeyToken=null'. Не удается найти указанный файл.
File name: 'Microsoft.Bcl.AsyncInterfaces, Culture=neutral, PublicKeyToken=null'
   at System.Reflection.RuntimeAssembly.InternalLoad(AssemblyName assemblyName, StackCrawlMark& stackMark, AssemblyLoadContext assemblyLoadContext, RuntimeAssembly requestingAssembly, Boolean throwOnFileNotFound)
   at System.Reflection.Assembly.Load(AssemblyName assemblyRef)
   at Microsoft.VisualStudio.TestPlatform.Common.ExtensionFramework.TestPluginCache.CurrentDomainAssemblyResolve(Object sender, AssemblyResolveEventArgs args)
   at System.Runtime.Loader.AssemblyLoadContext.GetFirstResolvedAssemblyFromResolvingEvent(AssemblyName assemblyName)
   at System.Runtime.Loader.AssemblyLoadContext.ResolveUsingEvent(AssemblyName assemblyName)
   at System.Runtime.Loader.AssemblyLoadContext.ResolveUsingResolvingEvent(IntPtr gchManagedAssemblyLoadContext, AssemblyName assemblyName)
TpTrace Information: 0 : 10480, 1, 2023/10/07, 15:21:13.045, 6169946802493, vstest.console.dll, AssemblyResolver.OnResolve: Microsoft.TestPlatform.Extensions.BlameDataCollector: Resolving assembly.
TpTrace Information: 0 : 10480, 1, 2023/10/07, 15:21:13.045, 6169946802795, vstest.console.dll, AssemblyResolver.OnResolve: Microsoft.TestPlatform.Extensions.BlameDataCollector: Searching in: 'C:\Program Files\dotnet\sdk\7.0.102\Extensions'.
TpTrace Information: 0 : 10480, 1, 2023/10/07, 15:21:13.045, 6169946805595, vstest.console.dll, AssemblyResolver.OnResolve: Microsoft.TestPlatform.Extensions.BlameDataCollector: Loading assembly 'C:\Program Files\dotnet\sdk\7.0.102\Extensions\Microsoft.TestPlatform.Extensions.BlameDataCollector.dll'.
TpTrace Information: 0 : 10480, 1, 2023/10/07, 15:21:13.046, 6169946808865, vstest.console.dll, AssemblyResolver.OnResolve: Resolved assembly: Microsoft.TestPlatform.Extensions.BlameDataCollector, from path: C:\Program Files\dotnet\sdk\7.0.102\Extensions\Microsoft.TestPlatform.Extensions.BlameDataCollector.dll
TpTrace Verbose: 0 : 10480, 1, 2023/10/07, 15:21:13.046, 6169946809541, vstest.console.dll, MetadataReaderExtensionsHelper: Discovering extensions inside assembly 'Microsoft.TestPlatform.Extensions.BlameDataCollector, Version=15.0.0.0, Culture=neutral, PublicKeyToken=b03f5f7f11d50a3a' file path 'C:\Program Files\dotnet\sdk\7.0.102\Extensions\Microsoft.TestPlatform.Extensions.BlameDataCollector.dll'
TpTrace Information: 0 : 10480, 1, 2023/10/07, 15:21:13.047, 6169946821559, vstest.console.dll, AssemblyResolver.OnResolve: Microsoft.TestPlatform.Extensions.EventLogCollector: Resolving assembly.
TpTrace Information: 0 : 10480, 1, 2023/10/07, 15:21:13.047, 6169946822360, vstest.console.dll, AssemblyResolver.OnResolve: Microsoft.TestPlatform.Extensions.EventLogCollector: Searching in: 'C:\Program Files\dotnet\sdk\7.0.102\Extensions'.
TpTrace Information: 0 : 10480, 1, 2023/10/07, 15:21:13.047, 6169946824570, vstest.console.dll, AssemblyResolver.OnResolve: Microsoft.TestPlatform.Extensions.EventLogCollector: Loading assembly 'C:\Program Files\dotnet\sdk\7.0.102\Extensions\Microsoft.TestPlatform.Extensions.EventLogCollector.dll'.
TpTrace Information: 0 : 10480, 1, 2023/10/07, 15:21:13.047, 6169946827597, vstest.console.dll, AssemblyResolver.OnResolve: Resolved assembly: Microsoft.TestPlatform.Extensions.EventLogCollector, from path: C:\Program Files\dotnet\sdk\7.0.102\Extensions\Microsoft.TestPlatform.Extensions.EventLogCollector.dll
TpTrace Verbose: 0 : 10480, 1, 2023/10/07, 15:21:13.047, 6169946828145, vstest.console.dll, MetadataReaderExtensionsHelper: Discovering extensions inside assembly 'Microsoft.TestPlatform.Extensions.EventLogCollector, Version=15.0.0.0, Culture=neutral, PublicKeyToken=b03f5f7f11d50a3a' file path 'C:\Program Files\dotnet\sdk\7.0.102\Extensions\Microsoft.TestPlatform.Extensions.EventLogCollector.dll'
TpTrace Information: 0 : 10480, 1, 2023/10/07, 15:21:13.049, 6169946841652, vstest.console.dll, AssemblyResolver.OnResolve: Microsoft.TestPlatform.TestHostRuntimeProvider: Resolving assembly.
TpTrace Information: 0 : 10480, 1, 2023/10/07, 15:21:13.049, 6169946842459, vstest.console.dll, AssemblyResolver.OnResolve: Microsoft.TestPlatform.TestHostRuntimeProvider: Searching in: 'C:\Program Files\dotnet\sdk\7.0.102\Extensions'.
TpTrace Information: 0 : 10480, 1, 2023/10/07, 15:21:13.049, 6169946844515, vstest.console.dll, AssemblyResolver.OnResolve: Microsoft.TestPlatform.TestHostRuntimeProvider: Loading assembly 'C:\Program Files\dotnet\sdk\7.0.102\Extensions\Microsoft.TestPlatform.TestHostRuntimeProvider.dll'.
TpTrace Information: 0 : 10480, 1, 2023/10/07, 15:21:13.049, 6169946847338, vstest.console.dll, AssemblyResolver.OnResolve: Resolved assembly: Microsoft.TestPlatform.TestHostRuntimeProvider, from path: C:\Program Files\dotnet\sdk\7.0.102\Extensions\Microsoft.TestPlatform.TestHostRuntimeProvider.dll
TpTrace Verbose: 0 : 10480, 1, 2023/10/07, 15:21:13.049, 6169946847912, vstest.console.dll, MetadataReaderExtensionsHelper: Discovering extensions inside assembly 'Microsoft.TestPlatform.TestHostRuntimeProvider, Version=15.0.0.0, Culture=neutral, PublicKeyToken=b03f5f7f11d50a3a' file path 'C:\Program Files\dotnet\sdk\7.0.102\Extensions\Microsoft.TestPlatform.TestHostRuntimeProvider.dll'
TpTrace Information: 0 : 10480, 1, 2023/10/07, 15:21:13.051, 6169946862542, vstest.console.dll, GetTestExtensionFromType: Register extension with identifier data 'HostProvider://DefaultTestHost' and type 'Microsoft.VisualStudio.TestPlatform.CrossPlatEngine.Hosting.DefaultTestHostManager, Microsoft.TestPlatform.TestHostRuntimeProvider, Version=15.0.0.0, Culture=neutral, PublicKeyToken=b03f5f7f11d50a3a' inside file 'C:\Program Files\dotnet\sdk\7.0.102\Extensions\Microsoft.TestPlatform.TestHostRuntimeProvider.dll'
TpTrace Information: 0 : 10480, 1, 2023/10/07, 15:21:13.051, 6169946864927, vstest.console.dll, GetTestExtensionFromType: Register extension with identifier data 'HostProvider://DotnetTestHost' and type 'Microsoft.VisualStudio.TestPlatform.CrossPlatEngine.Hosting.DotnetTestHostManager, Microsoft.TestPlatform.TestHostRuntimeProvider, Version=15.0.0.0, Culture=neutral, PublicKeyToken=b03f5f7f11d50a3a' inside file 'C:\Program Files\dotnet\sdk\7.0.102\Extensions\Microsoft.TestPlatform.TestHostRuntimeProvider.dll'
TpTrace Information: 0 : 10480, 1, 2023/10/07, 15:21:13.051, 6169946865627, vstest.console.dll, AssemblyResolver.OnResolve: Microsoft.VisualStudio.TestPlatform.Extensions.Html.TestLogger: Resolving assembly.
TpTrace Information: 0 : 10480, 1, 2023/10/07, 15:21:13.051, 6169946865851, vstest.console.dll, AssemblyResolver.OnResolve: Microsoft.VisualStudio.TestPlatform.Extensions.Html.TestLogger: Searching in: 'C:\Program Files\dotnet\sdk\7.0.102\Extensions'.
TpTrace Information: 0 : 10480, 1, 2023/10/07, 15:21:13.051, 6169946868343, vstest.console.dll, AssemblyResolver.OnResolve: Microsoft.VisualStudio.TestPlatform.Extensions.Html.TestLogger: Loading assembly 'C:\Program Files\dotnet\sdk\7.0.102\Extensions\Microsoft.VisualStudio.TestPlatform.Extensions.Html.TestLogger.dll'.
TpTrace Information: 0 : 10480, 1, 2023/10/07, 15:21:13.052, 6169946872079, vstest.console.dll, AssemblyResolver.OnResolve: Resolved assembly: Microsoft.VisualStudio.TestPlatform.Extensions.Html.TestLogger, from path: C:\Program Files\dotnet\sdk\7.0.102\Extensions\Microsoft.VisualStudio.TestPlatform.Extensions.Html.TestLogger.dll
TpTrace Verbose: 0 : 10480, 1, 2023/10/07, 15:21:13.052, 6169946872772, vstest.console.dll, MetadataReaderExtensionsHelper: Discovering extensions inside assembly 'Microsoft.VisualStudio.TestPlatform.Extensions.Html.TestLogger, Version=15.0.0.0, Culture=neutral, PublicKeyToken=b03f5f7f11d50a3a' file path 'C:\Program Files\dotnet\sdk\7.0.102\Extensions\Microsoft.VisualStudio.TestPlatform.Extensions.Html.TestLogger.dll'
TpTrace Information: 0 : 10480, 1, 2023/10/07, 15:21:13.053, 6169946879600, vstest.console.dll, AssemblyResolver.OnResolve: Microsoft.VisualStudio.TestPlatform.Extensions.Trx.TestLogger: Resolving assembly.
TpTrace Information: 0 : 10480, 1, 2023/10/07, 15:21:13.053, 6169946880222, vstest.console.dll, AssemblyResolver.OnResolve: Microsoft.VisualStudio.TestPlatform.Extensions.Trx.TestLogger: Searching in: 'C:\Program Files\dotnet\sdk\7.0.102\Extensions'.
TpTrace Information: 0 : 10480, 1, 2023/10/07, 15:21:13.053, 6169946882334, vstest.console.dll, AssemblyResolver.OnResolve: Microsoft.VisualStudio.TestPlatform.Extensions.Trx.TestLogger: Loading assembly 'C:\Program Files\dotnet\sdk\7.0.102\Extensions\Microsoft.VisualStudio.TestPlatform.Extensions.Trx.TestLogger.dll'.
TpTrace Information: 0 : 10480, 1, 2023/10/07, 15:21:13.053, 6169946885768, vstest.console.dll, AssemblyResolver.OnResolve: Resolved assembly: Microsoft.VisualStudio.TestPlatform.Extensions.Trx.TestLogger, from path: C:\Program Files\dotnet\sdk\7.0.102\Extensions\Microsoft.VisualStudio.TestPlatform.Extensions.Trx.TestLogger.dll
TpTrace Verbose: 0 : 10480, 1, 2023/10/07, 15:21:13.053, 6169946886348, vstest.console.dll, MetadataReaderExtensionsHelper: Discovering extensions inside assembly 'Microsoft.VisualStudio.TestPlatform.Extensions.Trx.TestLogger, Version=15.0.0.0, Culture=neutral, PublicKeyToken=b03f5f7f11d50a3a' file path 'C:\Program Files\dotnet\sdk\7.0.102\Extensions\Microsoft.VisualStudio.TestPlatform.Extensions.Trx.TestLogger.dll'
TpTrace Verbose: 0 : 10480, 1, 2023/10/07, 15:21:13.054, 6169946895440, vstest.console.dll, TestPluginCache: Discovered the extensions using extension path ''.
TpTrace Verbose: 0 : 10480, 1, 2023/10/07, 15:21:13.054, 6169946896239, vstest.console.dll, TestPluginCache: Discoverers are ''.
TpTrace Verbose: 0 : 10480, 1, 2023/10/07, 15:21:13.054, 6169946896428, vstest.console.dll, TestPluginCache: Executors are ''.
TpTrace Verbose: 0 : 10480, 1, 2023/10/07, 15:21:13.054, 6169946896586, vstest.console.dll, TestPluginCache: Executors2 are ''.
TpTrace Verbose: 0 : 10480, 1, 2023/10/07, 15:21:13.054, 6169946896741, vstest.console.dll, TestPluginCache: Setting providers are ''.
TpTrace Verbose: 0 : 10480, 1, 2023/10/07, 15:21:13.054, 6169946896895, vstest.console.dll, TestPluginCache: Loggers are ''.
TpTrace Verbose: 0 : 10480, 1, 2023/10/07, 15:21:13.054, 6169946897905, vstest.console.dll, TestPluginCache: TestHosts are 'HostProvider://DefaultTestHost,HostProvider://DotnetTestHost'.
TpTrace Verbose: 0 : 10480, 1, 2023/10/07, 15:21:13.054, 6169946898176, vstest.console.dll, TestPluginCache: DataCollectors are ''.
TpTrace Information: 0 : 10480, 1, 2023/10/07, 15:21:13.062, 6169946972877, vstest.console.dll, RunTestsArgumentProcessor:Execute: Test run is starting.
TpTrace Verbose: 0 : 10480, 1, 2023/10/07, 15:21:13.062, 6169946974049, vstest.console.dll, RunTestsArgumentProcessor:Execute: Queuing Test run.
TpTrace Information: 0 : 10480, 1, 2023/10/07, 15:21:13.062, 6169946976020, vstest.console.dll, TestRequestManager.RunTests: run tests started.
TpTrace Information: 0 : 10480, 1, 2023/10/07, 15:21:13.064, 6169946990245, vstest.console.dll, AssemblyMetadataProvider.GetFrameworkName: Determined framework:'.NETCoreApp,Version=v7.0' for source: 'C:\Users\ivank\source\repos\TestAndDebug7\StackTests\bin\Debug\net7.0\fine-code-coverage\build-output\StackTests.dll'
TpTrace Information: 0 : 10480, 1, 2023/10/07, 15:21:13.064, 6169946992811, vstest.console.dll, Determined framework for all sources: .NETCoreApp,Version=v7.0
TpTrace Verbose: 0 : 10480, 1, 2023/10/07, 15:21:13.064, 6169946997205, vstest.console.dll, TestRequestManager.UpdateRunSettingsIfRequired: Default architecture: X64 IsDefaultTargetArchitecture: True, Current process architecture: X64 OperatingSystem: Windows.
TpTrace Information: 0 : 10480, 1, 2023/10/07, 15:21:13.066, 6169947015478, vstest.console.dll, AssemblyMetadataProvider.GetArchitecture: Determined architecture:AnyCPU info for assembly: C:\Users\ivank\source\repos\TestAndDebug7\StackTests\bin\Debug\net7.0\fine-code-coverage\build-output\StackTests.dll
TpTrace Information: 0 : 10480, 1, 2023/10/07, 15:21:13.066, 6169947016386, vstest.console.dll, Determined platform for source 'C:\Users\ivank\source\repos\TestAndDebug7\StackTests\bin\Debug\net7.0\fine-code-coverage\build-output\StackTests.dll' was AnyCPU and it will use the default plaform X64.
TpTrace Information: 0 : 10480, 1, 2023/10/07, 15:21:13.066, 6169947016587, vstest.console.dll, None of the sources provided any runnable platform, using the default platform: X64
TpTrace Information: 0 : 10480, 1, 2023/10/07, 15:21:13.066, 6169947017717, vstest.console.dll, Platform was updated to 'X64'.
TpTrace Information: 0 : 10480, 1, 2023/10/07, 15:21:13.069, 6169947048230, vstest.console.dll, InferRunSettingsHelper.IsTestSettingsEnabled: Unable to navigate to RunSettings/MSTest. Current node: RunSettings
TpTrace Information: 0 : 10480, 1, 2023/10/07, 15:21:13.070, 6169947055432, vstest.console.dll, AssemblyResolver.OnResolve: Microsoft.VisualStudio.TestPlatform.Fakes: Resolving assembly.
TpTrace Information: 0 : 10480, 1, 2023/10/07, 15:21:13.070, 6169947055977, vstest.console.dll, AssemblyResolver.OnResolve: Microsoft.VisualStudio.TestPlatform.Fakes: Searching in: 'C:\Program Files\dotnet\sdk\7.0.102\Extensions'.
TpTrace Information: 0 : 10480, 1, 2023/10/07, 15:21:13.070, 6169947057376, vstest.console.dll, AssemblyResolver.OnResolve: Microsoft.VisualStudio.TestPlatform.Fakes: Assembly path does not exist: 'C:\Program Files\dotnet\sdk\7.0.102\Extensions\Microsoft.VisualStudio.TestPlatform.Fakes.dll', returning.
TpTrace Information: 0 : 10480, 1, 2023/10/07, 15:21:13.070, 6169947057892, vstest.console.dll, AssemblyResolver.OnResolve: Microsoft.VisualStudio.TestPlatform.Fakes: Assembly path does not exist: 'C:\Program Files\dotnet\sdk\7.0.102\Extensions\Microsoft.VisualStudio.TestPlatform.Fakes.exe', returning.
TpTrace Information: 0 : 10480, 1, 2023/10/07, 15:21:13.070, 6169947058092, vstest.console.dll, AssemblyResolver.OnResolve: Microsoft.VisualStudio.TestPlatform.Fakes: Searching in: 'C:\Program Files\dotnet\sdk\7.0.102'.
TpTrace Information: 0 : 10480, 1, 2023/10/07, 15:21:13.071, 6169947058688, vstest.console.dll, AssemblyResolver.OnResolve: Microsoft.VisualStudio.TestPlatform.Fakes: Assembly path does not exist: 'C:\Program Files\dotnet\sdk\7.0.102\Microsoft.VisualStudio.TestPlatform.Fakes.dll', returning.
TpTrace Information: 0 : 10480, 1, 2023/10/07, 15:21:13.071, 6169947059235, vstest.console.dll, AssemblyResolver.OnResolve: Microsoft.VisualStudio.TestPlatform.Fakes: Assembly path does not exist: 'C:\Program Files\dotnet\sdk\7.0.102\Microsoft.VisualStudio.TestPlatform.Fakes.exe', returning.
TpTrace Information: 0 : 10480, 1, 2023/10/07, 15:21:13.071, 6169947059442, vstest.console.dll, AssemblyResolver.OnResolve: Microsoft.VisualStudio.TestPlatform.Fakes: Failed to load assembly.
TpTrace Information: 0 : 10480, 1, 2023/10/07, 15:21:13.071, 6169947062138, vstest.console.dll, Failed to load assembly Microsoft.VisualStudio.TestPlatform.Fakes, Version=17.0.0.0, Culture=neutral. Reason:System.IO.FileNotFoundException: Could not load file or assembly 'Microsoft.VisualStudio.TestPlatform.Fakes, Version=17.0.0.0, Culture=neutral, PublicKeyToken=null'. Не удается найти указанный файл.
File name: 'Microsoft.VisualStudio.TestPlatform.Fakes, Version=17.0.0.0, Culture=neutral, PublicKeyToken=null'
   at System.Reflection.RuntimeAssembly.InternalLoad(AssemblyName assemblyName, StackCrawlMark& stackMark, AssemblyLoadContext assemblyLoadContext, RuntimeAssembly requestingAssembly, Boolean throwOnFileNotFound)
   at System.Reflection.Assembly.Load(AssemblyName assemblyRef)
   at Microsoft.VisualStudio.TestPlatform.Common.Utilities.FakesUtilities.LoadTestPlatformAssembly()
TpTrace Verbose: 0 : 10480, 1, 2023/10/07, 15:21:13.074, 6169947090981, vstest.console.dll, TestPluginCache.DiscoverTestExtensions: finding test extensions in assemblies ends with: TestLogger.dll TPluginInfo: Microsoft.VisualStudio.TestPlatform.Common.ExtensionFramework.Utilities.TestLoggerPluginInformation TExtension: Microsoft.VisualStudio.TestPlatform.ObjectModel.Client.ITestLogger
TpTrace Verbose: 0 : 10480, 1, 2023/10/07, 15:21:13.074, 6169947092049, vstest.console.dll, TestPluginCache.GetExtensionPaths: Filtered extension paths: 
TpTrace Verbose: 0 : 10480, 1, 2023/10/07, 15:21:13.074, 6169947092318, vstest.console.dll, TestPluginCache.GetExtensionPaths: Added default extension paths: C:\Program Files\dotnet\sdk\7.0.102\Extensions\Microsoft.Diagnostics.NETCore.Client.dll
C:\Program Files\dotnet\sdk\7.0.102\Extensions\Microsoft.TestPlatform.Extensions.BlameDataCollector.dll
C:\Program Files\dotnet\sdk\7.0.102\Extensions\Microsoft.TestPlatform.Extensions.EventLogCollector.dll
C:\Program Files\dotnet\sdk\7.0.102\Extensions\Microsoft.TestPlatform.TestHostRuntimeProvider.dll
C:\Program Files\dotnet\sdk\7.0.102\Extensions\Microsoft.VisualStudio.TestPlatform.Extensions.Html.TestLogger.dll
C:\Program Files\dotnet\sdk\7.0.102\Extensions\Microsoft.VisualStudio.TestPlatform.Extensions.Trx.TestLogger.dll
TpTrace Verbose: 0 : 10480, 1, 2023/10/07, 15:21:13.074, 6169947092535, vstest.console.dll, TestPluginCache.GetExtensionPaths: Added unfilterableExtensionPaths: 
TpTrace Information: 0 : 10480, 1, 2023/10/07, 15:21:13.074, 6169947093903, vstest.console.dll, AssemblyResolver.AddSearchDirectories: Adding more searchDirectories C:\Program Files\dotnet\sdk\7.0.102\Extensions,C:\Program Files\dotnet\sdk\7.0.102
TpTrace Verbose: 0 : 10480, 1, 2023/10/07, 15:21:13.074, 6169947094220, vstest.console.dll, TestPluginCache.DiscoverTestExtensions: Discovering the extensions using extension path.
TpTrace Verbose: 0 : 10480, 1, 2023/10/07, 15:21:13.074, 6169947094434, vstest.console.dll, TestPluginCache.GetExtensionPaths: Filtered extension paths: 
TpTrace Verbose: 0 : 10480, 1, 2023/10/07, 15:21:13.074, 6169947094647, vstest.console.dll, TestPluginCache.GetExtensionPaths: Added default extension paths: C:\Program Files\dotnet\sdk\7.0.102\Extensions\Microsoft.Diagnostics.NETCore.Client.dll
C:\Program Files\dotnet\sdk\7.0.102\Extensions\Microsoft.TestPlatform.Extensions.BlameDataCollector.dll
C:\Program Files\dotnet\sdk\7.0.102\Extensions\Microsoft.TestPlatform.Extensions.EventLogCollector.dll
C:\Program Files\dotnet\sdk\7.0.102\Extensions\Microsoft.TestPlatform.TestHostRuntimeProvider.dll
C:\Program Files\dotnet\sdk\7.0.102\Extensions\Microsoft.VisualStudio.TestPlatform.Extensions.Html.TestLogger.dll
C:\Program Files\dotnet\sdk\7.0.102\Extensions\Microsoft.VisualStudio.TestPlatform.Extensions.Trx.TestLogger.dll
TpTrace Verbose: 0 : 10480, 1, 2023/10/07, 15:21:13.074, 6169947094829, vstest.console.dll, TestPluginCache.GetExtensionPaths: Added unfilterableExtensionPaths: 
TpTrace Verbose: 0 : 10480, 1, 2023/10/07, 15:21:13.074, 6169947095036, vstest.console.dll, TestPluginCache.DiscoverTestExtensions: Discovering the extensions using allExtensionPaths: C:\Program Files\dotnet\sdk\7.0.102\Extensions\Microsoft.Diagnostics.NETCore.Client.dll
C:\Program Files\dotnet\sdk\7.0.102\Extensions\Microsoft.TestPlatform.Extensions.BlameDataCollector.dll
C:\Program Files\dotnet\sdk\7.0.102\Extensions\Microsoft.TestPlatform.Extensions.EventLogCollector.dll
C:\Program Files\dotnet\sdk\7.0.102\Extensions\Microsoft.TestPlatform.TestHostRuntimeProvider.dll
C:\Program Files\dotnet\sdk\7.0.102\Extensions\Microsoft.VisualStudio.TestPlatform.Extensions.Html.TestLogger.dll
C:\Program Files\dotnet\sdk\7.0.102\Extensions\Microsoft.VisualStudio.TestPlatform.Extensions.Trx.TestLogger.dll
TpTrace Information: 0 : 10480, 1, 2023/10/07, 15:21:13.074, 6169947095347, vstest.console.dll, AssemblyResolver.AddSearchDirectories: Adding more searchDirectories C:\Program Files\dotnet\sdk\7.0.102\Extensions,C:\Program Files\dotnet\sdk\7.0.102
TpTrace Information: 0 : 10480, 1, 2023/10/07, 15:21:13.074, 6169947095629, vstest.console.dll, AssemblyResolver.AddSearchDirectories: Adding more searchDirectories C:\Program Files\dotnet\sdk\7.0.102\Extensions,C:\Program Files\dotnet\sdk\7.0.102
TpTrace Information: 0 : 10480, 1, 2023/10/07, 15:21:13.074, 6169947095814, vstest.console.dll, AssemblyResolver.AddSearchDirectories: Adding more searchDirectories C:\Program Files\dotnet\sdk\7.0.102\Extensions,C:\Program Files\dotnet\sdk\7.0.102
TpTrace Information: 0 : 10480, 1, 2023/10/07, 15:21:13.074, 6169947095992, vstest.console.dll, AssemblyResolver.AddSearchDirectories: Adding more searchDirectories C:\Program Files\dotnet\sdk\7.0.102\Extensions,C:\Program Files\dotnet\sdk\7.0.102
TpTrace Information: 0 : 10480, 1, 2023/10/07, 15:21:13.074, 6169947096202, vstest.console.dll, AssemblyResolver.AddSearchDirectories: Adding more searchDirectories C:\Program Files\dotnet\sdk\7.0.102\Extensions,C:\Program Files\dotnet\sdk\7.0.102
TpTrace Information: 0 : 10480, 1, 2023/10/07, 15:21:13.074, 6169947096384, vstest.console.dll, AssemblyResolver.AddSearchDirectories: Adding more searchDirectories C:\Program Files\dotnet\sdk\7.0.102\Extensions,C:\Program Files\dotnet\sdk\7.0.102
TpTrace Verbose: 0 : 10480, 1, 2023/10/07, 15:21:13.074, 6169947097237, vstest.console.dll, MetadataReaderExtensionsHelper: Discovering extensions inside assembly 'Microsoft.Diagnostics.NETCore.Client, Version=0.2.6.42401, Culture=neutral, PublicKeyToken=31bf3856ad364e35' file path 'C:\Program Files\dotnet\sdk\7.0.102\Extensions\Microsoft.Diagnostics.NETCore.Client.dll'
TpTrace Information: 0 : 10480, 1, 2023/10/07, 15:21:13.075, 6169947102945, vstest.console.dll, AssemblyResolver.OnResolve: Microsoft.Bcl.AsyncInterfaces: Resolving assembly.
TpTrace Information: 0 : 10480, 1, 2023/10/07, 15:21:13.075, 6169947103445, vstest.console.dll, AssemblyResolver.OnResolve: Microsoft.Bcl.AsyncInterfaces: Resolved from cache.
TpTrace Verbose: 0 : 10480, 1, 2023/10/07, 15:21:13.075, 6169947103640, vstest.console.dll, CurrentDomainAssemblyResolve: Resolving assembly 'Microsoft.Bcl.AsyncInterfaces'.
TpTrace Information: 0 : 10480, 1, 2023/10/07, 15:21:13.075, 6169947104001, vstest.console.dll, AssemblyResolver.OnResolve: Microsoft.Bcl.AsyncInterfaces: Resolving assembly.
TpTrace Information: 0 : 10480, 1, 2023/10/07, 15:21:13.075, 6169947104190, vstest.console.dll, AssemblyResolver.OnResolve: Microsoft.Bcl.AsyncInterfaces: Resolved from cache.
TpTrace Verbose: 0 : 10480, 1, 2023/10/07, 15:21:13.075, 6169947104356, vstest.console.dll, CurrentDomainAssemblyResolve: Resolving assembly 'Microsoft.Bcl.AsyncInterfaces'.
TpTrace Verbose: 0 : 10480, 1, 2023/10/07, 15:21:13.075, 6169947104522, vstest.console.dll, CurrentDomainAssemblyResolve: Failed to resolve assembly 'Microsoft.Bcl.AsyncInterfaces'.
TpTrace Verbose: 0 : 10480, 1, 2023/10/07, 15:21:13.075, 6169947105830, vstest.console.dll, CurrentDomainAssemblyResolve: Failed to resolve assembly 'Microsoft.Bcl.AsyncInterfaces'.
TpTrace Warning: 0 : 10480, 1, 2023/10/07, 15:21:13.075, 6169947108554, vstest.console.dll, TestPluginDiscoverer: Failed to get types from assembly 'Microsoft.Diagnostics.NETCore.Client, Version=0.2.6.42401, Culture=neutral, PublicKeyToken=31bf3856ad364e35'. Error: System.Reflection.ReflectionTypeLoadException: Unable to load one or more of the requested types.
Could not load file or assembly 'Microsoft.Bcl.AsyncInterfaces, Version=1.0.0.0, Culture=neutral, PublicKeyToken=cc7b13ffcd2ddd51'. Не удается найти указанный файл.
   at System.Reflection.RuntimeModule.GetTypes(RuntimeModule module)
   at System.Reflection.Assembly.GetTypes()
   at Microsoft.VisualStudio.TestPlatform.Common.ExtensionFramework.TestPluginDiscoverer.GetTestExtensionsFromAssembly[TPluginInfo,TExtension](Assembly assembly, Dictionary`2 pluginInfos, String filePath)
System.IO.FileNotFoundException: Could not load file or assembly 'Microsoft.Bcl.AsyncInterfaces, Version=1.0.0.0, Culture=neutral, PublicKeyToken=cc7b13ffcd2ddd51'. Не удается найти указанный файл.
File name: 'Microsoft.Bcl.AsyncInterfaces, Version=1.0.0.0, Culture=neutral, PublicKeyToken=cc7b13ffcd2ddd51'
 ---> System.IO.FileNotFoundException: Could not load file or assembly 'Microsoft.Bcl.AsyncInterfaces, Culture=neutral, PublicKeyToken=null'. Не удается найти указанный файл.
File name: 'Microsoft.Bcl.AsyncInterfaces, Culture=neutral, PublicKeyToken=null'
   at System.Reflection.RuntimeAssembly.InternalLoad(AssemblyName assemblyName, StackCrawlMark& stackMark, AssemblyLoadContext assemblyLoadContext, RuntimeAssembly requestingAssembly, Boolean throwOnFileNotFound)
   at System.Reflection.Assembly.Load(AssemblyName assemblyRef)
   at Microsoft.VisualStudio.TestPlatform.Common.ExtensionFramework.TestPluginCache.CurrentDomainAssemblyResolve(Object sender, AssemblyResolveEventArgs args)
   at System.Runtime.Loader.AssemblyLoadContext.GetFirstResolvedAssemblyFromResolvingEvent(AssemblyName assemblyName)
   at System.Runtime.Loader.AssemblyLoadContext.ResolveUsingEvent(AssemblyName assemblyName)
   at System.Runtime.Loader.AssemblyLoadContext.ResolveUsingResolvingEvent(IntPtr gchManagedAssemblyLoadContext, AssemblyName assemblyName)
TpTrace Warning: 0 : 10480, 1, 2023/10/07, 15:21:13.076, 6169947109716, vstest.console.dll, LoaderExceptions: System.IO.FileNotFoundException: Could not load file or assembly 'Microsoft.Bcl.AsyncInterfaces, Version=1.0.0.0, Culture=neutral, PublicKeyToken=cc7b13ffcd2ddd51'. Не удается найти указанный файл.
File name: 'Microsoft.Bcl.AsyncInterfaces, Version=1.0.0.0, Culture=neutral, PublicKeyToken=cc7b13ffcd2ddd51'
 ---> System.IO.FileNotFoundException: Could not load file or assembly 'Microsoft.Bcl.AsyncInterfaces, Culture=neutral, PublicKeyToken=null'. Не удается найти указанный файл.
File name: 'Microsoft.Bcl.AsyncInterfaces, Culture=neutral, PublicKeyToken=null'
   at System.Reflection.RuntimeAssembly.InternalLoad(AssemblyName assemblyName, StackCrawlMark& stackMark, AssemblyLoadContext assemblyLoadContext, RuntimeAssembly requestingAssembly, Boolean throwOnFileNotFound)
   at System.Reflection.Assembly.Load(AssemblyName assemblyRef)
   at Microsoft.VisualStudio.TestPlatform.Common.ExtensionFramework.TestPluginCache.CurrentDomainAssemblyResolve(Object sender, AssemblyResolveEventArgs args)
   at System.Runtime.Loader.AssemblyLoadContext.GetFirstResolvedAssemblyFromResolvingEvent(AssemblyName assemblyName)
   at System.Runtime.Loader.AssemblyLoadContext.ResolveUsingEvent(AssemblyName assemblyName)
   at System.Runtime.Loader.AssemblyLoadContext.ResolveUsingResolvingEvent(IntPtr gchManagedAssemblyLoadContext, AssemblyName assemblyName)
TpTrace Verbose: 0 : 10480, 1, 2023/10/07, 15:21:13.076, 6169947110317, vstest.console.dll, MetadataReaderExtensionsHelper: Discovering extensions inside assembly 'Microsoft.TestPlatform.Extensions.BlameDataCollector, Version=15.0.0.0, Culture=neutral, PublicKeyToken=b03f5f7f11d50a3a' file path 'C:\Program Files\dotnet\sdk\7.0.102\Extensions\Microsoft.TestPlatform.Extensions.BlameDataCollector.dll'
TpTrace Information: 0 : 10480, 1, 2023/10/07, 15:21:13.076, 6169947114119, vstest.console.dll, GetTestExtensionFromType: Register extension with identifier data 'logger://Microsoft/TestPlatform/Extensions/Blame/v1' and type 'Microsoft.TestPlatform.Extensions.BlameDataCollector.BlameLogger, Microsoft.TestPlatform.Extensions.BlameDataCollector, Version=15.0.0.0, Culture=neutral, PublicKeyToken=b03f5f7f11d50a3a' inside file 'C:\Program Files\dotnet\sdk\7.0.102\Extensions\Microsoft.TestPlatform.Extensions.BlameDataCollector.dll'
TpTrace Verbose: 0 : 10480, 1, 2023/10/07, 15:21:13.076, 6169947114668, vstest.console.dll, MetadataReaderExtensionsHelper: Discovering extensions inside assembly 'Microsoft.TestPlatform.Extensions.EventLogCollector, Version=15.0.0.0, Culture=neutral, PublicKeyToken=b03f5f7f11d50a3a' file path 'C:\Program Files\dotnet\sdk\7.0.102\Extensions\Microsoft.TestPlatform.Extensions.EventLogCollector.dll'
TpTrace Verbose: 0 : 10480, 1, 2023/10/07, 15:21:13.076, 6169947116697, vstest.console.dll, MetadataReaderExtensionsHelper: Discovering extensions inside assembly 'Microsoft.TestPlatform.TestHostRuntimeProvider, Version=15.0.0.0, Culture=neutral, PublicKeyToken=b03f5f7f11d50a3a' file path 'C:\Program Files\dotnet\sdk\7.0.102\Extensions\Microsoft.TestPlatform.TestHostRuntimeProvider.dll'
TpTrace Verbose: 0 : 10480, 1, 2023/10/07, 15:21:13.077, 6169947118687, vstest.console.dll, MetadataReaderExtensionsHelper: Discovering extensions inside assembly 'Microsoft.VisualStudio.TestPlatform.Extensions.Html.TestLogger, Version=15.0.0.0, Culture=neutral, PublicKeyToken=b03f5f7f11d50a3a' file path 'C:\Program Files\dotnet\sdk\7.0.102\Extensions\Microsoft.VisualStudio.TestPlatform.Extensions.Html.TestLogger.dll'
TpTrace Information: 0 : 10480, 1, 2023/10/07, 15:21:13.077, 6169947122750, vstest.console.dll, GetTestExtensionFromType: Register extension with identifier data 'logger://Microsoft/TestPlatform/HtmlLogger/v1' and type 'Microsoft.VisualStudio.TestPlatform.Extensions.HtmlLogger.HtmlLogger, Microsoft.VisualStudio.TestPlatform.Extensions.Html.TestLogger, Version=15.0.0.0, Culture=neutral, PublicKeyToken=b03f5f7f11d50a3a' inside file 'C:\Program Files\dotnet\sdk\7.0.102\Extensions\Microsoft.VisualStudio.TestPlatform.Extensions.Html.TestLogger.dll'
TpTrace Verbose: 0 : 10480, 1, 2023/10/07, 15:21:13.077, 6169947123375, vstest.console.dll, MetadataReaderExtensionsHelper: Discovering extensions inside assembly 'Microsoft.VisualStudio.TestPlatform.Extensions.Trx.TestLogger, Version=15.0.0.0, Culture=neutral, PublicKeyToken=b03f5f7f11d50a3a' file path 'C:\Program Files\dotnet\sdk\7.0.102\Extensions\Microsoft.VisualStudio.TestPlatform.Extensions.Trx.TestLogger.dll'
TpTrace Information: 0 : 10480, 1, 2023/10/07, 15:21:13.077, 6169947126202, vstest.console.dll, GetTestExtensionFromType: Register extension with identifier data 'logger://Microsoft/TestPlatform/TrxLogger/v1' and type 'Microsoft.VisualStudio.TestPlatform.Extensions.TrxLogger.TrxLogger, Microsoft.VisualStudio.TestPlatform.Extensions.Trx.TestLogger, Version=15.0.0.0, Culture=neutral, PublicKeyToken=b03f5f7f11d50a3a' inside file 'C:\Program Files\dotnet\sdk\7.0.102\Extensions\Microsoft.VisualStudio.TestPlatform.Extensions.Trx.TestLogger.dll'
TpTrace Verbose: 0 : 10480, 1, 2023/10/07, 15:21:13.077, 6169947126900, vstest.console.dll, TestPluginCache: Discovered the extensions using extension path ''.
TpTrace Verbose: 0 : 10480, 1, 2023/10/07, 15:21:13.077, 6169947127117, vstest.console.dll, TestPluginCache: Discoverers are ''.
TpTrace Verbose: 0 : 10480, 1, 2023/10/07, 15:21:13.077, 6169947127277, vstest.console.dll, TestPluginCache: Executors are ''.
TpTrace Verbose: 0 : 10480, 1, 2023/10/07, 15:21:13.077, 6169947127433, vstest.console.dll, TestPluginCache: Executors2 are ''.
TpTrace Verbose: 0 : 10480, 1, 2023/10/07, 15:21:13.077, 6169947127585, vstest.console.dll, TestPluginCache: Setting providers are ''.
TpTrace Verbose: 0 : 10480, 1, 2023/10/07, 15:21:13.077, 6169947128134, vstest.console.dll, TestPluginCache: Loggers are 'logger://Microsoft/TestPlatform/Extensions/Blame/v1,logger://Microsoft/TestPlatform/HtmlLogger/v1,logger://Microsoft/TestPlatform/TrxLogger/v1'.
TpTrace Verbose: 0 : 10480, 1, 2023/10/07, 15:21:13.077, 6169947128463, vstest.console.dll, TestPluginCache: TestHosts are 'HostProvider://DefaultTestHost,HostProvider://DotnetTestHost'.
TpTrace Verbose: 0 : 10480, 1, 2023/10/07, 15:21:13.077, 6169947128639, vstest.console.dll, TestPluginCache: DataCollectors are ''.
TpTrace Information: 0 : 10480, 1, 2023/10/07, 15:21:13.078, 6169947135848, vstest.console.dll, TestPluginManager.CreateTestExtension: Attempting to load test extension: Microsoft.TestPlatform.Extensions.BlameDataCollector.BlameLogger
TpTrace Verbose: 0 : 10480, 1, 2023/10/07, 15:21:13.084, 6169947193719, vstest.console.dll, TestEngine: Initializing Parallel Execution as MaxCpuCount is set to: 1
TpTrace Information: 0 : 10480, 1, 2023/10/07, 15:21:13.087, 6169947220952, vstest.console.dll, TestPluginManager.CreateTestExtension: Attempting to load test extension: Microsoft.VisualStudio.TestPlatform.CrossPlatEngine.Hosting.DefaultTestHostManager
TpTrace Information: 0 : 10480, 1, 2023/10/07, 15:21:13.087, 6169947228557, vstest.console.dll, TestPluginManager.CreateTestExtension: Attempting to load test extension: Microsoft.VisualStudio.TestPlatform.CrossPlatEngine.Hosting.DotnetTestHostManager
TpTrace Information: 0 : 10480, 1, 2023/10/07, 15:21:13.088, 6169947234134, vstest.console.dll, InferRunSettingsHelper.IsTestSettingsEnabled: Unable to navigate to RunSettings/MSTest. Current node: RunSettings
TpTrace Verbose: 0 : 10480, 1, 2023/10/07, 15:21:13.091, 6169947265985, vstest.console.dll, TestEngine.GetExecutionManager: Chosen execution manager 'Microsoft.VisualStudio.TestPlatform.CrossPlatEngine.Client.Parallel.ParallelProxyExecutionManager, Microsoft.TestPlatform.CrossPlatEngine, Version=15.0.0.0, Culture=neutral, PublicKeyToken=b03f5f7f11d50a3a' ParallelLevel '1'.
TpTrace Verbose: 0 : 10480, 1, 2023/10/07, 15:21:13.091, 6169947267389, vstest.console.dll, TestRunRequest.ExecuteAsync: Creating test run request.
TpTrace Verbose: 0 : 10480, 1, 2023/10/07, 15:21:13.092, 6169947269191, vstest.console.dll, TestRunRequest.ExecuteAsync: Starting.
TpTrace Information: 0 : 10480, 1, 2023/10/07, 15:21:13.092, 6169947271261, vstest.console.dll, TestRunRequest.ExecuteAsync: Starting run with settings:TestRunCriteria:
   KeepAlive=False,FrequencyOfRunStatsChangeEvent=10,RunStatsChangeEventTimeout=00:00:01.5000000,TestCaseFilter=,TestExecutorLauncher=
   Settingsxml=<RunSettings>
  <RunConfiguration>
    <ResultsDirectory>C:\Users\ivank\source\repos\TestAndDebug7\StackTests\bin\Debug\net7.0\fine-code-coverage\coverage-tool-output</ResultsDirectory>
    <TargetPlatform>X64</TargetPlatform>
    <TargetFrameworkVersion>.NETCoreApp,Version=v7.0</TargetFrameworkVersion>
    <DesignMode>False</DesignMode>
    <CollectSourceInformation>False</CollectSourceInformation>
  </RunConfiguration>
  <LoggerRunSettings>
    <Loggers>
      <Logger friendlyName="blame" enabled="True" />
      <Logger friendlyName="Console" uri="logger://microsoft/TestPlatform/ConsoleLogger/v1" assemblyQualifiedName="Microsoft.VisualStudio.TestPlatform.CommandLine.Internal.ConsoleLogger, vstest.console, Version=15.0.0.0, Culture=neutral, PublicKeyToken=b03f5f7f11d50a3a" codeBase="C:\Program Files\dotnet\sdk\7.0.102\vstest.console.dll" enabled="True" />
    </Loggers>
  </LoggerRunSettings>
  <DataCollectionRunSettings>
    <DataCollectors>
      <DataCollector friendlyName="blame" enabled="True">
        <Configuration>
          <ResultsDirectory>C:\Users\ivank\source\repos\TestAndDebug7\StackTests\bin\Debug\net7.0\fine-code-coverage\coverage-tool-output</ResultsDirectory>
        </Configuration>
      </DataCollector>
    </DataCollectors>
  </DataCollectionRunSettings>
</RunSettings>

TpTrace Verbose: 0 : 10480, 1, 2023/10/07, 15:21:13.092, 6169947271616, vstest.console.dll, TestRunRequest.ExecuteAsync: Wait for the first run request is over.
TpTrace Verbose: 0 : 10480, 1, 2023/10/07, 15:21:13.092, 6169947273836, vstest.console.dll, MulticastDelegateUtilities.SafeInvoke: TestRun.TestRunStart: Invoking callbacks was skipped because there are no subscribers.
TpTrace Verbose: 0 : 10480, 4, 2023/10/07, 15:21:13.093, 6169947280012, vstest.console.dll, MulticastDelegateUtilities.SafeInvoke: InternalTestLoggerEvents.SendTestRunStart: Invoking callback 1/1 for Microsoft.VisualStudio.TestPlatform.CommandLine.Internal.ConsoleLogger., took 0 ms.
TpTrace Verbose: 0 : 10480, 1, 2023/10/07, 15:21:13.093, 6169947283920, vstest.console.dll, ParallelProxyExecutionManager: Start execution. Total sources: 1
TpTrace Verbose: 0 : 10480, 1, 2023/10/07, 15:21:13.095, 6169947299736, vstest.console.dll, TestRequestSender is acting as server.
TpTrace Verbose: 0 : 10480, 1, 2023/10/07, 15:21:13.096, 6169947309745, vstest.console.dll, DataCollectionRequestSender.InitializeCommunication : Initialize communication. 
TpTrace Information: 0 : 10480, 1, 2023/10/07, 15:21:13.099, 6169947344226, vstest.console.dll, Listening on Endpoint : 127.0.0.1:64231
TpTrace Verbose: 0 : 10480, 1, 2023/10/07, 15:21:13.104, 6169947397604, vstest.console.dll, DotnetDataCollectionLauncher: Adding  --runtimeconfig "C:\Program Files\dotnet\sdk\7.0.102\datacollector.runtimeconfig.json" in args
TpTrace Verbose: 0 : 10480, 1, 2023/10/07, 15:21:13.105, 6169947398750, vstest.console.dll, DotnetDataCollectionLauncher: Adding  --depsfile "C:\Program Files\dotnet\sdk\7.0.102\datacollector.deps.json" in args
TpTrace Verbose: 0 : 10480, 1, 2023/10/07, 15:21:13.105, 6169947399951, vstest.console.dll, DotnetDataCollectionLauncher: Full path of dotnet.exe is C:\Program Files\dotnet\dotnet.exe
TpTrace Information: 0 : 10480, 1, 2023/10/07, 15:21:13.111, 6169947466090, vstest.console.dll, ProxyDataCollectionManager.Initialize: Launched datacollector processId: 2292 port: 64231
TpTrace Information: 0 : 10480, 1, 2023/10/07, 15:21:13.111, 6169947467747, vstest.console.dll, ProxyDataCollectionManager.Initialize: waiting for connection with timeout: 90 seconds
TpTrace Verbose: 0 : 10480, 1, 2023/10/07, 15:21:13.111, 6169947468140, vstest.console.dll, DataCollectionRequestSender.WaitForRequestHandlerConnection : Waiting for connection with timeout: 90000
TpTrace Information: 0 : 10480, 7, 2023/10/07, 15:21:13.229, 6169948644700, vstest.console.dll, Using the buffer size of 16384 bytes
TpTrace Verbose: 0 : 10480, 1, 2023/10/07, 15:21:13.229, 6169948644842, vstest.console.dll, SocketCommunicationManager.WaitForClientConnection took: 117 ms, with 90000 ms timeout, and finished with True.
TpTrace Information: 0 : 10480, 7, 2023/10/07, 15:21:13.229, 6169948645885, vstest.console.dll, Accepted Client request and set the flag
TpTrace Verbose: 0 : 10480, 1, 2023/10/07, 15:21:13.229, 6169948646687, vstest.console.dll, ProxyDataCollectionManager.InvokeDataCollectionServiceAction: Starting.
TpTrace Information: 0 : 10480, 1, 2023/10/07, 15:21:13.229, 6169948647208, vstest.console.dll, ProxyDataCollectionManager.BeforeTestRunStart: Get environment variable and port for datacollector processId: 2292 port: 64231
TpTrace Verbose: 0 : 10480, 1, 2023/10/07, 15:21:13.229, 6169948647926, vstest.console.dll, DataCollectionRequestSender.SendBeforeTestRunStartAndGetResult: Send BeforeTestRunStart message with settingsXml <RunSettings><RunConfiguration><ResultsDirectory>C:\Users\ivank\source\repos\TestAndDebug7\StackTests\bin\Debug\net7.0\fine-code-coverage\coverage-tool-output</ResultsDirectory><TargetPlatform>X64</TargetPlatform><TargetFrameworkVersion>.NETCoreApp,Version=v7.0</TargetFrameworkVersion><DesignMode>False</DesignMode><CollectSourceInformation>False</CollectSourceInformation><TestAdaptersPaths>C:\Program Files\dotnet\sdk\7.0.102\Extensions</TestAdaptersPaths></RunConfiguration><LoggerRunSettings><Loggers><Logger friendlyName="blame" enabled="True" /><Logger friendlyName="Console" uri="logger://microsoft/TestPlatform/ConsoleLogger/v1" assemblyQualifiedName="Microsoft.VisualStudio.TestPlatform.CommandLine.Internal.ConsoleLogger, vstest.console, Version=15.0.0.0, Culture=neutral, PublicKeyToken=b03f5f7f11d50a3a" codeBase="C:\Program Files\dotnet\sdk\7.0.102\vstest.console.dll" enabled="True" /></Loggers></LoggerRunSettings><DataCollectionRunSettings><DataCollectors><DataCollector friendlyName="blame" enabled="True"><Configuration><ResultsDirectory>C:\Users\ivank\source\repos\TestAndDebug7\StackTests\bin\Debug\net7.0\fine-code-coverage\coverage-tool-output</ResultsDirectory></Configuration></DataCollector></DataCollectors></DataCollectionRunSettings></RunSettings> and sources System.Collections.Generic.List`1[System.String]: 
TpTrace Verbose: 0 : 10480, 1, 2023/10/07, 15:21:13.326, 6169949612681, vstest.console.dll, DataCollectionRequestSender.SendBeforeTestRunStartAndGetResult: Received message: (DataCollection.SendMessage) -> {"MessageType":"DataCollection.SendMessage","Payload":{"FriendlyName":null,"Uri":null,"TestCaseId":"00000000-0000-0000-0000-000000000000","Message":"Logging DataCollector Diagnostics in file: C:\\Users\\ivank\\source\\repos\\TestAndDebug7\\StackTests\\bin\\Debug\\net7.0\\fine-code-coverage\\coverage-tool-output\\diagnostics.datacollector.23-10-07_15-21-13_10462_1.log","Level":0}}
TpTrace Information: 0 : 10480, 1, 2023/10/07, 15:21:13.335, 6169949706256, vstest.console.dll, AssemblyResolver.OnResolve: Microsoft.VisualStudio.TestPlatform.Common.resources: Resolving assembly.
TpTrace Information: 0 : 10480, 1, 2023/10/07, 15:21:13.335, 6169949707341, vstest.console.dll, AssemblyResolver.OnResolve: Microsoft.VisualStudio.TestPlatform.Common.resources: Searching in: 'C:\Program Files\dotnet\sdk\7.0.102\Extensions'.
TpTrace Information: 0 : 10480, 1, 2023/10/07, 15:21:13.335, 6169949708626, vstest.console.dll, AssemblyResolver.OnResolve: Microsoft.VisualStudio.TestPlatform.Common.resources: Assembly path does not exist: 'C:\Program Files\dotnet\sdk\7.0.102\Extensions\Microsoft.VisualStudio.TestPlatform.Common.resources.dll', returning.
TpTrace Information: 0 : 10480, 1, 2023/10/07, 15:21:13.336, 6169949709118, vstest.console.dll, AssemblyResolver.OnResolve: Microsoft.VisualStudio.TestPlatform.Common.resources: Assembly path does not exist: 'C:\Program Files\dotnet\sdk\7.0.102\Extensions\Microsoft.VisualStudio.TestPlatform.Common.resources.exe', returning.
TpTrace Information: 0 : 10480, 1, 2023/10/07, 15:21:13.336, 6169949709314, vstest.console.dll, AssemblyResolver.OnResolve: Microsoft.VisualStudio.TestPlatform.Common.resources: Searching in: 'C:\Program Files\dotnet\sdk\7.0.102'.
TpTrace Information: 0 : 10480, 1, 2023/10/07, 15:21:13.336, 6169949709820, vstest.console.dll, AssemblyResolver.OnResolve: Microsoft.VisualStudio.TestPlatform.Common.resources: Assembly path does not exist: 'C:\Program Files\dotnet\sdk\7.0.102\Microsoft.VisualStudio.TestPlatform.Common.resources.dll', returning.
TpTrace Information: 0 : 10480, 1, 2023/10/07, 15:21:13.336, 6169949710279, vstest.console.dll, AssemblyResolver.OnResolve: Microsoft.VisualStudio.TestPlatform.Common.resources: Assembly path does not exist: 'C:\Program Files\dotnet\sdk\7.0.102\Microsoft.VisualStudio.TestPlatform.Common.resources.exe', returning.
TpTrace Information: 0 : 10480, 1, 2023/10/07, 15:21:13.336, 6169949710473, vstest.console.dll, AssemblyResolver.OnResolve: Microsoft.VisualStudio.TestPlatform.Common.resources: Failed to load assembly.
TpTrace Verbose: 0 : 10480, 1, 2023/10/07, 15:21:13.394, 6169950295960, vstest.console.dll, DataCollectionRequestSender.SendBeforeTestRunStartAndGetResult: Received message: (DataCollection.BeforeTestRunStartResult) -> {"MessageType":"DataCollection.BeforeTestRunStartResult","Payload":{"EnvironmentVariables":{},"DataCollectionEventsPort":64233}}
TpTrace Information: 0 : 10480, 1, 2023/10/07, 15:21:13.399, 6169950344250, vstest.console.dll, ProxyDataCollectionManager.BeforeTestRunStart: SendBeforeTestRunStartAndGetResult successful, env variable from datacollector:   and testhost port: 64233
TpTrace Information: 0 : 10480, 1, 2023/10/07, 15:21:13.399, 6169950345322, vstest.console.dll, ProxyDataCollectionManager.InvokeDataCollectionServiceAction: Completed.
TpTrace Verbose: 0 : 10480, 1, 2023/10/07, 15:21:13.399, 6169950346461, vstest.console.dll, ProxyParallelExecutionManager: No sources available for execution.
TpTrace Verbose: 0 : 10480, 7, 2023/10/07, 15:21:13.399, 6169950346510, vstest.console.dll, ParallelProxyExecutionManager: Execution started. Started clients: 1
TpTrace Information: 0 : 10480, 1, 2023/10/07, 15:21:13.399, 6169950346934, vstest.console.dll, TestRunRequest.ExecuteAsync: Started.
TpTrace Verbose: 0 : 10480, 1, 2023/10/07, 15:21:13.399, 6169950348398, vstest.console.dll, TestRunRequest.WaitForCompletion: Waiting with timeout -1.
TpTrace Verbose: 0 : 10480, 7, 2023/10/07, 15:21:13.400, 6169950350455, vstest.console.dll, TestRunRequest:SendTestRunMessage: Starting.
TpTrace Verbose: 0 : 10480, 4, 2023/10/07, 15:21:13.400, 6169950352344, vstest.console.dll, MulticastDelegateUtilities.SafeInvoke: InternalTestLoggerEvents.SendTestRunMessage: Invoking callback 1/1 for Microsoft.VisualStudio.TestPlatform.CommandLine.Internal.ConsoleLogger., took 0 ms.
TpTrace Verbose: 0 : 10480, 7, 2023/10/07, 15:21:13.400, 6169950354802, vstest.console.dll, MulticastDelegateUtilities.SafeInvoke: TestRun.LogMessages: Invoking callback 1/1 for Microsoft.VisualStudio.TestPlatform.CommandLine.TestRunResultAggregator., took 0 ms.
TpTrace Information: 0 : 10480, 7, 2023/10/07, 15:21:13.400, 6169950355553, vstest.console.dll, TestRunRequest:SendTestRunMessage: Completed.
TpTrace Verbose: 0 : 10480, 7, 2023/10/07, 15:21:13.400, 6169950358131, vstest.console.dll, ProxyExecutionManager: Test host is always Lazy initialize.
TpTrace Verbose: 0 : 10480, 7, 2023/10/07, 15:21:13.401, 6169950361565, vstest.console.dll, TestRequestSender.InitializeCommunication: initialize communication. 
TpTrace Information: 0 : 10480, 7, 2023/10/07, 15:21:13.401, 6169950367396, vstest.console.dll, SocketServer.Start: Listening on endpoint : 127.0.0.1:64234
TpTrace Verbose: 0 : 10480, 7, 2023/10/07, 15:21:13.402, 6169950374218, vstest.console.dll, DotnetTestHostmanager.GetTestHostProcessStartInfo: Platform environment 'X64' target architecture 'X64' framework '.NETCoreApp,Version=v7.0' OS 'Windows'
TpTrace Verbose: 0 : 10480, 7, 2023/10/07, 15:21:13.402, 6169950376271, vstest.console.dll, DotnetTestHostmanager: Adding  --runtimeconfig "C:\Users\ivank\source\repos\TestAndDebug7\StackTests\bin\Debug\net7.0\fine-code-coverage\build-output\StackTests.runtimeconfig.json" in args
TpTrace Verbose: 0 : 10480, 7, 2023/10/07, 15:21:13.402, 6169950377639, vstest.console.dll, DotnetTestHostmanager: Adding  --depsfile "C:\Users\ivank\source\repos\TestAndDebug7\StackTests\bin\Debug\net7.0\fine-code-coverage\build-output\StackTests.deps.json" in args
TpTrace Verbose: 0 : 10480, 7, 2023/10/07, 15:21:13.403, 6169950379832, vstest.console.dll, DotnetTestHostmanager.IsWinOnArm: Current PROCESSOR_ARCHITECTURE from environment variable 'AMD64'
TpTrace Verbose: 0 : 10480, 7, 2023/10/07, 15:21:13.403, 6169950380579, vstest.console.dll, DotnetTestHostmanager.IsWinOnArm: Is Windows on ARM 'False'
TpTrace Verbose: 0 : 10480, 7, 2023/10/07, 15:21:13.403, 6169950381749, vstest.console.dll, DotnetTestHostManager: testhost.exe found at path: C:\Users\ivank\source\repos\TestAndDebug7\StackTests\bin\Debug\net7.0\fine-code-coverage\build-output\testhost.exe
TpTrace Verbose: 0 : 10480, 7, 2023/10/07, 15:21:13.403, 6169950382319, vstest.console.dll, DotnetTestHostmanager: Full path of host exe is C:\Users\ivank\source\repos\TestAndDebug7\StackTests\bin\Debug\net7.0\fine-code-coverage\build-output\testhost.exe
TpTrace Verbose: 0 : 10480, 7, 2023/10/07, 15:21:13.403, 6169950384149, vstest.console.dll, DotnetTestHostmanager.LaunchTestHostAsync: Found 'VSTEST_WINAPPHOST_DOTNET_ROOT' in env variables, value 'C:\Program Files\dotnet', forwarding to 'DOTNET_ROOT'
TpTrace Verbose: 0 : 10480, 7, 2023/10/07, 15:21:13.403, 6169950386512, vstest.console.dll, DotnetTestHostManager: Starting process 'C:\Users\ivank\source\repos\TestAndDebug7\StackTests\bin\Debug\net7.0\fine-code-coverage\build-output\testhost.exe' with command line ' --runtimeconfig "C:\Users\ivank\source\repos\TestAndDebug7\StackTests\bin\Debug\net7.0\fine-code-coverage\build-output\StackTests.runtimeconfig.json" --depsfile "C:\Users\ivank\source\repos\TestAndDebug7\StackTests\bin\Debug\net7.0\fine-code-coverage\build-output\StackTests.deps.json" --port 64234 --endpoint 127.0.0.1:064234 --role client --parentprocessid 10480 --diag "C:\Users\ivank\source\repos\TestAndDebug7\StackTests\bin\Debug\net7.0\fine-code-coverage\coverage-tool-output\diagnostics.host.23-10-07_15-21-13_40222_7.log" --tracelevel 4 --datacollectionport 64233 --telemetryoptedin false'
TpTrace Verbose: 0 : 10480, 7, 2023/10/07, 15:21:13.411, 6169950460204, vstest.console.dll, MulticastDelegateUtilities.SafeInvoke: HostProviderEvents.OnHostLaunched: Invoking callback 1/2 for Microsoft.VisualStudio.TestPlatform.CrossPlatEngine.Client.ProxyExecutionManagerWithDataCollection., took 1 ms.
TpTrace Verbose: 0 : 10480, 7, 2023/10/07, 15:21:13.411, 6169950468168, vstest.console.dll, Test Runtime launched
TpTrace Verbose: 0 : 10480, 7, 2023/10/07, 15:21:13.412, 6169950469609, vstest.console.dll, MulticastDelegateUtilities.SafeInvoke: HostProviderEvents.OnHostLaunched: Invoking callback 2/2 for Microsoft.VisualStudio.TestPlatform.CrossPlatEngine.Client.ProxyOperationManager., took 0 ms.
TpTrace Verbose: 0 : 10480, 7, 2023/10/07, 15:21:13.412, 6169950471174, vstest.console.dll, TestRequestSender.WaitForRequestHandlerConnection: waiting for connection with timeout: 90000.
TpTrace Verbose: 0 : 10480, 7, 2023/10/07, 15:21:13.547, 6169951828495, vstest.console.dll, TestRequestSender.WaitForRequestHandlerConnection: waiting took 135 ms, with timeout 90000 ms, and result 0, which is success.
TpTrace Verbose: 0 : 10480, 11, 2023/10/07, 15:21:13.547, 6169951828495, vstest.console.dll, MulticastDelegateUtilities.SafeInvoke: SocketServer: ClientConnected: Invoking callback 1/1 for Microsoft.VisualStudio.TestPlatform.CommunicationUtilities.TestRequestSender., took 0 ms.
TpTrace Verbose: 0 : 10480, 11, 2023/10/07, 15:21:13.548, 6169951830095, vstest.console.dll, SocketServer.OnClientConnected: Client connected for endPoint: 127.0.0.1:64234, starting MessageLoopAsync:
TpTrace Verbose: 0 : 10480, 11, 2023/10/07, 15:21:13.548, 6169951831672, vstest.console.dll, TcpClientExtensions.MessageLoopAsync: Polling on remoteEndPoint: 127.0.0.1:64235 localEndPoint: 127.0.0.1:64234
TpTrace Verbose: 0 : 10480, 7, 2023/10/07, 15:21:13.548, 6169951836909, vstest.console.dll, TestRequestSender.CheckVersionWithTestHost: Sending check version message: {"MessageType":"ProtocolVersion","Payload":7}
TpTrace Verbose: 0 : 10480, 11, 2023/10/07, 15:21:13.652, 6169952876325, vstest.console.dll, TcpClientExtensions.MessageLoopAsync: NotifyDataAvailable remoteEndPoint: 127.0.0.1:64235 localEndPoint: 127.0.0.1:64234
TpTrace Verbose: 0 : 10480, 11, 2023/10/07, 15:21:13.653, 6169952878888, vstest.console.dll, TestRequestSender.CheckVersionWithTestHost: onMessageReceived received message: (ProtocolVersion) -> {"MessageType":"ProtocolVersion","Payload":7}
TpTrace Verbose: 0 : 10480, 11, 2023/10/07, 15:21:13.654, 6169952890513, vstest.console.dll, MulticastDelegateUtilities.SafeInvoke: LengthPrefixCommunicationChannel: MessageReceived: Invoking callback 1/1 for Microsoft.VisualStudio.TestPlatform.CommunicationUtilities.TestRequestSender+<>c__DisplayClass26_0., took 1 ms.
TpTrace Verbose: 0 : 10480, 7, 2023/10/07, 15:21:13.654, 6169952891273, vstest.console.dll, TestPluginCache.GetExtensionPaths: Filtered extension paths: 
TpTrace Verbose: 0 : 10480, 11, 2023/10/07, 15:21:13.654, 6169952891809, vstest.console.dll, TcpClientExtensions.MessageLoopAsync: Polling on remoteEndPoint: 127.0.0.1:64235 localEndPoint: 127.0.0.1:64234
TpTrace Verbose: 0 : 10480, 7, 2023/10/07, 15:21:13.654, 6169952892172, vstest.console.dll, TestPluginCache.GetExtensionPaths: Added default extension paths: C:\Program Files\dotnet\sdk\7.0.102\Extensions\Microsoft.Diagnostics.NETCore.Client.dll
C:\Program Files\dotnet\sdk\7.0.102\Extensions\Microsoft.TestPlatform.Extensions.BlameDataCollector.dll
C:\Program Files\dotnet\sdk\7.0.102\Extensions\Microsoft.TestPlatform.Extensions.EventLogCollector.dll
C:\Program Files\dotnet\sdk\7.0.102\Extensions\Microsoft.TestPlatform.TestHostRuntimeProvider.dll
C:\Program Files\dotnet\sdk\7.0.102\Extensions\Microsoft.VisualStudio.TestPlatform.Extensions.Html.TestLogger.dll
C:\Program Files\dotnet\sdk\7.0.102\Extensions\Microsoft.VisualStudio.TestPlatform.Extensions.Trx.TestLogger.dll
TpTrace Verbose: 0 : 10480, 7, 2023/10/07, 15:21:13.654, 6169952893651, vstest.console.dll, TestPluginCache.GetExtensionPaths: Added unfilterableExtensionPaths: 
TpTrace Verbose: 0 : 10480, 7, 2023/10/07, 15:21:13.657, 6169952928046, vstest.console.dll, TestRequestSender.InitializeExecution: Sending initialize execution with message: {"Version":7,"MessageType":"TestExecution.Initialize","Payload":["C:\\Users\\ivank\\source\\repos\\TestAndDebug7\\StackTests\\bin\\Debug\\net7.0\\fine-code-coverage\\build-output\\xunit.runner.visualstudio.dotnetcore.testadapter.dll"]}
TpTrace Warning: 0 : 10480, 7, 2023/10/07, 15:21:13.658, 6169952933337, vstest.console.dll, InferRunSettingsHelper.MakeRunsettingsCompatible: Removing the following settings: TargetPlatform from RunSettings file. To use those settings please move to latest version of Microsoft.NET.Test.Sdk
TpTrace Verbose: 0 : 10480, 11, 2023/10/07, 15:21:13.661, 6169952964092, vstest.console.dll, TcpClientExtensions.MessageLoopAsync: NotifyDataAvailable remoteEndPoint: 127.0.0.1:64235 localEndPoint: 127.0.0.1:64234
TpTrace Verbose: 0 : 10480, 11, 2023/10/07, 15:21:13.661, 6169952967644, vstest.console.dll, TestRequestSender.OnExecutionMessageReceived: Received message: {"Version":7,"MessageType":"TestSession.Message","Payload":{"MessageLevel":0,"Message":"Ведение журналов диагностики TestHost в файле: C:\\Users\\ivank\\source\\repos\\TestAndDebug7\\StackTests\\bin\\Debug\\net7.0\\fine-code-coverage\\coverage-tool-output\\diagnostics.host.23-10-07_15-21-13_40222_7.log"}}
TpTrace Verbose: 0 : 10480, 11, 2023/10/07, 15:21:13.663, 6169952988279, vstest.console.dll, TestRunRequest:SendTestRunMessage: Starting.
TpTrace Verbose: 0 : 10480, 11, 2023/10/07, 15:21:13.664, 6169952989931, vstest.console.dll, MulticastDelegateUtilities.SafeInvoke: TestRun.LogMessages: Invoking callback 1/1 for Microsoft.VisualStudio.TestPlatform.CommandLine.TestRunResultAggregator., took 0 ms.
TpTrace Information: 0 : 10480, 11, 2023/10/07, 15:21:13.664, 6169952990268, vstest.console.dll, TestRunRequest:SendTestRunMessage: Completed.
TpTrace Verbose: 0 : 10480, 11, 2023/10/07, 15:21:13.664, 6169952990546, vstest.console.dll, MulticastDelegateUtilities.SafeInvoke: LengthPrefixCommunicationChannel: MessageReceived: Invoking callback 1/1 for Microsoft.VisualStudio.TestPlatform.CommunicationUtilities.TestRequestSender+<>c__DisplayClass31_0., took 2 ms.
TpTrace Verbose: 0 : 10480, 11, 2023/10/07, 15:21:13.664, 6169952990773, vstest.console.dll, TcpClientExtensions.MessageLoopAsync: Polling on remoteEndPoint: 127.0.0.1:64235 localEndPoint: 127.0.0.1:64234
TpTrace Verbose: 0 : 10480, 4, 2023/10/07, 15:21:13.664, 6169952991298, vstest.console.dll, MulticastDelegateUtilities.SafeInvoke: InternalTestLoggerEvents.SendTestRunMessage: Invoking callback 1/1 for Microsoft.VisualStudio.TestPlatform.CommandLine.Internal.ConsoleLogger., took 0 ms.
TpTrace Verbose: 0 : 10480, 7, 2023/10/07, 15:21:13.665, 6169953005474, vstest.console.dll, TestRequestSender.StartTestRun: Sending test run with message: {"Version":7,"MessageType":"TestExecution.StartWithSources","Payload":{"AdapterSourceMap":{"_none_":["C:\\Users\\ivank\\source\\repos\\TestAndDebug7\\StackTests\\bin\\Debug\\net7.0\\fine-code-coverage\\build-output\\StackTests.dll"]},"RunSettings":"<RunSettings>\r\n  <RunConfiguration>\r\n    <ResultsDirectory>C:\\Users\\ivank\\source\\repos\\TestAndDebug7\\StackTests\\bin\\Debug\\net7.0\\fine-code-coverage\\coverage-tool-output</ResultsDirectory>\r\n    <TargetFrameworkVersion>.NETCoreApp,Version=v7.0</TargetFrameworkVersion>\r\n    <DesignMode>False</DesignMode>\r\n    <CollectSourceInformation>False</CollectSourceInformation>\r\n  </RunConfiguration>\r\n  <LoggerRunSettings>\r\n    <Loggers>\r\n      <Logger friendlyName=\"blame\" enabled=\"True\" />\r\n      <Logger friendlyName=\"Console\" uri=\"logger://microsoft/TestPlatform/ConsoleLogger/v1\" assemblyQualifiedName=\"Microsoft.VisualStudio.TestPlatform.CommandLine.Internal.ConsoleLogger, vstest.console, Version=15.0.0.0, Culture=neutral, PublicKeyToken=b03f5f7f11d50a3a\" codeBase=\"C:\\Program Files\\dotnet\\sdk\\7.0.102\\vstest.console.dll\" enabled=\"True\" />\r\n    </Loggers>\r\n  </LoggerRunSettings>\r\n  <DataCollectionRunSettings>\r\n    <DataCollectors>\r\n      <DataCollector friendlyName=\"blame\" enabled=\"True\">\r\n        <Configuration>\r\n          <ResultsDirectory>C:\\Users\\ivank\\source\\repos\\TestAndDebug7\\StackTests\\bin\\Debug\\net7.0\\fine-code-coverage\\coverage-tool-output</ResultsDirectory>\r\n        </Configuration>\r\n      </DataCollector>\r\n    </DataCollectors>\r\n  </DataCollectionRunSettings>\r\n</RunSettings>","TestExecutionContext":{"FrequencyOfRunStatsChangeEvent":10,"RunStatsChangeEventTimeout":"00:00:01.5000000","InIsolation":false,"KeepAlive":false,"AreTestCaseLevelEventsRequired":false,"IsDebug":false,"TestCaseFilter":null,"FilterOptions":null},"Package":null}}
TpTrace Verbose: 0 : 10480, 11, 2023/10/07, 15:21:13.780, 6169954155379, vstest.console.dll, TcpClientExtensions.MessageLoopAsync: NotifyDataAvailable remoteEndPoint: 127.0.0.1:64235 localEndPoint: 127.0.0.1:64234
TpTrace Verbose: 0 : 10480, 11, 2023/10/07, 15:21:13.780, 6169954158197, vstest.console.dll, TestRequestSender.OnExecutionMessageReceived: Received message: {"Version":7,"MessageType":"TestSession.Message","Payload":{"MessageLevel":0,"Message":"[xUnit.net 00:00:00.00] xUnit.net VSTest Adapter v2.4.5+1caef2f33e (64-bit .NET 7.0.2)"}}
TpTrace Verbose: 0 : 10480, 11, 2023/10/07, 15:21:13.781, 6169954163936, vstest.console.dll, TestRunRequest:SendTestRunMessage: Starting.
TpTrace Verbose: 0 : 10480, 11, 2023/10/07, 15:21:13.781, 6169954165428, vstest.console.dll, MulticastDelegateUtilities.SafeInvoke: TestRun.LogMessages: Invoking callback 1/1 for Microsoft.VisualStudio.TestPlatform.CommandLine.TestRunResultAggregator., took 0 ms.
TpTrace Verbose: 0 : 10480, 4, 2023/10/07, 15:21:13.781, 6169954165499, vstest.console.dll, MulticastDelegateUtilities.SafeInvoke: InternalTestLoggerEvents.SendTestRunMessage: Invoking callback 1/1 for Microsoft.VisualStudio.TestPlatform.CommandLine.Internal.ConsoleLogger., took 0 ms.
TpTrace Information: 0 : 10480, 11, 2023/10/07, 15:21:13.781, 6169954165777, vstest.console.dll, TestRunRequest:SendTestRunMessage: Completed.
TpTrace Verbose: 0 : 10480, 11, 2023/10/07, 15:21:13.781, 6169954166716, vstest.console.dll, MulticastDelegateUtilities.SafeInvoke: LengthPrefixCommunicationChannel: MessageReceived: Invoking callback 1/1 for Microsoft.VisualStudio.TestPlatform.CommunicationUtilities.TestRequestSender+<>c__DisplayClass31_0., took 0 ms.
TpTrace Verbose: 0 : 10480, 11, 2023/10/07, 15:21:13.781, 6169954167143, vstest.console.dll, TcpClientExtensions.MessageLoopAsync: Polling on remoteEndPoint: 127.0.0.1:64235 localEndPoint: 127.0.0.1:64234
TpTrace Verbose: 0 : 10480, 11, 2023/10/07, 15:21:14.137, 6169957720457, vstest.console.dll, TcpClientExtensions.MessageLoopAsync: NotifyDataAvailable remoteEndPoint: 127.0.0.1:64235 localEndPoint: 127.0.0.1:64234
TpTrace Verbose: 0 : 10480, 11, 2023/10/07, 15:21:14.137, 6169957722199, vstest.console.dll, TestRequestSender.OnExecutionMessageReceived: Received message: {"Version":7,"MessageType":"TestSession.Message","Payload":{"MessageLevel":0,"Message":"[xUnit.net 00:00:00.35]   Discovering: StackTests"}}
TpTrace Verbose: 0 : 10480, 11, 2023/10/07, 15:21:14.137, 6169957723625, vstest.console.dll, TestRunRequest:SendTestRunMessage: Starting.
TpTrace Verbose: 0 : 10480, 11, 2023/10/07, 15:21:14.137, 6169957724147, vstest.console.dll, MulticastDelegateUtilities.SafeInvoke: TestRun.LogMessages: Invoking callback 1/1 for Microsoft.VisualStudio.TestPlatform.CommandLine.TestRunResultAggregator., took 0 ms.
TpTrace Information: 0 : 10480, 11, 2023/10/07, 15:21:14.137, 6169957724422, vstest.console.dll, TestRunRequest:SendTestRunMessage: Completed.
TpTrace Verbose: 0 : 10480, 4, 2023/10/07, 15:21:14.137, 6169957724405, vstest.console.dll, MulticastDelegateUtilities.SafeInvoke: InternalTestLoggerEvents.SendTestRunMessage: Invoking callback 1/1 for Microsoft.VisualStudio.TestPlatform.CommandLine.Internal.ConsoleLogger., took 0 ms.
TpTrace Verbose: 0 : 10480, 11, 2023/10/07, 15:21:14.137, 6169957725443, vstest.console.dll, MulticastDelegateUtilities.SafeInvoke: LengthPrefixCommunicationChannel: MessageReceived: Invoking callback 1/1 for Microsoft.VisualStudio.TestPlatform.CommunicationUtilities.TestRequestSender+<>c__DisplayClass31_0., took 0 ms.
TpTrace Verbose: 0 : 10480, 11, 2023/10/07, 15:21:14.137, 6169957725798, vstest.console.dll, TcpClientExtensions.MessageLoopAsync: Polling on remoteEndPoint: 127.0.0.1:64235 localEndPoint: 127.0.0.1:64234
TpTrace Verbose: 0 : 10480, 11, 2023/10/07, 15:21:14.180, 6169958153315, vstest.console.dll, TcpClientExtensions.MessageLoopAsync: NotifyDataAvailable remoteEndPoint: 127.0.0.1:64235 localEndPoint: 127.0.0.1:64234
TpTrace Verbose: 0 : 10480, 11, 2023/10/07, 15:21:14.180, 6169958156351, vstest.console.dll, TestRequestSender.OnExecutionMessageReceived: Received message: {"Version":7,"MessageType":"TestSession.Message","Payload":{"MessageLevel":0,"Message":"[xUnit.net 00:00:00.40]   Discovered:  StackTests"}}
TpTrace Verbose: 0 : 10480, 11, 2023/10/07, 15:21:14.180, 6169958158161, vstest.console.dll, TestRunRequest:SendTestRunMessage: Starting.
TpTrace Verbose: 0 : 10480, 11, 2023/10/07, 15:21:14.181, 6169958158782, vstest.console.dll, MulticastDelegateUtilities.SafeInvoke: TestRun.LogMessages: Invoking callback 1/1 for Microsoft.VisualStudio.TestPlatform.CommandLine.TestRunResultAggregator., took 0 ms.
TpTrace Information: 0 : 10480, 11, 2023/10/07, 15:21:14.181, 6169958159011, vstest.console.dll, TestRunRequest:SendTestRunMessage: Completed.
TpTrace Verbose: 0 : 10480, 11, 2023/10/07, 15:21:14.181, 6169958159273, vstest.console.dll, MulticastDelegateUtilities.SafeInvoke: LengthPrefixCommunicationChannel: MessageReceived: Invoking callback 1/1 for Microsoft.VisualStudio.TestPlatform.CommunicationUtilities.TestRequestSender+<>c__DisplayClass31_0., took 0 ms.
TpTrace Verbose: 0 : 10480, 11, 2023/10/07, 15:21:14.181, 6169958159512, vstest.console.dll, TcpClientExtensions.MessageLoopAsync: Polling on remoteEndPoint: 127.0.0.1:64235 localEndPoint: 127.0.0.1:64234
TpTrace Verbose: 0 : 10480, 4, 2023/10/07, 15:21:14.181, 6169958161703, vstest.console.dll, MulticastDelegateUtilities.SafeInvoke: InternalTestLoggerEvents.SendTestRunMessage: Invoking callback 1/1 for Microsoft.VisualStudio.TestPlatform.CommandLine.Internal.ConsoleLogger., took 0 ms.
TpTrace Verbose: 0 : 10480, 11, 2023/10/07, 15:21:14.186, 6169958217886, vstest.console.dll, TcpClientExtensions.MessageLoopAsync: NotifyDataAvailable remoteEndPoint: 127.0.0.1:64235 localEndPoint: 127.0.0.1:64234
TpTrace Verbose: 0 : 10480, 11, 2023/10/07, 15:21:14.187, 6169958219483, vstest.console.dll, TestRequestSender.OnExecutionMessageReceived: Received message: {"Version":7,"MessageType":"TestSession.Message","Payload":{"MessageLevel":0,"Message":"[xUnit.net 00:00:00.40]   Starting:    StackTests"}}
TpTrace Verbose: 0 : 10480, 11, 2023/10/07, 15:21:14.187, 6169958220799, vstest.console.dll, TestRunRequest:SendTestRunMessage: Starting.
TpTrace Verbose: 0 : 10480, 11, 2023/10/07, 15:21:14.187, 6169958221252, vstest.console.dll, MulticastDelegateUtilities.SafeInvoke: TestRun.LogMessages: Invoking callback 1/1 for Microsoft.VisualStudio.TestPlatform.CommandLine.TestRunResultAggregator., took 0 ms.
TpTrace Information: 0 : 10480, 11, 2023/10/07, 15:21:14.187, 6169958221504, vstest.console.dll, TestRunRequest:SendTestRunMessage: Completed.
TpTrace Verbose: 0 : 10480, 11, 2023/10/07, 15:21:14.187, 6169958221697, vstest.console.dll, MulticastDelegateUtilities.SafeInvoke: LengthPrefixCommunicationChannel: MessageReceived: Invoking callback 1/1 for Microsoft.VisualStudio.TestPlatform.CommunicationUtilities.TestRequestSender+<>c__DisplayClass31_0., took 0 ms.
TpTrace Verbose: 0 : 10480, 11, 2023/10/07, 15:21:14.187, 6169958221920, vstest.console.dll, TcpClientExtensions.MessageLoopAsync: Polling on remoteEndPoint: 127.0.0.1:64235 localEndPoint: 127.0.0.1:64234
TpTrace Verbose: 0 : 10480, 4, 2023/10/07, 15:21:14.188, 6169958231602, vstest.console.dll, MulticastDelegateUtilities.SafeInvoke: InternalTestLoggerEvents.SendTestRunMessage: Invoking callback 1/1 for Microsoft.VisualStudio.TestPlatform.CommandLine.Internal.ConsoleLogger., took 0 ms.
TpTrace Verbose: 0 : 10480, 11, 2023/10/07, 15:21:14.349, 6169959839094, vstest.console.dll, TcpClientExtensions.MessageLoopAsync: NotifyDataAvailable remoteEndPoint: 127.0.0.1:64235 localEndPoint: 127.0.0.1:64234
TpTrace Verbose: 0 : 10480, 11, 2023/10/07, 15:21:14.349, 6169959842275, vstest.console.dll, TestRequestSender.OnExecutionMessageReceived: Received message: {"Version":7,"MessageType":"TestExecution.StatsChange","Payload":{"NewTestResults":[{"TestCase":{"Id":"f2c75a3c-ead6-db5f-e38b-dcf6eac327c9","FullyQualifiedName":"StackTests.StackTests.GeneralOperations_AddAndRemoveAtMaxCapacity_CorrectlyHandlesMaxCapacity","DisplayName":"StackTests.StackTests.GeneralOperations_AddAndRemoveAtMaxCapacity_CorrectlyHandlesMaxCapacity","ExecutorUri":"executor://xunit/VsTestRunner2/netcoreapp","Source":"C:\\Users\\ivank\\source\\repos\\TestAndDebug7\\StackTests\\bin\\Debug\\net7.0\\fine-code-coverage\\build-output\\StackTests.dll","CodeFilePath":null,"LineNumber":0,"Properties":[]},"Attachments":[],"Outcome":1,"ErrorMessage":null,"ErrorStackTrace":null,"DisplayName":"StackTests.StackTests.GeneralOperations_AddAndRemoveAtMaxCapacity_CorrectlyHandlesMaxCapacity","Messages":[],"ComputerName":"DESKTOP-09RAVQF","Duration":"00:00:00.0054285","StartTime":"2023-10-07T12:21:14.268878+00:00","EndTime":"2023-10-07T12:21:14.2688976+00:00","Properties":[]},{"TestCase":{"Id":"ccbf3bb7-cece-e0e7-4c38-79e76ba3f364","FullyQualifiedName":"StackTests.StackTests.GeneralOperations_AddAfterPop_CorrectlyHandlesSubsequentAddition","DisplayName":"StackTests.StackTests.GeneralOperations_AddAfterPop_CorrectlyHandlesSubsequentAddition","ExecutorUri":"executor://xunit/VsTestRunner2/netcoreapp","Source":"C:\\Users\\ivank\\source\\repos\\TestAndDebug7\\StackTests\\bin\\Debug\\net7.0\\fine-code-coverage\\build-output\\StackTests.dll","CodeFilePath":null,"LineNumber":0,"Properties":[]},"Attachments":[],"Outcome":1,"ErrorMessage":null,"ErrorStackTrace":null,"DisplayName":"StackTests.StackTests.GeneralOperations_AddAfterPop_CorrectlyHandlesSubsequentAddition","Messages":[],"ComputerName":"DESKTOP-09RAVQF","Duration":"00:00:00.0002829","StartTime":"2023-10-07T12:21:14.294543+00:00","EndTime":"2023-10-07T12:21:14.2945442+00:00","Properties":[]},{"TestCase":{"Id":"bbef193f-f180-6de2-33db-ac25c065857a","FullyQualifiedName":"StackTests.StackTests.Peek_PeekStack_ReturnsExpectedItem","DisplayName":"StackTests.StackTests.Peek_PeekStack_ReturnsExpectedItem(initialItems: [42, 99], expected: 99)","ExecutorUri":"executor://xunit/VsTestRunner2/netcoreapp","Source":"C:\\Users\\ivank\\source\\repos\\TestAndDebug7\\StackTests\\bin\\Debug\\net7.0\\fine-code-coverage\\build-output\\StackTests.dll","CodeFilePath":null,"LineNumber":0,"Properties":[]},"Attachments":[],"Outcome":1,"ErrorMessage":null,"ErrorStackTrace":null,"DisplayName":"StackTests.StackTests.Peek_PeekStack_ReturnsExpectedItem(initialItems: [42, 99], expected: 99)","Messages":[],"ComputerName":"DESKTOP-09RAVQF","Duration":"00:00:00.0001468","StartTime":"2023-10-07T12:21:14.2989321+00:00","EndTime":"2023-10-07T12:21:14.2989322+00:00","Properties":[]},{"TestCase":{"Id":"f642a918-9c34-e7ea-b208-1b497500fc91","FullyQualifiedName":"StackTests.StackTests.Peek_PeekStack_ReturnsExpectedItem","DisplayName":"StackTests.StackTests.Peek_PeekStack_ReturnsExpectedItem(initialItems: [42], expected: 42)","ExecutorUri":"executor://xunit/VsTestRunner2/netcoreapp","Source":"C:\\Users\\ivank\\source\\repos\\TestAndDebug7\\StackTests\\bin\\Debug\\net7.0\\fine-code-coverage\\build-output\\StackTests.dll","CodeFilePath":null,"LineNumber":0,"Properties":[]},"Attachments":[],"Outcome":1,"ErrorMessage":null,"ErrorStackTrace":null,"DisplayName":"StackTests.StackTests.Peek_PeekStack_ReturnsExpectedItem(initialItems: [42], expected: 42)","Messages":[],"ComputerName":"DESKTOP-09RAVQF","Duration":"00:00:00.0001925","StartTime":"2023-10-07T12:21:14.3017744+00:00","EndTime":"2023-10-07T12:21:14.3017745+00:00","Properties":[]},{"TestCase":{"Id":"fd81d99c-afd4-8749-4b3d-7a04f3e23713","FullyQualifiedName":"StackTests.StackTests.Peek_AttemptToPeekEmptyStack_ReturnsEmptyStackMessage","DisplayName":"StackTests.StackTests.Peek_AttemptToPeekEmptyStack_ReturnsEmptyStackMessage","ExecutorUri":"executor://xunit/VsTestRunner2/netcoreapp","Source":"C:\\Users\\ivank\\source\\repos\\TestAndDebug7\\StackTests\\bin\\Debug\\net7.0\\fine-code-coverage\\build-output\\StackTests.dll","CodeFilePath":null,"LineNumber":0,"Properties":[]},"Attachments":[],"Outcome":1,"ErrorMessage":null,"ErrorStackTrace":null,"DisplayName":"StackTests.StackTests.Peek_AttemptToPeekEmptyStack_ReturnsEmptyStackMessage","Messages":[],"ComputerName":"DESKTOP-09RAVQF","Duration":"00:00:00.0016837","StartTime":"2023-10-07T12:21:14.3040761+00:00","EndTime":"2023-10-07T12:21:14.3040761+00:00","Properties":[]},{"TestCase":{"Id":"35edfe71-b61c-e19b-a2b1-3c14d4c273bb","FullyQualifiedName":"StackTests.StackTests.Pop_AttemptToPopFromEmptyStack_ReturnsEmptyStackMessage","DisplayName":"StackTests.StackTests.Pop_AttemptToPopFromEmptyStack_ReturnsEmptyStackMessage","ExecutorUri":"executor://xunit/VsTestRunner2/netcoreapp","Source":"C:\\Users\\ivank\\source\\repos\\TestAndDebug7\\StackTests\\bin\\Debug\\net7.0\\fine-code-coverage\\build-output\\StackTests.dll","CodeFilePath":null,"LineNumber":0,"Properties":[]},"Attachments":[],"Outcome":1,"ErrorMessage":null,"ErrorStackTrace":null,"DisplayName":"StackTests.StackTests.Pop_AttemptToPopFromEmptyStack_ReturnsEmptyStackMessage","Messages":[],"ComputerName":"DESKTOP-09RAVQF","Duration":"00:00:00.0003280","StartTime":"2023-10-07T12:21:14.3076325+00:00","EndTime":"2023-10-07T12:21:14.3076326+00:00","Properties":[]},{"TestCase":{"Id":"91c48b3b-4099-33c0-ca4c-5117ca53f401","FullyQualifiedName":"StackTests.StackTests.Push_AddItemToStack_SuccessfullyAdded","DisplayName":"StackTests.StackTests.Push_AddItemToStack_SuccessfullyAdded(item: \"Hello\", expected: \"Hello\")","ExecutorUri":"executor://xunit/VsTestRunner2/netcoreapp","Source":"C:\\Users\\ivank\\source\\repos\\TestAndDebug7\\StackTests\\bin\\Debug\\net7.0\\fine-code-coverage\\build-output\\StackTests.dll","CodeFilePath":null,"LineNumber":0,"Properties":[]},"Attachments":[],"Outcome":1,"ErrorMessage":null,"ErrorStackTrace":null,"DisplayName":"StackTests.StackTests.Push_AddItemToStack_SuccessfullyAdded(item: \"Hello\", expected: \"Hello\")","Messages":[],"ComputerName":"DESKTOP-09RAVQF","Duration":"00:00:00.0018635","StartTime":"2023-10-07T12:21:14.3108565+00:00","EndTime":"2023-10-07T12:21:14.3108566+00:00","Properties":[]},{"TestCase":{"Id":"26db5976-e734-3591-8bd0-29271db07a8e","FullyQualifiedName":"StackTests.StackTests.Push_AddItemToStack_SuccessfullyAdded","DisplayName":"StackTests.StackTests.Push_AddItemToStack_SuccessfullyAdded(item: 42, expected: 42)","ExecutorUri":"executor://xunit/VsTestRunner2/netcoreapp","Source":"C:\\Users\\ivank\\source\\repos\\TestAndDebug7\\StackTests\\bin\\Debug\\net7.0\\fine-code-coverage\\build-output\\StackTests.dll","CodeFilePath":null,"LineNumber":0,"Properties":[]},"Attachments":[],"Outcome":1,"ErrorMessage":null,"ErrorStackTrace":null,"DisplayName":"StackTests.StackTests.Push_AddItemToStack_SuccessfullyAdded(item: 42, expected: 42)","Messages":[],"ComputerName":"DESKTOP-09RAVQF","Duration":"00:00:00.0010467","StartTime":"2023-10-07T12:21:14.3135621+00:00","EndTime":"2023-10-07T12:21:14.3135622+00:00","Properties":[]},{"TestCase":{"Id":"4dd2c9c2-48fd-4abe-787b-0824772ddf0e","FullyQualifiedName":"StackTests.StackTests.PrintStack_PrintStack_ReturnsExpectedOutput","DisplayName":"StackTests.StackTests.PrintStack_PrintStack_ReturnsExpectedOutput(initialItems: [], expected: \"Стек пуст.\")","ExecutorUri":"executor://xunit/VsTestRunner2/netcoreapp","Source":"C:\\Users\\ivank\\source\\repos\\TestAndDebug7\\StackTests\\bin\\Debug\\net7.0\\fine-code-coverage\\build-output\\StackTests.dll","CodeFilePath":null,"LineNumber":0,"Properties":[]},"Attachments":[],"Outcome":1,"ErrorMessage":null,"ErrorStackTrace":null,"DisplayName":"StackTests.StackTests.PrintStack_PrintStack_ReturnsExpectedOutput(initialItems: [], expected: \"Стек пуст.\")","Messages":[],"ComputerName":"DESKTOP-09RAVQF","Duration":"00:00:00.0130657","StartTime":"2023-10-07T12:21:14.3166026+00:00","EndTime":"2023-10-07T12:21:14.3166026+00:00","Properties":[]}],"TestRunStatistics":{"ExecutedTests":9,"Stats":{"Passed":9}},"ActiveTests":[{"Id":"d0b6ac2c-202b-3f63-c991-9a2757bad2e0","FullyQualifiedName":"StackTests.StackTests.PrintStack_PrintStack_ReturnsExpectedOutput","DisplayName":"StackTests.StackTests.PrintStack_PrintStack_ReturnsExpectedOutput(initialItems: [42, 99], expected: \"Элементы стека: 42 99\")","ExecutorUri":"executor://xunit/VsTestRunner2/netcoreapp","Source":"C:\\Users\\ivank\\source\\repos\\TestAndDebug7\\StackTests\\bin\\Debug\\net7.0\\fine-code-coverage\\build-output\\StackTests.dll","CodeFilePath":null,"LineNumber":0,"Properties":[]}]}}
TpTrace Verbose: 0 : 10480, 11, 2023/10/07, 15:21:14.377, 6169960128295, vstest.console.dll, TestRunRequest:SendTestRunStatsChange: Starting.
TpTrace Verbose: 0 : 10480, 11, 2023/10/07, 15:21:14.378, 6169960130573, vstest.console.dll, InProgress is StackTests.StackTests.PrintStack_PrintStack_ReturnsExpectedOutput(initialItems: [42, 99], expected: "Элементы стека: 42 99")
TpTrace Verbose: 0 : 10480, 11, 2023/10/07, 15:21:14.378, 6169960133433, vstest.console.dll, MulticastDelegateUtilities.SafeInvoke: TestRun.RunStatsChanged: Invoking callbacks was skipped because there are no subscribers.
TpTrace Information: 0 : 10480, 11, 2023/10/07, 15:21:14.378, 6169960134177, vstest.console.dll, TestRunRequest:SendTestRunStatsChange: Completed.
TpTrace Verbose: 0 : 10480, 11, 2023/10/07, 15:21:14.378, 6169960134561, vstest.console.dll, MulticastDelegateUtilities.SafeInvoke: LengthPrefixCommunicationChannel: MessageReceived: Invoking callback 1/1 for Microsoft.VisualStudio.TestPlatform.CommunicationUtilities.TestRequestSender+<>c__DisplayClass31_0., took 29 ms.
TpTrace Verbose: 0 : 10480, 11, 2023/10/07, 15:21:14.378, 6169960134817, vstest.console.dll, TcpClientExtensions.MessageLoopAsync: Polling on remoteEndPoint: 127.0.0.1:64235 localEndPoint: 127.0.0.1:64234
TpTrace Verbose: 0 : 10480, 11, 2023/10/07, 15:21:14.378, 6169960135171, vstest.console.dll, TcpClientExtensions.MessageLoopAsync: NotifyDataAvailable remoteEndPoint: 127.0.0.1:64235 localEndPoint: 127.0.0.1:64234
TpTrace Verbose: 0 : 10480, 11, 2023/10/07, 15:21:14.378, 6169960135715, vstest.console.dll, TestRequestSender.OnExecutionMessageReceived: Received message: {"Version":7,"MessageType":"TestSession.Message","Payload":{"MessageLevel":0,"Message":"[xUnit.net 00:00:00.59]   Finished:    StackTests"}}
TpTrace Verbose: 0 : 10480, 11, 2023/10/07, 15:21:14.378, 6169960136763, vstest.console.dll, TestRunRequest:SendTestRunMessage: Starting.
TpTrace Verbose: 0 : 10480, 11, 2023/10/07, 15:21:14.378, 6169960137117, vstest.console.dll, MulticastDelegateUtilities.SafeInvoke: TestRun.LogMessages: Invoking callback 1/1 for Microsoft.VisualStudio.TestPlatform.CommandLine.TestRunResultAggregator., took 0 ms.
TpTrace Information: 0 : 10480, 11, 2023/10/07, 15:21:14.378, 6169960137309, vstest.console.dll, TestRunRequest:SendTestRunMessage: Completed.
TpTrace Verbose: 0 : 10480, 11, 2023/10/07, 15:21:14.378, 6169960137569, vstest.console.dll, MulticastDelegateUtilities.SafeInvoke: LengthPrefixCommunicationChannel: MessageReceived: Invoking callback 1/1 for Microsoft.VisualStudio.TestPlatform.CommunicationUtilities.TestRequestSender+<>c__DisplayClass31_0., took 0 ms.
TpTrace Verbose: 0 : 10480, 11, 2023/10/07, 15:21:14.378, 6169960137767, vstest.console.dll, TcpClientExtensions.MessageLoopAsync: Polling on remoteEndPoint: 127.0.0.1:64235 localEndPoint: 127.0.0.1:64234
TpTrace Verbose: 0 : 10480, 4, 2023/10/07, 15:21:14.381, 6169960164883, vstest.console.dll, MulticastDelegateUtilities.SafeInvoke: InternalTestLoggerEvents.SendTestResult: Invoking callback 1/1 for Microsoft.VisualStudio.TestPlatform.CommandLine.Internal.ConsoleLogger., took 3 ms.
TpTrace Verbose: 0 : 10480, 4, 2023/10/07, 15:21:14.382, 6169960168880, vstest.console.dll, MulticastDelegateUtilities.SafeInvoke: InternalTestLoggerEvents.SendTestResult: Invoking callback 1/1 for Microsoft.VisualStudio.TestPlatform.CommandLine.Internal.ConsoleLogger., took 0 ms.
TpTrace Verbose: 0 : 10480, 4, 2023/10/07, 15:21:14.382, 6169960170054, vstest.console.dll, MulticastDelegateUtilities.SafeInvoke: InternalTestLoggerEvents.SendTestResult: Invoking callback 1/1 for Microsoft.VisualStudio.TestPlatform.CommandLine.Internal.ConsoleLogger., took 0 ms.
TpTrace Verbose: 0 : 10480, 4, 2023/10/07, 15:21:14.382, 6169960170413, vstest.console.dll, MulticastDelegateUtilities.SafeInvoke: InternalTestLoggerEvents.SendTestResult: Invoking callback 1/1 for Microsoft.VisualStudio.TestPlatform.CommandLine.Internal.ConsoleLogger., took 0 ms.
TpTrace Verbose: 0 : 10480, 4, 2023/10/07, 15:21:14.382, 6169960170726, vstest.console.dll, MulticastDelegateUtilities.SafeInvoke: InternalTestLoggerEvents.SendTestResult: Invoking callback 1/1 for Microsoft.VisualStudio.TestPlatform.CommandLine.Internal.ConsoleLogger., took 0 ms.
TpTrace Verbose: 0 : 10480, 4, 2023/10/07, 15:21:14.382, 6169960171043, vstest.console.dll, MulticastDelegateUtilities.SafeInvoke: InternalTestLoggerEvents.SendTestResult: Invoking callback 1/1 for Microsoft.VisualStudio.TestPlatform.CommandLine.Internal.ConsoleLogger., took 0 ms.
TpTrace Verbose: 0 : 10480, 4, 2023/10/07, 15:21:14.382, 6169960171384, vstest.console.dll, MulticastDelegateUtilities.SafeInvoke: InternalTestLoggerEvents.SendTestResult: Invoking callback 1/1 for Microsoft.VisualStudio.TestPlatform.CommandLine.Internal.ConsoleLogger., took 0 ms.
TpTrace Verbose: 0 : 10480, 4, 2023/10/07, 15:21:14.382, 6169960171651, vstest.console.dll, MulticastDelegateUtilities.SafeInvoke: InternalTestLoggerEvents.SendTestResult: Invoking callback 1/1 for Microsoft.VisualStudio.TestPlatform.CommandLine.Internal.ConsoleLogger., took 0 ms.
TpTrace Verbose: 0 : 10480, 4, 2023/10/07, 15:21:14.382, 6169960171892, vstest.console.dll, MulticastDelegateUtilities.SafeInvoke: InternalTestLoggerEvents.SendTestResult: Invoking callback 1/1 for Microsoft.VisualStudio.TestPlatform.CommandLine.Internal.ConsoleLogger., took 0 ms.
TpTrace Verbose: 0 : 10480, 4, 2023/10/07, 15:21:14.382, 6169960172182, vstest.console.dll, MulticastDelegateUtilities.SafeInvoke: InternalTestLoggerEvents.SendTestRunMessage: Invoking callback 1/1 for Microsoft.VisualStudio.TestPlatform.CommandLine.Internal.ConsoleLogger., took 0 ms.
TpTrace Verbose: 0 : 10480, 11, 2023/10/07, 15:21:14.397, 6169960325022, vstest.console.dll, TcpClientExtensions.MessageLoopAsync: NotifyDataAvailable remoteEndPoint: 127.0.0.1:64235 localEndPoint: 127.0.0.1:64234
TpTrace Verbose: 0 : 10480, 11, 2023/10/07, 15:21:14.397, 6169960327430, vstest.console.dll, TestRequestSender.OnExecutionMessageReceived: Received message: {"Version":7,"MessageType":"TestExecution.Completed","Payload":{"TestRunCompleteArgs":{"TestRunStatistics":{"ExecutedTests":15,"Stats":{"Passed":15}},"IsCanceled":false,"IsAborted":false,"Error":null,"AttachmentSets":[],"InvokedDataCollectors":[],"ElapsedTimeInRunningTests":"00:00:00.5973863","Metrics":{},"DiscoveredExtensions":{"TestDiscoverers":["Xunit.Runner.VisualStudio.VsTestRunner, xunit.runner.visualstudio.dotnetcore.testadapter, Version=2.4.0.0, Culture=neutral, PublicKeyToken=8d05b1bb7a6fdb6c"],"TestExecutors":["executor://xunit/VsTestRunner2/netcoreapp"],"TestExecutors2":[],"TestSettingsProviders":[]}},"LastRunTests":{"NewTestResults":[{"TestCase":{"Id":"d0b6ac2c-202b-3f63-c991-9a2757bad2e0","FullyQualifiedName":"StackTests.StackTests.PrintStack_PrintStack_ReturnsExpectedOutput","DisplayName":"StackTests.StackTests.PrintStack_PrintStack_ReturnsExpectedOutput(initialItems: [42, 99], expected: \"Элементы стека: 42 99\")","ExecutorUri":"executor://xunit/VsTestRunner2/netcoreapp","Source":"C:\\Users\\ivank\\source\\repos\\TestAndDebug7\\StackTests\\bin\\Debug\\net7.0\\fine-code-coverage\\build-output\\StackTests.dll","CodeFilePath":null,"LineNumber":0,"Properties":[]},"Attachments":[],"Outcome":1,"ErrorMessage":null,"ErrorStackTrace":null,"DisplayName":"StackTests.StackTests.PrintStack_PrintStack_ReturnsExpectedOutput(initialItems: [42, 99], expected: \"Элементы стека: 42 99\")","Messages":[],"ComputerName":"DESKTOP-09RAVQF","Duration":"00:00:00.0002836","StartTime":"2023-10-07T12:21:14.3503833+00:00","EndTime":"2023-10-07T12:21:14.3503834+00:00","Properties":[]},{"TestCase":{"Id":"6adbaba4-0030-d2ec-6d9a-e2192c9de3b0","FullyQualifiedName":"StackTests.StackTests.PrintStack_PrintStack_ReturnsExpectedOutput","DisplayName":"StackTests.StackTests.PrintStack_PrintStack_ReturnsExpectedOutput(initialItems: [42], expected: \"Элементы стека: 42\")","ExecutorUri":"executor://xunit/VsTestRunner2/netcoreapp","Source":"C:\\Users\\ivank\\source\\repos\\TestAndDebug7\\StackTests\\bin\\Debug\\net7.0\\fine-code-coverage\\build-output\\StackTests.dll","CodeFilePath":null,"LineNumber":0,"Properties":[]},"Attachments":[],"Outcome":1,"ErrorMessage":null,"ErrorStackTrace":null,"DisplayName":"StackTests.StackTests.PrintStack_PrintStack_ReturnsExpectedOutput(initialItems: [42], expected: \"Элементы стека: 42\")","Messages":[],"ComputerName":"DESKTOP-09RAVQF","Duration":"00:00:00.0000200","StartTime":"2023-10-07T12:21:14.3541345+00:00","EndTime":"2023-10-07T12:21:14.3541345+00:00","Properties":[]},{"TestCase":{"Id":"a0fc3f40-7784-fef8-ec24-0bd4e2c078ad","FullyQualifiedName":"StackTests.StackTests.Pop_PopFromStack_ReturnsExpectedItem","DisplayName":"StackTests.StackTests.Pop_PopFromStack_ReturnsExpectedItem(initialItems: [42], expected: 42)","ExecutorUri":"executor://xunit/VsTestRunner2/netcoreapp","Source":"C:\\Users\\ivank\\source\\repos\\TestAndDebug7\\StackTests\\bin\\Debug\\net7.0\\fine-code-coverage\\build-output\\StackTests.dll","CodeFilePath":null,"LineNumber":0,"Properties":[]},"Attachments":[],"Outcome":1,"ErrorMessage":null,"ErrorStackTrace":null,"DisplayName":"StackTests.StackTests.Pop_PopFromStack_ReturnsExpectedItem(initialItems: [42], expected: 42)","Messages":[],"ComputerName":"DESKTOP-09RAVQF","Duration":"00:00:00.0010205","StartTime":"2023-10-07T12:21:14.3575706+00:00","EndTime":"2023-10-07T12:21:14.3575707+00:00","Properties":[]},{"TestCase":{"Id":"2d57e54a-ef93-5b4a-6321-d5fea66a7201","FullyQualifiedName":"StackTests.StackTests.Pop_PopFromStack_ReturnsExpectedItem","DisplayName":"StackTests.StackTests.Pop_PopFromStack_ReturnsExpectedItem(initialItems: [42, 99], expected: 99)","ExecutorUri":"executor://xunit/VsTestRunner2/netcoreapp","Source":"C:\\Users\\ivank\\source\\repos\\TestAndDebug7\\StackTests\\bin\\Debug\\net7.0\\fine-code-coverage\\build-output\\StackTests.dll","CodeFilePath":null,"LineNumber":0,"Properties":[]},"Attachments":[],"Outcome":1,"ErrorMessage":null,"ErrorStackTrace":null,"DisplayName":"StackTests.StackTests.Pop_PopFromStack_ReturnsExpectedItem(initialItems: [42, 99], expected: 99)","Messages":[],"ComputerName":"DESKTOP-09RAVQF","Duration":"00:00:00.0001998","StartTime":"2023-10-07T12:21:14.3615246+00:00","EndTime":"2023-10-07T12:21:14.3615247+00:00","Properties":[]},{"TestCase":{"Id":"c1769f69-d609-31ad-5566-0f1fed0e3398","FullyQualifiedName":"StackTests.StackTests.GeneralOperations_SequentialAdditionAndRemoval_OrderAndCorrectnessVerified","DisplayName":"StackTests.StackTests.GeneralOperations_SequentialAdditionAndRemoval_OrderAndCorrectnessVerified","ExecutorUri":"executor://xunit/VsTestRunner2/netcoreapp","Source":"C:\\Users\\ivank\\source\\repos\\TestAndDebug7\\StackTests\\bin\\Debug\\net7.0\\fine-code-coverage\\build-output\\StackTests.dll","CodeFilePath":null,"LineNumber":0,"Properties":[]},"Attachments":[],"Outcome":1,"ErrorMessage":null,"ErrorStackTrace":null,"DisplayName":"StackTests.StackTests.GeneralOperations_SequentialAdditionAndRemoval_OrderAndCorrectnessVerified","Messages":[],"ComputerName":"DESKTOP-09RAVQF","Duration":"00:00:00.0002398","StartTime":"2023-10-07T12:21:14.36411+00:00","EndTime":"2023-10-07T12:21:14.36411+00:00","Properties":[]},{"TestCase":{"Id":"01569419-2588-ef97-4843-3b069ae94947","FullyQualifiedName":"StackTests.StackTests.Push_AddToFullStack_ReturnsOverflowMessage","DisplayName":"StackTests.StackTests.Push_AddToFullStack_ReturnsOverflowMessage","ExecutorUri":"executor://xunit/VsTestRunner2/netcoreapp","Source":"C:\\Users\\ivank\\source\\repos\\TestAndDebug7\\StackTests\\bin\\Debug\\net7.0\\fine-code-coverage\\build-output\\StackTests.dll","CodeFilePath":null,"LineNumber":0,"Properties":[]},"Attachments":[],"Outcome":1,"ErrorMessage":null,"ErrorStackTrace":null,"DisplayName":"StackTests.StackTests.Push_AddToFullStack_ReturnsOverflowMessage","Messages":[],"ComputerName":"DESKTOP-09RAVQF","Duration":"00:00:00.0004625","StartTime":"2023-10-07T12:21:14.3668848+00:00","EndTime":"2023-10-07T12:21:14.3668848+00:00","Properties":[]}],"TestRunStatistics":{"ExecutedTests":15,"Stats":{"Passed":15}},"ActiveTests":[]},"RunAttachments":[],"ExecutorUris":["executor://xunit/VsTestRunner2/netcoreapp"]}}
TpTrace Verbose: 0 : 10480, 11, 2023/10/07, 15:21:14.398, 6169960328765, vstest.console.dll, TestRequestSender.EndSession: Sending end session.
TpTrace Verbose: 0 : 10480, 11, 2023/10/07, 15:21:14.398, 6169960330184, vstest.console.dll, ProxyOperationManager.Close: waiting for test host to exit for 100 ms
TpTrace Warning: 0 : 10480, 10, 2023/10/07, 15:21:14.416, 6169960517425, vstest.console.dll, TestHostManagerCallbacks.ErrorReceivedCallback Test host standard error line: 
TpTrace Verbose: 0 : 10480, 10, 2023/10/07, 15:21:14.427, 6169960626964, vstest.console.dll, TestHostProvider.ExitCallBack: Host exited starting callback.
TpTrace Information: 0 : 10480, 10, 2023/10/07, 15:21:14.427, 6169960628672, vstest.console.dll, TestHostManagerCallbacks.ExitCallBack: Testhost processId: 17888 exited with exitcode: 0 error: ''
TpTrace Verbose: 0 : 10480, 10, 2023/10/07, 15:21:14.428, 6169960629001, vstest.console.dll, DotnetTestHostManager.OnHostExited: invoking OnHostExited callback
TpTrace Verbose: 0 : 10480, 10, 2023/10/07, 15:21:14.428, 6169960629379, vstest.console.dll, CrossPlatEngine.TestHostManagerHostExited: calling on client process exit callback.
TpTrace Information: 0 : 10480, 10, 2023/10/07, 15:21:14.428, 6169960629736, vstest.console.dll, TestRequestSender.OnClientProcessExit: Test host process exited. Standard error: 
TpTrace Information: 0 : 10480, 10, 2023/10/07, 15:21:14.428, 6169960629987, vstest.console.dll, SocketServer.Stop: Stop server endPoint: 127.0.0.1:64234
TpTrace Information: 0 : 10480, 10, 2023/10/07, 15:21:14.428, 6169960630159, vstest.console.dll, SocketServer.Stop: Cancellation requested. Stopping message loop.
TpTrace Information: 0 : 10480, 11, 2023/10/07, 15:21:14.428, 6169960630333, vstest.console.dll, SocketServer.Stop: Stop server endPoint: 127.0.0.1:64234
TpTrace Information: 0 : 10480, 11, 2023/10/07, 15:21:14.428, 6169960630735, vstest.console.dll, SocketServer.Stop: Cancellation requested. Stopping message loop.
TpTrace Verbose: 0 : 10480, 10, 2023/10/07, 15:21:14.428, 6169960630747, vstest.console.dll, MulticastDelegateUtilities.SafeInvoke: HostProviderEvents.OnHostExited: Invoking callback 1/1 for Microsoft.VisualStudio.TestPlatform.CrossPlatEngine.Client.ProxyOperationManager., took 0 ms.
TpTrace Information: 0 : 10480, 11, 2023/10/07, 15:21:14.428, 6169960631013, vstest.console.dll, Closing the connection
TpTrace Verbose: 0 : 10480, 11, 2023/10/07, 15:21:14.428, 6169960632682, vstest.console.dll, ProxyDataCollectionManager.InvokeDataCollectionServiceAction: Starting.
TpTrace Information: 0 : 10480, 11, 2023/10/07, 15:21:14.428, 6169960632991, vstest.console.dll, ProxyDataCollectionManager.AfterTestRunEnd: Get attachment set and invoked data collectors processId: 2292 port: 64231
TpTrace Verbose: 0 : 10480, 11, 2023/10/07, 15:21:14.428, 6169960633340, vstest.console.dll, DataCollectionRequestSender.SendAfterTestRunStartAndGetResult: Send AfterTestRunEnd message with isCancelled: False
TpTrace Verbose: 0 : 10480, 11, 2023/10/07, 15:21:14.435, 6169960702448, vstest.console.dll, DataCollectionRequestSender.SendAfterTestRunStartAndGetResult: Received message: (DataCollection.AfterTestRunEndResult) -> {"MessageType":"DataCollection.AfterTestRunEndResult","Payload":{"AttachmentSets":[],"InvokedDataCollectors":[{"Uri":"datacollector://Microsoft/TestPlatform/Extensions/Blame/v1","FriendlyName":"Blame","AssemblyQualifiedName":"Microsoft.TestPlatform.Extensions.BlameDataCollector.BlameCollector, Microsoft.TestPlatform.Extensions.BlameDataCollector, Version=15.0.0.0, Culture=neutral, PublicKeyToken=b03f5f7f11d50a3a","FilePath":"C:\\Program Files\\dotnet\\sdk\\7.0.102\\Extensions\\Microsoft.TestPlatform.Extensions.BlameDataCollector.dll","HasAttachmentProcessor":false}],"Metrics":{}}}
TpTrace Warning: 0 : 10480, 9, 2023/10/07, 15:21:14.439, 6169960739535, vstest.console.dll, DataCollectionLauncher.ErrorReceivedCallback datacollector standard error line: 
TpTrace Information: 0 : 10480, 11, 2023/10/07, 15:21:14.442, 6169960769430, vstest.console.dll, ProxyDataCollectionManager.InvokeDataCollectionServiceAction: Completed.
TpTrace Information: 0 : 10480, 9, 2023/10/07, 15:21:14.443, 6169960785403, vstest.console.dll, DataCollectionLauncher.ExitCallBack: Data collector exited with exitcode: 0 error: ''
TpTrace Verbose: 0 : 10480, 11, 2023/10/07, 15:21:14.483, 6169961188078, vstest.console.dll, TestRunRequest:SendTestRunStatsChange: Starting.
TpTrace Verbose: 0 : 10480, 11, 2023/10/07, 15:21:14.484, 6169961189500, vstest.console.dll, MulticastDelegateUtilities.SafeInvoke: TestRun.RunStatsChanged: Invoking callbacks was skipped because there are no subscribers.
TpTrace Information: 0 : 10480, 11, 2023/10/07, 15:21:14.484, 6169961189734, vstest.console.dll, TestRunRequest:SendTestRunStatsChange: Completed.
TpTrace Verbose: 0 : 10480, 4, 2023/10/07, 15:21:14.484, 6169961190441, vstest.console.dll, MulticastDelegateUtilities.SafeInvoke: InternalTestLoggerEvents.SendTestResult: Invoking callback 1/1 for Microsoft.VisualStudio.TestPlatform.CommandLine.Internal.ConsoleLogger., took 0 ms.
TpTrace Verbose: 0 : 10480, 4, 2023/10/07, 15:21:14.484, 6169961191522, vstest.console.dll, MulticastDelegateUtilities.SafeInvoke: InternalTestLoggerEvents.SendTestResult: Invoking callback 1/1 for Microsoft.VisualStudio.TestPlatform.CommandLine.Internal.ConsoleLogger., took 0 ms.
TpTrace Verbose: 0 : 10480, 4, 2023/10/07, 15:21:14.484, 6169961192126, vstest.console.dll, MulticastDelegateUtilities.SafeInvoke: InternalTestLoggerEvents.SendTestResult: Invoking callback 1/1 for Microsoft.VisualStudio.TestPlatform.CommandLine.Internal.ConsoleLogger., took 0 ms.
TpTrace Verbose: 0 : 10480, 4, 2023/10/07, 15:21:14.484, 6169961192701, vstest.console.dll, MulticastDelegateUtilities.SafeInvoke: InternalTestLoggerEvents.SendTestResult: Invoking callback 1/1 for Microsoft.VisualStudio.TestPlatform.CommandLine.Internal.ConsoleLogger., took 0 ms.
TpTrace Verbose: 0 : 10480, 11, 2023/10/07, 15:21:14.484, 6169961193081, vstest.console.dll, ParallelProxyExecutionManager: HandlePartialRunComplete: Total completed clients = 1, Run complete = True, Run canceled: False.
TpTrace Verbose: 0 : 10480, 4, 2023/10/07, 15:21:14.484, 6169961193238, vstest.console.dll, MulticastDelegateUtilities.SafeInvoke: InternalTestLoggerEvents.SendTestResult: Invoking callback 1/1 for Microsoft.VisualStudio.TestPlatform.CommandLine.Internal.ConsoleLogger., took 0 ms.
TpTrace Verbose: 0 : 10480, 4, 2023/10/07, 15:21:14.484, 6169961193903, vstest.console.dll, MulticastDelegateUtilities.SafeInvoke: InternalTestLoggerEvents.SendTestResult: Invoking callback 1/1 for Microsoft.VisualStudio.TestPlatform.CommandLine.Internal.ConsoleLogger., took 0 ms.
TpTrace Verbose: 0 : 10480, 4, 2023/10/07, 15:21:14.492, 6169961274422, vstest.console.dll, MulticastDelegateUtilities.SafeInvoke: InternalTestLoggerEvents.SendTestRunComplete: Invoking callback 1/2 for Microsoft.TestPlatform.Extensions.BlameDataCollector.BlameLogger., took 0 ms.
TpTrace Verbose: 0 : 10480, 4, 2023/10/07, 15:21:14.497, 6169961325212, vstest.console.dll, MulticastDelegateUtilities.SafeInvoke: InternalTestLoggerEvents.SendTestRunComplete: Invoking callback 2/2 for Microsoft.VisualStudio.TestPlatform.CommandLine.Internal.ConsoleLogger., took 4 ms.
TpTrace Verbose: 0 : 10480, 11, 2023/10/07, 15:21:14.498, 6169961329426, vstest.console.dll, TestRunRequest:TestRunComplete: Starting. IsAborted:False IsCanceled:False.
TpTrace Verbose: 0 : 10480, 11, 2023/10/07, 15:21:14.499, 6169961342456, vstest.console.dll, TestLoggerManager.HandleTestRunComplete: Ignoring as the object is disposed.
TpTrace Verbose: 0 : 10480, 11, 2023/10/07, 15:21:14.499, 6169961345258, vstest.console.dll, MulticastDelegateUtilities.SafeInvoke: TestRun.TestRunComplete: Invoking callback 1/2 for Microsoft.VisualStudio.TestPlatform.CommandLine.TestRunResultAggregator., took 0 ms.
TpTrace Verbose: 0 : 10480, 11, 2023/10/07, 15:21:14.499, 6169961346582, vstest.console.dll, MulticastDelegateUtilities.SafeInvoke: TestRun.TestRunComplete: Invoking callback 2/2 for Microsoft.VisualStudio.TestPlatform.CommandLine.Processors.RunTestsArgumentExecutor+TestRunRequestEventsRegistrar., took 0 ms.
TpTrace Information: 0 : 10480, 11, 2023/10/07, 15:21:14.499, 6169961347394, vstest.console.dll, TestRunRequest:TestRunComplete: Completed.
TpTrace Verbose: 0 : 10480, 11, 2023/10/07, 15:21:14.499, 6169961347674, vstest.console.dll, TestRequestSender.SetOperationComplete: Setting operation complete.
TpTrace Verbose: 0 : 10480, 1, 2023/10/07, 15:21:14.499, 6169961347837, vstest.console.dll, TestRunRequest.Dispose: Starting.
TpTrace Information: 0 : 10480, 1, 2023/10/07, 15:21:14.499, 6169961348409, vstest.console.dll, TestRunRequest.Dispose: Completed.
TpTrace Information: 0 : 10480, 11, 2023/10/07, 15:21:14.499, 6169961347886, vstest.console.dll, SocketServer.Stop: Stop server endPoint: 127.0.0.1:64234
TpTrace Information: 0 : 10480, 11, 2023/10/07, 15:21:14.500, 6169961348922, vstest.console.dll, SocketServer.Stop: Cancellation requested. Stopping message loop.
TpTrace Information: 0 : 10480, 1, 2023/10/07, 15:21:14.500, 6169961349146, vstest.console.dll, TestRequestManager.RunTests: run tests completed.
TpTrace Verbose: 0 : 10480, 11, 2023/10/07, 15:21:14.500, 6169961349246, vstest.console.dll, MulticastDelegateUtilities.SafeInvoke: LengthPrefixCommunicationChannel: MessageReceived: Invoking callback 1/1 for Microsoft.VisualStudio.TestPlatform.CommunicationUtilities.TestRequestSender+<>c__DisplayClass31_0., took 102 ms.
TpTrace Information: 0 : 10480, 11, 2023/10/07, 15:21:14.500, 6169961349977, vstest.console.dll, SocketServer.PrivateStop: Stopping server endPoint: 127.0.0.1:64234 error: 
TpTrace Information: 0 : 10480, 1, 2023/10/07, 15:21:14.500, 6169961350271, vstest.console.dll, RunTestsArgumentProcessor:Execute: Test run is completed.
TpTrace Verbose: 0 : 10480, 1, 2023/10/07, 15:21:14.500, 6169961351938, vstest.console.dll, Executor.Execute: Exiting with exit code of 0
TpTrace Verbose: 0 : 10480, 11, 2023/10/07, 15:21:14.500, 6169961353968, vstest.console.dll, LengthPrefixCommunicationChannel.Dispose: Dispose reader and writer.
TpTrace Information: 0 : 10480, 11, 2023/10/07, 15:21:14.500, 6169961354837, vstest.console.dll, SocketServer.Stop: Raise disconnected event endPoint: 127.0.0.1:64234 error: 
TpTrace Verbose: 0 : 10480, 11, 2023/10/07, 15:21:14.500, 6169961355746, vstest.console.dll, TestRequestSender: OnTestRunAbort: Operation is already complete. Skip error message.
TpTrace Verbose: 0 : 10480, 11, 2023/10/07, 15:21:14.500, 6169961356320, vstest.console.dll, MulticastDelegateUtilities.SafeInvoke: SocketServer: ClientDisconnected: Invoking callback 1/1 for Microsoft.VisualStudio.TestPlatform.CommunicationUtilities.TestRequestSender., took 0 ms.
TpTrace Verbose: 0 : 10480, 11, 2023/10/07, 15:21:14.500, 6169961356571, vstest.console.dll, TcpClientExtensions.MessageLoopAsync: exiting MessageLoopAsync remoteEndPoint: 127.0.0.1:64235 localEndPoint: 127.0.0.1:64234
