TpTrace Verbose: 0 : 11172, 1, 2024/02/26, 02:59:09.304, 4962271911776, vstest.console.dll, Version: 17.8.0-release-23523-03 Current process architecture: X64
TpTrace Verbose: 0 : 11172, 1, 2024/02/26, 02:59:09.308, 4962271947208, vstest.console.dll, Runtime location: C:\Program Files\dotnet\shared\Microsoft.NETCore.App\8.0.0
TpTrace Verbose: 0 : 11172, 1, 2024/02/26, 02:59:09.312, 4962271985637, vstest.console.dll, ArtifactProcessingPostProcessModeProcessorExecutor.Initialize: ArtifactProcessingMode.Collect
TpTrace Verbose: 0 : 11172, 1, 2024/02/26, 02:59:09.312, 4962271987519, vstest.console.dll, TestSessionCorrelationIdProcessorModeProcessorExecutor.Initialize: TestSessionCorrelationId '19588_d7324fc1-3312-4602-9f50-6ef50019397a'
TpTrace Information: 0 : 11172, 1, 2024/02/26, 02:59:09.322, 4962272088309, vstest.console.dll, FilePatternParser: The given file C:\Users\ivank\source\repos\Refactor\TestsLab1\bin\Debug\net7.0\fine-code-coverage\build-output\TestsLab1.dll is a full path.
TpTrace Verbose: 0 : 11172, 1, 2024/02/26, 02:59:09.330, 4962272166034, vstest.console.dll, TestPluginCache.DiscoverTestExtensions: finding test extensions in assemblies ends with: RuntimeProvider.dll TPluginInfo: Microsoft.VisualStudio.TestPlatform.Common.ExtensionFramework.Utilities.TestRuntimePluginInformation TExtension: Microsoft.VisualStudio.TestPlatform.ObjectModel.Host.ITestRuntimeProvider
TpTrace Verbose: 0 : 11172, 1, 2024/02/26, 02:59:09.332, 4962272185790, vstest.console.dll, TestPluginCache.GetExtensionPaths: Filtered extension paths: 
TpTrace Verbose: 0 : 11172, 1, 2024/02/26, 02:59:09.332, 4962272187260, vstest.console.dll, TestPluginCache.GetExtensionPaths: Added default extension paths: C:\Program Files\dotnet\sdk\8.0.100\Extensions\Microsoft.Diagnostics.NETCore.Client.dll
C:\Program Files\dotnet\sdk\8.0.100\Extensions\Microsoft.TestPlatform.Extensions.BlameDataCollector.dll
C:\Program Files\dotnet\sdk\8.0.100\Extensions\Microsoft.TestPlatform.Extensions.EventLogCollector.dll
C:\Program Files\dotnet\sdk\8.0.100\Extensions\Microsoft.TestPlatform.TestHostRuntimeProvider.dll
C:\Program Files\dotnet\sdk\8.0.100\Extensions\Microsoft.VisualStudio.TestPlatform.Extensions.Html.TestLogger.dll
C:\Program Files\dotnet\sdk\8.0.100\Extensions\Microsoft.VisualStudio.TestPlatform.Extensions.Trx.TestLogger.dll
TpTrace Verbose: 0 : 11172, 1, 2024/02/26, 02:59:09.332, 4962272187682, vstest.console.dll, TestPluginCache.GetExtensionPaths: Added unfilterableExtensionPaths: 
TpTrace Information: 0 : 11172, 1, 2024/02/26, 02:59:09.333, 4962272194544, vstest.console.dll, AssemblyResolver.ctor: Creating AssemblyResolver with searchDirectories C:\Program Files\dotnet\sdk\8.0.100\Extensions,C:\Program Files\dotnet\sdk\8.0.100
TpTrace Verbose: 0 : 11172, 1, 2024/02/26, 02:59:09.334, 4962272211819, vstest.console.dll, TestPluginCache.DiscoverTestExtensions: Discovering the extensions using extension path.
TpTrace Verbose: 0 : 11172, 1, 2024/02/26, 02:59:09.334, 4962272213826, vstest.console.dll, TestPluginCache.GetExtensionPaths: Filtered extension paths: 
TpTrace Verbose: 0 : 11172, 1, 2024/02/26, 02:59:09.335, 4962272214249, vstest.console.dll, TestPluginCache.GetExtensionPaths: Added default extension paths: C:\Program Files\dotnet\sdk\8.0.100\Extensions\Microsoft.Diagnostics.NETCore.Client.dll
C:\Program Files\dotnet\sdk\8.0.100\Extensions\Microsoft.TestPlatform.Extensions.BlameDataCollector.dll
C:\Program Files\dotnet\sdk\8.0.100\Extensions\Microsoft.TestPlatform.Extensions.EventLogCollector.dll
C:\Program Files\dotnet\sdk\8.0.100\Extensions\Microsoft.TestPlatform.TestHostRuntimeProvider.dll
C:\Program Files\dotnet\sdk\8.0.100\Extensions\Microsoft.VisualStudio.TestPlatform.Extensions.Html.TestLogger.dll
C:\Program Files\dotnet\sdk\8.0.100\Extensions\Microsoft.VisualStudio.TestPlatform.Extensions.Trx.TestLogger.dll
TpTrace Verbose: 0 : 11172, 1, 2024/02/26, 02:59:09.335, 4962272214633, vstest.console.dll, TestPluginCache.GetExtensionPaths: Added unfilterableExtensionPaths: 
TpTrace Verbose: 0 : 11172, 1, 2024/02/26, 02:59:09.335, 4962272215374, vstest.console.dll, TestPluginCache.DiscoverTestExtensions: Discovering the extensions using allExtensionPaths: C:\Program Files\dotnet\sdk\8.0.100\Extensions\Microsoft.Diagnostics.NETCore.Client.dll
C:\Program Files\dotnet\sdk\8.0.100\Extensions\Microsoft.TestPlatform.Extensions.BlameDataCollector.dll
C:\Program Files\dotnet\sdk\8.0.100\Extensions\Microsoft.TestPlatform.Extensions.EventLogCollector.dll
C:\Program Files\dotnet\sdk\8.0.100\Extensions\Microsoft.TestPlatform.TestHostRuntimeProvider.dll
C:\Program Files\dotnet\sdk\8.0.100\Extensions\Microsoft.VisualStudio.TestPlatform.Extensions.Html.TestLogger.dll
C:\Program Files\dotnet\sdk\8.0.100\Extensions\Microsoft.VisualStudio.TestPlatform.Extensions.Trx.TestLogger.dll
TpTrace Information: 0 : 11172, 1, 2024/02/26, 02:59:09.335, 4962272217207, vstest.console.dll, AssemblyResolver.AddSearchDirectories: Adding more searchDirectories C:\Program Files\dotnet\sdk\8.0.100\Extensions,C:\Program Files\dotnet\sdk\8.0.100
TpTrace Information: 0 : 11172, 1, 2024/02/26, 02:59:09.335, 4962272217829, vstest.console.dll, AssemblyResolver.AddSearchDirectories: Adding more searchDirectories C:\Program Files\dotnet\sdk\8.0.100\Extensions,C:\Program Files\dotnet\sdk\8.0.100
TpTrace Information: 0 : 11172, 1, 2024/02/26, 02:59:09.335, 4962272218175, vstest.console.dll, AssemblyResolver.AddSearchDirectories: Adding more searchDirectories C:\Program Files\dotnet\sdk\8.0.100\Extensions,C:\Program Files\dotnet\sdk\8.0.100
TpTrace Information: 0 : 11172, 1, 2024/02/26, 02:59:09.335, 4962272218520, vstest.console.dll, AssemblyResolver.AddSearchDirectories: Adding more searchDirectories C:\Program Files\dotnet\sdk\8.0.100\Extensions,C:\Program Files\dotnet\sdk\8.0.100
TpTrace Information: 0 : 11172, 1, 2024/02/26, 02:59:09.335, 4962272218822, vstest.console.dll, AssemblyResolver.AddSearchDirectories: Adding more searchDirectories C:\Program Files\dotnet\sdk\8.0.100\Extensions,C:\Program Files\dotnet\sdk\8.0.100
TpTrace Information: 0 : 11172, 1, 2024/02/26, 02:59:09.335, 4962272219115, vstest.console.dll, AssemblyResolver.AddSearchDirectories: Adding more searchDirectories C:\Program Files\dotnet\sdk\8.0.100\Extensions,C:\Program Files\dotnet\sdk\8.0.100
TpTrace Information: 0 : 11172, 1, 2024/02/26, 02:59:09.335, 4962272223223, vstest.console.dll, AssemblyResolver.OnResolve: Microsoft.Diagnostics.NETCore.Client: Resolving assembly.
TpTrace Information: 0 : 11172, 1, 2024/02/26, 02:59:09.336, 4962272224223, vstest.console.dll, AssemblyResolver.OnResolve: Microsoft.Diagnostics.NETCore.Client: Searching in: 'C:\Program Files\dotnet\sdk\8.0.100\Extensions'.
TpTrace Information: 0 : 11172, 1, 2024/02/26, 02:59:09.348, 4962272345327, vstest.console.dll, AssemblyResolver.OnResolve: Microsoft.Diagnostics.NETCore.Client: Loading assembly 'C:\Program Files\dotnet\sdk\8.0.100\Extensions\Microsoft.Diagnostics.NETCore.Client.dll'.
TpTrace Information: 0 : 11172, 1, 2024/02/26, 02:59:09.349, 4962272355605, vstest.console.dll, AssemblyResolver.OnResolve: Resolved assembly: Microsoft.Diagnostics.NETCore.Client, from path: C:\Program Files\dotnet\sdk\8.0.100\Extensions\Microsoft.Diagnostics.NETCore.Client.dll
TpTrace Verbose: 0 : 11172, 1, 2024/02/26, 02:59:09.356, 4962272428740, vstest.console.dll, MetadataReaderExtensionsHelper: Discovering extensions inside assembly 'Microsoft.Diagnostics.NETCore.Client, Version=0.2.8.21101, Culture=neutral, PublicKeyToken=31bf3856ad364e35' file path 'C:\Program Files\dotnet\sdk\8.0.100\Extensions\Microsoft.Diagnostics.NETCore.Client.dll'
TpTrace Information: 0 : 11172, 1, 2024/02/26, 02:59:09.371, 4962272574514, vstest.console.dll, AssemblyResolver.OnResolve: Microsoft.Bcl.AsyncInterfaces: Resolving assembly.
TpTrace Information: 0 : 11172, 1, 2024/02/26, 02:59:09.371, 4962272575973, vstest.console.dll, AssemblyResolver.OnResolve: Microsoft.Bcl.AsyncInterfaces: Searching in: 'C:\Program Files\dotnet\sdk\8.0.100\Extensions'.
TpTrace Information: 0 : 11172, 1, 2024/02/26, 02:59:09.371, 4962272577395, vstest.console.dll, AssemblyResolver.OnResolve: Microsoft.Bcl.AsyncInterfaces: Assembly path does not exist: 'C:\Program Files\dotnet\sdk\8.0.100\Extensions\Microsoft.Bcl.AsyncInterfaces.dll', returning.
TpTrace Information: 0 : 11172, 1, 2024/02/26, 02:59:09.371, 4962272578763, vstest.console.dll, AssemblyResolver.OnResolve: Microsoft.Bcl.AsyncInterfaces: Assembly path does not exist: 'C:\Program Files\dotnet\sdk\8.0.100\Extensions\Microsoft.Bcl.AsyncInterfaces.exe', returning.
TpTrace Information: 0 : 11172, 1, 2024/02/26, 02:59:09.371, 4962272579177, vstest.console.dll, AssemblyResolver.OnResolve: Microsoft.Bcl.AsyncInterfaces: Searching in: 'C:\Program Files\dotnet\sdk\8.0.100'.
TpTrace Information: 0 : 11172, 1, 2024/02/26, 02:59:09.371, 4962272579965, vstest.console.dll, AssemblyResolver.OnResolve: Microsoft.Bcl.AsyncInterfaces: Assembly path does not exist: 'C:\Program Files\dotnet\sdk\8.0.100\Microsoft.Bcl.AsyncInterfaces.dll', returning.
TpTrace Information: 0 : 11172, 1, 2024/02/26, 02:59:09.371, 4962272580700, vstest.console.dll, AssemblyResolver.OnResolve: Microsoft.Bcl.AsyncInterfaces: Assembly path does not exist: 'C:\Program Files\dotnet\sdk\8.0.100\Microsoft.Bcl.AsyncInterfaces.exe', returning.
TpTrace Information: 0 : 11172, 1, 2024/02/26, 02:59:09.371, 4962272581022, vstest.console.dll, AssemblyResolver.OnResolve: Microsoft.Bcl.AsyncInterfaces: Failed to load assembly.
TpTrace Verbose: 0 : 11172, 1, 2024/02/26, 02:59:09.371, 4962272581451, vstest.console.dll, CurrentDomainAssemblyResolve: Resolving assembly 'Microsoft.Bcl.AsyncInterfaces'.
TpTrace Information: 0 : 11172, 1, 2024/02/26, 02:59:09.371, 4962272582248, vstest.console.dll, AssemblyResolver.OnResolve: Microsoft.Bcl.AsyncInterfaces: Resolving assembly.
TpTrace Information: 0 : 11172, 1, 2024/02/26, 02:59:09.371, 4962272582701, vstest.console.dll, AssemblyResolver.OnResolve: Microsoft.Bcl.AsyncInterfaces: Resolved from cache.
TpTrace Verbose: 0 : 11172, 1, 2024/02/26, 02:59:09.371, 4962272582991, vstest.console.dll, CurrentDomainAssemblyResolve: Resolving assembly 'Microsoft.Bcl.AsyncInterfaces'.
TpTrace Verbose: 0 : 11172, 1, 2024/02/26, 02:59:09.372, 4962272584109, vstest.console.dll, CurrentDomainAssemblyResolve: Failed to resolve assembly 'Microsoft.Bcl.AsyncInterfaces'.
TpTrace Verbose: 0 : 11172, 1, 2024/02/26, 02:59:09.373, 4962272596736, vstest.console.dll, CurrentDomainAssemblyResolve: Failed to resolve assembly 'Microsoft.Bcl.AsyncInterfaces'.
TpTrace Warning: 0 : 11172, 1, 2024/02/26, 02:59:09.389, 4962272755121, vstest.console.dll, TestPluginDiscoverer: Failed to get types from assembly 'Microsoft.Diagnostics.NETCore.Client, Version=0.2.8.21101, Culture=neutral, PublicKeyToken=31bf3856ad364e35'. Error: System.Reflection.ReflectionTypeLoadException: Unable to load one or more of the requested types.
Could not load file or assembly 'Microsoft.Bcl.AsyncInterfaces, Version=1.0.0.0, Culture=neutral, PublicKeyToken=cc7b13ffcd2ddd51'. Не удается найти указанный файл.
   at System.Reflection.RuntimeModule.GetTypes(RuntimeModule module)
   at System.Reflection.RuntimeModule.GetTypes()
   at Microsoft.VisualStudio.TestPlatform.Common.ExtensionFramework.TestPluginDiscoverer.GetTestExtensionsFromAssembly[TPluginInfo,TExtension](Assembly assembly, Dictionary`2 pluginInfos, String filePath) in /_/src/Microsoft.TestPlatform.Common/ExtensionFramework/TestPluginDiscoverer.cs:line 158
System.IO.FileNotFoundException: Could not load file or assembly 'Microsoft.Bcl.AsyncInterfaces, Version=1.0.0.0, Culture=neutral, PublicKeyToken=cc7b13ffcd2ddd51'. Не удается найти указанный файл.
File name: 'Microsoft.Bcl.AsyncInterfaces, Version=1.0.0.0, Culture=neutral, PublicKeyToken=cc7b13ffcd2ddd51'
 ---> System.IO.FileNotFoundException: Could not load file or assembly 'Microsoft.Bcl.AsyncInterfaces, Culture=neutral, PublicKeyToken=null'. Не удается найти указанный файл.
File name: 'Microsoft.Bcl.AsyncInterfaces, Culture=neutral, PublicKeyToken=null'
   at System.Reflection.RuntimeAssembly.InternalLoad(AssemblyName assemblyName, StackCrawlMark& stackMark, AssemblyLoadContext assemblyLoadContext, RuntimeAssembly requestingAssembly, Boolean throwOnFileNotFound)
   at System.Reflection.Assembly.Load(AssemblyName assemblyRef)
   at Microsoft.VisualStudio.TestPlatform.Common.ExtensionFramework.TestPluginCache.CurrentDomainAssemblyResolve(Object sender, AssemblyResolveEventArgs args) in /_/src/Microsoft.TestPlatform.Common/ExtensionFramework/TestPluginCache.cs:line 513
   at System.Runtime.Loader.AssemblyLoadContext.GetFirstResolvedAssemblyFromResolvingEvent(AssemblyName assemblyName)
   at System.Runtime.Loader.AssemblyLoadContext.ResolveUsingEvent(AssemblyName assemblyName)
   at System.Runtime.Loader.AssemblyLoadContext.ResolveUsingResolvingEvent(IntPtr gchManagedAssemblyLoadContext, AssemblyName assemblyName)
TpTrace Warning: 0 : 11172, 1, 2024/02/26, 02:59:09.389, 4962272761091, vstest.console.dll, LoaderExceptions: System.IO.FileNotFoundException: Could not load file or assembly 'Microsoft.Bcl.AsyncInterfaces, Version=1.0.0.0, Culture=neutral, PublicKeyToken=cc7b13ffcd2ddd51'. Не удается найти указанный файл.
File name: 'Microsoft.Bcl.AsyncInterfaces, Version=1.0.0.0, Culture=neutral, PublicKeyToken=cc7b13ffcd2ddd51'
 ---> System.IO.FileNotFoundException: Could not load file or assembly 'Microsoft.Bcl.AsyncInterfaces, Culture=neutral, PublicKeyToken=null'. Не удается найти указанный файл.
File name: 'Microsoft.Bcl.AsyncInterfaces, Culture=neutral, PublicKeyToken=null'
   at System.Reflection.RuntimeAssembly.InternalLoad(AssemblyName assemblyName, StackCrawlMark& stackMark, AssemblyLoadContext assemblyLoadContext, RuntimeAssembly requestingAssembly, Boolean throwOnFileNotFound)
   at System.Reflection.Assembly.Load(AssemblyName assemblyRef)
   at Microsoft.VisualStudio.TestPlatform.Common.ExtensionFramework.TestPluginCache.CurrentDomainAssemblyResolve(Object sender, AssemblyResolveEventArgs args) in /_/src/Microsoft.TestPlatform.Common/ExtensionFramework/TestPluginCache.cs:line 513
   at System.Runtime.Loader.AssemblyLoadContext.GetFirstResolvedAssemblyFromResolvingEvent(AssemblyName assemblyName)
   at System.Runtime.Loader.AssemblyLoadContext.ResolveUsingEvent(AssemblyName assemblyName)
   at System.Runtime.Loader.AssemblyLoadContext.ResolveUsingResolvingEvent(IntPtr gchManagedAssemblyLoadContext, AssemblyName assemblyName)
TpTrace Information: 0 : 11172, 1, 2024/02/26, 02:59:09.390, 4962272764892, vstest.console.dll, AssemblyResolver.OnResolve: Microsoft.TestPlatform.Extensions.BlameDataCollector: Resolving assembly.
TpTrace Information: 0 : 11172, 1, 2024/02/26, 02:59:09.390, 4962272765961, vstest.console.dll, AssemblyResolver.OnResolve: Microsoft.TestPlatform.Extensions.BlameDataCollector: Searching in: 'C:\Program Files\dotnet\sdk\8.0.100\Extensions'.
TpTrace Information: 0 : 11172, 1, 2024/02/26, 02:59:09.391, 4962272774375, vstest.console.dll, AssemblyResolver.OnResolve: Microsoft.TestPlatform.Extensions.BlameDataCollector: Loading assembly 'C:\Program Files\dotnet\sdk\8.0.100\Extensions\Microsoft.TestPlatform.Extensions.BlameDataCollector.dll'.
TpTrace Information: 0 : 11172, 1, 2024/02/26, 02:59:09.392, 4962272784532, vstest.console.dll, AssemblyResolver.OnResolve: Resolved assembly: Microsoft.TestPlatform.Extensions.BlameDataCollector, from path: C:\Program Files\dotnet\sdk\8.0.100\Extensions\Microsoft.TestPlatform.Extensions.BlameDataCollector.dll
TpTrace Verbose: 0 : 11172, 1, 2024/02/26, 02:59:09.392, 4962272786241, vstest.console.dll, MetadataReaderExtensionsHelper: Discovering extensions inside assembly 'Microsoft.TestPlatform.Extensions.BlameDataCollector, Version=15.0.0.0, Culture=neutral, PublicKeyToken=b03f5f7f11d50a3a' file path 'C:\Program Files\dotnet\sdk\8.0.100\Extensions\Microsoft.TestPlatform.Extensions.BlameDataCollector.dll'
TpTrace Information: 0 : 11172, 1, 2024/02/26, 02:59:09.394, 4962272807401, vstest.console.dll, AssemblyResolver.OnResolve: Microsoft.TestPlatform.Extensions.EventLogCollector: Resolving assembly.
TpTrace Information: 0 : 11172, 1, 2024/02/26, 02:59:09.394, 4962272809456, vstest.console.dll, AssemblyResolver.OnResolve: Microsoft.TestPlatform.Extensions.EventLogCollector: Searching in: 'C:\Program Files\dotnet\sdk\8.0.100\Extensions'.
TpTrace Information: 0 : 11172, 1, 2024/02/26, 02:59:09.395, 4962272816688, vstest.console.dll, AssemblyResolver.OnResolve: Microsoft.TestPlatform.Extensions.EventLogCollector: Loading assembly 'C:\Program Files\dotnet\sdk\8.0.100\Extensions\Microsoft.TestPlatform.Extensions.EventLogCollector.dll'.
TpTrace Information: 0 : 11172, 1, 2024/02/26, 02:59:09.396, 4962272825720, vstest.console.dll, AssemblyResolver.OnResolve: Resolved assembly: Microsoft.TestPlatform.Extensions.EventLogCollector, from path: C:\Program Files\dotnet\sdk\8.0.100\Extensions\Microsoft.TestPlatform.Extensions.EventLogCollector.dll
TpTrace Verbose: 0 : 11172, 1, 2024/02/26, 02:59:09.396, 4962272827200, vstest.console.dll, MetadataReaderExtensionsHelper: Discovering extensions inside assembly 'Microsoft.TestPlatform.Extensions.EventLogCollector, Version=15.0.0.0, Culture=neutral, PublicKeyToken=b03f5f7f11d50a3a' file path 'C:\Program Files\dotnet\sdk\8.0.100\Extensions\Microsoft.TestPlatform.Extensions.EventLogCollector.dll'
TpTrace Information: 0 : 11172, 1, 2024/02/26, 02:59:09.400, 4962272865759, vstest.console.dll, AssemblyResolver.OnResolve: Microsoft.TestPlatform.TestHostRuntimeProvider: Resolving assembly.
TpTrace Information: 0 : 11172, 1, 2024/02/26, 02:59:09.400, 4962272867119, vstest.console.dll, AssemblyResolver.OnResolve: Microsoft.TestPlatform.TestHostRuntimeProvider: Searching in: 'C:\Program Files\dotnet\sdk\8.0.100\Extensions'.
TpTrace Information: 0 : 11172, 1, 2024/02/26, 02:59:09.401, 4962272875278, vstest.console.dll, AssemblyResolver.OnResolve: Microsoft.TestPlatform.TestHostRuntimeProvider: Loading assembly 'C:\Program Files\dotnet\sdk\8.0.100\Extensions\Microsoft.TestPlatform.TestHostRuntimeProvider.dll'.
TpTrace Information: 0 : 11172, 1, 2024/02/26, 02:59:09.402, 4962272884529, vstest.console.dll, AssemblyResolver.OnResolve: Resolved assembly: Microsoft.TestPlatform.TestHostRuntimeProvider, from path: C:\Program Files\dotnet\sdk\8.0.100\Extensions\Microsoft.TestPlatform.TestHostRuntimeProvider.dll
TpTrace Verbose: 0 : 11172, 1, 2024/02/26, 02:59:09.402, 4962272885957, vstest.console.dll, MetadataReaderExtensionsHelper: Discovering extensions inside assembly 'Microsoft.TestPlatform.TestHostRuntimeProvider, Version=15.0.0.0, Culture=neutral, PublicKeyToken=b03f5f7f11d50a3a' file path 'C:\Program Files\dotnet\sdk\8.0.100\Extensions\Microsoft.TestPlatform.TestHostRuntimeProvider.dll'
TpTrace Information: 0 : 11172, 1, 2024/02/26, 02:59:09.404, 4962272908312, vstest.console.dll, GetTestExtensionFromType: Register extension with identifier data 'HostProvider://DefaultTestHost' and type 'Microsoft.VisualStudio.TestPlatform.CrossPlatEngine.Hosting.DefaultTestHostManager, Microsoft.TestPlatform.TestHostRuntimeProvider, Version=15.0.0.0, Culture=neutral, PublicKeyToken=b03f5f7f11d50a3a' inside file 'C:\Program Files\dotnet\sdk\8.0.100\Extensions\Microsoft.TestPlatform.TestHostRuntimeProvider.dll'
TpTrace Information: 0 : 11172, 1, 2024/02/26, 02:59:09.404, 4962272912745, vstest.console.dll, GetTestExtensionFromType: Register extension with identifier data 'HostProvider://DotnetTestHost' and type 'Microsoft.VisualStudio.TestPlatform.CrossPlatEngine.Hosting.DotnetTestHostManager, Microsoft.TestPlatform.TestHostRuntimeProvider, Version=15.0.0.0, Culture=neutral, PublicKeyToken=b03f5f7f11d50a3a' inside file 'C:\Program Files\dotnet\sdk\8.0.100\Extensions\Microsoft.TestPlatform.TestHostRuntimeProvider.dll'
TpTrace Information: 0 : 11172, 1, 2024/02/26, 02:59:09.405, 4962272914057, vstest.console.dll, AssemblyResolver.OnResolve: Microsoft.VisualStudio.TestPlatform.Extensions.Html.TestLogger: Resolving assembly.
TpTrace Information: 0 : 11172, 1, 2024/02/26, 02:59:09.405, 4962272914611, vstest.console.dll, AssemblyResolver.OnResolve: Microsoft.VisualStudio.TestPlatform.Extensions.Html.TestLogger: Searching in: 'C:\Program Files\dotnet\sdk\8.0.100\Extensions'.
TpTrace Information: 0 : 11172, 1, 2024/02/26, 02:59:09.405, 4962272922115, vstest.console.dll, AssemblyResolver.OnResolve: Microsoft.VisualStudio.TestPlatform.Extensions.Html.TestLogger: Loading assembly 'C:\Program Files\dotnet\sdk\8.0.100\Extensions\Microsoft.VisualStudio.TestPlatform.Extensions.Html.TestLogger.dll'.
TpTrace Information: 0 : 11172, 1, 2024/02/26, 02:59:09.406, 4962272931844, vstest.console.dll, AssemblyResolver.OnResolve: Resolved assembly: Microsoft.VisualStudio.TestPlatform.Extensions.Html.TestLogger, from path: C:\Program Files\dotnet\sdk\8.0.100\Extensions\Microsoft.VisualStudio.TestPlatform.Extensions.Html.TestLogger.dll
TpTrace Verbose: 0 : 11172, 1, 2024/02/26, 02:59:09.406, 4962272933581, vstest.console.dll, MetadataReaderExtensionsHelper: Discovering extensions inside assembly 'Microsoft.VisualStudio.TestPlatform.Extensions.Html.TestLogger, Version=15.0.0.0, Culture=neutral, PublicKeyToken=b03f5f7f11d50a3a' file path 'C:\Program Files\dotnet\sdk\8.0.100\Extensions\Microsoft.VisualStudio.TestPlatform.Extensions.Html.TestLogger.dll'
TpTrace Information: 0 : 11172, 1, 2024/02/26, 02:59:09.408, 4962272948235, vstest.console.dll, AssemblyResolver.OnResolve: Microsoft.VisualStudio.TestPlatform.Extensions.Trx.TestLogger: Resolving assembly.
TpTrace Information: 0 : 11172, 1, 2024/02/26, 02:59:09.408, 4962272949489, vstest.console.dll, AssemblyResolver.OnResolve: Microsoft.VisualStudio.TestPlatform.Extensions.Trx.TestLogger: Searching in: 'C:\Program Files\dotnet\sdk\8.0.100\Extensions'.
TpTrace Information: 0 : 11172, 1, 2024/02/26, 02:59:09.409, 4962272957257, vstest.console.dll, AssemblyResolver.OnResolve: Microsoft.VisualStudio.TestPlatform.Extensions.Trx.TestLogger: Loading assembly 'C:\Program Files\dotnet\sdk\8.0.100\Extensions\Microsoft.VisualStudio.TestPlatform.Extensions.Trx.TestLogger.dll'.
TpTrace Information: 0 : 11172, 1, 2024/02/26, 02:59:09.410, 4962272966317, vstest.console.dll, AssemblyResolver.OnResolve: Resolved assembly: Microsoft.VisualStudio.TestPlatform.Extensions.Trx.TestLogger, from path: C:\Program Files\dotnet\sdk\8.0.100\Extensions\Microsoft.VisualStudio.TestPlatform.Extensions.Trx.TestLogger.dll
TpTrace Verbose: 0 : 11172, 1, 2024/02/26, 02:59:09.410, 4962272967659, vstest.console.dll, MetadataReaderExtensionsHelper: Discovering extensions inside assembly 'Microsoft.VisualStudio.TestPlatform.Extensions.Trx.TestLogger, Version=15.0.0.0, Culture=neutral, PublicKeyToken=b03f5f7f11d50a3a' file path 'C:\Program Files\dotnet\sdk\8.0.100\Extensions\Microsoft.VisualStudio.TestPlatform.Extensions.Trx.TestLogger.dll'
TpTrace Verbose: 0 : 11172, 1, 2024/02/26, 02:59:09.412, 4962272983964, vstest.console.dll, TestPluginCache: Discovered the extensions using extension path ''.
TpTrace Verbose: 0 : 11172, 1, 2024/02/26, 02:59:09.412, 4962272985178, vstest.console.dll, TestPluginCache: Discoverers are ''.
TpTrace Verbose: 0 : 11172, 1, 2024/02/26, 02:59:09.412, 4962272985543, vstest.console.dll, TestPluginCache: Executors are ''.
TpTrace Verbose: 0 : 11172, 1, 2024/02/26, 02:59:09.412, 4962272985799, vstest.console.dll, TestPluginCache: Executors2 are ''.
TpTrace Verbose: 0 : 11172, 1, 2024/02/26, 02:59:09.412, 4962272986049, vstest.console.dll, TestPluginCache: Setting providers are ''.
TpTrace Verbose: 0 : 11172, 1, 2024/02/26, 02:59:09.412, 4962272986300, vstest.console.dll, TestPluginCache: Loggers are ''.
TpTrace Verbose: 0 : 11172, 1, 2024/02/26, 02:59:09.412, 4962272988531, vstest.console.dll, TestPluginCache: TestHosts are 'HostProvider://DefaultTestHost,HostProvider://DotnetTestHost'.
TpTrace Verbose: 0 : 11172, 1, 2024/02/26, 02:59:09.412, 4962272988954, vstest.console.dll, TestPluginCache: DataCollectors are ''.
TpTrace Information: 0 : 11172, 1, 2024/02/26, 02:59:09.429, 4962273159520, vstest.console.dll, RunTestsArgumentProcessor:Execute: Test run is starting.
TpTrace Verbose: 0 : 11172, 1, 2024/02/26, 02:59:09.429, 4962273160806, vstest.console.dll, RunTestsArgumentProcessor:Execute: Queuing Test run.
TpTrace Information: 0 : 11172, 1, 2024/02/26, 02:59:09.430, 4962273166880, vstest.console.dll, TestRequestManager.RunTests: run tests started.
TpTrace Information: 0 : 11172, 1, 2024/02/26, 02:59:09.432, 4962273185137, vstest.console.dll, AssemblyMetadataProvider.GetFrameworkName: Determined framework:'.NETCoreApp,Version=v7.0' for source: 'C:\Users\ivank\source\repos\Refactor\TestsLab1\bin\Debug\net7.0\fine-code-coverage\build-output\TestsLab1.dll'
TpTrace Information: 0 : 11172, 1, 2024/02/26, 02:59:09.432, 4962273187160, vstest.console.dll, Determined framework for all sources: .NETCoreApp,Version=v7.0
TpTrace Verbose: 0 : 11172, 1, 2024/02/26, 02:59:09.432, 4962273192558, vstest.console.dll, TestRequestManager.UpdateRunSettingsIfRequired: Default architecture: X64 IsDefaultTargetArchitecture: True, Current process architecture: X64 OperatingSystem: Windows.
TpTrace Information: 0 : 11172, 1, 2024/02/26, 02:59:09.434, 4962273212804, vstest.console.dll, AssemblyMetadataProvider.GetArchitecture: Determined architecture:AnyCPU info for assembly: C:\Users\ivank\source\repos\Refactor\TestsLab1\bin\Debug\net7.0\fine-code-coverage\build-output\TestsLab1.dll
TpTrace Information: 0 : 11172, 1, 2024/02/26, 02:59:09.434, 4962273213629, vstest.console.dll, Determined platform for source 'C:\Users\ivank\source\repos\Refactor\TestsLab1\bin\Debug\net7.0\fine-code-coverage\build-output\TestsLab1.dll' was AnyCPU and it will use the default plaform X64.
TpTrace Information: 0 : 11172, 1, 2024/02/26, 02:59:09.435, 4962273213941, vstest.console.dll, None of the sources provided any runnable platform, using the default platform: X64
TpTrace Information: 0 : 11172, 1, 2024/02/26, 02:59:09.435, 4962273215014, vstest.console.dll, Platform was updated to 'X64'.
TpTrace Information: 0 : 11172, 1, 2024/02/26, 02:59:09.439, 4962273259195, vstest.console.dll, InferRunSettingsHelper.IsTestSettingsEnabled: Unable to navigate to RunSettings/MSTest. Current node: RunSettings
TpTrace Information: 0 : 11172, 1, 2024/02/26, 02:59:09.440, 4962273270146, vstest.console.dll, AssemblyResolver.OnResolve: Microsoft.VisualStudio.TestPlatform.Fakes: Resolving assembly.
TpTrace Information: 0 : 11172, 1, 2024/02/26, 02:59:09.440, 4962273271503, vstest.console.dll, AssemblyResolver.OnResolve: Microsoft.VisualStudio.TestPlatform.Fakes: Searching in: 'C:\Program Files\dotnet\sdk\8.0.100\Extensions'.
TpTrace Information: 0 : 11172, 1, 2024/02/26, 02:59:09.440, 4962273272904, vstest.console.dll, AssemblyResolver.OnResolve: Microsoft.VisualStudio.TestPlatform.Fakes: Assembly path does not exist: 'C:\Program Files\dotnet\sdk\8.0.100\Extensions\Microsoft.VisualStudio.TestPlatform.Fakes.dll', returning.
TpTrace Information: 0 : 11172, 1, 2024/02/26, 02:59:09.440, 4962273273668, vstest.console.dll, AssemblyResolver.OnResolve: Microsoft.VisualStudio.TestPlatform.Fakes: Assembly path does not exist: 'C:\Program Files\dotnet\sdk\8.0.100\Extensions\Microsoft.VisualStudio.TestPlatform.Fakes.exe', returning.
TpTrace Information: 0 : 11172, 1, 2024/02/26, 02:59:09.441, 4962273273986, vstest.console.dll, AssemblyResolver.OnResolve: Microsoft.VisualStudio.TestPlatform.Fakes: Searching in: 'C:\Program Files\dotnet\sdk\8.0.100'.
TpTrace Information: 0 : 11172, 1, 2024/02/26, 02:59:09.441, 4962273274824, vstest.console.dll, AssemblyResolver.OnResolve: Microsoft.VisualStudio.TestPlatform.Fakes: Assembly path does not exist: 'C:\Program Files\dotnet\sdk\8.0.100\Microsoft.VisualStudio.TestPlatform.Fakes.dll', returning.
TpTrace Information: 0 : 11172, 1, 2024/02/26, 02:59:09.441, 4962273275591, vstest.console.dll, AssemblyResolver.OnResolve: Microsoft.VisualStudio.TestPlatform.Fakes: Assembly path does not exist: 'C:\Program Files\dotnet\sdk\8.0.100\Microsoft.VisualStudio.TestPlatform.Fakes.exe', returning.
TpTrace Information: 0 : 11172, 1, 2024/02/26, 02:59:09.441, 4962273275908, vstest.console.dll, AssemblyResolver.OnResolve: Microsoft.VisualStudio.TestPlatform.Fakes: Failed to load assembly.
TpTrace Information: 0 : 11172, 1, 2024/02/26, 02:59:09.441, 4962273279055, vstest.console.dll, Failed to load assembly Microsoft.VisualStudio.TestPlatform.Fakes, Version=17.0.0.0, Culture=neutral. Reason:System.IO.FileNotFoundException: Could not load file or assembly 'Microsoft.VisualStudio.TestPlatform.Fakes, Version=17.0.0.0, Culture=neutral, PublicKeyToken=null'. Не удается найти указанный файл.
File name: 'Microsoft.VisualStudio.TestPlatform.Fakes, Version=17.0.0.0, Culture=neutral, PublicKeyToken=null'
   at System.Reflection.RuntimeAssembly.InternalLoad(AssemblyName assemblyName, StackCrawlMark& stackMark, AssemblyLoadContext assemblyLoadContext, RuntimeAssembly requestingAssembly, Boolean throwOnFileNotFound)
   at System.Reflection.Assembly.Load(AssemblyName assemblyRef)
   at Microsoft.VisualStudio.TestPlatform.Common.Utilities.FakesUtilities.LoadTestPlatformAssembly() in /_/src/Microsoft.TestPlatform.Common/Utilities/FakesUtilities.cs:line 272
TpTrace Verbose: 0 : 11172, 1, 2024/02/26, 02:59:09.445, 4962273314807, vstest.console.dll, TestPluginCache.DiscoverTestExtensions: finding test extensions in assemblies ends with: TestLogger.dll TPluginInfo: Microsoft.VisualStudio.TestPlatform.Common.ExtensionFramework.Utilities.TestLoggerPluginInformation TExtension: Microsoft.VisualStudio.TestPlatform.ObjectModel.Client.ITestLogger
TpTrace Verbose: 0 : 11172, 1, 2024/02/26, 02:59:09.445, 4962273316282, vstest.console.dll, TestPluginCache.GetExtensionPaths: Filtered extension paths: 
TpTrace Verbose: 0 : 11172, 1, 2024/02/26, 02:59:09.445, 4962273316739, vstest.console.dll, TestPluginCache.GetExtensionPaths: Added default extension paths: C:\Program Files\dotnet\sdk\8.0.100\Extensions\Microsoft.Diagnostics.NETCore.Client.dll
C:\Program Files\dotnet\sdk\8.0.100\Extensions\Microsoft.TestPlatform.Extensions.BlameDataCollector.dll
C:\Program Files\dotnet\sdk\8.0.100\Extensions\Microsoft.TestPlatform.Extensions.EventLogCollector.dll
C:\Program Files\dotnet\sdk\8.0.100\Extensions\Microsoft.TestPlatform.TestHostRuntimeProvider.dll
C:\Program Files\dotnet\sdk\8.0.100\Extensions\Microsoft.VisualStudio.TestPlatform.Extensions.Html.TestLogger.dll
C:\Program Files\dotnet\sdk\8.0.100\Extensions\Microsoft.VisualStudio.TestPlatform.Extensions.Trx.TestLogger.dll
TpTrace Verbose: 0 : 11172, 1, 2024/02/26, 02:59:09.445, 4962273317052, vstest.console.dll, TestPluginCache.GetExtensionPaths: Added unfilterableExtensionPaths: 
TpTrace Information: 0 : 11172, 1, 2024/02/26, 02:59:09.445, 4962273318857, vstest.console.dll, AssemblyResolver.AddSearchDirectories: Adding more searchDirectories C:\Program Files\dotnet\sdk\8.0.100\Extensions,C:\Program Files\dotnet\sdk\8.0.100
TpTrace Verbose: 0 : 11172, 1, 2024/02/26, 02:59:09.445, 4962273319373, vstest.console.dll, TestPluginCache.DiscoverTestExtensions: Discovering the extensions using extension path.
TpTrace Verbose: 0 : 11172, 1, 2024/02/26, 02:59:09.445, 4962273319745, vstest.console.dll, TestPluginCache.GetExtensionPaths: Filtered extension paths: 
TpTrace Verbose: 0 : 11172, 1, 2024/02/26, 02:59:09.445, 4962273320130, vstest.console.dll, TestPluginCache.GetExtensionPaths: Added default extension paths: C:\Program Files\dotnet\sdk\8.0.100\Extensions\Microsoft.Diagnostics.NETCore.Client.dll
C:\Program Files\dotnet\sdk\8.0.100\Extensions\Microsoft.TestPlatform.Extensions.BlameDataCollector.dll
C:\Program Files\dotnet\sdk\8.0.100\Extensions\Microsoft.TestPlatform.Extensions.EventLogCollector.dll
C:\Program Files\dotnet\sdk\8.0.100\Extensions\Microsoft.TestPlatform.TestHostRuntimeProvider.dll
C:\Program Files\dotnet\sdk\8.0.100\Extensions\Microsoft.VisualStudio.TestPlatform.Extensions.Html.TestLogger.dll
C:\Program Files\dotnet\sdk\8.0.100\Extensions\Microsoft.VisualStudio.TestPlatform.Extensions.Trx.TestLogger.dll
TpTrace Verbose: 0 : 11172, 1, 2024/02/26, 02:59:09.445, 4962273320432, vstest.console.dll, TestPluginCache.GetExtensionPaths: Added unfilterableExtensionPaths: 
TpTrace Verbose: 0 : 11172, 1, 2024/02/26, 02:59:09.445, 4962273320785, vstest.console.dll, TestPluginCache.DiscoverTestExtensions: Discovering the extensions using allExtensionPaths: C:\Program Files\dotnet\sdk\8.0.100\Extensions\Microsoft.Diagnostics.NETCore.Client.dll
C:\Program Files\dotnet\sdk\8.0.100\Extensions\Microsoft.TestPlatform.Extensions.BlameDataCollector.dll
C:\Program Files\dotnet\sdk\8.0.100\Extensions\Microsoft.TestPlatform.Extensions.EventLogCollector.dll
C:\Program Files\dotnet\sdk\8.0.100\Extensions\Microsoft.TestPlatform.TestHostRuntimeProvider.dll
C:\Program Files\dotnet\sdk\8.0.100\Extensions\Microsoft.VisualStudio.TestPlatform.Extensions.Html.TestLogger.dll
C:\Program Files\dotnet\sdk\8.0.100\Extensions\Microsoft.VisualStudio.TestPlatform.Extensions.Trx.TestLogger.dll
TpTrace Information: 0 : 11172, 1, 2024/02/26, 02:59:09.445, 4962273322040, vstest.console.dll, AssemblyResolver.AddSearchDirectories: Adding more searchDirectories C:\Program Files\dotnet\sdk\8.0.100\Extensions,C:\Program Files\dotnet\sdk\8.0.100
TpTrace Information: 0 : 11172, 1, 2024/02/26, 02:59:09.445, 4962273322479, vstest.console.dll, AssemblyResolver.AddSearchDirectories: Adding more searchDirectories C:\Program Files\dotnet\sdk\8.0.100\Extensions,C:\Program Files\dotnet\sdk\8.0.100
TpTrace Information: 0 : 11172, 1, 2024/02/26, 02:59:09.445, 4962273323024, vstest.console.dll, AssemblyResolver.AddSearchDirectories: Adding more searchDirectories C:\Program Files\dotnet\sdk\8.0.100\Extensions,C:\Program Files\dotnet\sdk\8.0.100
TpTrace Information: 0 : 11172, 1, 2024/02/26, 02:59:09.445, 4962273323329, vstest.console.dll, AssemblyResolver.AddSearchDirectories: Adding more searchDirectories C:\Program Files\dotnet\sdk\8.0.100\Extensions,C:\Program Files\dotnet\sdk\8.0.100
TpTrace Information: 0 : 11172, 1, 2024/02/26, 02:59:09.445, 4962273323632, vstest.console.dll, AssemblyResolver.AddSearchDirectories: Adding more searchDirectories C:\Program Files\dotnet\sdk\8.0.100\Extensions,C:\Program Files\dotnet\sdk\8.0.100
TpTrace Information: 0 : 11172, 1, 2024/02/26, 02:59:09.446, 4962273323989, vstest.console.dll, AssemblyResolver.AddSearchDirectories: Adding more searchDirectories C:\Program Files\dotnet\sdk\8.0.100\Extensions,C:\Program Files\dotnet\sdk\8.0.100
TpTrace Verbose: 0 : 11172, 1, 2024/02/26, 02:59:09.446, 4962273325374, vstest.console.dll, MetadataReaderExtensionsHelper: Discovering extensions inside assembly 'Microsoft.Diagnostics.NETCore.Client, Version=0.2.8.21101, Culture=neutral, PublicKeyToken=31bf3856ad364e35' file path 'C:\Program Files\dotnet\sdk\8.0.100\Extensions\Microsoft.Diagnostics.NETCore.Client.dll'
TpTrace Information: 0 : 11172, 1, 2024/02/26, 02:59:09.447, 4962273338696, vstest.console.dll, AssemblyResolver.OnResolve: Microsoft.Bcl.AsyncInterfaces: Resolving assembly.
TpTrace Information: 0 : 11172, 1, 2024/02/26, 02:59:09.447, 4962273339793, vstest.console.dll, AssemblyResolver.OnResolve: Microsoft.Bcl.AsyncInterfaces: Resolved from cache.
TpTrace Verbose: 0 : 11172, 1, 2024/02/26, 02:59:09.447, 4962273340127, vstest.console.dll, CurrentDomainAssemblyResolve: Resolving assembly 'Microsoft.Bcl.AsyncInterfaces'.
TpTrace Information: 0 : 11172, 1, 2024/02/26, 02:59:09.447, 4962273340658, vstest.console.dll, AssemblyResolver.OnResolve: Microsoft.Bcl.AsyncInterfaces: Resolving assembly.
TpTrace Information: 0 : 11172, 1, 2024/02/26, 02:59:09.447, 4962273340972, vstest.console.dll, AssemblyResolver.OnResolve: Microsoft.Bcl.AsyncInterfaces: Resolved from cache.
TpTrace Verbose: 0 : 11172, 1, 2024/02/26, 02:59:09.447, 4962273341322, vstest.console.dll, CurrentDomainAssemblyResolve: Resolving assembly 'Microsoft.Bcl.AsyncInterfaces'.
TpTrace Verbose: 0 : 11172, 1, 2024/02/26, 02:59:09.447, 4962273341589, vstest.console.dll, CurrentDomainAssemblyResolve: Failed to resolve assembly 'Microsoft.Bcl.AsyncInterfaces'.
TpTrace Verbose: 0 : 11172, 1, 2024/02/26, 02:59:09.447, 4962273343334, vstest.console.dll, CurrentDomainAssemblyResolve: Failed to resolve assembly 'Microsoft.Bcl.AsyncInterfaces'.
TpTrace Warning: 0 : 11172, 1, 2024/02/26, 02:59:09.448, 4962273347406, vstest.console.dll, TestPluginDiscoverer: Failed to get types from assembly 'Microsoft.Diagnostics.NETCore.Client, Version=0.2.8.21101, Culture=neutral, PublicKeyToken=31bf3856ad364e35'. Error: System.Reflection.ReflectionTypeLoadException: Unable to load one or more of the requested types.
Could not load file or assembly 'Microsoft.Bcl.AsyncInterfaces, Version=1.0.0.0, Culture=neutral, PublicKeyToken=cc7b13ffcd2ddd51'. Не удается найти указанный файл.
   at System.Reflection.RuntimeModule.GetTypes(RuntimeModule module)
   at System.Reflection.RuntimeModule.GetTypes()
   at Microsoft.VisualStudio.TestPlatform.Common.ExtensionFramework.TestPluginDiscoverer.GetTestExtensionsFromAssembly[TPluginInfo,TExtension](Assembly assembly, Dictionary`2 pluginInfos, String filePath) in /_/src/Microsoft.TestPlatform.Common/ExtensionFramework/TestPluginDiscoverer.cs:line 158
System.IO.FileNotFoundException: Could not load file or assembly 'Microsoft.Bcl.AsyncInterfaces, Version=1.0.0.0, Culture=neutral, PublicKeyToken=cc7b13ffcd2ddd51'. Не удается найти указанный файл.
File name: 'Microsoft.Bcl.AsyncInterfaces, Version=1.0.0.0, Culture=neutral, PublicKeyToken=cc7b13ffcd2ddd51'
 ---> System.IO.FileNotFoundException: Could not load file or assembly 'Microsoft.Bcl.AsyncInterfaces, Culture=neutral, PublicKeyToken=null'. Не удается найти указанный файл.
File name: 'Microsoft.Bcl.AsyncInterfaces, Culture=neutral, PublicKeyToken=null'
   at System.Reflection.RuntimeAssembly.InternalLoad(AssemblyName assemblyName, StackCrawlMark& stackMark, AssemblyLoadContext assemblyLoadContext, RuntimeAssembly requestingAssembly, Boolean throwOnFileNotFound)
   at System.Reflection.Assembly.Load(AssemblyName assemblyRef)
   at Microsoft.VisualStudio.TestPlatform.Common.ExtensionFramework.TestPluginCache.CurrentDomainAssemblyResolve(Object sender, AssemblyResolveEventArgs args) in /_/src/Microsoft.TestPlatform.Common/ExtensionFramework/TestPluginCache.cs:line 513
   at System.Runtime.Loader.AssemblyLoadContext.GetFirstResolvedAssemblyFromResolvingEvent(AssemblyName assemblyName)
   at System.Runtime.Loader.AssemblyLoadContext.ResolveUsingEvent(AssemblyName assemblyName)
   at System.Runtime.Loader.AssemblyLoadContext.ResolveUsingResolvingEvent(IntPtr gchManagedAssemblyLoadContext, AssemblyName assemblyName)
TpTrace Warning: 0 : 11172, 1, 2024/02/26, 02:59:09.448, 4962273350516, vstest.console.dll, LoaderExceptions: System.IO.FileNotFoundException: Could not load file or assembly 'Microsoft.Bcl.AsyncInterfaces, Version=1.0.0.0, Culture=neutral, PublicKeyToken=cc7b13ffcd2ddd51'. Не удается найти указанный файл.
File name: 'Microsoft.Bcl.AsyncInterfaces, Version=1.0.0.0, Culture=neutral, PublicKeyToken=cc7b13ffcd2ddd51'
 ---> System.IO.FileNotFoundException: Could not load file or assembly 'Microsoft.Bcl.AsyncInterfaces, Culture=neutral, PublicKeyToken=null'. Не удается найти указанный файл.
File name: 'Microsoft.Bcl.AsyncInterfaces, Culture=neutral, PublicKeyToken=null'
   at System.Reflection.RuntimeAssembly.InternalLoad(AssemblyName assemblyName, StackCrawlMark& stackMark, AssemblyLoadContext assemblyLoadContext, RuntimeAssembly requestingAssembly, Boolean throwOnFileNotFound)
   at System.Reflection.Assembly.Load(AssemblyName assemblyRef)
   at Microsoft.VisualStudio.TestPlatform.Common.ExtensionFramework.TestPluginCache.CurrentDomainAssemblyResolve(Object sender, AssemblyResolveEventArgs args) in /_/src/Microsoft.TestPlatform.Common/ExtensionFramework/TestPluginCache.cs:line 513
   at System.Runtime.Loader.AssemblyLoadContext.GetFirstResolvedAssemblyFromResolvingEvent(AssemblyName assemblyName)
   at System.Runtime.Loader.AssemblyLoadContext.ResolveUsingEvent(AssemblyName assemblyName)
   at System.Runtime.Loader.AssemblyLoadContext.ResolveUsingResolvingEvent(IntPtr gchManagedAssemblyLoadContext, AssemblyName assemblyName)
TpTrace Verbose: 0 : 11172, 1, 2024/02/26, 02:59:09.448, 4962273351893, vstest.console.dll, MetadataReaderExtensionsHelper: Discovering extensions inside assembly 'Microsoft.TestPlatform.Extensions.BlameDataCollector, Version=15.0.0.0, Culture=neutral, PublicKeyToken=b03f5f7f11d50a3a' file path 'C:\Program Files\dotnet\sdk\8.0.100\Extensions\Microsoft.TestPlatform.Extensions.BlameDataCollector.dll'
TpTrace Information: 0 : 11172, 1, 2024/02/26, 02:59:09.449, 4962273361763, vstest.console.dll, GetTestExtensionFromType: Register extension with identifier data 'logger://Microsoft/TestPlatform/Extensions/Blame/v1' and type 'Microsoft.TestPlatform.Extensions.BlameDataCollector.BlameLogger, Microsoft.TestPlatform.Extensions.BlameDataCollector, Version=15.0.0.0, Culture=neutral, PublicKeyToken=b03f5f7f11d50a3a' inside file 'C:\Program Files\dotnet\sdk\8.0.100\Extensions\Microsoft.TestPlatform.Extensions.BlameDataCollector.dll'
TpTrace Verbose: 0 : 11172, 1, 2024/02/26, 02:59:09.449, 4962273363120, vstest.console.dll, MetadataReaderExtensionsHelper: Discovering extensions inside assembly 'Microsoft.TestPlatform.Extensions.EventLogCollector, Version=15.0.0.0, Culture=neutral, PublicKeyToken=b03f5f7f11d50a3a' file path 'C:\Program Files\dotnet\sdk\8.0.100\Extensions\Microsoft.TestPlatform.Extensions.EventLogCollector.dll'
TpTrace Verbose: 0 : 11172, 1, 2024/02/26, 02:59:09.450, 4962273371644, vstest.console.dll, MetadataReaderExtensionsHelper: Discovering extensions inside assembly 'Microsoft.TestPlatform.TestHostRuntimeProvider, Version=15.0.0.0, Culture=neutral, PublicKeyToken=b03f5f7f11d50a3a' file path 'C:\Program Files\dotnet\sdk\8.0.100\Extensions\Microsoft.TestPlatform.TestHostRuntimeProvider.dll'
TpTrace Verbose: 0 : 11172, 1, 2024/02/26, 02:59:09.451, 4962273381139, vstest.console.dll, MetadataReaderExtensionsHelper: Discovering extensions inside assembly 'Microsoft.VisualStudio.TestPlatform.Extensions.Html.TestLogger, Version=15.0.0.0, Culture=neutral, PublicKeyToken=b03f5f7f11d50a3a' file path 'C:\Program Files\dotnet\sdk\8.0.100\Extensions\Microsoft.VisualStudio.TestPlatform.Extensions.Html.TestLogger.dll'
TpTrace Information: 0 : 11172, 1, 2024/02/26, 02:59:09.452, 4962273393064, vstest.console.dll, GetTestExtensionFromType: Register extension with identifier data 'logger://Microsoft/TestPlatform/HtmlLogger/v1' and type 'Microsoft.VisualStudio.TestPlatform.Extensions.HtmlLogger.HtmlLogger, Microsoft.VisualStudio.TestPlatform.Extensions.Html.TestLogger, Version=15.0.0.0, Culture=neutral, PublicKeyToken=b03f5f7f11d50a3a' inside file 'C:\Program Files\dotnet\sdk\8.0.100\Extensions\Microsoft.VisualStudio.TestPlatform.Extensions.Html.TestLogger.dll'
TpTrace Verbose: 0 : 11172, 1, 2024/02/26, 02:59:09.453, 4962273394539, vstest.console.dll, MetadataReaderExtensionsHelper: Discovering extensions inside assembly 'Microsoft.VisualStudio.TestPlatform.Extensions.Trx.TestLogger, Version=15.0.0.0, Culture=neutral, PublicKeyToken=b03f5f7f11d50a3a' file path 'C:\Program Files\dotnet\sdk\8.0.100\Extensions\Microsoft.VisualStudio.TestPlatform.Extensions.Trx.TestLogger.dll'
TpTrace Information: 0 : 11172, 1, 2024/02/26, 02:59:09.454, 4962273404708, vstest.console.dll, GetTestExtensionFromType: Register extension with identifier data 'logger://Microsoft/TestPlatform/TrxLogger/v1' and type 'Microsoft.VisualStudio.TestPlatform.Extensions.TrxLogger.TrxLogger, Microsoft.VisualStudio.TestPlatform.Extensions.Trx.TestLogger, Version=15.0.0.0, Culture=neutral, PublicKeyToken=b03f5f7f11d50a3a' inside file 'C:\Program Files\dotnet\sdk\8.0.100\Extensions\Microsoft.VisualStudio.TestPlatform.Extensions.Trx.TestLogger.dll'
TpTrace Verbose: 0 : 11172, 1, 2024/02/26, 02:59:09.454, 4962273406216, vstest.console.dll, TestPluginCache: Discovered the extensions using extension path ''.
TpTrace Verbose: 0 : 11172, 1, 2024/02/26, 02:59:09.454, 4962273406554, vstest.console.dll, TestPluginCache: Discoverers are ''.
TpTrace Verbose: 0 : 11172, 1, 2024/02/26, 02:59:09.454, 4962273406823, vstest.console.dll, TestPluginCache: Executors are ''.
TpTrace Verbose: 0 : 11172, 1, 2024/02/26, 02:59:09.454, 4962273407080, vstest.console.dll, TestPluginCache: Executors2 are ''.
TpTrace Verbose: 0 : 11172, 1, 2024/02/26, 02:59:09.454, 4962273407331, vstest.console.dll, TestPluginCache: Setting providers are ''.
TpTrace Verbose: 0 : 11172, 1, 2024/02/26, 02:59:09.454, 4962273409596, vstest.console.dll, TestPluginCache: Loggers are 'logger://Microsoft/TestPlatform/Extensions/Blame/v1,logger://Microsoft/TestPlatform/HtmlLogger/v1,logger://Microsoft/TestPlatform/TrxLogger/v1'.
TpTrace Verbose: 0 : 11172, 1, 2024/02/26, 02:59:09.454, 4962273410194, vstest.console.dll, TestPluginCache: TestHosts are 'HostProvider://DefaultTestHost,HostProvider://DotnetTestHost'.
TpTrace Verbose: 0 : 11172, 1, 2024/02/26, 02:59:09.454, 4962273410487, vstest.console.dll, TestPluginCache: DataCollectors are ''.
TpTrace Information: 0 : 11172, 1, 2024/02/26, 02:59:09.456, 4962273424055, vstest.console.dll, TestPluginManager.CreateTestExtension: Attempting to load test extension: Microsoft.TestPlatform.Extensions.BlameDataCollector.BlameLogger
TpTrace Verbose: 0 : 11172, 1, 2024/02/26, 02:59:09.466, 4962273528891, vstest.console.dll, TestEngine: Initializing Parallel Execution as MaxCpuCount is set to: 1
TpTrace Information: 0 : 11172, 1, 2024/02/26, 02:59:09.468, 4962273547065, vstest.console.dll, TestPluginManager.CreateTestExtension: Attempting to load test extension: Microsoft.VisualStudio.TestPlatform.CrossPlatEngine.Hosting.DefaultTestHostManager
TpTrace Information: 0 : 11172, 1, 2024/02/26, 02:59:09.469, 4962273562332, vstest.console.dll, TestPluginManager.CreateTestExtension: Attempting to load test extension: Microsoft.VisualStudio.TestPlatform.CrossPlatEngine.Hosting.DotnetTestHostManager
TpTrace Information: 0 : 11172, 1, 2024/02/26, 02:59:09.470, 4962273573441, vstest.console.dll, InferRunSettingsHelper.IsTestSettingsEnabled: Unable to navigate to RunSettings/MSTest. Current node: RunSettings
TpTrace Verbose: 0 : 11172, 1, 2024/02/26, 02:59:09.471, 4962273580542, vstest.console.dll, ParallelOperationManager.ClearSlots: Clearing all slots. Slots should accept more work: True
TpTrace Verbose: 0 : 11172, 1, 2024/02/26, 02:59:09.472, 4962273588885, vstest.console.dll, ParallelOperationManager.SetOccupiedSlotCount: Setting slot counts AvailableSlotCount = 1, OccupiedSlotCount = 0.
TpTrace Verbose: 0 : 11172, 1, 2024/02/26, 02:59:09.472, 4962273592859, vstest.console.dll, Occupied slots:

TpTrace Verbose: 0 : 11172, 1, 2024/02/26, 02:59:09.476, 4962273631630, vstest.console.dll, TestEngine.GetExecutionManager: Chosen execution manager 'Microsoft.VisualStudio.TestPlatform.CrossPlatEngine.Client.Parallel.ParallelProxyExecutionManager, Microsoft.TestPlatform.CrossPlatEngine, Version=15.0.0.0, Culture=neutral, PublicKeyToken=b03f5f7f11d50a3a' ParallelLevel '1'.
TpTrace Verbose: 0 : 11172, 1, 2024/02/26, 02:59:09.476, 4962273633663, vstest.console.dll, TestRunRequest.ExecuteAsync: Creating test run request.
TpTrace Verbose: 0 : 11172, 1, 2024/02/26, 02:59:09.477, 4962273636310, vstest.console.dll, TestRunRequest.ExecuteAsync: Starting.
TpTrace Information: 0 : 11172, 1, 2024/02/26, 02:59:09.478, 4962273651379, vstest.console.dll, TestRunRequest.ExecuteAsync: Starting run with settings:TestRunCriteria:
   KeepAlive=False,FrequencyOfRunStatsChangeEvent=10,RunStatsChangeEventTimeout=00:00:01.5000000,TestCaseFilter=,TestExecutorLauncher=
   Settingsxml=<RunSettings>
  <RunConfiguration>
    <ResultsDirectory>C:\Users\ivank\source\repos\Refactor\TestsLab1\bin\Debug\net7.0\fine-code-coverage\coverage-tool-output</ResultsDirectory>
    <TargetPlatform>X64</TargetPlatform>
    <TargetFrameworkVersion>.NETCoreApp,Version=v7.0</TargetFrameworkVersion>
    <DesignMode>False</DesignMode>
    <CollectSourceInformation>False</CollectSourceInformation>
  </RunConfiguration>
  <LoggerRunSettings>
    <Loggers>
      <Logger friendlyName="blame" enabled="True" />
      <Logger friendlyName="Console" uri="logger://microsoft/TestPlatform/ConsoleLogger/v1" assemblyQualifiedName="Microsoft.VisualStudio.TestPlatform.CommandLine.Internal.ConsoleLogger, vstest.console, Version=15.0.0.0, Culture=neutral, PublicKeyToken=b03f5f7f11d50a3a" codeBase="C:\Program Files\dotnet\sdk\8.0.100\vstest.console.dll" enabled="True" />
    </Loggers>
  </LoggerRunSettings>
  <DataCollectionRunSettings>
    <DataCollectors>
      <DataCollector friendlyName="blame" enabled="True">
        <Configuration>
          <ResultsDirectory>C:\Users\ivank\source\repos\Refactor\TestsLab1\bin\Debug\net7.0\fine-code-coverage\coverage-tool-output</ResultsDirectory>
        </Configuration>
      </DataCollector>
    </DataCollectors>
  </DataCollectionRunSettings>
</RunSettings>

TpTrace Verbose: 0 : 11172, 1, 2024/02/26, 02:59:09.481, 4962273675297, vstest.console.dll, TestRunRequest.ExecuteAsync: Wait for the first run request is over.
TpTrace Verbose: 0 : 11172, 1, 2024/02/26, 02:59:09.481, 4962273680783, vstest.console.dll, MulticastDelegateUtilities.SafeInvoke: TestRun.TestRunStart: Invoking callbacks was skipped because there are no subscribers.
TpTrace Verbose: 0 : 11172, 4, 2024/02/26, 02:59:09.482, 4962273684193, vstest.console.dll, MulticastDelegateUtilities.SafeInvoke: InternalTestLoggerEvents.SendTestRunStart: Invoking callback 1/1 for Microsoft.VisualStudio.TestPlatform.CommandLine.Internal.ConsoleLogger., took 0 ms.
TpTrace Verbose: 0 : 11172, 1, 2024/02/26, 02:59:09.483, 4962273695114, vstest.console.dll, ParallelProxyExecutionManager: Start execution. Total sources: 1
TpTrace Verbose: 0 : 11172, 1, 2024/02/26, 02:59:09.483, 4962273699632, vstest.console.dll, ParallelOperationManager.StartWork: Starting adding 1 workloads.
TpTrace Verbose: 0 : 11172, 1, 2024/02/26, 02:59:09.483, 4962273700387, vstest.console.dll, ParallelOperationManager.ClearSlots: Clearing all slots. Slots should accept more work: True
TpTrace Verbose: 0 : 11172, 1, 2024/02/26, 02:59:09.483, 4962273701146, vstest.console.dll, ParallelOperationManager.SetOccupiedSlotCount: Setting slot counts AvailableSlotCount = 1, OccupiedSlotCount = 0.
TpTrace Verbose: 0 : 11172, 1, 2024/02/26, 02:59:09.483, 4962273701528, vstest.console.dll, Occupied slots:

TpTrace Verbose: 0 : 11172, 1, 2024/02/26, 02:59:09.485, 4962273716872, vstest.console.dll, TestRequestSender is acting as server.
TpTrace Verbose: 0 : 11172, 1, 2024/02/26, 02:59:09.486, 4962273730325, vstest.console.dll, ParallelOperationManager.RunWorkInParallel: Adding 1 workload to slot, remaining workloads 0.
TpTrace Verbose: 0 : 11172, 1, 2024/02/26, 02:59:09.486, 4962273731483, vstest.console.dll, ParallelOperationManager.SetOccupiedSlotCount: Setting slot counts AvailableSlotCount = 0, OccupiedSlotCount = 1.
TpTrace Verbose: 0 : 11172, 1, 2024/02/26, 02:59:09.486, 4962273732792, vstest.console.dll, Occupied slots:
0: C:\Users\ivank\source\repos\Refactor\TestsLab1\bin\Debug\net7.0\fine-code-coverage\build-output\TestsLab1.dll
TpTrace Verbose: 0 : 11172, 1, 2024/02/26, 02:59:09.488, 4962273745968, vstest.console.dll, ParallelOperationManager.RunWorkInParallel: Started host in slot number 0 for work (source): C:\Users\ivank\source\repos\Refactor\TestsLab1\bin\Debug\net7.0\fine-code-coverage\build-output\TestsLab1.dll.
TpTrace Verbose: 0 : 11172, 1, 2024/02/26, 02:59:09.489, 4962273754979, vstest.console.dll, ParallelOperationManager.RunWorkInParallel: We started 1 work items, which is the max parallel level. Won't start more work.
TpTrace Verbose: 0 : 11172, 1, 2024/02/26, 02:59:09.489, 4962273755867, vstest.console.dll, ParallelOperationManager.RunWorkInParallel: We started 1 work items in here, returning True.
TpTrace Information: 0 : 11172, 1, 2024/02/26, 02:59:09.489, 4962273756252, vstest.console.dll, TestRunRequest.ExecuteAsync: Started.
TpTrace Verbose: 0 : 11172, 5, 2024/02/26, 02:59:09.489, 4962273756885, vstest.console.dll, ParallelProxyExecutionManager.StartTestRunOnConcurrentManager: Initializing uninitialized client. Started clients: 0
TpTrace Verbose: 0 : 11172, 5, 2024/02/26, 02:59:09.489, 4962273758716, vstest.console.dll, DataCollectionRequestSender.InitializeCommunication : Initialize communication. 
TpTrace Verbose: 0 : 11172, 1, 2024/02/26, 02:59:09.489, 4962273763318, vstest.console.dll, TestRunRequest.WaitForCompletion: Waiting with timeout -1.
TpTrace Information: 0 : 11172, 5, 2024/02/26, 02:59:09.497, 4962273835973, vstest.console.dll, Listening on Endpoint : 127.0.0.1:58819
TpTrace Verbose: 0 : 11172, 5, 2024/02/26, 02:59:09.504, 4962273908677, vstest.console.dll, DotnetDataCollectionLauncher: Adding  --runtimeconfig "C:\Program Files\dotnet\sdk\8.0.100\datacollector.runtimeconfig.json" in args
TpTrace Verbose: 0 : 11172, 5, 2024/02/26, 02:59:09.504, 4962273910169, vstest.console.dll, DotnetDataCollectionLauncher: Adding  --depsfile "C:\Program Files\dotnet\sdk\8.0.100\datacollector.deps.json" in args
TpTrace Verbose: 0 : 11172, 5, 2024/02/26, 02:59:09.504, 4962273912043, vstest.console.dll, DotnetDataCollectionLauncher: Full path of dotnet.exe is C:\Program Files\dotnet\dotnet.exe
TpTrace Information: 0 : 11172, 5, 2024/02/26, 02:59:09.514, 4962274005369, vstest.console.dll, ProxyDataCollectionManager.Initialize: Launched datacollector processId: 21844 port: 58819
TpTrace Information: 0 : 11172, 5, 2024/02/26, 02:59:09.514, 4962274007653, vstest.console.dll, ProxyDataCollectionManager.Initialize: waiting for connection with timeout: 90 seconds
TpTrace Verbose: 0 : 11172, 5, 2024/02/26, 02:59:09.514, 4962274008647, vstest.console.dll, DataCollectionRequestSender.WaitForRequestHandlerConnection : Waiting for connection with timeout: 90000
TpTrace Information: 0 : 11172, 7, 2024/02/26, 02:59:09.705, 4962275914717, vstest.console.dll, Using the buffer size of 16384 bytes
TpTrace Information: 0 : 11172, 7, 2024/02/26, 02:59:09.705, 4962275916216, vstest.console.dll, Accepted Client request and set the flag
TpTrace Verbose: 0 : 11172, 5, 2024/02/26, 02:59:09.705, 4962275914994, vstest.console.dll, SocketCommunicationManager.WaitForClientConnection took: 190 ms, with 90000 ms timeout, and finished with True.
TpTrace Verbose: 0 : 11172, 5, 2024/02/26, 02:59:09.705, 4962275917730, vstest.console.dll, ProxyDataCollectionManager.InvokeDataCollectionServiceAction: Starting.
TpTrace Information: 0 : 11172, 5, 2024/02/26, 02:59:09.705, 4962275918694, vstest.console.dll, ProxyDataCollectionManager.BeforeTestRunStart: Get environment variable and port for datacollector processId: 21844 port: 58819
TpTrace Verbose: 0 : 11172, 5, 2024/02/26, 02:59:09.705, 4962275919808, vstest.console.dll, DataCollectionRequestSender.SendBeforeTestRunStartAndGetResult: Send BeforeTestRunStart message with settingsXml <RunSettings><RunConfiguration><ResultsDirectory>C:\Users\ivank\source\repos\Refactor\TestsLab1\bin\Debug\net7.0\fine-code-coverage\coverage-tool-output</ResultsDirectory><TargetPlatform>X64</TargetPlatform><TargetFrameworkVersion>.NETCoreApp,Version=v7.0</TargetFrameworkVersion><DesignMode>False</DesignMode><CollectSourceInformation>False</CollectSourceInformation><TestAdaptersPaths>C:\Program Files\dotnet\sdk\8.0.100\Extensions</TestAdaptersPaths></RunConfiguration><LoggerRunSettings><Loggers><Logger friendlyName="blame" enabled="True" /><Logger friendlyName="Console" uri="logger://microsoft/TestPlatform/ConsoleLogger/v1" assemblyQualifiedName="Microsoft.VisualStudio.TestPlatform.CommandLine.Internal.ConsoleLogger, vstest.console, Version=15.0.0.0, Culture=neutral, PublicKeyToken=b03f5f7f11d50a3a" codeBase="C:\Program Files\dotnet\sdk\8.0.100\vstest.console.dll" enabled="True" /></Loggers></LoggerRunSettings><DataCollectionRunSettings><DataCollectors><DataCollector friendlyName="blame" enabled="True"><Configuration><ResultsDirectory>C:\Users\ivank\source\repos\Refactor\TestsLab1\bin\Debug\net7.0\fine-code-coverage\coverage-tool-output</ResultsDirectory></Configuration></DataCollector></DataCollectors></DataCollectionRunSettings></RunSettings> and sources System.Collections.Generic.List`1[System.String]: 
TpTrace Verbose: 0 : 11172, 5, 2024/02/26, 02:59:09.776, 4962276624477, vstest.console.dll, DataCollectionRequestSender.SendBeforeTestRunStartAndGetResult: Received message: (DataCollection.SendMessage) -> {"MessageType":"DataCollection.SendMessage","Payload":{"FriendlyName":null,"Uri":null,"TestCaseId":"00000000-0000-0000-0000-000000000000","Message":"Logging DataCollector Diagnostics in file: C:\\Users\\ivank\\source\\repos\\Refactor\\TestsLab1\\bin\\Debug\\net7.0\\fine-code-coverage\\coverage-tool-output\\diagnostics.datacollector.24-02-26_02-59-09_50418_5.log","Level":0}}
TpTrace Verbose: 0 : 11172, 5, 2024/02/26, 02:59:09.887, 4962277740594, vstest.console.dll, DataCollectionRequestSender.SendBeforeTestRunStartAndGetResult: Received message: (DataCollection.BeforeTestRunStartResult) -> {"MessageType":"DataCollection.BeforeTestRunStartResult","Payload":{"EnvironmentVariables":{},"DataCollectionEventsPort":58821}}
TpTrace Information: 0 : 11172, 5, 2024/02/26, 02:59:09.892, 4962277791013, vstest.console.dll, ProxyDataCollectionManager.BeforeTestRunStart: SendBeforeTestRunStartAndGetResult successful, env variable from datacollector:   and testhost port: 58821
TpTrace Information: 0 : 11172, 5, 2024/02/26, 02:59:09.892, 4962277792299, vstest.console.dll, ProxyDataCollectionManager.InvokeDataCollectionServiceAction: Completed.
TpTrace Verbose: 0 : 11172, 5, 2024/02/26, 02:59:09.892, 4962277792641, vstest.console.dll, ParallelProxyExecutionManager.StartTestRunOnConcurrentManager: Initializing test run. Started clients: 0
TpTrace Verbose: 0 : 11172, 5, 2024/02/26, 02:59:09.892, 4962277793585, vstest.console.dll, ProxyExecutionManager: Test host is always Lazy initialize.
TpTrace Verbose: 0 : 11172, 5, 2024/02/26, 02:59:09.893, 4962277795704, vstest.console.dll, TestRequestSender.InitializeCommunication: initialize communication. 
TpTrace Information: 0 : 11172, 5, 2024/02/26, 02:59:09.893, 4962277800473, vstest.console.dll, SocketServer.Start: Listening on endpoint : 127.0.0.1:58822
TpTrace Verbose: 0 : 11172, 5, 2024/02/26, 02:59:09.894, 4962277809194, vstest.console.dll, DotnetTestHostmanager.GetTestHostProcessStartInfo: Platform environment 'X64' target architecture 'X64' framework '.NETCoreApp,Version=v7.0' OS 'Windows'
TpTrace Verbose: 0 : 11172, 5, 2024/02/26, 02:59:09.894, 4962277812018, vstest.console.dll, DotnetTestHostmanager: Adding  --runtimeconfig "C:\Users\ivank\source\repos\Refactor\TestsLab1\bin\Debug\net7.0\fine-code-coverage\build-output\TestsLab1.runtimeconfig.json" in args
TpTrace Verbose: 0 : 11172, 5, 2024/02/26, 02:59:09.894, 4962277813083, vstest.console.dll, DotnetTestHostmanager: Adding  --depsfile "C:\Users\ivank\source\repos\Refactor\TestsLab1\bin\Debug\net7.0\fine-code-coverage\build-output\TestsLab1.deps.json" in args
TpTrace Verbose: 0 : 11172, 5, 2024/02/26, 02:59:09.895, 4962277815150, vstest.console.dll, DotnetTestHostmanager.IsWinOnArm: Current PROCESSOR_ARCHITECTURE from environment variable 'AMD64'
TpTrace Verbose: 0 : 11172, 5, 2024/02/26, 02:59:09.895, 4962277815794, vstest.console.dll, DotnetTestHostmanager.IsWinOnArm: Is Windows on ARM 'False'
TpTrace Verbose: 0 : 11172, 5, 2024/02/26, 02:59:09.895, 4962277816791, vstest.console.dll, DotnetTestHostManager: testhost.exe found at path: C:\Users\ivank\source\repos\Refactor\TestsLab1\bin\Debug\net7.0\fine-code-coverage\build-output\testhost.exe
TpTrace Verbose: 0 : 11172, 5, 2024/02/26, 02:59:09.895, 4962277817297, vstest.console.dll, DotnetTestHostmanager: Full path of host exe is C:\Users\ivank\source\repos\Refactor\TestsLab1\bin\Debug\net7.0\fine-code-coverage\build-output\testhost.exe
TpTrace Verbose: 0 : 11172, 5, 2024/02/26, 02:59:09.895, 4962277819068, vstest.console.dll, DotnetTestHostmanager.LaunchTestHostAsync: Found 'VSTEST_WINAPPHOST_DOTNET_ROOT' in env variables, value 'C:\Program Files\dotnet', forwarding to 'DOTNET_ROOT'
TpTrace Verbose: 0 : 11172, 5, 2024/02/26, 02:59:09.895, 4962277820787, vstest.console.dll, DotnetTestHostManager: Starting process 'C:\Users\ivank\source\repos\Refactor\TestsLab1\bin\Debug\net7.0\fine-code-coverage\build-output\testhost.exe' with command line ' --runtimeconfig "C:\Users\ivank\source\repos\Refactor\TestsLab1\bin\Debug\net7.0\fine-code-coverage\build-output\TestsLab1.runtimeconfig.json" --depsfile "C:\Users\ivank\source\repos\Refactor\TestsLab1\bin\Debug\net7.0\fine-code-coverage\build-output\TestsLab1.deps.json" --port 58822 --endpoint 127.0.0.1:058822 --role client --parentprocessid 11172 --diag "C:\Users\ivank\source\repos\Refactor\TestsLab1\bin\Debug\net7.0\fine-code-coverage\coverage-tool-output\diagnostics.host.24-02-26_02-59-09_89409_5.log" --tracelevel 4 --datacollectionport 58821 --telemetryoptedin false'
TpTrace Verbose: 0 : 11172, 5, 2024/02/26, 02:59:09.904, 4962277906319, vstest.console.dll, MulticastDelegateUtilities.SafeInvoke: HostProviderEvents.OnHostLaunched: Invoking callback 1/2 for Microsoft.VisualStudio.TestPlatform.CrossPlatEngine.Client.ProxyExecutionManagerWithDataCollection., took 1 ms.
TpTrace Verbose: 0 : 11172, 5, 2024/02/26, 02:59:09.904, 4962277910550, vstest.console.dll, Test Runtime launched
TpTrace Verbose: 0 : 11172, 5, 2024/02/26, 02:59:09.904, 4962277911513, vstest.console.dll, MulticastDelegateUtilities.SafeInvoke: HostProviderEvents.OnHostLaunched: Invoking callback 2/2 for Microsoft.VisualStudio.TestPlatform.CrossPlatEngine.Client.ProxyOperationManager., took 0 ms.
TpTrace Verbose: 0 : 11172, 5, 2024/02/26, 02:59:09.904, 4962277913063, vstest.console.dll, TestRequestSender.WaitForRequestHandlerConnection: waiting for connection with timeout: 90000.
TpTrace Verbose: 0 : 11172, 5, 2024/02/26, 02:59:10.138, 4962280251516, vstest.console.dll, TestRequestSender.WaitForRequestHandlerConnection: waiting took 233 ms, with timeout 90000 ms, and result 0, which is success.
TpTrace Verbose: 0 : 11172, 11, 2024/02/26, 02:59:10.138, 4962280251517, vstest.console.dll, MulticastDelegateUtilities.SafeInvoke: SocketServer: ClientConnected: Invoking callback 1/1 for Microsoft.VisualStudio.TestPlatform.CommunicationUtilities.TestRequestSender., took 0 ms.
TpTrace Verbose: 0 : 11172, 11, 2024/02/26, 02:59:10.138, 4962280253553, vstest.console.dll, SocketServer.OnClientConnected: Client connected for endPoint: 127.0.0.1:58822, starting MessageLoopAsync:
TpTrace Verbose: 0 : 11172, 11, 2024/02/26, 02:59:10.139, 4962280258233, vstest.console.dll, TcpClientExtensions.MessageLoopAsync: Polling on remoteEndPoint: 127.0.0.1:58823 localEndPoint: 127.0.0.1:58822
TpTrace Verbose: 0 : 11172, 5, 2024/02/26, 02:59:10.139, 4962280261606, vstest.console.dll, TestRequestSender.CheckVersionWithTestHost: Sending check version message: {"MessageType":"ProtocolVersion","Payload":7}
TpTrace Verbose: 0 : 11172, 11, 2024/02/26, 02:59:10.300, 4962281868717, vstest.console.dll, TcpClientExtensions.MessageLoopAsync: NotifyDataAvailable remoteEndPoint: 127.0.0.1:58823 localEndPoint: 127.0.0.1:58822
TpTrace Verbose: 0 : 11172, 11, 2024/02/26, 02:59:10.300, 4962281872360, vstest.console.dll, TestRequestSender.CheckVersionWithTestHost: onMessageReceived received message: (ProtocolVersion) -> {"MessageType":"ProtocolVersion","Payload":7}
TpTrace Verbose: 0 : 11172, 11, 2024/02/26, 02:59:10.301, 4962281882765, vstest.console.dll, MulticastDelegateUtilities.SafeInvoke: LengthPrefixCommunicationChannel: MessageReceived: Invoking callback 1/1 for Microsoft.VisualStudio.TestPlatform.CommunicationUtilities.TestRequestSender+<>c__DisplayClass29_0., took 1 ms.
TpTrace Verbose: 0 : 11172, 5, 2024/02/26, 02:59:10.302, 4962281884330, vstest.console.dll, TestPluginCache.GetExtensionPaths: Filtered extension paths: 
TpTrace Verbose: 0 : 11172, 11, 2024/02/26, 02:59:10.302, 4962281884652, vstest.console.dll, TcpClientExtensions.MessageLoopAsync: Polling on remoteEndPoint: 127.0.0.1:58823 localEndPoint: 127.0.0.1:58822
TpTrace Verbose: 0 : 11172, 5, 2024/02/26, 02:59:10.302, 4962281885590, vstest.console.dll, TestPluginCache.GetExtensionPaths: Added default extension paths: C:\Program Files\dotnet\sdk\8.0.100\Extensions\Microsoft.Diagnostics.NETCore.Client.dll
C:\Program Files\dotnet\sdk\8.0.100\Extensions\Microsoft.TestPlatform.Extensions.BlameDataCollector.dll
C:\Program Files\dotnet\sdk\8.0.100\Extensions\Microsoft.TestPlatform.Extensions.EventLogCollector.dll
C:\Program Files\dotnet\sdk\8.0.100\Extensions\Microsoft.TestPlatform.TestHostRuntimeProvider.dll
C:\Program Files\dotnet\sdk\8.0.100\Extensions\Microsoft.VisualStudio.TestPlatform.Extensions.Html.TestLogger.dll
C:\Program Files\dotnet\sdk\8.0.100\Extensions\Microsoft.VisualStudio.TestPlatform.Extensions.Trx.TestLogger.dll
TpTrace Verbose: 0 : 11172, 5, 2024/02/26, 02:59:10.302, 4962281887839, vstest.console.dll, TestPluginCache.GetExtensionPaths: Added unfilterableExtensionPaths: 
TpTrace Verbose: 0 : 11172, 5, 2024/02/26, 02:59:10.306, 4962281926253, vstest.console.dll, TestRequestSender.InitializeExecution: Sending initialize execution with message: {"Version":7,"MessageType":"TestExecution.Initialize","Payload":["C:\\Users\\ivank\\source\\repos\\Refactor\\TestsLab1\\bin\\Debug\\net7.0\\fine-code-coverage\\build-output\\xunit.runner.visualstudio.dotnetcore.testadapter.dll"]}
TpTrace Verbose: 0 : 11172, 5, 2024/02/26, 02:59:10.306, 4962281928784, vstest.console.dll, ParallelProxyExecutionManager.StartTestRunOnConcurrentManager: Execution starting. Started clients: 1
TpTrace Verbose: 0 : 11172, 5, 2024/02/26, 02:59:10.306, 4962281932095, vstest.console.dll, TestRunRequest:SendTestRunMessage: Starting.
TpTrace Verbose: 0 : 11172, 5, 2024/02/26, 02:59:10.307, 4962281934030, vstest.console.dll, MulticastDelegateUtilities.SafeInvoke: TestRun.LogMessages: Invoking callback 1/1 for Microsoft.VisualStudio.TestPlatform.CommandLine.TestRunResultAggregator., took 0 ms.
TpTrace Information: 0 : 11172, 5, 2024/02/26, 02:59:10.307, 4962281934495, vstest.console.dll, TestRunRequest:SendTestRunMessage: Completed.
TpTrace Verbose: 0 : 11172, 4, 2024/02/26, 02:59:10.307, 4962281938369, vstest.console.dll, MulticastDelegateUtilities.SafeInvoke: InternalTestLoggerEvents.SendTestRunMessage: Invoking callback 1/1 for Microsoft.VisualStudio.TestPlatform.CommandLine.Internal.ConsoleLogger., took 0 ms.
TpTrace Warning: 0 : 11172, 5, 2024/02/26, 02:59:10.307, 4962281938622, vstest.console.dll, InferRunSettingsHelper.MakeRunsettingsCompatible: Removing the following settings: TargetPlatform from RunSettings file. To use those settings please move to latest version of Microsoft.NET.Test.Sdk
TpTrace Verbose: 0 : 11172, 11, 2024/02/26, 02:59:10.311, 4962281981283, vstest.console.dll, TcpClientExtensions.MessageLoopAsync: NotifyDataAvailable remoteEndPoint: 127.0.0.1:58823 localEndPoint: 127.0.0.1:58822
TpTrace Verbose: 0 : 11172, 11, 2024/02/26, 02:59:10.312, 4962281987530, vstest.console.dll, TestRequestSender.OnExecutionMessageReceived: Received message: {"Version":7,"MessageType":"TestSession.Message","Payload":{"MessageLevel":0,"Message":"Ведение журналов диагностики TestHost в файле: C:\\Users\\ivank\\source\\repos\\Refactor\\TestsLab1\\bin\\Debug\\net7.0\\fine-code-coverage\\coverage-tool-output\\diagnostics.host.24-02-26_02-59-09_89409_5.log"}}
TpTrace Verbose: 0 : 11172, 11, 2024/02/26, 02:59:10.315, 4962282021414, vstest.console.dll, TestRunRequest:SendTestRunMessage: Starting.
TpTrace Verbose: 0 : 11172, 11, 2024/02/26, 02:59:10.315, 4962282023336, vstest.console.dll, MulticastDelegateUtilities.SafeInvoke: TestRun.LogMessages: Invoking callback 1/1 for Microsoft.VisualStudio.TestPlatform.CommandLine.TestRunResultAggregator., took 0 ms.
TpTrace Information: 0 : 11172, 11, 2024/02/26, 02:59:10.315, 4962282023814, vstest.console.dll, TestRunRequest:SendTestRunMessage: Completed.
TpTrace Verbose: 0 : 11172, 4, 2024/02/26, 02:59:10.316, 4962282023944, vstest.console.dll, MulticastDelegateUtilities.SafeInvoke: InternalTestLoggerEvents.SendTestRunMessage: Invoking callback 1/1 for Microsoft.VisualStudio.TestPlatform.CommandLine.Internal.ConsoleLogger., took 0 ms.
TpTrace Verbose: 0 : 11172, 11, 2024/02/26, 02:59:10.316, 4962282024221, vstest.console.dll, MulticastDelegateUtilities.SafeInvoke: LengthPrefixCommunicationChannel: MessageReceived: Invoking callback 1/1 for Microsoft.VisualStudio.TestPlatform.CommunicationUtilities.TestRequestSender+<>c__DisplayClass34_0., took 4 ms.
TpTrace Verbose: 0 : 11172, 11, 2024/02/26, 02:59:10.316, 4962282025941, vstest.console.dll, TcpClientExtensions.MessageLoopAsync: Polling on remoteEndPoint: 127.0.0.1:58823 localEndPoint: 127.0.0.1:58822
TpTrace Verbose: 0 : 11172, 5, 2024/02/26, 02:59:10.316, 4962282029276, vstest.console.dll, TestRequestSender.StartTestRun: Sending test run with message: {"Version":7,"MessageType":"TestExecution.StartWithSources","Payload":{"AdapterSourceMap":{"_none_":["C:\\Users\\ivank\\source\\repos\\Refactor\\TestsLab1\\bin\\Debug\\net7.0\\fine-code-coverage\\build-output\\TestsLab1.dll"]},"RunSettings":"<RunSettings>\r\n  <RunConfiguration>\r\n    <ResultsDirectory>C:\\Users\\ivank\\source\\repos\\Refactor\\TestsLab1\\bin\\Debug\\net7.0\\fine-code-coverage\\coverage-tool-output</ResultsDirectory>\r\n    <TargetFrameworkVersion>.NETCoreApp,Version=v7.0</TargetFrameworkVersion>\r\n    <DesignMode>False</DesignMode>\r\n    <CollectSourceInformation>False</CollectSourceInformation>\r\n  </RunConfiguration>\r\n  <LoggerRunSettings>\r\n    <Loggers>\r\n      <Logger friendlyName=\"blame\" enabled=\"True\" />\r\n      <Logger friendlyName=\"Console\" uri=\"logger://microsoft/TestPlatform/ConsoleLogger/v1\" assemblyQualifiedName=\"Microsoft.VisualStudio.TestPlatform.CommandLine.Internal.ConsoleLogger, vstest.console, Version=15.0.0.0, Culture=neutral, PublicKeyToken=b03f5f7f11d50a3a\" codeBase=\"C:\\Program Files\\dotnet\\sdk\\8.0.100\\vstest.console.dll\" enabled=\"True\" />\r\n    </Loggers>\r\n  </LoggerRunSettings>\r\n  <DataCollectionRunSettings>\r\n    <DataCollectors>\r\n      <DataCollector friendlyName=\"blame\" enabled=\"True\">\r\n        <Configuration>\r\n          <ResultsDirectory>C:\\Users\\ivank\\source\\repos\\Refactor\\TestsLab1\\bin\\Debug\\net7.0\\fine-code-coverage\\coverage-tool-output</ResultsDirectory>\r\n        </Configuration>\r\n      </DataCollector>\r\n    </DataCollectors>\r\n  </DataCollectionRunSettings>\r\n</RunSettings>","TestExecutionContext":{"FrequencyOfRunStatsChangeEvent":10,"RunStatsChangeEventTimeout":"00:00:01.5000000","InIsolation":false,"KeepAlive":false,"AreTestCaseLevelEventsRequired":false,"IsDebug":false,"TestCaseFilter":null,"FilterOptions":null},"Package":null}}
TpTrace Verbose: 0 : 11172, 5, 2024/02/26, 02:59:10.316, 4962282031210, vstest.console.dll, ParallelProxyExecutionManager.StartTestRunOnConcurrentManager: Execution started. Started clients: 1
TpTrace Verbose: 0 : 11172, 11, 2024/02/26, 02:59:10.486, 4962283725655, vstest.console.dll, TcpClientExtensions.MessageLoopAsync: NotifyDataAvailable remoteEndPoint: 127.0.0.1:58823 localEndPoint: 127.0.0.1:58822
TpTrace Verbose: 0 : 11172, 11, 2024/02/26, 02:59:10.486, 4962283727805, vstest.console.dll, TestRequestSender.OnExecutionMessageReceived: Received message: {"Version":7,"MessageType":"TestSession.Message","Payload":{"MessageLevel":0,"Message":"[xUnit.net 00:00:00.00] xUnit.net VSTest Adapter v2.4.5+1caef2f33e (64-bit .NET 7.0.2)"}}
TpTrace Verbose: 0 : 11172, 11, 2024/02/26, 02:59:10.486, 4962283730028, vstest.console.dll, TestRunRequest:SendTestRunMessage: Starting.
TpTrace Verbose: 0 : 11172, 11, 2024/02/26, 02:59:10.486, 4962283730710, vstest.console.dll, MulticastDelegateUtilities.SafeInvoke: TestRun.LogMessages: Invoking callback 1/1 for Microsoft.VisualStudio.TestPlatform.CommandLine.TestRunResultAggregator., took 0 ms.
TpTrace Information: 0 : 11172, 11, 2024/02/26, 02:59:10.486, 4962283731052, vstest.console.dll, TestRunRequest:SendTestRunMessage: Completed.
TpTrace Verbose: 0 : 11172, 11, 2024/02/26, 02:59:10.486, 4962283731395, vstest.console.dll, MulticastDelegateUtilities.SafeInvoke: LengthPrefixCommunicationChannel: MessageReceived: Invoking callback 1/1 for Microsoft.VisualStudio.TestPlatform.CommunicationUtilities.TestRequestSender+<>c__DisplayClass34_0., took 0 ms.
TpTrace Verbose: 0 : 11172, 4, 2024/02/26, 02:59:10.486, 4962283731429, vstest.console.dll, MulticastDelegateUtilities.SafeInvoke: InternalTestLoggerEvents.SendTestRunMessage: Invoking callback 1/1 for Microsoft.VisualStudio.TestPlatform.CommandLine.Internal.ConsoleLogger., took 0 ms.
TpTrace Verbose: 0 : 11172, 11, 2024/02/26, 02:59:10.486, 4962283732004, vstest.console.dll, TcpClientExtensions.MessageLoopAsync: Polling on remoteEndPoint: 127.0.0.1:58823 localEndPoint: 127.0.0.1:58822
TpTrace Verbose: 0 : 11172, 11, 2024/02/26, 02:59:11.025, 4962289119661, vstest.console.dll, TcpClientExtensions.MessageLoopAsync: NotifyDataAvailable remoteEndPoint: 127.0.0.1:58823 localEndPoint: 127.0.0.1:58822
TpTrace Verbose: 0 : 11172, 11, 2024/02/26, 02:59:11.025, 4962289123324, vstest.console.dll, TestRequestSender.OnExecutionMessageReceived: Received message: {"Version":7,"MessageType":"TestSession.Message","Payload":{"MessageLevel":0,"Message":"[xUnit.net 00:00:00.54]   Discovering: TestsLab1"}}
TpTrace Verbose: 0 : 11172, 11, 2024/02/26, 02:59:11.026, 4962289125424, vstest.console.dll, TestRunRequest:SendTestRunMessage: Starting.
TpTrace Verbose: 0 : 11172, 11, 2024/02/26, 02:59:11.026, 4962289126360, vstest.console.dll, MulticastDelegateUtilities.SafeInvoke: TestRun.LogMessages: Invoking callback 1/1 for Microsoft.VisualStudio.TestPlatform.CommandLine.TestRunResultAggregator., took 0 ms.
TpTrace Information: 0 : 11172, 11, 2024/02/26, 02:59:11.026, 4962289127016, vstest.console.dll, TestRunRequest:SendTestRunMessage: Completed.
TpTrace Verbose: 0 : 11172, 4, 2024/02/26, 02:59:11.026, 4962289126999, vstest.console.dll, MulticastDelegateUtilities.SafeInvoke: InternalTestLoggerEvents.SendTestRunMessage: Invoking callback 1/1 for Microsoft.VisualStudio.TestPlatform.CommandLine.Internal.ConsoleLogger., took 0 ms.
TpTrace Verbose: 0 : 11172, 11, 2024/02/26, 02:59:11.026, 4962289127694, vstest.console.dll, MulticastDelegateUtilities.SafeInvoke: LengthPrefixCommunicationChannel: MessageReceived: Invoking callback 1/1 for Microsoft.VisualStudio.TestPlatform.CommunicationUtilities.TestRequestSender+<>c__DisplayClass34_0., took 0 ms.
TpTrace Verbose: 0 : 11172, 11, 2024/02/26, 02:59:11.026, 4962289129791, vstest.console.dll, TcpClientExtensions.MessageLoopAsync: Polling on remoteEndPoint: 127.0.0.1:58823 localEndPoint: 127.0.0.1:58822
TpTrace Verbose: 0 : 11172, 11, 2024/02/26, 02:59:11.085, 4962289715950, vstest.console.dll, TcpClientExtensions.MessageLoopAsync: NotifyDataAvailable remoteEndPoint: 127.0.0.1:58823 localEndPoint: 127.0.0.1:58822
TpTrace Verbose: 0 : 11172, 11, 2024/02/26, 02:59:11.085, 4962289718146, vstest.console.dll, TestRequestSender.OnExecutionMessageReceived: Received message: {"Version":7,"MessageType":"TestSession.Message","Payload":{"MessageLevel":0,"Message":"[xUnit.net 00:00:00.60]   Discovered:  TestsLab1"}}
TpTrace Verbose: 0 : 11172, 11, 2024/02/26, 02:59:11.085, 4962289720091, vstest.console.dll, TestRunRequest:SendTestRunMessage: Starting.
TpTrace Verbose: 0 : 11172, 11, 2024/02/26, 02:59:11.085, 4962289720988, vstest.console.dll, MulticastDelegateUtilities.SafeInvoke: TestRun.LogMessages: Invoking callback 1/1 for Microsoft.VisualStudio.TestPlatform.CommandLine.TestRunResultAggregator., took 0 ms.
TpTrace Verbose: 0 : 11172, 4, 2024/02/26, 02:59:11.085, 4962289721669, vstest.console.dll, MulticastDelegateUtilities.SafeInvoke: InternalTestLoggerEvents.SendTestRunMessage: Invoking callback 1/1 for Microsoft.VisualStudio.TestPlatform.CommandLine.Internal.ConsoleLogger., took 0 ms.
TpTrace Information: 0 : 11172, 11, 2024/02/26, 02:59:11.085, 4962289721773, vstest.console.dll, TestRunRequest:SendTestRunMessage: Completed.
TpTrace Verbose: 0 : 11172, 11, 2024/02/26, 02:59:11.086, 4962289723947, vstest.console.dll, MulticastDelegateUtilities.SafeInvoke: LengthPrefixCommunicationChannel: MessageReceived: Invoking callback 1/1 for Microsoft.VisualStudio.TestPlatform.CommunicationUtilities.TestRequestSender+<>c__DisplayClass34_0., took 0 ms.
TpTrace Verbose: 0 : 11172, 11, 2024/02/26, 02:59:11.086, 4962289724733, vstest.console.dll, TcpClientExtensions.MessageLoopAsync: Polling on remoteEndPoint: 127.0.0.1:58823 localEndPoint: 127.0.0.1:58822
TpTrace Verbose: 0 : 11172, 11, 2024/02/26, 02:59:11.088, 4962289752687, vstest.console.dll, TcpClientExtensions.MessageLoopAsync: NotifyDataAvailable remoteEndPoint: 127.0.0.1:58823 localEndPoint: 127.0.0.1:58822
TpTrace Verbose: 0 : 11172, 11, 2024/02/26, 02:59:11.089, 4962289754892, vstest.console.dll, TestRequestSender.OnExecutionMessageReceived: Received message: {"Version":7,"MessageType":"TestSession.Message","Payload":{"MessageLevel":0,"Message":"[xUnit.net 00:00:00.60]   Starting:    TestsLab1"}}
TpTrace Verbose: 0 : 11172, 11, 2024/02/26, 02:59:11.089, 4962289756786, vstest.console.dll, TestRunRequest:SendTestRunMessage: Starting.
TpTrace Verbose: 0 : 11172, 11, 2024/02/26, 02:59:11.089, 4962289757769, vstest.console.dll, MulticastDelegateUtilities.SafeInvoke: TestRun.LogMessages: Invoking callback 1/1 for Microsoft.VisualStudio.TestPlatform.CommandLine.TestRunResultAggregator., took 0 ms.
TpTrace Information: 0 : 11172, 11, 2024/02/26, 02:59:11.089, 4962289758319, vstest.console.dll, TestRunRequest:SendTestRunMessage: Completed.
TpTrace Verbose: 0 : 11172, 11, 2024/02/26, 02:59:11.089, 4962289758944, vstest.console.dll, MulticastDelegateUtilities.SafeInvoke: LengthPrefixCommunicationChannel: MessageReceived: Invoking callback 1/1 for Microsoft.VisualStudio.TestPlatform.CommunicationUtilities.TestRequestSender+<>c__DisplayClass34_0., took 0 ms.
TpTrace Verbose: 0 : 11172, 11, 2024/02/26, 02:59:11.089, 4962289759542, vstest.console.dll, TcpClientExtensions.MessageLoopAsync: Polling on remoteEndPoint: 127.0.0.1:58823 localEndPoint: 127.0.0.1:58822
TpTrace Verbose: 0 : 11172, 4, 2024/02/26, 02:59:11.089, 4962289760408, vstest.console.dll, MulticastDelegateUtilities.SafeInvoke: InternalTestLoggerEvents.SendTestRunMessage: Invoking callback 1/1 for Microsoft.VisualStudio.TestPlatform.CommandLine.Internal.ConsoleLogger., took 0 ms.
TpTrace Verbose: 0 : 11172, 11, 2024/02/26, 02:59:11.259, 4962291459802, vstest.console.dll, TcpClientExtensions.MessageLoopAsync: NotifyDataAvailable remoteEndPoint: 127.0.0.1:58823 localEndPoint: 127.0.0.1:58822
TpTrace Verbose: 0 : 11172, 11, 2024/02/26, 02:59:11.260, 4962291463949, vstest.console.dll, TestRequestSender.OnExecutionMessageReceived: Received message: {"Version":7,"MessageType":"TestExecution.StatsChange","Payload":{"NewTestResults":[{"TestCase":{"Id":"25668f05-e2ab-fbcb-c18b-4e555cee3390","FullyQualifiedName":"TestsLab1.UnitTest1.CalculateTotalAmountAndBonus","DisplayName":"TestsLab1.UnitTest1.CalculateTotalAmountAndBonus(goods1Title: \"T-shirt\", goods1Type: typeof(SpecialGoods), quantity1: 12, price1: 20, goods2Title: \"Jeans\", goods2Type: typeof(SaleGoods), quantity2: 3, price2: 40, expectedTotalAmount: 358,80000000000001, expectedTotalBonus: 1)","ExecutorUri":"executor://xunit/VsTestRunner2/netcoreapp","Source":"C:\\Users\\ivank\\source\\repos\\Refactor\\TestsLab1\\bin\\Debug\\net7.0\\fine-code-coverage\\build-output\\TestsLab1.dll","CodeFilePath":null,"LineNumber":0,"Properties":[]},"Attachments":[],"Outcome":1,"ErrorMessage":null,"ErrorStackTrace":null,"DisplayName":"TestsLab1.UnitTest1.CalculateTotalAmountAndBonus(goods1Title: \"T-shirt\", goods1Type: typeof(SpecialGoods), quantity1: 12, price1: 20, goods2Title: \"Jeans\", goods2Type: typeof(SaleGoods), quantity2: 3, price2: 40, expectedTotalAmount: 358,80000000000001, expectedTotalBonus: 1)","Messages":[],"ComputerName":"DESKTOP-09RAVQF","Duration":"00:00:00.0120894","StartTime":"2024-02-25T23:59:11.1726343+00:00","EndTime":"2024-02-25T23:59:11.1726595+00:00","Properties":[]},{"TestCase":{"Id":"0e0d3ab5-6ce3-7376-05d4-c112920084aa","FullyQualifiedName":"TestsLab1.UnitTest1.CalculateTotalAmountAndBonus","DisplayName":"TestsLab1.UnitTest1.CalculateTotalAmountAndBonus(goods1Title: \"Pen\", goods1Type: typeof(RegularGoods), quantity1: 5, price1: 1, goods2Title: \"Notebook\", goods2Type: typeof(RegularGoods), quantity2: 2, price2: 3, expectedTotalAmount: 6,8499999999999996, expectedTotalBonus: 0)","ExecutorUri":"executor://xunit/VsTestRunner2/netcoreapp","Source":"C:\\Users\\ivank\\source\\repos\\Refactor\\TestsLab1\\bin\\Debug\\net7.0\\fine-code-coverage\\build-output\\TestsLab1.dll","CodeFilePath":null,"LineNumber":0,"Properties":[]},"Attachments":[],"Outcome":1,"ErrorMessage":null,"ErrorStackTrace":null,"DisplayName":"TestsLab1.UnitTest1.CalculateTotalAmountAndBonus(goods1Title: \"Pen\", goods1Type: typeof(RegularGoods), quantity1: 5, price1: 1, goods2Title: \"Notebook\", goods2Type: typeof(RegularGoods), quantity2: 2, price2: 3, expectedTotalAmount: 6,8499999999999996, expectedTotalBonus: 0)","Messages":[],"ComputerName":"DESKTOP-09RAVQF","Duration":"00:00:00.0009747","StartTime":"2024-02-25T23:59:11.2010399+00:00","EndTime":"2024-02-25T23:59:11.2010412+00:00","Properties":[]},{"TestCase":{"Id":"1ff3247e-cf88-2fd8-8a2e-fcd1f206d62e","FullyQualifiedName":"TestsLab1.UnitTest1.CalculateTotalAmountAndBonus","DisplayName":"TestsLab1.UnitTest1.CalculateTotalAmountAndBonus(goods1Title: \"Tea\", goods1Type: typeof(RegularGoods), quantity1: 2, price1: 30, goods2Title: \"Coffee\", goods2Type: typeof(SaleGoods), quantity2: 5, price2: 40, expectedTotalAmount: 248, expectedTotalBonus: 5)","ExecutorUri":"executor://xunit/VsTestRunner2/netcoreapp","Source":"C:\\Users\\ivank\\source\\repos\\Refactor\\TestsLab1\\bin\\Debug\\net7.0\\fine-code-coverage\\build-output\\TestsLab1.dll","CodeFilePath":null,"LineNumber":0,"Properties":[]},"Attachments":[],"Outcome":1,"ErrorMessage":null,"ErrorStackTrace":null,"DisplayName":"TestsLab1.UnitTest1.CalculateTotalAmountAndBonus(goods1Title: \"Tea\", goods1Type: typeof(RegularGoods), quantity1: 2, price1: 30, goods2Title: \"Coffee\", goods2Type: typeof(SaleGoods), quantity2: 5, price2: 40, expectedTotalAmount: 248, expectedTotalBonus: 5)","Messages":[],"ComputerName":"DESKTOP-09RAVQF","Duration":"00:00:00.0000271","StartTime":"2024-02-25T23:59:11.2061521+00:00","EndTime":"2024-02-25T23:59:11.2061522+00:00","Properties":[]},{"TestCase":{"Id":"9ece2f2a-d825-c727-598a-561cbda0f26b","FullyQualifiedName":"TestsLab1.UnitTest1.CalculateTotalAmountAndBonus","DisplayName":"TestsLab1.UnitTest1.CalculateTotalAmountAndBonus(goods1Title: \"Cola\", goods1Type: typeof(RegularGoods), quantity1: 6, price1: 65, goods2Title: \"Pepsi\", goods2Type: typeof(SaleGoods), quantity2: 3, price2: 50, expectedTotalAmount: 518,29999999999995, expectedTotalBonus: 20)","ExecutorUri":"executor://xunit/VsTestRunner2/netcoreapp","Source":"C:\\Users\\ivank\\source\\repos\\Refactor\\TestsLab1\\bin\\Debug\\net7.0\\fine-code-coverage\\build-output\\TestsLab1.dll","CodeFilePath":null,"LineNumber":0,"Properties":[]},"Attachments":[],"Outcome":1,"ErrorMessage":null,"ErrorStackTrace":null,"DisplayName":"TestsLab1.UnitTest1.CalculateTotalAmountAndBonus(goods1Title: \"Cola\", goods1Type: typeof(RegularGoods), quantity1: 6, price1: 65, goods2Title: \"Pepsi\", goods2Type: typeof(SaleGoods), quantity2: 3, price2: 50, expectedTotalAmount: 518,29999999999995, expectedTotalBonus: 20)","Messages":[],"ComputerName":"DESKTOP-09RAVQF","Duration":"00:00:00.0000136","StartTime":"2024-02-25T23:59:11.209313+00:00","EndTime":"2024-02-25T23:59:11.2093132+00:00","Properties":[]},{"TestCase":{"Id":"890f8b7c-1230-7e7e-d523-b9a38eccdf1b","FullyQualifiedName":"TestsLab1.UnitTest1.CalculateTotalAmountAndBonus","DisplayName":"TestsLab1.UnitTest1.CalculateTotalAmountAndBonus(goods1Title: \"Laptop\", goods1Type: typeof(SpecialGoods), quantity1: 2, price1: 800, goods2Title: \"Mouse\", goods2Type: typeof(SpecialGoods), quantity2: 1, price2: 25, expectedTotalAmount: 1625, expectedTotalBonus: 0)","ExecutorUri":"executor://xunit/VsTestRunner2/netcoreapp","Source":"C:\\Users\\ivank\\source\\repos\\Refactor\\TestsLab1\\bin\\Debug\\net7.0\\fine-code-coverage\\build-output\\TestsLab1.dll","CodeFilePath":null,"LineNumber":0,"Properties":[]},"Attachments":[],"Outcome":1,"ErrorMessage":null,"ErrorStackTrace":null,"DisplayName":"TestsLab1.UnitTest1.CalculateTotalAmountAndBonus(goods1Title: \"Laptop\", goods1Type: typeof(SpecialGoods), quantity1: 2, price1: 800, goods2Title: \"Mouse\", goods2Type: typeof(SpecialGoods), quantity2: 1, price2: 25, expectedTotalAmount: 1625, expectedTotalBonus: 0)","Messages":[],"ComputerName":"DESKTOP-09RAVQF","Duration":"00:00:00.0000106","StartTime":"2024-02-25T23:59:11.2132202+00:00","EndTime":"2024-02-25T23:59:11.2132203+00:00","Properties":[]},{"TestCase":{"Id":"1d1cd938-534a-36a6-7e14-cfc8ff9bd6b4","FullyQualifiedName":"TestsLab1.UnitTest1.CalculateTotalAmountAndBonus","DisplayName":"TestsLab1.UnitTest1.CalculateTotalAmountAndBonus(goods1Title: \"Hat\", goods1Type: typeof(RegularGoods), quantity1: 4, price1: 10, goods2Title: \"Sunglasses\", goods2Type: typeof(SpecialGoods), quantity2: 2, price2: 15, expectedTotalAmount: 58,799999999999997, expectedTotalBonus: 2)","ExecutorUri":"executor://xunit/VsTestRunner2/netcoreapp","Source":"C:\\Users\\ivank\\source\\repos\\Refactor\\TestsLab1\\bin\\Debug\\net7.0\\fine-code-coverage\\build-output\\TestsLab1.dll","CodeFilePath":null,"LineNumber":0,"Properties":[]},"Attachments":[],"Outcome":1,"ErrorMessage":null,"ErrorStackTrace":null,"DisplayName":"TestsLab1.UnitTest1.CalculateTotalAmountAndBonus(goods1Title: \"Hat\", goods1Type: typeof(RegularGoods), quantity1: 4, price1: 10, goods2Title: \"Sunglasses\", goods2Type: typeof(SpecialGoods), quantity2: 2, price2: 15, expectedTotalAmount: 58,799999999999997, expectedTotalBonus: 2)","Messages":[],"ComputerName":"DESKTOP-09RAVQF","Duration":"00:00:00.0000117","StartTime":"2024-02-25T23:59:11.2162901+00:00","EndTime":"2024-02-25T23:59:11.2162902+00:00","Properties":[]},{"TestCase":{"Id":"c94f7de1-24aa-e2aa-e41e-1b93f3598132","FullyQualifiedName":"TestsLab1.UnitTest1.CalculateTotalAmountAndBonus","DisplayName":"TestsLab1.UnitTest1.CalculateTotalAmountAndBonus(goods1Title: \"Chips\", goods1Type: typeof(RegularGoods), quantity1: 3, price1: 20, goods2Title: \"Chocolate\", goods2Type: typeof(SaleGoods), quantity2: 8, price2: 25, expectedTotalAmount: 246,19999999999999, expectedTotalBonus: 5)","ExecutorUri":"executor://xunit/VsTestRunner2/netcoreapp","Source":"C:\\Users\\ivank\\source\\repos\\Refactor\\TestsLab1\\bin\\Debug\\net7.0\\fine-code-coverage\\build-output\\TestsLab1.dll","CodeFilePath":null,"LineNumber":0,"Properties":[]},"Attachments":[],"Outcome":1,"ErrorMessage":null,"ErrorStackTrace":null,"DisplayName":"TestsLab1.UnitTest1.CalculateTotalAmountAndBonus(goods1Title: \"Chips\", goods1Type: typeof(RegularGoods), quantity1: 3, price1: 20, goods2Title: \"Chocolate\", goods2Type: typeof(SaleGoods), quantity2: 8, price2: 25, expectedTotalAmount: 246,19999999999999, expectedTotalBonus: 5)","Messages":[],"ComputerName":"DESKTOP-09RAVQF","Duration":"00:00:00.0000112","StartTime":"2024-02-25T23:59:11.2190707+00:00","EndTime":"2024-02-25T23:59:11.2190708+00:00","Properties":[]},{"TestCase":{"Id":"0a377b1a-4383-58f8-d26b-0c5bd743cda5","FullyQualifiedName":"TestsLab1.UnitTest1.CalculateTotalAmountAndBonus","DisplayName":"TestsLab1.UnitTest1.CalculateTotalAmountAndBonus(goods1Title: \"Chair\", goods1Type: typeof(RegularGoods), quantity1: 1, price1: 50, goods2Title: \"Table\", goods2Type: typeof(RegularGoods), quantity2: 1, price2: 80, expectedTotalAmount: 130, expectedTotalBonus: 6)","ExecutorUri":"executor://xunit/VsTestRunner2/netcoreapp","Source":"C:\\Users\\ivank\\source\\repos\\Refactor\\TestsLab1\\bin\\Debug\\net7.0\\fine-code-coverage\\build-output\\TestsLab1.dll","CodeFilePath":null,"LineNumber":0,"Properties":[]},"Attachments":[],"Outcome":1,"ErrorMessage":null,"ErrorStackTrace":null,"DisplayName":"TestsLab1.UnitTest1.CalculateTotalAmountAndBonus(goods1Title: \"Chair\", goods1Type: typeof(RegularGoods), quantity1: 1, price1: 50, goods2Title: \"Table\", goods2Type: typeof(RegularGoods), quantity2: 1, price2: 80, expectedTotalAmount: 130, expectedTotalBonus: 6)","Messages":[],"ComputerName":"DESKTOP-09RAVQF","Duration":"00:00:00.0000116","StartTime":"2024-02-25T23:59:11.221902+00:00","EndTime":"2024-02-25T23:59:11.2219021+00:00","Properties":[]},{"TestCase":{"Id":"c98e872f-89b7-7353-089d-0fb023d7a917","FullyQualifiedName":"TestsLab1.UnitTest1.CalculateTotalAmountAndBonus","DisplayName":"TestsLab1.UnitTest1.CalculateTotalAmountAndBonus(goods1Title: \"Headphones\", goods1Type: typeof(RegularGoods), quantity1: 2, price1: 50, goods2Title: \"Phone\", goods2Type: typeof(SaleGoods), quantity2: 1, price2: 300, expectedTotalAmount: 400, expectedTotalBonus: 8)","ExecutorUri":"executor://xunit/VsTestRunner2/netcoreapp","Source":"C:\\Users\\ivank\\source\\repos\\Refactor\\TestsLab1\\bin\\Debug\\net7.0\\fine-code-coverage\\build-output\\TestsLab1.dll","CodeFilePath":null,"LineNumber":0,"Properties":[]},"Attachments":[],"Outcome":1,"ErrorMessage":null,"ErrorStackTrace":null,"DisplayName":"TestsLab1.UnitTest1.CalculateTotalAmountAndBonus(goods1Title: \"Headphones\", goods1Type: typeof(RegularGoods), quantity1: 2, price1: 50, goods2Title: \"Phone\", goods2Type: typeof(SaleGoods), quantity2: 1, price2: 300, expectedTotalAmount: 400, expectedTotalBonus: 8)","Messages":[],"ComputerName":"DESKTOP-09RAVQF","Duration":"00:00:00.0000111","StartTime":"2024-02-25T23:59:11.2247824+00:00","EndTime":"2024-02-25T23:59:11.2247826+00:00","Properties":[]}],"TestRunStatistics":{"ExecutedTests":9,"Stats":{"Passed":9}},"ActiveTests":[{"Id":"eb7e194f-07fc-2838-d132-5a51679fc6cb","FullyQualifiedName":"TestsLab1.UnitTest1.CalculateTotalAmountAndBonus","DisplayName":"TestsLab1.UnitTest1.CalculateTotalAmountAndBonus(goods1Title: \"Pizza\", goods1Type: typeof(SaleGoods), quantity1: 3, price1: 15, goods2Title: \"Soda\", goods2Type: typeof(SaleGoods), quantity2: 4, price2: 5, expectedTotalAmount: 54,799999999999997, expectedTotalBonus: 0)","ExecutorUri":"executor://xunit/VsTestRunner2/netcoreapp","Source":"C:\\Users\\ivank\\source\\repos\\Refactor\\TestsLab1\\bin\\Debug\\net7.0\\fine-code-coverage\\build-output\\TestsLab1.dll","CodeFilePath":null,"LineNumber":0,"Properties":[]}]}}
TpTrace Verbose: 0 : 11172, 11, 2024/02/26, 02:59:11.287, 4962291738007, vstest.console.dll, TestRunRequest:SendTestRunStatsChange: Starting.
TpTrace Verbose: 0 : 11172, 11, 2024/02/26, 02:59:11.287, 4962291739944, vstest.console.dll, InProgress is TestsLab1.UnitTest1.CalculateTotalAmountAndBonus(goods1Title: "Pizza", goods1Type: typeof(SaleGoods), quantity1: 3, price1: 15, goods2Title: "Soda", goods2Type: typeof(SaleGoods), quantity2: 4, price2: 5, expectedTotalAmount: 54,799999999999997, expectedTotalBonus: 0)
TpTrace Verbose: 0 : 11172, 11, 2024/02/26, 02:59:11.287, 4962291742189, vstest.console.dll, MulticastDelegateUtilities.SafeInvoke: TestRun.RunStatsChanged: Invoking callbacks was skipped because there are no subscribers.
TpTrace Information: 0 : 11172, 11, 2024/02/26, 02:59:11.287, 4962291742625, vstest.console.dll, TestRunRequest:SendTestRunStatsChange: Completed.
TpTrace Verbose: 0 : 11172, 11, 2024/02/26, 02:59:11.287, 4962291743221, vstest.console.dll, MulticastDelegateUtilities.SafeInvoke: LengthPrefixCommunicationChannel: MessageReceived: Invoking callback 1/1 for Microsoft.VisualStudio.TestPlatform.CommunicationUtilities.TestRequestSender+<>c__DisplayClass34_0., took 27 ms.
TpTrace Verbose: 0 : 11172, 11, 2024/02/26, 02:59:11.287, 4962291743584, vstest.console.dll, TcpClientExtensions.MessageLoopAsync: Polling on remoteEndPoint: 127.0.0.1:58823 localEndPoint: 127.0.0.1:58822
TpTrace Verbose: 0 : 11172, 11, 2024/02/26, 02:59:11.288, 4962291744142, vstest.console.dll, TcpClientExtensions.MessageLoopAsync: NotifyDataAvailable remoteEndPoint: 127.0.0.1:58823 localEndPoint: 127.0.0.1:58822
TpTrace Verbose: 0 : 11172, 11, 2024/02/26, 02:59:11.288, 4962291744943, vstest.console.dll, TestRequestSender.OnExecutionMessageReceived: Received message: {"Version":7,"MessageType":"TestSession.Message","Payload":{"MessageLevel":0,"Message":"[xUnit.net 00:00:00.79]   Finished:    TestsLab1"}}
TpTrace Verbose: 0 : 11172, 11, 2024/02/26, 02:59:11.288, 4962291746070, vstest.console.dll, TestRunRequest:SendTestRunMessage: Starting.
TpTrace Verbose: 0 : 11172, 11, 2024/02/26, 02:59:11.288, 4962291746576, vstest.console.dll, MulticastDelegateUtilities.SafeInvoke: TestRun.LogMessages: Invoking callback 1/1 for Microsoft.VisualStudio.TestPlatform.CommandLine.TestRunResultAggregator., took 0 ms.
TpTrace Information: 0 : 11172, 11, 2024/02/26, 02:59:11.288, 4962291746871, vstest.console.dll, TestRunRequest:SendTestRunMessage: Completed.
TpTrace Verbose: 0 : 11172, 11, 2024/02/26, 02:59:11.288, 4962291747243, vstest.console.dll, MulticastDelegateUtilities.SafeInvoke: LengthPrefixCommunicationChannel: MessageReceived: Invoking callback 1/1 for Microsoft.VisualStudio.TestPlatform.CommunicationUtilities.TestRequestSender+<>c__DisplayClass34_0., took 0 ms.
TpTrace Verbose: 0 : 11172, 11, 2024/02/26, 02:59:11.288, 4962291747609, vstest.console.dll, TcpClientExtensions.MessageLoopAsync: Polling on remoteEndPoint: 127.0.0.1:58823 localEndPoint: 127.0.0.1:58822
TpTrace Verbose: 0 : 11172, 4, 2024/02/26, 02:59:11.292, 4962291793241, vstest.console.dll, MulticastDelegateUtilities.SafeInvoke: InternalTestLoggerEvents.SendTestResult: Invoking callback 1/1 for Microsoft.VisualStudio.TestPlatform.CommandLine.Internal.ConsoleLogger., took 4 ms.
TpTrace Verbose: 0 : 11172, 4, 2024/02/26, 02:59:11.293, 4962291798801, vstest.console.dll, MulticastDelegateUtilities.SafeInvoke: InternalTestLoggerEvents.SendTestResult: Invoking callback 1/1 for Microsoft.VisualStudio.TestPlatform.CommandLine.Internal.ConsoleLogger., took 0 ms.
TpTrace Verbose: 0 : 11172, 4, 2024/02/26, 02:59:11.293, 4962291800038, vstest.console.dll, MulticastDelegateUtilities.SafeInvoke: InternalTestLoggerEvents.SendTestResult: Invoking callback 1/1 for Microsoft.VisualStudio.TestPlatform.CommandLine.Internal.ConsoleLogger., took 0 ms.
TpTrace Verbose: 0 : 11172, 4, 2024/02/26, 02:59:11.293, 4962291800604, vstest.console.dll, MulticastDelegateUtilities.SafeInvoke: InternalTestLoggerEvents.SendTestResult: Invoking callback 1/1 for Microsoft.VisualStudio.TestPlatform.CommandLine.Internal.ConsoleLogger., took 0 ms.
TpTrace Verbose: 0 : 11172, 4, 2024/02/26, 02:59:11.293, 4962291801030, vstest.console.dll, MulticastDelegateUtilities.SafeInvoke: InternalTestLoggerEvents.SendTestResult: Invoking callback 1/1 for Microsoft.VisualStudio.TestPlatform.CommandLine.Internal.ConsoleLogger., took 0 ms.
TpTrace Verbose: 0 : 11172, 4, 2024/02/26, 02:59:11.293, 4962291801411, vstest.console.dll, MulticastDelegateUtilities.SafeInvoke: InternalTestLoggerEvents.SendTestResult: Invoking callback 1/1 for Microsoft.VisualStudio.TestPlatform.CommandLine.Internal.ConsoleLogger., took 0 ms.
TpTrace Verbose: 0 : 11172, 4, 2024/02/26, 02:59:11.293, 4962291801893, vstest.console.dll, MulticastDelegateUtilities.SafeInvoke: InternalTestLoggerEvents.SendTestResult: Invoking callback 1/1 for Microsoft.VisualStudio.TestPlatform.CommandLine.Internal.ConsoleLogger., took 0 ms.
TpTrace Verbose: 0 : 11172, 4, 2024/02/26, 02:59:11.293, 4962291802284, vstest.console.dll, MulticastDelegateUtilities.SafeInvoke: InternalTestLoggerEvents.SendTestResult: Invoking callback 1/1 for Microsoft.VisualStudio.TestPlatform.CommandLine.Internal.ConsoleLogger., took 0 ms.
TpTrace Verbose: 0 : 11172, 4, 2024/02/26, 02:59:11.293, 4962291802755, vstest.console.dll, MulticastDelegateUtilities.SafeInvoke: InternalTestLoggerEvents.SendTestResult: Invoking callback 1/1 for Microsoft.VisualStudio.TestPlatform.CommandLine.Internal.ConsoleLogger., took 0 ms.
TpTrace Verbose: 0 : 11172, 4, 2024/02/26, 02:59:11.293, 4962291803120, vstest.console.dll, MulticastDelegateUtilities.SafeInvoke: InternalTestLoggerEvents.SendTestRunMessage: Invoking callback 1/1 for Microsoft.VisualStudio.TestPlatform.CommandLine.Internal.ConsoleLogger., took 0 ms.
TpTrace Verbose: 0 : 11172, 11, 2024/02/26, 02:59:11.315, 4962292016750, vstest.console.dll, TcpClientExtensions.MessageLoopAsync: NotifyDataAvailable remoteEndPoint: 127.0.0.1:58823 localEndPoint: 127.0.0.1:58822
TpTrace Verbose: 0 : 11172, 11, 2024/02/26, 02:59:11.315, 4962292018968, vstest.console.dll, TestRequestSender.OnExecutionMessageReceived: Received message: {"Version":7,"MessageType":"TestExecution.Completed","Payload":{"TestRunCompleteArgs":{"TestRunStatistics":{"ExecutedTests":11,"Stats":{"Passed":11}},"IsCanceled":false,"IsAborted":false,"Error":null,"AttachmentSets":[],"InvokedDataCollectors":[],"ElapsedTimeInRunningTests":"00:00:00.7982621","Metrics":{},"DiscoveredExtensions":{"TestDiscoverers":["Xunit.Runner.VisualStudio.VsTestRunner, xunit.runner.visualstudio.dotnetcore.testadapter, Version=2.4.0.0, Culture=neutral, PublicKeyToken=8d05b1bb7a6fdb6c"],"TestExecutors":["executor://xunit/VsTestRunner2/netcoreapp"],"TestExecutors2":[],"TestSettingsProviders":[]}},"LastRunTests":{"NewTestResults":[{"TestCase":{"Id":"eb7e194f-07fc-2838-d132-5a51679fc6cb","FullyQualifiedName":"TestsLab1.UnitTest1.CalculateTotalAmountAndBonus","DisplayName":"TestsLab1.UnitTest1.CalculateTotalAmountAndBonus(goods1Title: \"Pizza\", goods1Type: typeof(SaleGoods), quantity1: 3, price1: 15, goods2Title: \"Soda\", goods2Type: typeof(SaleGoods), quantity2: 4, price2: 5, expectedTotalAmount: 54,799999999999997, expectedTotalBonus: 0)","ExecutorUri":"executor://xunit/VsTestRunner2/netcoreapp","Source":"C:\\Users\\ivank\\source\\repos\\Refactor\\TestsLab1\\bin\\Debug\\net7.0\\fine-code-coverage\\build-output\\TestsLab1.dll","CodeFilePath":null,"LineNumber":0,"Properties":[]},"Attachments":[],"Outcome":1,"ErrorMessage":null,"ErrorStackTrace":null,"DisplayName":"TestsLab1.UnitTest1.CalculateTotalAmountAndBonus(goods1Title: \"Pizza\", goods1Type: typeof(SaleGoods), quantity1: 3, price1: 15, goods2Title: \"Soda\", goods2Type: typeof(SaleGoods), quantity2: 4, price2: 5, expectedTotalAmount: 54,799999999999997, expectedTotalBonus: 0)","Messages":[],"ComputerName":"DESKTOP-09RAVQF","Duration":"00:00:00.0000111","StartTime":"2024-02-25T23:59:11.261237+00:00","EndTime":"2024-02-25T23:59:11.2612371+00:00","Properties":[]},{"TestCase":{"Id":"ff62ea13-698b-446d-cf3a-6fbb58c1511b","FullyQualifiedName":"TestsLab1.UnitTest1.CalculateTotalAmountAndBonus","DisplayName":"TestsLab1.UnitTest1.CalculateTotalAmountAndBonus(goods1Title: \"Milk\", goods1Type: typeof(RegularGoods), quantity1: 1, price1: 2,5, goods2Title: \"Bread\", goods2Type: typeof(RegularGoods), quantity2: 3, price2: 1,8, expectedTotalAmount: 2,7380000000000004, expectedTotalBonus: 0)","ExecutorUri":"executor://xunit/VsTestRunner2/netcoreapp","Source":"C:\\Users\\ivank\\source\\repos\\Refactor\\TestsLab1\\bin\\Debug\\net7.0\\fine-code-coverage\\build-output\\TestsLab1.dll","CodeFilePath":null,"LineNumber":0,"Properties":[]},"Attachments":[],"Outcome":1,"ErrorMessage":null,"ErrorStackTrace":null,"DisplayName":"TestsLab1.UnitTest1.CalculateTotalAmountAndBonus(goods1Title: \"Milk\", goods1Type: typeof(RegularGoods), quantity1: 1, price1: 2,5, goods2Title: \"Bread\", goods2Type: typeof(RegularGoods), quantity2: 3, price2: 1,8, expectedTotalAmount: 2,7380000000000004, expectedTotalBonus: 0)","Messages":[],"ComputerName":"DESKTOP-09RAVQF","Duration":"00:00:00.0000116","StartTime":"2024-02-25T23:59:11.268343+00:00","EndTime":"2024-02-25T23:59:11.2683431+00:00","Properties":[]}],"TestRunStatistics":{"ExecutedTests":11,"Stats":{"Passed":11}},"ActiveTests":[]},"RunAttachments":[],"ExecutorUris":["executor://xunit/VsTestRunner2/netcoreapp"]}}
TpTrace Verbose: 0 : 11172, 11, 2024/02/26, 02:59:11.315, 4962292020262, vstest.console.dll, TestRequestSender.EndSession: Sending end session.
TpTrace Verbose: 0 : 11172, 11, 2024/02/26, 02:59:11.315, 4962292021875, vstest.console.dll, ProxyOperationManager.Close: waiting for test host to exit for 100 ms
TpTrace Verbose: 0 : 11172, 7, 2024/02/26, 02:59:11.329, 4962292158361, vstest.console.dll, TestHostManagerCallbacks.ctor: Experimental forwarding output is disabled.
TpTrace Warning: 0 : 11172, 7, 2024/02/26, 02:59:11.329, 4962292159643, vstest.console.dll, TestHostManagerCallbacks.ErrorReceivedCallback Test host standard error line: 
TpTrace Verbose: 0 : 11172, 7, 2024/02/26, 02:59:11.346, 4962292330237, vstest.console.dll, TestHostProvider.ExitCallBack: Host exited starting callback.
TpTrace Information: 0 : 11172, 7, 2024/02/26, 02:59:11.346, 4962292331943, vstest.console.dll, TestHostManagerCallbacks.ExitCallBack: Testhost processId: 22716 exited with exitcode: 0 error: ''
TpTrace Verbose: 0 : 11172, 7, 2024/02/26, 02:59:11.346, 4962292332359, vstest.console.dll, DotnetTestHostManager.OnHostExited: invoking OnHostExited callback
TpTrace Verbose: 0 : 11172, 7, 2024/02/26, 02:59:11.346, 4962292332903, vstest.console.dll, CrossPlatEngine.TestHostManagerHostExited: calling on client process exit callback.
TpTrace Information: 0 : 11172, 7, 2024/02/26, 02:59:11.346, 4962292333417, vstest.console.dll, TestRequestSender.OnClientProcessExit: Test host process exited. Standard error: 
TpTrace Information: 0 : 11172, 7, 2024/02/26, 02:59:11.347, 4962292333860, vstest.console.dll, SocketServer.Stop: Stop server endPoint: 127.0.0.1:58822
TpTrace Information: 0 : 11172, 11, 2024/02/26, 02:59:11.347, 4962292333888, vstest.console.dll, SocketServer.Stop: Stop server endPoint: 127.0.0.1:58822
TpTrace Information: 0 : 11172, 11, 2024/02/26, 02:59:11.347, 4962292334727, vstest.console.dll, SocketServer.Stop: Cancellation requested. Stopping message loop.
TpTrace Information: 0 : 11172, 7, 2024/02/26, 02:59:11.347, 4962292334836, vstest.console.dll, SocketServer.Stop: Cancellation requested. Stopping message loop.
TpTrace Verbose: 0 : 11172, 7, 2024/02/26, 02:59:11.347, 4962292335649, vstest.console.dll, MulticastDelegateUtilities.SafeInvoke: HostProviderEvents.OnHostExited: Invoking callback 1/1 for Microsoft.VisualStudio.TestPlatform.CrossPlatEngine.Client.ProxyOperationManager., took 0 ms.
TpTrace Information: 0 : 11172, 11, 2024/02/26, 02:59:11.347, 4962292335923, vstest.console.dll, Closing the connection
TpTrace Verbose: 0 : 11172, 11, 2024/02/26, 02:59:11.347, 4962292338032, vstest.console.dll, ProxyDataCollectionManager.InvokeDataCollectionServiceAction: Starting.
TpTrace Information: 0 : 11172, 11, 2024/02/26, 02:59:11.347, 4962292338466, vstest.console.dll, ProxyDataCollectionManager.AfterTestRunEnd: Get attachment set and invoked data collectors processId: 21844 port: 58819
TpTrace Verbose: 0 : 11172, 11, 2024/02/26, 02:59:11.347, 4962292338930, vstest.console.dll, DataCollectionRequestSender.SendAfterTestRunStartAndGetResult: Send AfterTestRunEnd message with isCancelled: False
TpTrace Verbose: 0 : 11172, 11, 2024/02/26, 02:59:11.355, 4962292418254, vstest.console.dll, DataCollectionRequestSender.SendAfterTestRunStartAndGetResult: Received message: (DataCollection.AfterTestRunEndResult) -> {"MessageType":"DataCollection.AfterTestRunEndResult","Payload":{"AttachmentSets":[],"InvokedDataCollectors":[{"Uri":"datacollector://Microsoft/TestPlatform/Extensions/Blame/v1","FriendlyName":"Blame","AssemblyQualifiedName":"Microsoft.TestPlatform.Extensions.BlameDataCollector.BlameCollector, Microsoft.TestPlatform.Extensions.BlameDataCollector, Version=15.0.0.0, Culture=neutral, PublicKeyToken=b03f5f7f11d50a3a","FilePath":"C:\\Program Files\\dotnet\\sdk\\8.0.100\\Extensions\\Microsoft.TestPlatform.Extensions.BlameDataCollector.dll","HasAttachmentProcessor":false}],"Metrics":{}}}
TpTrace Information: 0 : 11172, 11, 2024/02/26, 02:59:11.363, 4962292503527, vstest.console.dll, ProxyDataCollectionManager.InvokeDataCollectionServiceAction: Completed.
TpTrace Warning: 0 : 11172, 10, 2024/02/26, 02:59:11.365, 4962292519658, vstest.console.dll, DataCollectionLauncher.ErrorReceivedCallback datacollector standard error line: 
TpTrace Information: 0 : 11172, 10, 2024/02/26, 02:59:11.374, 4962292606740, vstest.console.dll, DataCollectionLauncher.ExitCallBack: Data collector exited with exitcode: 0 error: ''
TpTrace Verbose: 0 : 11172, 11, 2024/02/26, 02:59:11.422, 4962293088250, vstest.console.dll, TestRunRequest:SendTestRunStatsChange: Starting.
TpTrace Verbose: 0 : 11172, 11, 2024/02/26, 02:59:11.422, 4962293089804, vstest.console.dll, MulticastDelegateUtilities.SafeInvoke: TestRun.RunStatsChanged: Invoking callbacks was skipped because there are no subscribers.
TpTrace Information: 0 : 11172, 11, 2024/02/26, 02:59:11.422, 4962293090137, vstest.console.dll, TestRunRequest:SendTestRunStatsChange: Completed.
TpTrace Verbose: 0 : 11172, 4, 2024/02/26, 02:59:11.422, 4962293090685, vstest.console.dll, MulticastDelegateUtilities.SafeInvoke: InternalTestLoggerEvents.SendTestResult: Invoking callback 1/1 for Microsoft.VisualStudio.TestPlatform.CommandLine.Internal.ConsoleLogger., took 0 ms.
TpTrace Verbose: 0 : 11172, 4, 2024/02/26, 02:59:11.422, 4962293091453, vstest.console.dll, MulticastDelegateUtilities.SafeInvoke: InternalTestLoggerEvents.SendTestResult: Invoking callback 1/1 for Microsoft.VisualStudio.TestPlatform.CommandLine.Internal.ConsoleLogger., took 0 ms.
TpTrace Verbose: 0 : 11172, 11, 2024/02/26, 02:59:11.422, 4962293093648, vstest.console.dll, ParallelProxyExecutionManager: HandlePartialRunComplete: Total workloads = 1, Total started clients = 1 Total completed clients = 1, Run complete = True, Run canceled: False.
TpTrace Verbose: 0 : 11172, 11, 2024/02/26, 02:59:11.423, 4962293094097, vstest.console.dll, ParallelProxyExecutionManager: HandlePartialRunComplete: All runs completed stopping all managers.
TpTrace Verbose: 0 : 11172, 11, 2024/02/26, 02:59:11.423, 4962293094450, vstest.console.dll, ParallelOperationManager.StopAllManagers: Stopping all managers.
TpTrace Verbose: 0 : 11172, 11, 2024/02/26, 02:59:11.423, 4962293094790, vstest.console.dll, ParallelOperationManager.ClearSlots: Clearing all slots. Slots should accept more work: False
TpTrace Verbose: 0 : 11172, 11, 2024/02/26, 02:59:11.423, 4962293095274, vstest.console.dll, ParallelOperationManager.SetOccupiedSlotCount: Setting slot counts AvailableSlotCount = 1, OccupiedSlotCount = 0.
TpTrace Verbose: 0 : 11172, 11, 2024/02/26, 02:59:11.423, 4962293095805, vstest.console.dll, Occupied slots:

TpTrace Verbose: 0 : 11172, 4, 2024/02/26, 02:59:11.432, 4962293193668, vstest.console.dll, MulticastDelegateUtilities.SafeInvoke: InternalTestLoggerEvents.SendTestRunComplete: Invoking callback 1/2 for Microsoft.TestPlatform.Extensions.BlameDataCollector.BlameLogger., took 0 ms.
TpTrace Verbose: 0 : 11172, 4, 2024/02/26, 02:59:11.441, 4962293282353, vstest.console.dll, MulticastDelegateUtilities.SafeInvoke: InternalTestLoggerEvents.SendTestRunComplete: Invoking callback 2/2 for Microsoft.VisualStudio.TestPlatform.CommandLine.Internal.ConsoleLogger., took 8 ms.
TpTrace Verbose: 0 : 11172, 11, 2024/02/26, 02:59:11.442, 4962293288449, vstest.console.dll, TestRunRequest:TestRunComplete: Starting. IsAborted:False IsCanceled:False.
TpTrace Verbose: 0 : 11172, 11, 2024/02/26, 02:59:11.442, 4962293291926, vstest.console.dll, ParallelOperationManager.DoActionOnAllManagers: Calling an action on all managers.
TpTrace Verbose: 0 : 11172, 11, 2024/02/26, 02:59:11.444, 4962293306603, vstest.console.dll, TestLoggerManager.HandleTestRunComplete: Ignoring as the object is disposed.
TpTrace Verbose: 0 : 11172, 11, 2024/02/26, 02:59:11.444, 4962293313534, vstest.console.dll, MulticastDelegateUtilities.SafeInvoke: TestRun.TestRunComplete: Invoking callback 1/2 for Microsoft.VisualStudio.TestPlatform.CommandLine.TestRunResultAggregator., took 0 ms.
TpTrace Verbose: 0 : 11172, 11, 2024/02/26, 02:59:11.445, 4962293315752, vstest.console.dll, MulticastDelegateUtilities.SafeInvoke: TestRun.TestRunComplete: Invoking callback 2/2 for Microsoft.VisualStudio.TestPlatform.CommandLine.Processors.RunTestsArgumentExecutor+TestRunRequestEventsRegistrar., took 0 ms.
TpTrace Information: 0 : 11172, 11, 2024/02/26, 02:59:11.445, 4962293318698, vstest.console.dll, TestRunRequest:TestRunComplete: Completed.
TpTrace Verbose: 0 : 11172, 1, 2024/02/26, 02:59:11.445, 4962293318833, vstest.console.dll, TestRunRequest.Dispose: Starting.
TpTrace Verbose: 0 : 11172, 11, 2024/02/26, 02:59:11.445, 4962293319699, vstest.console.dll, TestRequestSender.SetOperationComplete: Setting operation complete.
TpTrace Information: 0 : 11172, 1, 2024/02/26, 02:59:11.445, 4962293320407, vstest.console.dll, TestRunRequest.Dispose: Completed.
TpTrace Information: 0 : 11172, 11, 2024/02/26, 02:59:11.445, 4962293320665, vstest.console.dll, SocketServer.Stop: Stop server endPoint: 127.0.0.1:58822
TpTrace Information: 0 : 11172, 1, 2024/02/26, 02:59:11.445, 4962293320953, vstest.console.dll, TestRequestManager.RunTests: run tests completed.
TpTrace Information: 0 : 11172, 11, 2024/02/26, 02:59:11.445, 4962293321027, vstest.console.dll, SocketServer.Stop: Cancellation requested. Stopping message loop.
TpTrace Verbose: 0 : 11172, 11, 2024/02/26, 02:59:11.445, 4962293321703, vstest.console.dll, MulticastDelegateUtilities.SafeInvoke: LengthPrefixCommunicationChannel: MessageReceived: Invoking callback 1/1 for Microsoft.VisualStudio.TestPlatform.CommunicationUtilities.TestRequestSender+<>c__DisplayClass34_0., took 130 ms.
TpTrace Information: 0 : 11172, 1, 2024/02/26, 02:59:11.445, 4962293321826, vstest.console.dll, RunTestsArgumentProcessor:Execute: Test run is completed.
TpTrace Information: 0 : 11172, 11, 2024/02/26, 02:59:11.445, 4962293322289, vstest.console.dll, SocketServer.PrivateStop: Stopping server endPoint: 127.0.0.1:58822 error: 
TpTrace Verbose: 0 : 11172, 1, 2024/02/26, 02:59:11.446, 4962293325576, vstest.console.dll, Executor.Execute: Exiting with exit code of 0
